Number of classes: 7
Elapsed time: 0:05:00.050120
One batch.
Number of epochs: 2362
Learning rate: 0.01
Subset: medium
------------------------------------
Testing accuracy: 0.27489176392555237
Training accuracy: 0.2708197832107544
------------------------------------
cost history,	validation history
0.909547746181488,	0.0
0.8828763365745544,	0.0
0.8573728799819946,	0.0
0.8330102562904358,	0.0
0.809768795967102,	0.0
0.7876166105270386,	0.0
0.7665269374847412,	0.0
0.7464657425880432,	0.0
0.7274026870727539,	0.0
0.7092998623847961,	0.0
0.6921206116676331,	0.0
0.675828218460083,	0.0
0.6603833436965942,	0.0
0.6457509994506836,	0.0
0.6318908333778381,	0.004739336669445038
0.6187644600868225,	0.02369668334722519
0.6063376069068909,	0.059241704642772675
0.5945706367492676,	0.11492890864610672
0.5834323167800903,	0.18127961456775665
0.5728858113288879,	0.26658767461776733
0.5628997683525085,	0.3281990587711334
0.5534416437149048,	0.3637440800666809
0.5444825887680054,	0.39336493611335754
0.5359936356544495,	0.4004739224910736
0.5279489159584045,	0.4135071039199829
0.5203210115432739,	0.425355464220047
0.5130845308303833,	0.42890995740890503
0.506220281124115,	0.43364930152893066
0.49970337748527527,	0.4395734667778015
0.4935155510902405,	0.44312795996665955
0.4876357913017273,	0.44312795996665955
0.48204681277275085,	0.44431281089782715
0.4767323136329651,	0.44431281089782715
0.4716752767562866,	0.44312795996665955
0.4668620526790619,	0.44312795996665955
0.46227744221687317,	0.44194313883781433
0.4579092264175415,	0.44194313883781433
0.4537449777126312,	0.4372037947177887
0.44977134466171265,	0.43009477853775024
0.4459795355796814,	0.41824644804000854
0.44236013293266296,	0.40521326661109924
0.4389013946056366,	0.39573460817337036
0.43559643626213074,	0.3874407708644867
0.43243515491485596,	0.3732227385044098
0.42941048741340637,	0.3613744080066681
0.4265159070491791,	0.34597155451774597
0.4237424433231354,	0.33175355195999146
0.4210854172706604,	0.32109004259109497
0.41853848099708557,	0.3021326959133148
0.41609522700309753,	0.2855450212955475
0.41375067830085754,	0.26895734667778015
0.41149911284446716,	0.2594786584377289
0.40933752059936523,	0.24644549190998077
0.4072592258453369,	0.23104265332221985
0.4052619934082031,	0.21682465076446533
0.40334028005599976,	0.20616114139556885
0.4014914333820343,	0.1990521401166916
0.399710476398468,	0.1872037947177887
0.39799678325653076,	0.1741706132888794
0.3963441252708435,	0.16469193994998932
0.3947509825229645,	0.15876777470111847
0.39321500062942505,	0.1492891013622284
0.39173266291618347,	0.1386255919933319
0.3903021514415741,	0.13033175468444824
0.3889206647872925,	0.1244075819849968
0.3875861167907715,	0.11729858070611954
0.38629651069641113,	0.10781990736722946
0.38504913449287415,	0.10308057069778442
0.3838435709476471,	0.09834123402833939
0.3826761245727539,	0.09715639799833298
0.38154688477516174,	0.09123222529888153
0.38045307993888855,	0.08649288862943649
0.37939417362213135,	0.08293838798999786
0.3783676028251648,	0.0758293867111206
0.3773718774318695,	0.07345971465110779
0.3764069676399231,	0.06872037798166275
0.37547120451927185,	0.0627962052822113
0.3745627999305725,	0.058056872338056564
0.373680979013443,	0.056872036308050156
0.37282490730285645,	0.0497630350291729
0.3719935119152069,	0.04739336669445038
0.37118497490882874,	0.04383886232972145
0.3703994154930115,	0.04146919399499893
0.3696354925632477,	0.036729857325553894
0.3688925802707672,	0.034360188990831375
0.36816975474357605,	0.030805686488747597
0.36746639013290405,	0.029620852321386337
0.3667818307876587,	0.02725118398666382
0.3661150634288788,	0.02488151751458645
0.36546552181243896,	0.01895734667778015
0.3648318648338318,	0.01895734667778015
0.36421528458595276,	0.017772512510418892
0.3636137843132019,	0.016587678343057632
0.3630281090736389,	0.01303317490965128
0.3624555468559265,	0.010663507506251335
0.36189714074134827,	0.008293839171528816
0.36135250329971313,	0.008293839171528816
0.36082109808921814,	0.008293839171528816
0.3603014051914215,	0.0071090045385062695
0.35979437828063965,	0.005924170836806297
0.3592987358570099,	0.005924170836806297
0.3588142395019531,	0.005924170836806297
0.3583407402038574,	0.004739336669445038
0.35787808895111084,	0.004739336669445038
0.35742610692977905,	0.004739336669445038
0.3569829761981964,	0.004739336669445038
0.3565499782562256,	0.004739336669445038
0.356126070022583,	0.004739336669445038
0.35571160912513733,	0.004739336669445038
0.35530510544776917,	0.004739336669445038
0.3549072742462158,	0.0035545022692531347
0.3545181155204773,	0.0035545022692531347
0.35413601994514465,	0.0035545022692531347
0.35376232862472534,	0.0035545022692531347
0.3533954620361328,	0.0035545022692531347
0.35303637385368347,	0.0035545022692531347
0.3526843786239624,	0.0035545022692531347
0.3523389995098114,	0.0035545022692531347
0.35200002789497375,	0.0035545022692531347
0.35166752338409424,	0.0035545022692531347
0.3513419032096863,	0.0035545022692531347
0.3510214388370514,	0.0035545022692531347
0.3507082164287567,	0.002369668334722519
0.35039955377578735,	0.002369668334722519
0.35009676218032837,	0.002369668334722519
0.34979942440986633,	0.002369668334722519
0.3495067059993744,	0.002369668334722519
0.3492201268672943,	0.0011848341673612595
0.34893783926963806,	0.0011848341673612595
0.34866172075271606,	0.0011848341673612595
0.34838899970054626,	0.0011848341673612595
0.34812095761299133,	0.0011848341673612595
0.34785735607147217,	0.0011848341673612595
0.3475987911224365,	0.0011848341673612595
0.34734421968460083,	0.0011848341673612595
0.34709376096725464,	0.0011848341673612595
0.34684672951698303,	0.0011848341673612595
0.34660470485687256,	0.0011848341673612595
0.34636569023132324,	0.0011848341673612595
0.3461313247680664,	0.0011848341673612595
0.34589993953704834,	0.0011848341673612595
0.34567198157310486,	0.0011848341673612595
0.34544798731803894,	0.0011848341673612595
0.34522712230682373,	0.0011848341673612595
0.34500962495803833,	0.0011848341673612595
0.344795823097229,	0.0011848341673612595
0.3445839583873749,	0.0011848341673612595
0.34437620639801025,	0.0011848341673612595
0.3441714644432068,	0.0011848341673612595
0.34396928548812866,	0.0011848341673612595
0.34377098083496094,	0.0011848341673612595
0.3435739278793335,	0.0011848341673612595
0.3433806598186493,	0.0011848341673612595
0.34318968653678894,	0.0011848341673612595
0.34300151467323303,	0.0011848341673612595
0.34281569719314575,	0.0011848341673612595
0.3426324427127838,	0.0011848341673612595
0.3424517810344696,	0.0011848341673612595
0.3422728478908539,	0.0011848341673612595
0.34209731221199036,	0.0011848341673612595
0.34192341566085815,	0.0011848341673612595
0.3417522609233856,	0.0011848341673612595
0.3415835499763489,	0.0011848341673612595
0.34141629934310913,	0.0011848341673612595
0.34125086665153503,	0.0011848341673612595
0.34108811616897583,	0.0011848341673612595
0.34092727303504944,	0.0011848341673612595
0.3407686948776245,	0.0011848341673612595
0.3406120538711548,	0.0011848341673612595
0.3404567539691925,	0.0011848341673612595
0.3403036296367645,	0.0011848341673612595
0.34015196561813354,	0.0011848341673612595
0.3400026559829712,	0.0011848341673612595
0.3398549556732178,	0.0011848341673612595
0.3397090435028076,	0.0011848341673612595
0.33956483006477356,	0.0011848341673612595
0.3394222855567932,	0.0011848341673612595
0.33928099274635315,	0.0011848341673612595
0.33914172649383545,	0.0011848341673612595
0.33900392055511475,	0.0011848341673612595
0.33886730670928955,	0.0011848341673612595
0.3387324810028076,	0.0011848341673612595
0.33859875798225403,	0.0011848341673612595
0.33846721053123474,	0.0011848341673612595
0.33833715319633484,	0.0011848341673612595
0.33820733428001404,	0.0011848341673612595
0.3380798101425171,	0.0011848341673612595
0.3379532992839813,	0.0011848341673612595
0.33782854676246643,	0.0011848341673612595
0.3377043902873993,	0.0011848341673612595
0.33758220076560974,	0.0011848341673612595
0.33746060729026794,	0.0011848341673612595
0.337340384721756,	0.0011848341673612595
0.3372216820716858,	0.0011848341673612595
0.33710405230522156,	0.0011848341673612595
0.33698770403862,	0.0011848341673612595
0.33687207102775574,	0.0011848341673612595
0.33675840497016907,	0.0011848341673612595
0.3366446793079376,	0.0011848341673612595
0.3365328013896942,	0.0011848341673612595
0.3364216387271881,	0.0011848341673612595
0.3363116979598999,	0.0011848341673612595
0.33620262145996094,	0.0011848341673612595
0.33609533309936523,	0.0011848341673612595
0.33598804473876953,	0.0011848341673612595
0.3358820080757141,	0.0011848341673612595
0.3357776999473572,	0.0011848341673612595
0.33567318320274353,	0.0011848341673612595
0.33557039499282837,	0.0011848341673612595
0.3354683220386505,	0.0011848341673612595
0.3353669345378876,	0.0011848341673612595
0.33526667952537537,	0.0011848341673612595
0.33516737818717957,	0.0011848341673612595
0.33506911993026733,	0.0011848341673612595
0.33497077226638794,	0.0011848341673612595
0.334873765707016,	0.0011848341673612595
0.3347776234149933,	0.0011848341673612595
0.33468231558799744,	0.0011848341673612595
0.33458802103996277,	0.0011848341673612595
0.33449411392211914,	0.0011848341673612595
0.3344016373157501,	0.0011848341673612595
0.334308922290802,	0.0011848341673612595
0.3342176079750061,	0.0011848341673612595
0.33412662148475647,	0.0011848341673612595
0.3340371549129486,	0.0011848341673612595
0.3339479863643646,	0.0011848341673612595
0.3338594436645508,	0.0011848341673612595
0.3337711989879608,	0.0011848341673612595
0.33368396759033203,	0.0011848341673612595
0.3335973918437958,	0.0011848341673612595
0.3335115611553192,	0.0011848341673612595
0.33342671394348145,	0.0011848341673612595
0.3333422541618347,	0.0011848341673612595
0.3332585394382477,	0.0011848341673612595
0.33317500352859497,	0.0011848341673612595
0.3330925703048706,	0.0011848341673612595
0.3330102562904358,	0.0011848341673612595
0.3329290747642517,	0.0011848341673612595
0.33284792304039,	0.0011848341673612595
0.3327678143978119,	0.0011848341673612595
0.33268821239471436,	0.0011848341673612595
0.3326091766357422,	0.0011848341673612595
0.33253011107444763,	0.0011848341673612595
0.3324517011642456,	0.0011848341673612595
0.332374632358551,	0.0011848341673612595
0.33229780197143555,	0.0011848341673612595
0.33222177624702454,	0.0011848341673612595
0.3321455121040344,	0.0011848341673612595
0.3320707678794861,	0.0011848341673612595
0.3319951593875885,	0.0011848341673612595
0.331921249628067,	0.0011848341673612595
0.33184733986854553,	0.0011848341673612595
0.33177420496940613,	0.0011848341673612595
0.3317009210586548,	0.0011848341673612595
0.33162862062454224,	0.0011848341673612595
0.33155643939971924,	0.0011848341673612595
0.3314853310585022,	0.0
0.3314146101474762,	0.0
0.33134347200393677,	0.0
0.3312734365463257,	0.0
0.3312043249607086,	0.0
0.33113500475883484,	0.0
0.3310658633708954,	0.0
0.3309975862503052,	0.0
0.33093002438545227,	0.0
0.33086204528808594,	0.0
0.3307950794696808,	0.0
0.3307287395000458,	0.0
0.3306623101234436,	0.0
0.33059611916542053,	0.0
0.33053040504455566,	0.0
0.3304656147956848,	0.0
0.33040115237236023,	0.0
0.33033648133277893,	0.0
0.3302728533744812,	0.0
0.33020836114883423,	0.0
0.33014488220214844,	0.0
0.3300829231739044,	0.0
0.3300200402736664,	0.0
0.3299579918384552,	0.0
0.3298957347869873,	0.0
0.3298344910144806,	0.0
0.3297733962535858,	0.0
0.3297128677368164,	0.0
0.3296516239643097,	0.0
0.32959192991256714,	0.0
0.32953184843063354,	0.0
0.32947221398353577,	0.0
0.3294129967689514,	0.0
0.3293546736240387,	0.0
0.3292957544326782,	0.0
0.32923758029937744,	0.0
0.32917919754981995,	0.0
0.3291213810443878,	0.0
0.32906457781791687,	0.0011848341673612595
0.3290072977542877,	0.0011848341673612595
0.3289501965045929,	0.0011848341673612595
0.32889384031295776,	0.0011848341673612595
0.32883748412132263,	0.0011848341673612595
0.3287818133831024,	0.0011848341673612595
0.32872629165649414,	0.0011848341673612595
0.3286706209182739,	0.0011848341673612595
0.328615665435791,	0.0011848341673612595
0.32856130599975586,	0.0011848341673612595
0.3285064399242401,	0.0011848341673612595
0.3284522593021393,	0.0011848341673612595
0.32839804887771606,	0.0011848341673612595
0.32834407687187195,	0.0011848341673612595
0.328290194272995,	0.0011848341673612595
0.32823699712753296,	0.0011848341673612595
0.3281846046447754,	0.0011848341673612595
0.3281312882900238,	0.0011848341673612595
0.3280792236328125,	0.0011848341673612595
0.3280266523361206,	0.0011848341673612595
0.32797524333000183,	0.0011848341673612595
0.32792264223098755,	0.0011848341673612595
0.3278714716434479,	0.0011848341673612595
0.32781982421875,	0.0011848341673612595
0.32776913046836853,	0.0011848341673612595
0.3277176022529602,	0.0011848341673612595
0.3276669383049011,	0.0011848341673612595
0.3276171088218689,	0.0011848341673612595
0.3275669515132904,	0.0011848341673612595
0.3275168240070343,	0.0011848341673612595
0.32746708393096924,	0.0011848341673612595
0.3274174928665161,	0.0011848341673612595
0.32736867666244507,	0.0011848341673612595
0.32731935381889343,	0.0011848341673612595
0.32726985216140747,	0.0011848341673612595
0.32722195982933044,	0.0011848341673612595
0.3271734416484833,	0.0011848341673612595
0.3271249532699585,	0.0011848341673612595
0.32707688212394714,	0.0011848341673612595
0.3270287811756134,	0.002369668334722519
0.3269812762737274,	0.0035545022692531347
0.3269343972206116,	0.0035545022692531347
0.32688671350479126,	0.0035545022692531347
0.3268395960330963,	0.0035545022692531347
0.32679319381713867,	0.0035545022692531347
0.3267458975315094,	0.0035545022692531347
0.32669928669929504,	0.0035545022692531347
0.32665306329727173,	0.0035545022692531347
0.3266071379184723,	0.0035545022692531347
0.32656118273735046,	0.0035545022692531347
0.3265155553817749,	0.0035545022692531347
0.3264700472354889,	0.0035545022692531347
0.32642439007759094,	0.0035545022692531347
0.32637909054756165,	0.0035545022692531347
0.32633447647094727,	0.0035545022692531347
0.32628965377807617,	0.0035545022692531347
0.32624441385269165,	0.0035545022692531347
0.3262002468109131,	0.0035545022692531347
0.32615625858306885,	0.0035545022692531347
0.32611170411109924,	0.0035545022692531347
0.3260679244995117,	0.0035545022692531347
0.32602402567863464,	0.0035545022692531347
0.32597994804382324,	0.004739336669445038
0.32593703269958496,	0.004739336669445038
0.3258930444717407,	0.004739336669445038
0.32585030794143677,	0.004739336669445038
0.3258075714111328,	0.004739336669445038
0.3257644474506378,	0.004739336669445038
0.32572177052497864,	0.005924170836806297
0.3256794512271881,	0.005924170836806297
0.32563695311546326,	0.005924170836806297
0.3255947232246399,	0.005924170836806297
0.32555267214775085,	0.005924170836806297
0.32551074028015137,	0.005924170836806297
0.3254687488079071,	0.005924170836806297
0.3254276514053345,	0.005924170836806297
0.3253859281539917,	0.0071090045385062695
0.3253443241119385,	0.0071090045385062695
0.3253035843372345,	0.0071090045385062695
0.3252624273300171,	0.008293839171528816
0.32522112131118774,	0.008293839171528816
0.3251805007457733,	0.008293839171528816
0.3251400589942932,	0.008293839171528816
0.3250992000102997,	0.008293839171528816
0.32505911588668823,	0.008293839171528816
0.3250191807746887,	0.008293839171528816
0.3249785602092743,	0.008293839171528816
0.3249393403530121,	0.008293839171528816
0.3248993754386902,	0.008293839171528816
0.3248595595359802,	0.008293839171528816
0.3248201310634613,	0.008293839171528816
0.3247810900211334,	0.008293839171528816
0.3247416317462921,	0.008293839171528816
0.3247021436691284,	0.008293839171528816
0.3246636986732483,	0.008293839171528816
0.324624240398407,	0.008293839171528816
0.32458582520484924,	0.008293839171528816
0.32454705238342285,	0.008293839171528816
0.3245083689689636,	0.008293839171528816
0.3244698643684387,	0.008293839171528816
0.3244319558143616,	0.008293839171528816
0.32439425587654114,	0.008293839171528816
0.32435595989227295,	0.009478673338890076
0.32431742548942566,	0.010663507506251335
0.32428061962127686,	0.010663507506251335
0.32424262166023254,	0.010663507506251335
0.3242057263851166,	0.010663507506251335
0.3241678774356842,	0.010663507506251335
0.32413026690483093,	0.010663507506251335
0.3240935504436493,	0.010663507506251335
0.32405686378479004,	0.010663507506251335
0.32401981949806213,	0.010663507506251335
0.3239831328392029,	0.010663507506251335
0.323946088552475,	0.010663507506251335
0.32390931248664856,	0.010663507506251335
0.3238730728626251,	0.010663507506251335
0.32383638620376587,	0.010663507506251335
0.32380032539367676,	0.010663507506251335
0.3237641453742981,	0.010663507506251335
0.3237277567386627,	0.011848341673612595
0.3236919045448303,	0.011848341673612595
0.3236559331417084,	0.011848341673612595
0.3236209750175476,	0.011848341673612595
0.3235849142074585,	0.011848341673612595
0.3235495984554291,	0.011848341673612595
0.32351425290107727,	0.011848341673612595
0.3234788179397583,	0.011848341673612595
0.3234434723854065,	0.011848341673612595
0.3234088718891144,	0.011848341673612595
0.3233742117881775,	0.011848341673612595
0.32333868741989136,	0.01303317490965128
0.32330432534217834,	0.01303317490965128
0.3232699930667877,	0.01303317490965128
0.3232349157333374,	0.014218009077012539
0.3232004940509796,	0.014218009077012539
0.3231664299964905,	0.015402843244373798
0.32313182950019836,	0.015402843244373798
0.3230976462364197,	0.015402843244373798
0.323063462972641,	0.015402843244373798
0.3230297863483429,	0.015402843244373798
0.3229956328868866,	0.015402843244373798
0.3229621946811676,	0.015402843244373798
0.32292860746383667,	0.016587678343057632
0.3228941857814789,	0.016587678343057632
0.3228606581687927,	0.017772512510418892
0.32282754778862,	0.017772512510418892
0.32279446721076965,	0.01895734667778015
0.3227613866329193,	0.02014218084514141
0.3227277100086212,	0.02132701501250267
0.3226945996284485,	0.02251184917986393
0.32266196608543396,	0.02251184917986393
0.3226288855075836,	0.02251184917986393
0.3225962817668915,	0.02251184917986393
0.322563499212265,	0.02251184917986393
0.3225308358669281,	0.02251184917986393
0.3224983513355255,	0.02251184917986393
0.32246577739715576,	0.02251184917986393
0.32243311405181885,	0.02251184917986393
0.3224017918109894,	0.02369668334722519
0.32236915826797485,	0.02369668334722519
0.32233691215515137,	0.02369668334722519
0.32230472564697266,	0.02488151751458645
0.3222726583480835,	0.02488151751458645
0.32224124670028687,	0.02488151751458645
0.32220953702926636,	0.02606634981930256
0.3221779763698578,	0.02606634981930256
0.3221459984779358,	0.02606634981930256
0.32211488485336304,	0.02606634981930256
0.3220832645893097,	0.02725118398666382
0.32205235958099365,	0.02725118398666382
0.322020947933197,	0.02725118398666382
0.3219894468784332,	0.028436018154025078
0.3219584822654724,	0.028436018154025078
0.3219277262687683,	0.028436018154025078
0.32189664244651794,	0.028436018154025078
0.32186612486839294,	0.029620852321386337
0.3218351900577545,	0.029620852321386337
0.3218042254447937,	0.029620852321386337
0.32177379727363586,	0.029620852321386337
0.3217428922653198,	0.029620852321386337
0.3217126131057739,	0.029620852321386337
0.32168200612068176,	0.029620852321386337
0.3216516673564911,	0.029620852321386337
0.3216216266155243,	0.029620852321386337
0.3215915858745575,	0.029620852321386337
0.32156121730804443,	0.031990520656108856
0.3215309679508209,	0.034360188990831375
0.32150110602378845,	0.035545025020837784
0.321471631526947,	0.035545025020837784
0.3214411437511444,	0.035545025020837784
0.3214119076728821,	0.035545025020837784
0.32138219475746155,	0.035545025020837784
0.3213527798652649,	0.035545025020837784
0.32132312655448914,	0.0379146933555603
0.32129350304603577,	0.03909952566027641
0.3212636709213257,	0.03909952566027641
0.32123473286628723,	0.03909952566027641
0.32120537757873535,	0.03909952566027641
0.32117632031440735,	0.04028436169028282
0.32114702463150024,	0.04146919399499893
0.32111865282058716,	0.04265403002500534
0.32108932733535767,	0.04265403002500534
0.3210604190826416,	0.04265403002500534
0.3210314214229584,	0.04502369835972786
0.32100242376327515,	0.04502369835972786
0.3209740221500397,	0.04502369835972786
0.32094553112983704,	0.04620853066444397
0.32091715931892395,	0.04739336669445038
0.3208886981010437,	0.04739336669445038
0.3208603262901306,	0.04857819899916649
0.32083168625831604,	0.0497630350291729
0.32080358266830444,	0.05094786733388901
0.3207753002643585,	0.05213269963860512
0.320747435092926,	0.05450236797332764
0.3207188844680786,	0.058056872338056564
0.3206908106803894,	0.059241704642772675
0.32066282629966736,	0.059241704642772675
0.320635050535202,	0.059241704642772675
0.3206072747707367,	0.06042654067277908
0.32057949900627136,	0.06042654067277908
0.3205517828464508,	0.06042654067277908
0.3205242156982422,	0.06042654067277908
0.3204965889453888,	0.06042654067277908
0.320468932390213,	0.06042654067277908
0.3204419016838074,	0.061611372977495193
0.32041409611701965,	0.061611372977495193
0.3203866481781006,	0.061611372977495193
0.32035982608795166,	0.061611372977495193
0.32033222913742065,	0.061611372977495193
0.320305198431015,	0.061611372977495193
0.32027751207351685,	0.061611372977495193
0.32025089859962463,	0.061611372977495193
0.320223867893219,	0.061611372977495193
0.3201969563961029,	0.06398104131221771
0.3201698958873749,	0.06398104131221771
0.32014307379722595,	0.06516587734222412
0.32011672854423523,	0.06635071337223053
0.32009008526802063,	0.06635071337223053
0.32006320357322693,	0.06635071337223053
0.32003679871559143,	0.06753554195165634
0.32001015543937683,	0.06753554195165634
0.3199836015701294,	0.06753554195165634
0.3199569284915924,	0.06753554195165634
0.31993141770362854,	0.06872037798166275
0.3199051320552826,	0.06990521401166916
0.3198786973953247,	0.07109005004167557
0.31985241174697876,	0.07109005004167557
0.3198264539241791,	0.07345971465110779
0.3198002874851227,	0.07345971465110779
0.3197743892669678,	0.07345971465110779
0.31974828243255615,	0.07345971465110779
0.319722056388855,	0.07345971465110779
0.3196963667869568,	0.0746445506811142
0.31967073678970337,	0.0758293867111206
0.3196449875831604,	0.0758293867111206
0.3196192681789398,	0.0758293867111206
0.31959372758865356,	0.07701421529054642
0.3195677101612091,	0.07701421529054642
0.3195425570011139,	0.07701421529054642
0.31951677799224854,	0.07819905132055283
0.3194911777973175,	0.07819905132055283
0.31946608424186707,	0.07819905132055283
0.31944090127944946,	0.08056872338056564
0.3194155693054199,	0.08293838798999786
0.31939053535461426,	0.08530806005001068
0.319365531206131,	0.08530806005001068
0.3193401098251343,	0.08530806005001068
0.31931495666503906,	0.08649288862943649
0.3192899823188782,	0.08649288862943649
0.31926536560058594,	0.0876777246594429
0.319240003824234,	0.0876777246594429
0.3192153871059418,	0.08886256068944931
0.3191908895969391,	0.08886256068944931
0.3191661238670349,	0.08886256068944931
0.3191411793231964,	0.09004739671945572
0.3191165626049042,	0.09123222529888153
0.3190916180610657,	0.09123222529888153
0.3190668523311615,	0.09123222529888153
0.3190426826477051,	0.09360189735889435
0.3190182149410248,	0.09360189735889435
0.3189941644668579,	0.09360189735889435
0.3189696669578552,	0.09597156196832657
0.31894567608833313,	0.09715639799833298
0.3189219832420349,	0.09715639799833298
0.31889745593070984,	0.0995260700583458
0.31887319684028625,	0.0995260700583458
0.3188494145870209,	0.1007108986377716
0.3188251852989197,	0.10189573466777802
0.31880107522010803,	0.10189573466777802
0.3187769055366516,	0.10308057069778442
0.3187532126903534,	0.10426539927721024
0.31872931122779846,	0.10426539927721024
0.31870564818382263,	0.10545023530721664
0.3186815679073334,	0.10545023530721664
0.3186580538749695,	0.10663507133722305
0.3186340928077698,	0.10781990736722946
0.31861042976379395,	0.10781990736722946
0.31858694553375244,	0.10781990736722946
0.3185633718967438,	0.10781990736722946
0.3185397684574127,	0.10781990736722946
0.31851619482040405,	0.10900473594665527
0.3184930086135864,	0.10900473594665527
0.31846970319747925,	0.11018957197666168
0.31844624876976013,	0.11137440800666809
0.3184228241443634,	0.1125592440366745
0.318399578332901,	0.1125592440366745
0.31837642192840576,	0.1125592440366745
0.31835344433784485,	0.11374407261610031
0.3183302581310272,	0.11492890864610672
0.318307489156723,	0.11611374467611313
0.3182845115661621,	0.11611374467611313
0.31826114654541016,	0.11611374467611313
0.3182383179664612,	0.11729858070611954
0.31821519136428833,	0.11729858070611954
0.3181924521923065,	0.11729858070611954
0.31816986203193665,	0.11848340928554535
0.31814706325531006,	0.11848340928554535
0.3181242048740387,	0.11848340928554535
0.3181014657020569,	0.11966824531555176
0.31807899475097656,	0.11966824531555176
0.3180563747882843,	0.11966824531555176
0.31803444027900696,	0.11966824531555176
0.3180115222930908,	0.12085308134555817
0.3179890811443329,	0.12085308134555817
0.31796666979789734,	0.12085308134555817
0.31794440746307373,	0.12322274595499039
0.3179219365119934,	0.12322274595499039
0.3178997337818146,	0.12322274595499039
0.3178774118423462,	0.12322274595499039
0.31785523891448975,	0.12322274595499039
0.3178333342075348,	0.12322274595499039
0.3178108334541321,	0.1244075819849968
0.3177889585494995,	0.1244075819849968
0.31776708364486694,	0.1244075819849968
0.31774431467056274,	0.12677724659442902
0.3177226483821869,	0.12796208262443542
0.31770092248916626,	0.12796208262443542
0.31767892837524414,	0.12796208262443542
0.31765714287757874,	0.12796208262443542
0.31763583421707153,	0.12796208262443542
0.31761348247528076,	0.12796208262443542
0.31759247183799744,	0.12914691865444183
0.31757044792175293,	0.13033175468444824
0.3175490200519562,	0.13033175468444824
0.31752705574035645,	0.13033175468444824
0.3175055682659149,	0.13033175468444824
0.31748390197753906,	0.13033175468444824
0.31746238470077515,	0.13033175468444824
0.31744107604026794,	0.13033175468444824
0.3174198567867279,	0.13033175468444824
0.31739845871925354,	0.13151659071445465
0.3173767626285553,	0.13151659071445465
0.3173556327819824,	0.13151659071445465
0.3173344135284424,	0.13151659071445465
0.317313015460968,	0.13151659071445465
0.31729191541671753,	0.13151659071445465
0.3172706663608551,	0.13151659071445465
0.31724950671195984,	0.13270142674446106
0.3172283470630646,	0.13270142674446106
0.31720730662345886,	0.13388626277446747
0.3171861171722412,	0.13388626277446747
0.3171651065349579,	0.13507108390331268
0.3171440362930298,	0.13507108390331268
0.3171233534812927,	0.13507108390331268
0.3171026110649109,	0.1362559199333191
0.31708192825317383,	0.1374407559633255
0.31706133484840393,	0.1386255919933319
0.31704065203666687,	0.1386255919933319
0.3170200288295746,	0.13981042802333832
0.31699928641319275,	0.13981042802333832
0.31697899103164673,	0.13981042802333832
0.3169582188129425,	0.14099526405334473
0.3169373869895935,	0.14099526405334473
0.3169170320034027,	0.14336493611335754
0.3168964982032776,	0.14336493611335754
0.31687602400779724,	0.14336493611335754
0.3168555796146393,	0.14454975724220276
0.3168351948261261,	0.14573459327220917
0.3168148100376129,	0.14573459327220917
0.3167947232723236,	0.14573459327220917
0.3167743980884552,	0.14573459327220917
0.3167542815208435,	0.14573459327220917
0.3167340159416199,	0.14810426533222198
0.3167141377925873,	0.14810426533222198
0.3166937530040741,	0.14810426533222198
0.3166733682155609,	0.14810426533222198
0.3166537880897522,	0.14810426533222198
0.31663379073143005,	0.14810426533222198
0.31661364436149597,	0.14810426533222198
0.31659355759620667,	0.14810426533222198
0.3165733814239502,	0.1492891013622284
0.3165535032749176,	0.1492891013622284
0.31653356552124023,	0.1504739373922348
0.31651371717453003,	0.1504739373922348
0.3164941072463989,	0.1504739373922348
0.31647440791130066,	0.1504739373922348
0.31645452976226807,	0.1504739373922348
0.31643474102020264,	0.1516587734222412
0.31641533970832825,	0.15402843058109283
0.3163954019546509,	0.15521326661109924
0.3163760304450989,	0.15639810264110565
0.31635594367980957,	0.15639810264110565
0.3163369596004486,	0.15639810264110565
0.316317081451416,	0.15639810264110565
0.31629765033721924,	0.15639810264110565
0.3162783086299896,	0.15639810264110565
0.3162589371204376,	0.15758293867111206
0.3162396550178528,	0.15876777470111847
0.3162201941013336,	0.15995261073112488
0.3162010610103607,	0.15995261073112488
0.31618204712867737,	0.15995261073112488
0.3161625266075134,	0.1611374467611313
0.31614330410957336,	0.1623222678899765
0.31612446904182434,	0.1623222678899765
0.31610530614852905,	0.1623222678899765
0.3160861134529114,	0.1623222678899765
0.31606703996658325,	0.1635071039199829
0.31604790687561035,	0.16469193994998932
0.3160286545753479,	0.16469193994998932
0.31600964069366455,	0.16469193994998932
0.31599098443984985,	0.16469193994998932
0.3159715533256531,	0.16469193994998932
0.31595277786254883,	0.16587677597999573
0.3159339129924774,	0.16706161201000214
0.3159148693084717,	0.16706161201000214
0.31589680910110474,	0.16706161201000214
0.31587809324264526,	0.16706161201000214
0.315859317779541,	0.16706161201000214
0.31584063172340393,	0.16706161201000214
0.31582197546958923,	0.16706161201000214
0.31580302119255066,	0.16824644804000854
0.31578436493873596,	0.16824644804000854
0.3157657980918884,	0.16943128407001495
0.3157472014427185,	0.16943128407001495
0.31572863459587097,	0.16943128407001495
0.31571006774902344,	0.16943128407001495
0.31569164991378784,	0.17061612010002136
0.3156731128692627,	0.17061612010002136
0.31565484404563904,	0.17180094122886658
0.3156364858150482,	0.17298577725887299
0.31561797857284546,	0.17298577725887299
0.31560009717941284,	0.17298577725887299
0.31558191776275635,	0.17298577725887299
0.3155636489391327,	0.17298577725887299
0.31554529070854187,	0.1741706132888794
0.3155269920825958,	0.1753554493188858
0.31550878286361694,	0.1753554493188858
0.3154904544353485,	0.1765402853488922
0.3154725432395935,	0.1765402853488922
0.3154544532299042,	0.1765402853488922
0.31543630361557007,	0.1765402853488922
0.3154180943965912,	0.17772512137889862
0.315400093793869,	0.17772512137889862
0.3153823912143707,	0.17890995740890503
0.31536397337913513,	0.18009479343891144
0.3153460919857025,	0.18009479343891144
0.3153282701969147,	0.18127961456775665
0.3153105676174164,	0.18127961456775665
0.3152928948402405,	0.18127961456775665
0.31527474522590637,	0.18127961456775665
0.3152575194835663,	0.18246445059776306
0.31523948907852173,	0.18246445059776306
0.3152220547199249,	0.18246445059776306
0.31520411372184753,	0.18364928662776947
0.31518638134002686,	0.18364928662776947
0.3151691257953644,	0.18483412265777588
0.31515124440193176,	0.1860189586877823
0.31513383984565735,	0.1872037947177887
0.3151162564754486,	0.1872037947177887
0.31509846448898315,	0.1872037947177887
0.3150809109210968,	0.1872037947177887
0.3150634467601776,	0.1872037947177887
0.3150465488433838,	0.1883886307477951
0.3150288462638855,	0.1883886307477951
0.3150113523006439,	0.19075828790664673
0.3149942457675934,	0.19075828790664673
0.3149767518043518,	0.19194312393665314
0.3149596154689789,	0.19194312393665314
0.3149421811103821,	0.19194312393665314
0.3149248957633972,	0.19194312393665314
0.3149072825908661,	0.19194312393665314
0.31489047408103943,	0.19312795996665955
0.31487324833869934,	0.19312795996665955
0.31485599279403687,	0.19312795996665955
0.3148386478424072,	0.19312795996665955
0.31482163071632385,	0.19312795996665955
0.3148044943809509,	0.19312795996665955
0.3147878348827362,	0.19431279599666595
0.31477090716362,	0.19431279599666595
0.3147537410259247,	0.19431279599666595
0.31473666429519653,	0.19431279599666595
0.3147200644016266,	0.19549763202667236
0.31470319628715515,	0.19549763202667236
0.3146860897541046,	0.19668246805667877
0.3146692216396332,	0.19786730408668518
0.3146522343158722,	0.1990521401166916
0.3146355152130127,	0.2002369612455368
0.3146190047264099,	0.2014217972755432
0.31460222601890564,	0.2014217972755432
0.31458500027656555,	0.2014217972755432
0.3145684003829956,	0.2014217972755432
0.3145519196987152,	0.2014217972755432
0.31453508138656616,	0.20260663330554962
0.3145182728767395,	0.20497630536556244
0.31450164318084717,	0.20497630536556244
0.3144850432872772,	0.20497630536556244
0.314468652009964,	0.20497630536556244
0.31445184350013733,	0.20497630536556244
0.3144354522228241,	0.20497630536556244
0.3144190013408661,	0.20616114139556885
0.3144027590751648,	0.20616114139556885
0.3143860995769501,	0.20734597742557526
0.3143700659275055,	0.20734597742557526
0.3143537938594818,	0.20734597742557526
0.3143371343612671,	0.20734597742557526
0.314320832490921,	0.20734597742557526
0.3143042325973511,	0.20734597742557526
0.314288467168808,	0.20734597742557526
0.3142716884613037,	0.20734597742557526
0.3142557442188263,	0.20734597742557526
0.31423965096473694,	0.20734597742557526
0.31422361731529236,	0.20734597742557526
0.3142073154449463,	0.20734597742557526
0.3141913414001465,	0.20734597742557526
0.31417515873908997,	0.20734597742557526
0.3141588568687439,	0.20853079855442047
0.3141431212425232,	0.20853079855442047
0.3141266405582428,	0.20853079855442047
0.314110666513443,	0.20853079855442047
0.3140944838523865,	0.20853079855442047
0.31407874822616577,	0.20853079855442047
0.31406286358833313,	0.20971563458442688
0.31404682993888855,	0.20971563458442688
0.31403088569641113,	0.20971563458442688
0.31401509046554565,	0.2109004706144333
0.31399884819984436,	0.2109004706144333
0.31398332118988037,	0.2109004706144333
0.3139672875404358,	0.2109004706144333
0.3139515221118927,	0.21563981473445892
0.31393617391586304,	0.21563981473445892
0.31392017006874084,	0.21563981473445892
0.313904345035553,	0.21682465076446533
0.31388887763023376,	0.21682465076446533
0.3138732314109802,	0.21682465076446533
0.3138580620288849,	0.21682465076446533
0.3138424754142761,	0.21800947189331055
0.31382670998573303,	0.21800947189331055
0.3138107359409332,	0.21800947189331055
0.31379541754722595,	0.21800947189331055
0.31377974152565,	0.21800947189331055
0.3137640655040741,	0.21800947189331055
0.3137485980987549,	0.21800947189331055
0.3137328326702118,	0.21919430792331696
0.313717782497406,	0.21919430792331696
0.31370216608047485,	0.21919430792331696
0.31368696689605713,	0.21919430792331696
0.3136712610721588,	0.21919430792331696
0.3136556148529053,	0.21919430792331696
0.31364062428474426,	0.22037914395332336
0.3136253356933594,	0.22037914395332336
0.3136102855205536,	0.22037914395332336
0.3135947287082672,	0.22037914395332336
0.31357935070991516,	0.22037914395332336
0.3135639727115631,	0.22156397998332977
0.3135486841201782,	0.225118488073349
0.3135337829589844,	0.225118488073349
0.31351855397224426,	0.225118488073349
0.3135036826133728,	0.2263033241033554
0.31348857283592224,	0.2263033241033554
0.31347358226776123,	0.2263033241033554
0.31345826387405396,	0.2263033241033554
0.31344351172447205,	0.2263033241033554
0.3134283423423767,	0.2263033241033554
0.31341326236724854,	0.2263033241033554
0.3133983314037323,	0.22748814523220062
0.3133835792541504,	0.22748814523220062
0.3133687376976013,	0.22748814523220062
0.31335389614105225,	0.22748814523220062
0.3133387267589569,	0.22748814523220062
0.31332388520240784,	0.22748814523220062
0.31330904364585876,	0.22867298126220703
0.31329473853111267,	0.22867298126220703
0.31327924132347107,	0.22867298126220703
0.3132644295692444,	0.22985781729221344
0.31324970722198486,	0.23104265332221985
0.3132348358631134,	0.23104265332221985
0.31321996450424194,	0.23104265332221985
0.3132052719593048,	0.23104265332221985
0.31319040060043335,	0.23104265332221985
0.31317561864852905,	0.23222748935222626
0.31316086649894714,	0.23222748935222626
0.3131465017795563,	0.23341232538223267
0.31313180923461914,	0.23341232538223267
0.3131173551082611,	0.23459716141223907
0.3131028413772583,	0.23459716141223907
0.3130882680416107,	0.23459716141223907
0.31307393312454224,	0.23459716141223907
0.3130591809749603,	0.23459716141223907
0.3130447268486023,	0.23578199744224548
0.3130304515361786,	0.2369668185710907
0.31301623582839966,	0.2381516546010971
0.31300193071365356,	0.23933649063110352
0.3129870891571045,	0.23933649063110352
0.3129725456237793,	0.24052132666110992
0.31295815110206604,	0.24052132666110992
0.3129439949989319,	0.24052132666110992
0.31292954087257385,	0.24052132666110992
0.31291553378105164,	0.24052132666110992
0.31290102005004883,	0.24052132666110992
0.31288638710975647,	0.24052132666110992
0.3128722012042999,	0.24052132666110992
0.31285783648490906,	0.24052132666110992
0.3128437101840973,	0.24052132666110992
0.31282955408096313,	0.24052132666110992
0.3128151297569275,	0.24052132666110992
0.31280097365379333,	0.24170616269111633
0.31278708577156067,	0.24289099872112274
0.312773197889328,	0.24289099872112274
0.3127589523792267,	0.24289099872112274
0.3127448856830597,	0.24289099872112274
0.3127304017543793,	0.24289099872112274
0.3127168118953705,	0.24407583475112915
0.31270286440849304,	0.24407583475112915
0.31268900632858276,	0.24407583475112915
0.3126750886440277,	0.24407583475112915
0.3126610219478607,	0.24407583475112915
0.3126473128795624,	0.24407583475112915
0.3126331865787506,	0.24407583475112915
0.3126193881034851,	0.24407583475112915
0.31260550022125244,	0.24526067078113556
0.3125913441181183,	0.24526067078113556
0.3125773072242737,	0.24526067078113556
0.31256356835365295,	0.24526067078113556
0.3125495910644531,	0.24644549190998077
0.31253594160079956,	0.24644549190998077
0.3125220239162445,	0.24644549190998077
0.3125082552433014,	0.24763032793998718
0.31249475479125977,	0.24763032793998718
0.3124808073043823,	0.2488151639699936
0.3124673068523407,	0.2488151639699936
0.31245362758636475,	0.2488151639699936
0.31244000792503357,	0.2488151639699936
0.31242653727531433,	0.2488151639699936
0.31241247057914734,	0.2488151639699936
0.3123992085456848,	0.2488151639699936
0.3123856484889984,	0.2488151639699936
0.3123723864555359,	0.2488151639699936
0.3123588562011719,	0.2488151639699936
0.3123452365398407,	0.25
0.3123320937156677,	0.25
0.3123182952404022,	0.25
0.3123050332069397,	0.25
0.31229159235954285,	0.25
0.3122779130935669,	0.25
0.3122642934322357,	0.25
0.31225115060806274,	0.25
0.31223756074905396,	0.25
0.31222423911094666,	0.2511848211288452
0.3122107684612274,	0.2511848211288452
0.31219738721847534,	0.2511848211288452
0.3121839463710785,	0.2523696720600128
0.31217050552368164,	0.2523696720600128
0.3121574819087982,	0.2523696720600128
0.31214383244514465,	0.2523696720600128
0.31213048100471497,	0.2523696720600128
0.3121170997619629,	0.2523696720600128
0.3121037185192108,	0.2523696720600128
0.3120909631252289,	0.2523696720600128
0.3120776116847992,	0.2523696720600128
0.312064528465271,	0.2523696720600128
0.3120516538619995,	0.2523696720600128
0.3120384216308594,	0.2523696720600128
0.3120255172252655,	0.2523696720600128
0.3120121359825134,	0.2523696720600128
0.31199929118156433,	0.25473934412002563
0.3119865357875824,	0.25473934412002563
0.3119734525680542,	0.25473934412002563
0.3119605481624603,	0.25592416524887085
0.31194764375686646,	0.25710901618003845
0.3119344413280487,	0.25710901618003845
0.31192126870155334,	0.25829383730888367
0.31190845370292664,	0.25829383730888367
0.31189513206481934,	0.25829383730888367
0.3118826150894165,	0.25829383730888367
0.3118695914745331,	0.25829383730888367
0.311856746673584,	0.25829383730888367
0.3118436634540558,	0.25829383730888367
0.31183117628097534,	0.25829383730888367
0.3118177652359009,	0.25829383730888367
0.31180518865585327,	0.25829383730888367
0.3117924630641937,	0.25829383730888367
0.31177958846092224,	0.25829383730888367
0.31176650524139404,	0.25829383730888367
0.3117538094520569,	0.25829383730888367
0.31174102425575256,	0.25829383730888367
0.311728298664093,	0.2594786584377289
0.31171587109565735,	0.2594786584377289
0.3117031455039978,	0.2594786584377289
0.31169062852859497,	0.2594786584377289
0.31167784333229065,	0.2594786584377289
0.31166523694992065,	0.2606635093688965
0.31165263056755066,	0.2606635093688965
0.3116404712200165,	0.2606635093688965
0.31162771582603455,	0.2606635093688965
0.3116152584552765,	0.2606635093688965
0.311602383852005,	0.2606635093688965
0.3115900158882141,	0.2606635093688965
0.31157779693603516,	0.2606635093688965
0.31156492233276367,	0.2606635093688965
0.3115522265434265,	0.2606635093688965
0.3115399479866028,	0.2606635093688965
0.3115275204181671,	0.2606635093688965
0.31151553988456726,	0.2606635093688965
0.31150293350219727,	0.2606635093688965
0.3114902973175049,	0.2606635093688965
0.3114778995513916,	0.2606635093688965
0.31146538257598877,	0.2606635093688965
0.3114531934261322,	0.2606635093688965
0.311440646648407,	0.2606635093688965
0.3114284574985504,	0.2606635093688965
0.3114159405231476,	0.2606635093688965
0.31140345335006714,	0.2606635093688965
0.31139156222343445,	0.2606635093688965
0.31137940287590027,	0.2606635093688965
0.3113667368888855,	0.2606635093688965
0.3113551437854767,	0.2606635093688965
0.31134259700775146,	0.2606635093688965
0.3113301992416382,	0.2606635093688965
0.31131815910339355,	0.2606635093688965
0.311305969953537,	0.2606635093688965
0.3112941384315491,	0.2606635093688965
0.31128162145614624,	0.2606635093688965
0.3112693727016449,	0.2618483304977417
0.31125783920288086,	0.2618483304977417
0.31124529242515564,	0.2618483304977417
0.3112333416938782,	0.2618483304977417
0.3112211525440216,	0.2618483304977417
0.3112093210220337,	0.2618483304977417
0.31119728088378906,	0.2630331814289093
0.3111856281757355,	0.2630331814289093
0.31117352843284607,	0.2630331814289093
0.3111613094806671,	0.2630331814289093
0.3111494779586792,	0.2630331814289093
0.3111371695995331,	0.2642180025577545
0.31112536787986755,	0.2654028534889221
0.31111347675323486,	0.2654028534889221
0.31110161542892456,	0.2654028534889221
0.31108948588371277,	0.2654028534889221
0.3110778033733368,	0.2654028534889221
0.31106579303741455,	0.26658767461776733
0.31105366349220276,	0.26658767461776733
0.31104210019111633,	0.26658767461776733
0.31103047728538513,	0.26658767461776733
0.3110184967517853,	0.26777252554893494
0.3110066056251526,	0.26777252554893494
0.3109946846961975,	0.26777252554893494
0.31098300218582153,	0.26777252554893494
0.31097108125686646,	0.26777252554893494
0.3109592795372009,	0.26777252554893494
0.31094759702682495,	0.26777252554893494
0.3109358251094818,	0.26777252554893494
0.3109240233898163,	0.26777252554893494
0.3109123110771179,	0.26777252554893494
0.3109006881713867,	0.26777252554893494
0.3108888864517212,	0.26777252554893494
0.31087732315063477,	0.26777252554893494
0.3108658492565155,	0.26777252554893494
0.310854434967041,	0.26777252554893494
0.31084269285202026,	0.26777252554893494
0.3108312785625458,	0.26777252554893494
0.3108197748661041,	0.26777252554893494
0.3108082413673401,	0.26777252554893494
0.3107971251010895,	0.26777252554893494
0.3107856512069702,	0.26777252554893494
0.3107738792896271,	0.26777252554893494
0.3107624053955078,	0.26777252554893494
0.3107510209083557,	0.26777252554893494
0.31073951721191406,	0.26777252554893494
0.3107281029224396,	0.26777252554893494
0.3107163608074188,	0.26777252554893494
0.3107050359249115,	0.26777252554893494
0.3106934428215027,	0.26777252554893494
0.31068211793899536,	0.26777252554893494
0.3106711804866791,	0.26777252554893494
0.3106594383716583,	0.26777252554893494
0.31064799427986145,	0.26777252554893494
0.31063640117645264,	0.26777252554893494
0.3106253445148468,	0.26777252554893494
0.3106136620044708,	0.26777252554893494
0.31060275435447693,	0.26777252554893494
0.31059157848358154,	0.26777252554893494
0.31058022379875183,	0.26777252554893494
0.31056907773017883,	0.26777252554893494
0.3105577230453491,	0.26777252554893494
0.31054654717445374,	0.26777252554893494
0.3105357885360718,	0.26777252554893494
0.310524046421051,	0.26777252554893494
0.3105125427246094,	0.26777252554893494
0.31050175428390503,	0.26895734667778015
0.3104907274246216,	0.26895734667778015
0.3104795813560486,	0.26895734667778015
0.3104684054851532,	0.26895734667778015
0.310457319021225,	0.26895734667778015
0.3104460537433624,	0.26895734667778015
0.31043505668640137,	0.26895734667778015
0.31042420864105225,	0.26895734667778015
0.31041276454925537,	0.26895734667778015
0.3104023337364197,	0.26895734667778015
0.31039103865623474,	0.26895734667778015
0.3103797137737274,	0.26895734667778015
0.3103688955307007,	0.26895734667778015
0.3103581666946411,	0.26895734667778015
0.31034669280052185,	0.26895734667778015
0.3103361129760742,	0.26895734667778015
0.31032493710517883,	0.26895734667778015
0.31031396985054016,	0.26895734667778015
0.3103031516075134,	0.26895734667778015
0.3102923333644867,	0.26895734667778015
0.3102813959121704,	0.26895734667778015
0.31027036905288696,	0.26895734667778015
0.3102594017982483,	0.26895734667778015
0.3102485239505768,	0.26895734667778015
0.31023767590522766,	0.26895734667778015
0.31022700667381287,	0.26895734667778015
0.3102163076400757,	0.26895734667778015
0.3102051913738251,	0.26895734667778015
0.31019479036331177,	0.26895734667778015
0.31018418073654175,	0.26895734667778015
0.3101731538772583,	0.26895734667778015
0.31016257405281067,	0.26895734667778015
0.31015148758888245,	0.26895734667778015
0.31014078855514526,	0.26895734667778015
0.31012973189353943,	0.26895734667778015
0.3101193308830261,	0.26895734667778015
0.3101087510585785,	0.26895734667778015
0.3100985288619995,	0.26895734667778015
0.310087651014328,	0.26895734667778015
0.31007689237594604,	0.26895734667778015
0.3100660741329193,	0.26895734667778015
0.3100552558898926,	0.26895734667778015
0.31004470586776733,	0.26895734667778015
0.31003400683403015,	0.26895734667778015
0.3100234270095825,	0.26895734667778015
0.310013085603714,	0.26895734667778015
0.31000205874443054,	0.26895734667778015
0.3099920153617859,	0.26895734667778015
0.30998116731643677,	0.26895734667778015
0.3099704682826996,	0.26895734667778015
0.3099597990512848,	0.26895734667778015
0.30994948744773865,	0.26895734667778015
0.30993902683258057,	0.26895734667778015
0.30992865562438965,	0.26895734667778015
0.3099181056022644,	0.26895734667778015
0.3099075257778168,	0.26895734667778015
0.30989715456962585,	0.26895734667778015
0.3098864257335663,	0.26895734667778015
0.3098762333393097,	0.26895734667778015
0.3098658621311188,	0.27014216780662537
0.30985555052757263,	0.27014216780662537
0.3098451495170593,	0.27014216780662537
0.3098348379135132,	0.27014216780662537
0.30982470512390137,	0.27014216780662537
0.3098142445087433,	0.27014216780662537
0.3098040521144867,	0.27014216780662537
0.3097936809062958,	0.27014216780662537
0.3097832202911377,	0.27014216780662537
0.30977287888526917,	0.27014216780662537
0.30976223945617676,	0.27014216780662537
0.3097524046897888,	0.27014216780662537
0.3097420334815979,	0.27014216780662537
0.30973196029663086,	0.27132701873779297
0.30972200632095337,	0.27132701873779297
0.3097115159034729,	0.27132701873779297
0.30970150232315063,	0.27132701873779297
0.30969130992889404,	0.27132701873779297
0.3096811771392822,	0.27132701873779297
0.3096710741519928,	0.27132701873779297
0.30966031551361084,	0.27132701873779297
0.3096503019332886,	0.2736966907978058
0.30964037775993347,	0.2736966907978058
0.30963048338890076,	0.2736966907978058
0.3096199631690979,	0.2736966907978058
0.3096098005771637,	0.2736966907978058
0.3095998167991638,	0.2736966907978058
0.30958986282348633,	0.2736966907978058
0.3095798194408417,	0.274881511926651
0.30956995487213135,	0.274881511926651
0.30955973267555237,	0.274881511926651
0.3095492124557495,	0.274881511926651
0.30953991413116455,	0.274881511926651
0.3095296025276184,	0.274881511926651
0.309519499540329,	0.274881511926651
0.3095095157623291,	0.274881511926651
0.3094994127750397,	0.274881511926651
0.30948981642723083,	0.274881511926651
0.30947959423065186,	0.274881511926651
0.3094697594642639,	0.274881511926651
0.3094595670700073,	0.274881511926651
0.30944961309432983,	0.274881511926651
0.3094397783279419,	0.274881511926651
0.30942976474761963,	0.274881511926651
0.3094199597835541,	0.274881511926651
0.3094100058078766,	0.274881511926651
0.30940011143684387,	0.274881511926651
0.30939021706581116,	0.274881511926651
0.30938005447387695,	0.274881511926651
0.3093703091144562,	0.274881511926651
0.30936095118522644,	0.274881511926651
0.3093509376049042,	0.274881511926651
0.3093410134315491,	0.2760663628578186
0.30933135747909546,	0.2760663628578186
0.30932146310806274,	0.2760663628578186
0.30931198596954346,	0.2760663628578186
0.3093019127845764,	0.2760663628578186
0.3092920780181885,	0.2760663628578186
0.3092822730541229,	0.2760663628578186
0.3092728853225708,	0.2760663628578186
0.3092632293701172,	0.2760663628578186
0.3092533051967621,	0.2760663628578186
0.30924370884895325,	0.2760663628578186
0.3092339336872101,	0.2760663628578186
0.30922454595565796,	0.2760663628578186
0.30921509861946106,	0.2760663628578186
0.3092051148414612,	0.2760663628578186
0.30919528007507324,	0.2760663628578186
0.3091857433319092,	0.2760663628578186
0.309175968170166,	0.2760663628578186
0.30916672945022583,	0.2760663628578186
0.30915704369544983,	0.2760663628578186
0.3091473877429962,	0.2760663628578186
0.3091376721858978,	0.2760663628578186
0.3091280460357666,	0.2760663628578186
0.30911868810653687,	0.2760663628578186
0.30910900235176086,	0.2772511839866638
0.30909958481788635,	0.2772511839866638
0.3090902864933014,	0.2772511839866638
0.30908066034317017,	0.2772511839866638
0.30907142162323,	0.2772511839866638
0.3090616762638092,	0.2772511839866638
0.309052437543869,	0.2772511839866638
0.3090429902076721,	0.2772511839866638
0.30903393030166626,	0.2772511839866638
0.3090244233608246,	0.2772511839866638
0.30901482701301575,	0.2772511839866638
0.3090055584907532,	0.2772511839866638
0.3089958727359772,	0.2772511839866638
0.30898627638816833,	0.2772511839866638
0.30897724628448486,	0.27843600511550903
0.3089674413204193,	0.27843600511550903
0.3089582324028015,	0.27843600511550903
0.30894893407821655,	0.27843600511550903
0.30893945693969727,	0.27962085604667664
0.30893003940582275,	0.27962085604667664
0.308920681476593,	0.27962085604667664
0.30891144275665283,	0.27962085604667664
0.30890223383903503,	0.27962085604667664
0.3088929057121277,	0.27962085604667664
0.3088838458061218,	0.27962085604667664
0.30887389183044434,	0.27962085604667664
0.3088650107383728,	0.27962085604667664
0.3088551461696625,	0.27962085604667664
0.30884629487991333,	0.27962085604667664
0.30883705615997314,	0.27962085604667664
0.3088279664516449,	0.27962085604667664
0.308818519115448,	0.27962085604667664
0.30880942940711975,	0.27962085604667664
0.3088001012802124,	0.27962085604667664
0.30879104137420654,	0.27962085604667664
0.3087816834449768,	0.27962085604667664
0.30877265334129333,	0.27962085604667664
0.30876344442367554,	0.27962085604667664
0.3087541460990906,	0.27962085604667664
0.30874502658843994,	0.27962085604667664
0.30873626470565796,	0.27962085604667664
0.30872732400894165,	0.27962085604667664
0.3087182939052582,	0.27962085604667664
0.30870944261550903,	0.27962085604667664
0.30869990587234497,	0.27962085604667664
0.30869099497795105,	0.27962085604667664
0.3086821138858795,	0.27962085604667664
0.30867326259613037,	0.27962085604667664
0.30866390466690063,	0.27962085604667664
0.30865517258644104,	0.27962085604667664
0.3086458444595337,	0.27962085604667664
0.308636873960495,	0.27962085604667664
0.3086276650428772,	0.27962085604667664
0.30861881375312805,	0.27962085604667664
0.3086097538471222,	0.27962085604667664
0.3086012005805969,	0.27962085604667664
0.3085917532444,	0.27962085604667664
0.3085828125476837,	0.28080567717552185
0.3085743188858032,	0.28080567717552185
0.3085651099681854,	0.28199052810668945
0.30855605006217957,	0.28317534923553467
0.3085472881793976,	0.28317534923553467
0.3085385262966156,	0.28317534923553467
0.30852922797203064,	0.28317534923553467
0.3085203170776367,	0.28317534923553467
0.3085114657878876,	0.28317534923553467
0.3085027039051056,	0.28317534923553467
0.3084939122200012,	0.28317534923553467
0.308484822511673,	0.28317534923553467
0.3084762394428253,	0.28317534923553467
0.3084671199321747,	0.28317534923553467
0.308458536863327,	0.28317534923553467
0.30844929814338684,	0.28317534923553467
0.30844077467918396,	0.28317534923553467
0.30843213200569153,	0.28317534923553467
0.30842331051826477,	0.28317534923553467
0.3084145188331604,	0.28317534923553467
0.30840587615966797,	0.28317534923553467
0.30839747190475464,	0.28317534923553467
0.3083888292312622,	0.28317534923553467
0.30837979912757874,	0.28317534923553467
0.3083709478378296,	0.28317534923553467
0.3083622455596924,	0.28317534923553467
0.30835357308387756,	0.28317534923553467
0.3083447515964508,	0.28317534923553467
0.3083368241786957,	0.28317534923553467
0.3083276152610779,	0.28317534923553467
0.3083190321922302,	0.28317534923553467
0.3083100914955139,	0.28317534923553467
0.308301717042923,	0.28317534923553467
0.3082929849624634,	0.28317534923553467
0.30828437209129333,	0.28317534923553467
0.30827581882476807,	0.28317534923553467
0.3082672655582428,	0.28317534923553467
0.3082583546638489,	0.28317534923553467
0.30824950337409973,	0.28317534923553467
0.30824121832847595,	0.28317534923553467
0.30823278427124023,	0.28317534923553467
0.30822423100471497,	0.28317534923553467
0.3082157373428345,	0.28317534923553467
0.3082069456577301,	0.28317534923553467
0.3081985116004944,	0.28317534923553467
0.30819016695022583,	0.28317534923553467
0.3081812262535095,	0.28317534923553467
0.3081730902194977,	0.28317534923553467
0.3081640899181366,	0.28317534923553467
0.30815568566322327,	0.28317534923553467
0.30814704298973083,	0.28317534923553467
0.30813878774642944,	0.28317534923553467
0.3081299364566803,	0.28317534923553467
0.30812209844589233,	0.28317534923553467
0.3081133961677551,	0.28317534923553467
0.3081050217151642,	0.28317534923553467
0.3080964684486389,	0.28317534923553467
0.308088093996048,	0.28317534923553467
0.3080795109272003,	0.28317534923553467
0.30807092785835266,	0.28317534923553467
0.3080627918243408,	0.28317534923553467
0.30805426836013794,	0.28317534923553467
0.30804601311683655,	0.28317534923553467
0.3080374300479889,	0.28317534923553467
0.30802932381629944,	0.28317534923553467
0.3080209791660309,	0.28317534923553467
0.30801260471343994,	0.28317534923553467
0.3080044686794281,	0.28317534923553467
0.30799612402915955,	0.28317534923553467
0.3079880177974701,	0.28317534923553467
0.30797967314720154,	0.28317534923553467
0.307971328496933,	0.28317534923553467
0.3079630434513092,	0.28317534923553467
0.30795472860336304,	0.28317534923553467
0.3079465925693512,	0.28317534923553467
0.3079381287097931,	0.28317534923553467
0.3079298436641693,	0.28317534923553467
0.307921439409256,	0.28317534923553467
0.30791324377059937,	0.28317534923553467
0.3079046905040741,	0.28317534923553467
0.30789685249328613,	0.28317534923553467
0.30788853764533997,	0.28317534923553467
0.30788010358810425,	0.28317534923553467
0.30787181854248047,	0.28317534923553467
0.3078639507293701,	0.28317534923553467
0.3078555762767792,	0.28317534923553467
0.30784714221954346,	0.28317534923553467
0.30783921480178833,	0.28317534923553467
0.3078309893608093,	0.28317534923553467
0.3078227639198303,	0.28317534923553467
0.30781450867652893,	0.28317534923553467
0.30780643224716187,	0.28317534923553467
0.30779826641082764,	0.28317534923553467
0.30779004096984863,	0.28317534923553467
0.3077821433544159,	0.28317534923553467
0.307774156332016,	0.28317534923553467
0.3077661395072937,	0.28317534923553467
0.3077581524848938,	0.28317534923553467
0.30775031447410583,	0.28317534923553467
0.3077421188354492,	0.28317534923553467
0.30773404240608215,	0.28317534923553467
0.3077259361743927,	0.28317534923553467
0.30771806836128235,	0.28317534923553467
0.3077102601528168,	0.28317534923553467
0.3077020049095154,	0.28317534923553467
0.3076938986778259,	0.28317534923553467
0.3076860010623932,	0.28317534923553467
0.3076779246330261,	0.28317534923553467
0.3076697289943695,	0.28317534923553467
0.3076619803905487,	0.28317534923553467
0.30765393376350403,	0.28317534923553467
0.30764609575271606,	0.28317534923553467
0.3076379597187042,	0.28317534923553467
0.3076300621032715,	0.28317534923553467
0.3076220452785492,	0.28317534923553467
0.3076138496398926,	0.28317534923553467
0.3076059818267822,	0.28317534923553467
0.30759820342063904,	0.28317534923553467
0.3075904846191406,	0.28317534923553467
0.3075825273990631,	0.28317534923553467
0.3075743615627289,	0.28317534923553467
0.30756676197052,	0.28317534923553467
0.30755868554115295,	0.28317534923553467
0.30755093693733215,	0.28317534923553467
0.30754294991493225,	0.28317534923553467
0.30753499269485474,	0.28317534923553467
0.3075273931026459,	0.28317534923553467
0.3075193464756012,	0.28317534923553467
0.30751165747642517,	0.28317534923553467
0.30750370025634766,	0.28317534923553467
0.30749624967575073,	0.28317534923553467
0.30748817324638367,	0.28317534923553467
0.30748066306114197,	0.28317534923553467
0.3074726164340973,	0.28317534923553467
0.3074650168418884,	0.28317534923553467
0.3074571192264557,	0.28317534923553467
0.30744943022727966,	0.28317534923553467
0.30744168162345886,	0.28317534923553467
0.3074337840080261,	0.28317534923553467
0.3074263334274292,	0.28317534923553467
0.3074183762073517,	0.28317534923553467
0.3074105679988861,	0.28317534923553467
0.30740296840667725,	0.28317534923553467
0.30739498138427734,	0.28317534923553467
0.30738765001296997,	0.28317534923553467
0.30737975239753723,	0.28317534923553467
0.3073723018169403,	0.28317534923553467
0.30736440420150757,	0.28317534923553467
0.30735641717910767,	0.28317534923553467
0.30734890699386597,	0.28317534923553467
0.30734139680862427,	0.28317534923553467
0.30733343958854675,	0.28317534923553467
0.3073260188102722,	0.28317534923553467
0.30731818079948425,	0.28317534923553467
0.30731093883514404,	0.28317534923553467
0.3073030412197113,	0.28317534923553467
0.30729570984840393,	0.28317534923553467
0.30728811025619507,	0.28317534923553467
0.30728015303611755,	0.28317534923553467
0.3072727918624878,	0.28317534923553467
0.30726510286331177,	0.28317534923553467
0.3072577118873596,	0.28317534923553467
0.30725035071372986,	0.28317534923553467
0.3072422742843628,	0.28317534923553467
0.30723458528518677,	0.28317534923553467
0.3072269856929779,	0.28317534923553467
0.30721938610076904,	0.28317534923553467
0.3072117865085602,	0.28317534923553467
0.3072044551372528,	0.28317534923553467
0.30719688534736633,	0.28317534923553467
0.3071894347667694,	0.28317534923553467
0.3071819543838501,	0.28317534923553467
0.30717459321022034,	0.28317534923553467
0.307167112827301,	0.28317534923553467
0.3071596622467041,	0.28317534923553467
0.30715203285217285,	0.28317534923553467
0.30714455246925354,	0.28317534923553467
0.30713731050491333,	0.28317534923553467
0.30712971091270447,	0.28317534923553467
0.30712243914604187,	0.28317534923553467
0.30711469054222107,	0.28317534923553467
0.307107537984848,	0.28317534923553467
0.3070999085903168,	0.28317534923553467
0.3070923686027527,	0.28317534923553467
0.30708473920822144,	0.28317534923553467
0.3070771396160126,	0.28436020016670227
0.30707061290740967,	0.28436020016670227
0.3070632219314575,	0.28436020016670227
0.3070557117462158,	0.28436020016670227
0.30704811215400696,	0.28436020016670227
0.3070405125617981,	0.28436020016670227
0.3070334494113922,	0.28436020016670227
0.307026207447052,	0.28436020016670227
0.30701881647109985,	0.28436020016670227
0.3070113956928253,	0.28436020016670227
0.30700427293777466,	0.28436020016670227
0.3069968521595001,	0.2855450212955475
0.3069894313812256,	0.2855450212955475
0.30698198080062866,	0.2855450212955475
0.3069748878479004,	0.2855450212955475
0.30696776509284973,	0.2855450212955475
0.30696070194244385,	0.2855450212955475
0.3069537281990051,	0.2855450212955475
0.30694636702537537,	0.2855450212955475
0.3069390654563904,	0.2855450212955475
0.30693143606185913,	0.2855450212955475
0.30692416429519653,	0.2855450212955475
0.3069170415401459,	0.2855450212955475
0.30690962076187134,	0.2855450212955475
0.30690258741378784,	0.2855450212955475
0.30689534544944763,	0.2855450212955475
0.3068883419036865,	0.2855450212955475
0.3068805932998657,	0.2855450212955475
0.3068735897541046,	0.2855450212955475
0.30686649680137634,	0.2855450212955475
0.3068593442440033,	0.2855450212955475
0.3068518042564392,	0.2855450212955475
0.30684471130371094,	0.2855450212955475
0.30683767795562744,	0.2855450212955475
0.30683082342147827,	0.2855450212955475
0.3068234622478485,	0.2855450212955475
0.30681684613227844,	0.2855450212955475
0.30680954456329346,	0.2855450212955475
0.30680227279663086,	0.2855450212955475
0.3067950904369354,	0.2855450212955475
0.3067878484725952,	0.2855450212955475
0.30678096413612366,	0.2855450212955475
0.3067740499973297,	0.2855450212955475
0.3067668676376343,	0.2855450212955475
0.30675962567329407,	0.2855450212955475
0.3067527115345001,	0.2855450212955475
0.3067454993724823,	0.2855450212955475
0.30673837661743164,	0.2855450212955475
0.30673134326934814,	0.2855450212955475
0.30672428011894226,	0.2855450212955475
0.30671703815460205,	0.2855450212955475
0.30670982599258423,	0.2855450212955475
0.3067026734352112,	0.2855450212955475
0.30669593811035156,	0.2855450212955475
0.3066888153553009,	0.2855450212955475
0.3066818118095398,	0.2855450212955475
0.30667492747306824,	0.2855450212955475
0.30666807293891907,	0.2855450212955475
0.3066607713699341,	0.2855450212955475
0.3066537082195282,	0.2855450212955475
0.30664679408073425,	0.2855450212955475
0.30663952231407166,	0.2855450212955475
0.30663275718688965,	0.2855450212955475
0.3066258728504181,	0.2855450212955475
0.30661889910697937,	0.2855450212955475
0.3066122233867645,	0.2855450212955475
0.3066047132015228,	0.2855450212955475
0.3065977096557617,	0.2855450212955475
0.30659088492393494,	0.2855450212955475
0.3065836727619171,	0.2855450212955475
0.306576669216156,	0.2855450212955475
0.3065699338912964,	0.2855450212955475
0.30656298995018005,	0.2855450212955475
0.30655592679977417,	0.2855450212955475
0.3065490424633026,	0.2855450212955475
0.30654260516166687,	0.2855450212955475
0.30653566122055054,	0.2855450212955475
0.30652865767478943,	0.2855450212955475
0.30652186274528503,	0.2855450212955475
0.30651500821113586,	0.2855450212955475
0.3065081238746643,	0.2855450212955475
0.3065011501312256,	0.2867298722267151
0.3064942955970764,	0.2867298722267151
0.3064872920513153,	0.2867298722267151
0.30648061633110046,	0.2867298722267151
0.30647388100624084,	0.2867298722267151
0.3064669966697693,	0.2867298722267151
0.30646005272865295,	0.2867298722267151
0.3064533770084381,	0.2867298722267151
0.3064466416835785,	0.2867298722267151
0.30643975734710693,	0.2867298722267151
0.3064328134059906,	0.2867298722267151
0.3064262866973877,	0.2867298722267151
0.30641940236091614,	0.2867298722267151
0.30641257762908936,	0.2867298722267151
0.3064061403274536,	0.2867298722267151
0.3063991367816925,	0.2867298722267151
0.30639252066612244,	0.2867298722267151
0.30638548731803894,	0.2867298722267151
0.30637893080711365,	0.2867298722267151
0.3063720762729645,	0.2867298722267151
0.30636537075042725,	0.2867298722267151
0.3063586950302124,	0.2867298722267151
0.3063519299030304,	0.2867298722267151
0.3063454031944275,	0.2867298722267151
0.306338906288147,	0.2867298722267151
0.30633243918418884,	0.2867298722267151
0.30632585287094116,	0.2867298722267151
0.30631881952285767,	0.2867298722267151
0.30631232261657715,	0.2867298722267151
0.30630579590797424,	0.2867298722267151
0.3062990605831146,	0.2867298722267151
0.30629226565361023,	0.2867298722267151
0.3062855005264282,	0.2867298722267151
0.3062790632247925,	0.2867298722267151
0.3062724471092224,	0.2867298722267151
0.3062654733657837,	0.2867298722267151
0.30625882744789124,	0.2867298722267151
0.3062524199485779,	0.2867298722267151
0.3062455356121063,	0.2867298722267151
0.30623894929885864,	0.2867298722267151
0.30623239278793335,	0.2867298722267151
0.30622580647468567,	0.2867298722267151
0.30621907114982605,	0.2867298722267151
0.3062124252319336,	0.2867298722267151
0.3062058091163635,	0.2867298722267151
0.3061993718147278,	0.2867298722267151
0.30619287490844727,	0.2867298722267151
0.3061862289905548,	0.2867298722267151
0.30617988109588623,	0.2867298722267151
0.30617332458496094,	0.2867298722267151
0.3061668276786804,	0.2867298722267151
0.30616024136543274,	0.2867298722267151
0.3061537742614746,	0.2867298722267151
0.30614736676216125,	0.2867298722267151
0.3061407506465912,	0.2867298722267151
0.30613449215888977,	0.2867298722267151
0.3061278462409973,	0.2867298722267151
0.3061210811138153,	0.2867298722267151
0.30611473321914673,	0.2867298722267151
0.30610811710357666,	0.2867298722267151
0.3061017096042633,	0.2867298722267151
0.3060951232910156,	0.2867298722267151
0.30608853697776794,	0.2867298722267151
0.3060821294784546,	0.2867298722267151
0.3060758709907532,	0.2867298722267151
0.30606964230537415,	0.2867298722267151
0.30606287717819214,	0.2867298722267151
0.30605649948120117,	0.2867298722267151
0.3060503304004669,	0.2867298722267151
0.3060435950756073,	0.2867298722267151
0.30603715777397156,	0.2867298722267151
0.3060305714607239,	0.2867298722267151
0.30602410435676575,	0.2867298722267151
0.3060177266597748,	0.2867298722267151
0.306011438369751,	0.2867298722267151
0.3060048520565033,	0.2867298722267151
0.30599844455718994,	0.2867298722267151
0.3059922158718109,	0.2867298722267151
0.30598577857017517,	0.2867298722267151
0.30597957968711853,	0.2867298722267151
0.30597347021102905,	0.2867298722267151
0.3059665560722351,	0.2867298722267151
0.305960088968277,	0.2867298722267151
0.305954247713089,	0.2867298722267151
0.30594801902770996,	0.2867298722267151
0.30594128370285034,	0.2867298722267151
0.30593496561050415,	0.2867298722267151
0.305928498506546,	0.2867298722267151
0.3059222996234894,	0.2867298722267151
0.30591583251953125,	0.2867298722267151
0.3059093952178955,	0.2867298722267151
0.30590295791625977,	0.2867298722267151
0.30589696764945984,	0.2867298722267151
0.30589061975479126,	0.2867298722267151
0.3058841824531555,	0.2867298722267151
0.30587780475616455,	0.2867298722267151
0.3058719336986542,	0.2867298722267151
0.3058655560016632,	0.2867298722267151
0.30585962533950806,	0.2867298722267151
0.30585312843322754,	0.2867298722267151
0.3058471381664276,	0.2867298722267151
0.30584076046943665,	0.2867298722267151
0.30583474040031433,	0.2867298722267151
0.305828332901001,	0.2867298722267151
0.30582180619239807,	0.2867298722267151
0.30581560730934143,	0.2867298722267151
0.30580928921699524,	0.2867298722267151
0.30580341815948486,	0.2867298722267151
0.3057969808578491,	0.2867298722267151
0.30579107999801636,	0.2867298722267151
0.3057846426963806,	0.2867298722267151
0.305778443813324,	0.2867298722267151
0.30577242374420166,	0.2867298722267151
0.30576613545417786,	0.2867298722267151
0.30575960874557495,	0.2867298722267151
0.3057538866996765,	0.2867298722267151
0.30574730038642883,	0.2867298722267151
0.3057410717010498,	0.2867298722267151
0.30573517084121704,	0.2867298722267151
0.3057289719581604,	0.2867298722267151
0.30572280287742615,	0.2867298722267151
0.3057166635990143,	0.2867298722267151
0.3057105839252472,	0.2867298722267151
0.30570435523986816,	0.2867298722267151
0.3056981563568115,	0.2867298722267151
0.30569225549697876,	0.2867298722267151
0.3056858777999878,	0.2867298722267151
0.3056800365447998,	0.2867298722267151
0.305673748254776,	0.2867298722267151
0.3056676685810089,	0.2867298722267151
0.30566200613975525,	0.2867298722267151
0.3056560158729553,	0.2867298722267151
0.3056494891643524,	0.2867298722267151
0.3056434988975525,	0.2867298722267151
0.3056374788284302,	0.2867298722267151
0.3056311011314392,	0.2867298722267151
0.30562475323677063,	0.2867298722267151
0.30561891198158264,	0.2867298722267151
0.3056127429008484,	0.2867298722267151
0.305606484413147,	0.2867298722267151
0.305600643157959,	0.2867298722267151
0.3055947422981262,	0.2867298722267151
0.3055886924266815,	0.2867298722267151
0.30558282136917114,	0.2867298722267151
0.30557671189308167,	0.2867298722267151
0.3055703938007355,	0.2867298722267151
0.3055645227432251,	0.2867298722267151
0.30555862188339233,	0.2867298722267151
0.30555230379104614,	0.2867298722267151
0.3055466413497925,	0.2867298722267151
0.305540531873703,	0.2867298722267151
0.3055349886417389,	0.2867298722267151
0.3055287003517151,	0.2879146933555603
0.30552297830581665,	0.2879146933555603
0.30551689863204956,	0.2879146933555603
0.30551087856292725,	0.2879146933555603
0.30550500750541687,	0.2879146933555603
0.30549874901771545,	0.2879146933555603
0.3054928481578827,	0.2879146933555603
0.3054870069026947,	0.2879146933555603
0.30548083782196045,	0.2879146933555603
0.3054752051830292,	0.2879146933555603
0.3054690659046173,	0.2879146933555603
0.30546295642852783,	0.2879146933555603
0.3054571747779846,	0.2879146933555603
0.30545148253440857,	0.2879146933555603
0.30544543266296387,	0.2879146933555603
0.3054395616054535,	0.2879146933555603
0.3054335117340088,	0.2879146933555603
0.3054274916648865,	0.2879146933555603
0.3054218888282776,	0.2879146933555603
0.3054160177707672,	0.2879146933555603
0.3054102063179016,	0.2879146933555603
0.3054042458534241,	0.2879146933555603
0.30539828538894653,	0.2879146933555603
0.30539247393608093,	0.2879146933555603
0.3053867220878601,	0.2879146933555603
0.3053809106349945,	0.2879146933555603
0.3053748905658722,	0.2879146933555603
0.305369108915329,	0.2879146933555603
0.30536314845085144,	0.2879146933555603
0.3053571879863739,	0.2879146933555603
0.3053515553474426,	0.2879146933555603
0.3053455352783203,	0.2879146933555603
0.3053395748138428,	0.2879146933555603
0.3053340017795563,	0.2879146933555603
0.3053283393383026,	0.2879146933555603
0.3053224980831146,	0.2879146933555603
0.3053167760372162,	0.2879146933555603
0.3053107261657715,	0.2879146933555603
0.3053051829338074,	0.2879146933555603
0.30529919266700745,	0.2879146933555603
0.3052930533885956,	0.2890995144844055
0.30528736114501953,	0.2890995144844055
0.3052820861339569,	0.2890995144844055
0.30527621507644653,	0.2890995144844055
0.30527013540267944,	0.2890995144844055
0.30526456236839294,	0.2890995144844055
0.305258572101593,	0.2890995144844055
0.30525273084640503,	0.2890995144844055
0.3052469789981842,	0.2890995144844055
0.3052416145801544,	0.2890995144844055
0.30523571372032166,	0.2890995144844055
0.30522966384887695,	0.2890995144844055
0.3052239716053009,	0.2890995144844055
0.3052186369895935,	0.2890995144844055
0.30521222949028015,	0.2890995144844055
0.30520692467689514,	0.2890995144844055
0.3052012324333191,	0.2890995144844055
0.3051955997943878,	0.2890995144844055
0.30518990755081177,	0.2890995144844055
0.30518418550491333,	0.2890995144844055
0.30517882108688354,	0.2890995144844055
0.30517271161079407,	0.2890995144844055
0.3051670789718628,	0.2890995144844055
0.3051612675189972,	0.2890995144844055
0.30515557527542114,	0.2890995144844055
0.30514997243881226,	0.2890995144844055
0.3051442801952362,	0.2890995144844055
0.30513864755630493,	0.2890995144844055
0.3051331341266632,	0.2890995144844055
0.30512750148773193,	0.2890995144844055
0.3051219880580902,	0.2890995144844055
0.30511605739593506,	0.2890995144844055
0.3051105737686157,	0.2890995144844055
0.30510473251342773,	0.2890995144844055
0.3050992488861084,	0.2890995144844055
0.3050934672355652,	0.2890995144844055
0.30508795380592346,	0.2890995144844055
0.30508244037628174,	0.2890995144844055
0.3050767779350281,	0.2890995144844055
0.3050709366798401,	0.2890995144844055
0.3050658106803894,	0.2890995144844055
0.30505993962287903,	0.2890995144844055
0.3050546944141388,	0.2890995144844055
0.30504873394966125,	0.2890995144844055
0.30504339933395386,	0.2890995144844055
0.3050379157066345,	0.2890995144844055
0.30503207445144653,	0.2890995144844055
0.3050267994403839,	0.2890995144844055
0.30502110719680786,	0.2890995144844055
0.3050159513950348,	0.2890995144844055
0.30501028895378113,	0.2890995144844055
0.3050045371055603,	0.2890995144844055
0.30499935150146484,	0.2890995144844055
0.30499374866485596,	0.2890995144844055
0.30498790740966797,	0.2890995144844055
0.3049824833869934,	0.2890995144844055
0.3049769103527069,	0.2890995144844055
0.3049716353416443,	0.2890995144844055
0.30496567487716675,	0.2890995144844055
0.30496034026145935,	0.2890995144844055
0.3049547076225281,	0.2890995144844055
0.30494943261146545,	0.2890995144844055
0.30494382977485657,	0.2890995144844055
0.3049381971359253,	0.2890995144844055
0.304932564496994,	0.2890995144844055
0.3049270808696747,	0.2890995144844055
0.304921418428421,	0.2890995144844055
0.30491599440574646,	0.2890995144844055
0.3049103915691376,	0.2890995144844055
0.3049052357673645,	0.2890995144844055
0.3048997223377228,	0.2890995144844055
0.30489423871040344,	0.2890995144844055
0.30488890409469604,	0.2890995144844055
0.30488350987434387,	0.2890995144844055
0.3048780560493469,	0.2890995144844055
0.3048725426197052,	0.2890995144844055
0.30486729741096497,	0.2890995144844055
0.3048616349697113,	0.2890995144844055
0.30485641956329346,	0.2890995144844055
0.3048512041568756,	0.2890995144844055
0.3048456013202667,	0.2890995144844055
0.30484017729759216,	0.2890995144844055
0.3048347234725952,	0.2890995144844055
0.3048291802406311,	0.2890995144844055
0.30482402443885803,	0.2890995144844055
0.30481868982315063,	0.2890995144844055
0.3048129677772522,	0.2890995144844055
0.30480727553367615,	0.2890995144844055
0.3048020899295807,	0.2890995144844055
0.3047965466976166,	0.2890995144844055
0.30479130148887634,	0.2902843654155731
0.3047860562801361,	0.2902843654155731
0.3047804832458496,	0.2902843654155731
0.3047751486301422,	0.2902843654155731
0.30476972460746765,	0.2902843654155731
0.3047644793987274,	0.2902843654155731
0.30475929379463196,	0.2902843654155731
0.30475375056266785,	0.2902843654155731
0.3047483563423157,	0.2902843654155731
0.304743230342865,	0.2902843654155731
0.3047376275062561,	0.2902843654155731
0.30473238229751587,	0.2902843654155731
0.3047265410423279,	0.2902843654155731
0.30472150444984436,	0.2902843654155731
0.30471599102020264,	0.2902843654155731
0.3047109544277191,	0.2902843654155731
0.30470556020736694,	0.2902843654155731
0.30470010638237,	0.2902843654155731
0.304694801568985,	0.2902843654155731
0.30468952655792236,	0.2902843654155731
0.3046843111515045,	0.2902843654155731
0.3046788275241852,	0.2902843654155731
0.3046737015247345,	0.2902843654155731
0.3046684265136719,	0.2902843654155731
0.3046633303165436,	0.2902843654155731
0.3046579658985138,	0.2902843654155731
0.3046525716781616,	0.2902843654155731
0.3046472370624542,	0.2902843654155731
0.3046421706676483,	0.2902843654155731
0.30463674664497375,	0.2902843654155731
0.30463141202926636,	0.2902843654155731
0.3046262860298157,	0.2902843654155731
0.304621160030365,	0.2902843654155731
0.30461594462394714,	0.2902843654155731
0.30461108684539795,	0.2902843654155731
0.3046055734157562,	0.2902843654155731
0.3046002686023712,	0.29146918654441833
0.30459481477737427,	0.29146918654441833
0.3045893907546997,	0.29146918654441833
0.30458444356918335,	0.29146918654441833
0.3045791685581207,	0.29146918654441833
0.3045739531517029,	0.29146918654441833
0.30456867814064026,	0.29146918654441833
0.30456364154815674,	0.29146918654441833
0.30455824732780457,	0.29146918654441833
0.3045528531074524,	0.29146918654441833
0.3045477569103241,	0.29265403747558594
0.30454298853874207,	0.29265403747558594
0.30453774333000183,	0.29265403747558594
0.3045324981212616,	0.29265403747558594
0.3045273721218109,	0.29265403747558594
0.3045225739479065,	0.29265403747558594
0.30451706051826477,	0.29265403747558594
0.30451151728630066,	0.29265403747558594
0.30450645089149475,	0.29265403747558594
0.304501473903656,	0.29265403747558594
0.3044961988925934,	0.29265403747558594
0.3044911324977875,	0.29265403747558594
0.3044862151145935,	0.29265403747558594
0.3044810891151428,	0.29265403747558594
0.30447614192962646,	0.29265403747558594
0.3044709861278534,	0.29265403747558594
0.3044654428958893,	0.29265403747558594
0.3044605553150177,	0.29265403747558594
0.30445557832717896,	0.29265403747558594
0.30445054173469543,	0.29265403747558594
0.3044449985027313,	0.29265403747558594
0.30444011092185974,	0.29265403747558594
0.3044349253177643,	0.29265403747558594
0.3044300079345703,	0.29265403747558594
0.30442482233047485,	0.29265403747558594
0.3044198155403137,	0.29265403747558594
0.3044147193431854,	0.29265403747558594
0.30440962314605713,	0.29265403747558594
0.30440476536750793,	0.29265403747558594
0.30439987778663635,	0.29265403747558594
0.30439451336860657,	0.29265403747558594
0.3043892979621887,	0.29265403747558594
0.30438414216041565,	0.29265403747558594
0.30437907576560974,	0.29265403747558594
0.3043740689754486,	0.29265403747558594
0.3043687641620636,	0.29265403747558594
0.304363876581192,	0.29265403747558594
0.3043588399887085,	0.29265403747558594
0.3043535053730011,	0.29265403747558594
0.30434852838516235,	0.29265403747558594
0.30434346199035645,	0.29265403747558594
0.30433833599090576,	0.29265403747558594
0.3043331801891327,	0.29265403747558594
0.30432823300361633,	0.29265403747558594
0.3043232858181,	0.29265403747558594
0.30431798100471497,	0.29265403747558594
0.3043128550052643,	0.29265403747558594
0.3043077886104584,	0.29265403747558594
0.3043031096458435,	0.29265403747558594
0.30429807305336,	0.29265403747558594
0.3042930066585541,	0.29265403747558594
0.3042880892753601,	0.29265403747558594
0.3042829632759094,	0.29265403747558594
0.30427831411361694,	0.29265403747558594
0.3042733073234558,	0.29265403747558594
0.3042685091495514,	0.29265403747558594
0.30426347255706787,	0.29383885860443115
0.30425822734832764,	0.29383885860443115
0.30425313115119934,	0.29383885860443115
0.30424824357032776,	0.29383885860443115
0.30424320697784424,	0.29383885860443115
0.3042384088039398,	0.29383885860443115
0.3042336106300354,	0.29383885860443115
0.30422845482826233,	0.29383885860443115
0.30422380566596985,	0.29383885860443115
0.3042185604572296,	0.29383885860443115
0.3042137920856476,	0.29383885860443115
0.3042090833187103,	0.29383885860443115
0.3042040765285492,	0.29383885860443115
0.30419921875,	0.29383885860443115
0.30419406294822693,	0.29383885860443115
0.3041893243789673,	0.29383885860443115
0.30418455600738525,	0.29383885860443115
0.3041795790195465,	0.29383885860443115
0.30417490005493164,	0.29383885860443115
0.30416980385780334,	0.29383885860443115
0.30416473746299744,	0.29383885860443115
0.30415987968444824,	0.29383885860443115
0.30415529012680054,	0.29383885860443115
0.3041503429412842,	0.29383885860443115
0.3041454553604126,	0.29383885860443115
0.3041403591632843,	0.29383885860443115
0.3041355311870575,	0.29383885860443115
0.30413079261779785,	0.29383885860443115
0.3041260242462158,	0.29383885860443115
0.3041210174560547,	0.29383885860443115
0.3041161596775055,	0.29383885860443115
0.30411142110824585,	0.29383885860443115
0.30410605669021606,	0.29383885860443115
0.30410119891166687,	0.29383885860443115
0.3040965795516968,	0.29383885860443115
0.3040913939476013,	0.29383885860443115
0.3040864169597626,	0.29383885860443115
0.30408161878585815,	0.29383885860443115
0.3040768802165985,	0.29383885860443115
0.3040717840194702,	0.29383885860443115
0.3040671646595001,	0.29383885860443115
0.30406203866004944,	0.29383885860443115
0.3040573298931122,	0.29383885860443115
0.30405279994010925,	0.29383885860443115
0.3040478527545929,	0.29383885860443115
0.30404284596443176,	0.29383885860443115
0.30403825640678406,	0.29383885860443115
0.3040335178375244,	0.29383885860443115
0.30402880907058716,	0.29383885860443115
0.30402377247810364,	0.29383885860443115
0.3040194809436798,	0.29383885860443115
0.30401450395584106,	0.29383885860443115
0.3040097951889038,	0.29383885860443115
0.3040049076080322,	0.29383885860443115
0.3039999306201935,	0.29383885860443115
0.30399540066719055,	0.29383885860443115
0.30399057269096375,	0.29383885860443115
0.30398568511009216,	0.29383885860443115
0.3039807081222534,	0.29383885860443115
0.30397623777389526,	0.29383885860443115
0.3039710819721222,	0.29383885860443115
0.3039664626121521,	0.29383885860443115
0.30396178364753723,	0.29383885860443115
0.3039571940898895,	0.29383885860443115
0.30395233631134033,	0.29383885860443115
0.3039477467536926,	0.29383885860443115
0.3039429485797882,	0.29383885860443115
0.30393821001052856,	0.29383885860443115
0.30393344163894653,	0.29383885860443115
0.30392858386039734,	0.29383885860443115
0.30392390489578247,	0.29383885860443115
0.3039190173149109,	0.29383885860443115
0.3039145767688751,	0.29383885860443115
0.3039099872112274,	0.29383885860443115
0.3039049804210663,	0.29383885860443115
0.3039003312587738,	0.29383885860443115
0.303895503282547,	0.29383885860443115
0.3038906753063202,	0.29383885860443115
0.3038859963417053,	0.29383885860443115
0.3038814067840576,	0.29383885860443115
0.3038763701915741,	0.29383885860443115
0.3038714528083801,	0.29383885860443115
0.3038668930530548,	0.29383885860443115
0.30386221408843994,	0.29383885860443115
0.3038574755191803,	0.29383885860443115
0.3038525879383087,	0.29383885860443115
0.30384814739227295,	0.29383885860443115
0.30384328961372375,	0.29383885860443115
0.3038388788700104,	0.29383885860443115
0.30383434891700745,	0.29383885860443115
0.30382996797561646,	0.29383885860443115
0.303824782371521,	0.29383885860443115
0.3038204610347748,	0.29383885860443115
0.3038155436515808,	0.29383885860443115
0.3038109540939331,	0.29383885860443115
0.3038063645362854,	0.29383885860443115
0.30380186438560486,	0.29383885860443115
0.30379718542099,	0.29383885860443115
0.3037923574447632,	0.29383885860443115
0.3037879168987274,	0.29383885860443115
0.3037831485271454,	0.29383885860443115
0.3037785589694977,	0.29383885860443115
0.3037741482257843,	0.29383885860443115
0.30376899242401123,	0.29383885860443115
0.3037645220756531,	0.29383885860443115
0.303759902715683,	0.29383885860443115
0.3037552237510681,	0.29383885860443115
0.3037506341934204,	0.29383885860443115
0.30374619364738464,	0.29383885860443115
0.30374154448509216,	0.29383885860443115
0.303737074136734,	0.29383885860443115
0.30373239517211914,	0.29383885860443115
0.3037281632423401,	0.29383885860443115
0.3037232756614685,	0.29383885860443115
0.3037187457084656,	0.29383885860443115
0.30371424555778503,	0.29383885860443115
0.30370935797691345,	0.29383885860443115
0.3037048876285553,	0.29383885860443115
0.30370032787323,	0.29383885860443115
0.30369558930397034,	0.29383885860443115
0.30369123816490173,	0.29383885860443115
0.3036865293979645,	0.29383885860443115
0.3036821186542511,	0.29383885860443115
0.30367735028266907,	0.29383885860443115
0.3036728501319885,	0.29383885860443115
0.3036683201789856,	0.29383885860443115
0.3036637306213379,	0.29383885860443115
0.30365920066833496,	0.29383885860443115
0.3036547899246216,	0.29502370953559875
0.30365023016929626,	0.29502370953559875
0.3036455810070038,	0.29502370953559875
0.3036412000656128,	0.29502370953559875
0.3036365509033203,	0.29502370953559875
0.3036322295665741,	0.29502370953559875
0.30362769961357117,	0.29502370953559875
0.3036230206489563,	0.29502370953559875
0.3036186397075653,	0.29502370953559875
0.30361416935920715,	0.29502370953559875
0.3036096394062042,	0.29620853066444397
0.30360519886016846,	0.29620853066444397
0.30360037088394165,	0.29620853066444397
0.303596168756485,	0.29620853066444397
0.30359163880348206,	0.2973933517932892
0.3035869896411896,	0.2973933517932892
0.30358245968818665,	0.2973933517932892
0.30357760190963745,	0.2973933517932892
0.30357328057289124,	0.2973933517932892
0.30356907844543457,	0.2973933517932892
0.3035643994808197,	0.2973933517932892
0.3035597801208496,	0.2973933517932892
0.30355554819107056,	0.2973933517932892
0.30355092883110046,	0.2973933517932892
0.30354660749435425,	0.2973933517932892
0.303541898727417,	0.2973933517932892
0.30353784561157227,	0.2973933517932892
0.30353328585624695,	0.2973933517932892
0.303528755903244,	0.2973933517932892
0.3035241961479187,	0.2973933517932892
0.30351972579956055,	0.2973933517932892
0.30351537466049194,	0.2973933517932892
0.30351123213768005,	0.2973933517932892
0.3035067021846771,	0.2973933517932892
0.30350199341773987,	0.2973933517932892
0.3034976124763489,	0.2973933517932892
0.30349329113960266,	0.2973933517932892
0.30348873138427734,	0.2973933517932892
0.303484171628952,	0.2973933517932892
0.3034799098968506,	0.2973933517932892
0.30347558856010437,	0.2973933517932892
0.30347076058387756,	0.2973933517932892
0.3034664988517761,	0.2973933517932892
0.30346187949180603,	0.2973933517932892
0.3034576177597046,	0.2973933517932892
0.3034530580043793,	0.2973933517932892
0.30344849824905396,	0.2973933517932892
0.3034440875053406,	0.2973933517932892
0.30343982577323914,	0.2973933517932892
0.3034352958202362,	0.2973933517932892
0.3034310042858124,	0.2973933517932892
0.30342650413513184,	0.2973933517932892
0.3034220337867737,	0.2973933517932892
0.3034175634384155,	0.2973933517932892
0.3034133017063141,	0.2973933517932892
0.30340903997421265,	0.2973933517932892
0.30340468883514404,	0.2973933517932892
0.3034003973007202,	0.2973933517932892
0.3033960461616516,	0.2973933517932892
0.3033915162086487,	0.2973933517932892
0.30338722467422485,	0.2973933517932892
0.3033825755119324,	0.2973933517932892
0.30337849259376526,	0.2973933517932892
0.3033739924430847,	0.2973933517932892
0.30336952209472656,	0.2973933517932892
0.3033652901649475,	0.2973933517932892
0.3033609092235565,	0.2973933517932892
0.30335667729377747,	0.2973933517932892
0.30335235595703125,	0.2973933517932892
0.30334800481796265,	0.2973933517932892
0.30334383249282837,	0.2973933517932892
0.30333930253982544,	0.2973933517932892
0.3033353090286255,	0.2973933517932892
0.3033309280872345,	0.2973933517932892
0.3033263683319092,	0.2973933517932892
0.303321897983551,	0.2973933517932892
0.303317666053772,	0.2973933517932892
0.3033134341239929,	0.2973933517932892
0.3033088743686676,	0.2973933517932892
0.3033049404621124,	0.2973933517932892
0.30330049991607666,	0.2973933517932892
0.3032962381839752,	0.2973933517932892
0.3032919466495514,	0.2973933517932892
0.3032877445220947,	0.2973933517932892
0.30328357219696045,	0.2973933517932892
0.30327939987182617,	0.2973933517932892
0.30327481031417847,	0.2973933517932892
0.3032708168029785,	0.2973933517932892
0.30326640605926514,	0.2973933517932892
0.30326220393180847,	0.2973933517932892
0.3032580018043518,	0.2973933517932892
0.3032534718513489,	0.2973933517932892
0.3032492995262146,	0.2973933517932892
0.30324503779411316,	0.2973933517932892
0.3032410144805908,	0.2973933517932892
0.3032364547252655,	0.2973933517932892
0.3032321333885193,	0.2973933517932892
0.3032279312610626,	0.2973933517932892
0.30322378873825073,	0.2973933517932892
0.30321967601776123,	0.2973933517932892
0.30321523547172546,	0.2985782027244568
0.3032108545303345,	0.2985782027244568
0.30320659279823303,	0.2985782027244568
0.3032022714614868,	0.2985782027244568
0.30319806933403015,	0.2985782027244568
0.3031936585903168,	0.2985782027244568
0.3031894862651825,	0.2985782027244568
0.30318519473075867,	0.2985782027244568
0.303180992603302,	0.2985782027244568
0.3031771183013916,	0.2985782027244568
0.30317291617393494,	0.2985782027244568
0.30316856503486633,	0.2985782027244568
0.30316436290740967,	0.2985782027244568
0.3031601011753082,	0.2985782027244568
0.30315616726875305,	0.2985782027244568
0.30315184593200684,	0.2985782027244568
0.3031475841999054,	0.2985782027244568
0.3031434118747711,	0.2985782027244568
0.30313897132873535,	0.2985782027244568
0.3031347393989563,	0.2985782027244568
0.30313023924827576,	0.2985782027244568
0.3031262755393982,	0.2985782027244568
0.30312198400497437,	0.2985782027244568
0.3031178116798401,	0.2985782027244568
0.3031134307384491,	0.2985782027244568
0.30310946702957153,	0.2985782027244568
0.30310535430908203,	0.2985782027244568
0.3031010031700134,	0.2985782027244568
0.30309659242630005,	0.2985782027244568
0.30309242010116577,	0.2985782027244568
0.3030884563922882,	0.2985782027244568
0.30308422446250916,	0.2985782027244568
0.30308037996292114,	0.2985782027244568
0.30307623744010925,	0.2985782027244568
0.3030717670917511,	0.2985782027244568
0.303067684173584,	0.2985782027244568
0.3030634820461273,	0.2985782027244568
0.303059458732605,	0.2985782027244568
0.3030553460121155,	0.2985782027244568
0.30305108428001404,	0.2985782027244568
0.30304715037345886,	0.2985782027244568
0.3030429780483246,	0.2985782027244568
0.3030385375022888,	0.2985782027244568
0.3030344843864441,	0.2985782027244568
0.3030305802822113,	0.2985782027244568
0.3030260503292084,	0.2985782027244568
0.30302220582962036,	0.2985782027244568
0.30301788449287415,	0.2985782027244568
0.3030139207839966,	0.2985782027244568
0.3030097782611847,	0.2985782027244568
0.3030056357383728,	0.2985782027244568
0.3030015230178833,	0.2985782027244568
0.30299726128578186,	0.2985782027244568
0.3029932379722595,	0.2985782027244568
0.3029889762401581,	0.2985782027244568
0.3029845356941223,	0.2985782027244568
0.3029806613922119,	0.2985782027244568
0.3029767572879791,	0.2985782027244568
0.3029724657535553,	0.2985782027244568
0.3029688596725464,	0.2985782027244568
0.3029646575450897,	0.2985782027244568
0.30296021699905396,	0.2985782027244568
0.3029564321041107,	0.2985782027244568
0.30295199155807495,	0.2985782027244568
0.3029478192329407,	0.2985782027244568
0.30294376611709595,	0.2985782027244568
0.30293965339660645,	0.2985782027244568
0.3029358685016632,	0.2985782027244568
0.3029317855834961,	0.2985782027244568
0.3029276132583618,	0.2985782027244568
0.3029237389564514,	0.2985782027244568
0.3029194474220276,	0.2985782027244568
0.3029153048992157,	0.2985782027244568
0.30291152000427246,	0.2985782027244568
0.30290740728378296,	0.2985782027244568
0.30290326476097107,	0.2985782027244568
0.3028993308544159,	0.2985782027244568
0.3028953969478607,	0.2985782027244568
0.30289125442504883,	0.2985782027244568
0.302886962890625,	0.2985782027244568
0.30288299918174744,	0.2985782027244568
0.3028791844844818,	0.2985782027244568
0.3028750419616699,	0.2985782027244568
0.30287066102027893,	0.2985782027244568
0.302866667509079,	0.2985782027244568
0.30286267399787903,	0.2985782027244568
0.3028586208820343,	0.2985782027244568
0.3028546869754791,	0.2985782027244568
0.3028504252433777,	0.2985782027244568
0.3028464913368225,	0.2985782027244568
0.30284246802330017,	0.2985782027244568
0.3028382360935211,	0.2985782027244568
0.30283454060554504,	0.2985782027244568
0.30283039808273315,	0.2985782027244568
0.3028261065483093,	0.2985782027244568
0.30282220244407654,	0.2985782027244568
0.3028181195259094,	0.2985782027244568
0.30281439423561096,	0.2985782027244568
0.302810400724411,	0.2985782027244568
0.30280622839927673,	0.2985782027244568
0.3028022348880768,	0.2985782027244568
0.30279842019081116,	0.2985782027244568
0.3027942180633545,	0.2985782027244568
0.30279019474983215,	0.2985782027244568
0.30278635025024414,	0.2985782027244568
0.30278250575065613,	0.2985782027244568
0.30277857184410095,	0.2985782027244568
0.30277445912361145,	0.2985782027244568
0.30277055501937866,	0.2985782027244568
0.30276668071746826,	0.2985782027244568
0.30276253819465637,	0.2985782027244568
0.30275872349739075,	0.2985782027244568
0.3027547597885132,	0.2985782027244568
0.3027507960796356,	0.2985782027244568
0.30274662375450134,	0.2985782027244568
0.30274268984794617,	0.2985782027244568
0.30273857712745667,	0.2985782027244568
0.30273470282554626,	0.2985782027244568
0.30273082852363586,	0.2985782027244568
0.3027269244194031,	0.2985782027244568
0.3027229309082031,	0.2985782027244568
0.3027191758155823,	0.2985782027244568
0.30271515250205994,	0.2985782027244568
0.3027113378047943,	0.2985782027244568
0.30270713567733765,	0.2985782027244568
0.3027031421661377,	0.2985782027244568
0.30269932746887207,	0.2985782027244568
0.30269500613212585,	0.2985782027244568
0.3026910722255707,	0.2985782027244568
0.30268701910972595,	0.2985782027244568
0.30268290638923645,	0.299763023853302
0.30267924070358276,	0.299763023853302
0.30267563462257385,	0.3009478747844696
0.3026714324951172,	0.3009478747844696
0.3026678264141083,	0.3009478747844696
0.3026637136936188,	0.3009478747844696
0.3026597499847412,	0.3009478747844696
0.30265599489212036,	0.3009478747844696
0.30265191197395325,	0.3009478747844696
0.3026478886604309,	0.3009478747844696
0.30264419317245483,	0.3009478747844696
0.3026401698589325,	0.3009478747844696
0.30263641476631165,	0.3009478747844696
0.3026324212551117,	0.3009478747844696
0.3026285469532013,	0.3009478747844696
0.3026244640350342,	0.3009478747844696
0.3026202917098999,	0.3009478747844696
0.30261656641960144,	0.3009478747844696
0.30261266231536865,	0.3009478747844696
0.3026091754436493,	0.3009478747844696
0.30260512232780457,	0.3009478747844696
0.3026014566421509,	0.3009478747844696
0.3025975823402405,	0.3009478747844696
0.3025937080383301,	0.3009478747844696
0.3025900423526764,	0.3009478747844696
0.3025864362716675,	0.3009478747844696
0.30258235335350037,	0.3009478747844696
0.3025786280632019,	0.3009478747844696
0.3025748133659363,	0.3009478747844696
0.30257102847099304,	0.3009478747844696
0.30256691575050354,	0.3009478747844696
0.30256304144859314,	0.3009478747844696
0.3025593161582947,	0.3009478747844696
0.30255556106567383,	0.3009478747844696
0.30255118012428284,	0.3009478747844696
0.3025476038455963,	0.3009478747844696
0.302543580532074,	0.3009478747844696
0.3025398254394531,	0.3009478747844696
0.3025360405445099,	0.3009478747844696
0.30253174901008606,	0.3009478747844696
0.3025277853012085,	0.3009478747844696
0.30252426862716675,	0.3009478747844696
0.30252042412757874,	0.3009478747844696
0.30251675844192505,	0.3009478747844696
0.3025130331516266,	0.3009478747844696
0.30250874161720276,	0.3009478747844696
0.3025051951408386,	0.3009478747844696
0.3025015592575073,	0.3009478747844696
0.3024975061416626,	0.3009478747844696
0.30249351263046265,	0.3009478747844696
0.30248987674713135,	0.3009478747844696
0.30248597264289856,	0.3009478747844696
0.30248236656188965,	0.3009478747844696
0.3024783134460449,	0.3009478747844696
0.30247482657432556,	0.3009478747844696
0.30247068405151367,	0.3009478747844696
0.30246713757514954,	0.3009478747844696
0.30246302485466003,	0.3009478747844696
0.30245932936668396,	0.3009478747844696
0.30245548486709595,	0.3009478747844696
0.3024517595767975,	0.3009478747844696
0.30244818329811096,	0.3009478747844696
0.302444189786911,	0.3009478747844696
0.30244043469429016,	0.3009478747844696
0.3024367690086365,	0.3009478747844696
0.3024331331253052,	0.3009478747844696
0.3024294078350067,	0.3009478747844696
0.3024253845214844,	0.3021326959133148
0.3024217188358307,	0.3021326959133148
0.3024178743362427,	0.3021326959133148
