Number of classes: 7
Elapsed time: 0:05:00.056905
One batch.
Number of epochs: 2487
Learning rate: 0.05
Subset: medium
------------------------------------
Testing accuracy: 0.37337663769721985
Training accuracy: 0.38679245114326477
------------------------------------
cost history,	validation history
1.1640050411224365,	0.0
0.9845852255821228,	0.0
0.8358871936798096,	0.0
0.7172664403915405,	0.0
0.6262922286987305,	0.0
0.5587494969367981,	0.06042654067277908
0.5094708204269409,	0.26895734667778015
0.4735547602176666,	0.30687204003334045
0.44708749651908875,	0.2772511839866638
0.42723792791366577,	0.2263033241033554
0.41205236315727234,	0.1741706132888794
0.40019991993904114,	0.13981042802333832
0.39076822996139526,	0.11492890864610672
0.383128821849823,	0.09123222529888153
0.37683767080307007,	0.07938388735055923
0.37158164381980896,	0.07109005004167557
0.3671290874481201,	0.06872037798166275
0.363313764333725,	0.059241704642772675
0.3600073754787445,	0.055687204003334045
0.3571147620677948,	0.0497630350291729
0.35456252098083496,	0.04739336669445038
0.3522927165031433,	0.04620853066444397
0.35026034712791443,	0.04502369835972786
0.34842976927757263,	0.04383886232972145
0.34677132964134216,	0.04620853066444397
0.3452617824077606,	0.04739336669445038
0.3438810110092163,	0.04857819899916649
0.342614084482193,	0.04857819899916649
0.3414459228515625,	0.04857819899916649
0.3403662443161011,	0.0497630350291729
0.3393656015396118,	0.05094786733388901
0.3384348750114441,	0.05450236797332764
0.33756712079048157,	0.056872036308050156
0.33675631880760193,	0.056872036308050156
0.33599650859832764,	0.058056872338056564
0.335283488035202,	0.06042654067277908
0.3346129059791565,	0.0627962052822113
0.3339812755584717,	0.06516587734222412
0.33338406682014465,	0.06872037798166275
0.3328203856945038,	0.0746445506811142
0.33228495717048645,	0.0758293867111206
0.33177831768989563,	0.07819905132055283
0.33129599690437317,	0.07938388735055923
0.33083683252334595,	0.07938388735055923
0.33039945363998413,	0.08056872338056564
0.32998135685920715,	0.08293838798999786
0.32958218455314636,	0.08649288862943649
0.3291994631290436,	0.09123222529888153
0.3288329839706421,	0.09360189735889435
0.32848092913627625,	0.09360189735889435
0.3281424641609192,	0.09360189735889435
0.3278161287307739,	0.09478673338890076
0.327502578496933,	0.0995260700583458
0.32719936966896057,	0.10308057069778442
0.3269062340259552,	0.10781990736722946
0.3266243040561676,	0.1125592440366745
0.32635024189949036,	0.11729858070611954
0.32608526945114136,	0.11729858070611954
0.3258281350135803,	0.11848340928554535
0.32557782530784607,	0.11966824531555176
0.32533544301986694,	0.12203791737556458
0.3250991404056549,	0.1244075819849968
0.32486969232559204,	0.1255924105644226
0.3246453106403351,	0.12796208262443542
0.3244275450706482,	0.12796208262443542
0.32421496510505676,	0.12914691865444183
0.32400670647621155,	0.13151659071445465
0.3238038420677185,	0.13270142674446106
0.3236052989959717,	0.1386255919933319
0.3234115540981293,	0.14336493611335754
0.32322150468826294,	0.14691942930221558
0.3230348825454712,	0.15284359455108643
0.32285287976264954,	0.15402843058109283
0.3226741552352905,	0.15521326661109924
0.32249879837036133,	0.15758293867111206
0.3223266303539276,	0.15876777470111847
0.32215824723243713,	0.15876777470111847
0.3219914734363556,	0.15876777470111847
0.3218286633491516,	0.1611374467611313
0.32166850566864014,	0.16587677597999573
0.32151052355766296,	0.16943128407001495
0.32135599851608276,	0.16943128407001495
0.3212038278579712,	0.17061612010002136
0.32105332612991333,	0.1753554493188858
0.3209056556224823,	0.17772512137889862
0.32075974345207214,	0.18009479343891144
0.3206165134906769,	0.18246445059776306
0.3204747140407562,	0.18483412265777588
0.32033538818359375,	0.1860189586877823
0.32019808888435364,	0.19312795996665955
0.3200632631778717,	0.19668246805667877
0.31992918252944946,	0.2002369612455368
0.3197973370552063,	0.2002369612455368
0.31966692209243774,	0.20379146933555603
0.3195386230945587,	0.20497630536556244
0.3194114565849304,	0.2109004706144333
0.3192863464355469,	0.2120853066444397
0.3191627860069275,	0.2120853066444397
0.319040447473526,	0.21563981473445892
0.3189195990562439,	0.22037914395332336
0.31880053877830505,	0.22156397998332977
0.31868231296539307,	0.22274881601333618
0.3185659945011139,	0.225118488073349
0.3184502422809601,	0.225118488073349
0.318336546421051,	0.225118488073349
0.31822362542152405,	0.22748814523220062
0.31811216473579407,	0.22867298126220703
0.31800198554992676,	0.23104265332221985
0.3178928792476654,	0.23104265332221985
0.3177851438522339,	0.23341232538223267
0.3176777958869934,	0.23933649063110352
0.31757256388664246,	0.24170616269111633
0.3174680769443512,	0.24407583475112915
0.31736433506011963,	0.24763032793998718
0.3172617554664612,	0.2488151639699936
0.3171600103378296,	0.25
0.31705957651138306,	0.2511848211288452
0.3169604241847992,	0.25473934412002563
0.3168613016605377,	0.25592416524887085
0.31676408648490906,	0.25710901618003845
0.31666719913482666,	0.2618483304977417
0.31657126545906067,	0.2630331814289093
0.31647664308547974,	0.2630331814289093
0.31638261675834656,	0.26777252554893494
0.31628942489624023,	0.26895734667778015
0.3161969482898712,	0.27014216780662537
0.31610536575317383,	0.27132701873779297
0.31601494550704956,	0.2725118398666382
0.3159247636795044,	0.2736966907978058
0.315835565328598,	0.274881511926651
0.31574738025665283,	0.2760663628578186
0.315659761428833,	0.2760663628578186
0.3155728280544281,	0.2772511839866638
0.31548672914505005,	0.2772511839866638
0.31540149450302124,	0.2772511839866638
0.3153166174888611,	0.27843600511550903
0.3152330815792084,	0.28199052810668945
0.3151495158672333,	0.28436020016670227
0.31506720185279846,	0.28436020016670227
0.3149855136871338,	0.28436020016670227
0.31490427255630493,	0.28436020016670227
0.3148238956928253,	0.2855450212955475
0.31474366784095764,	0.2867298722267151
0.3146645724773407,	0.2879146933555603
0.3145861327648163,	0.2879146933555603
0.31450748443603516,	0.2879146933555603
0.3144300878047943,	0.2890995144844055
0.31435370445251465,	0.2890995144844055
0.31427744030952454,	0.2890995144844055
0.3142017424106598,	0.2890995144844055
0.31412646174430847,	0.2890995144844055
0.31405216455459595,	0.29146918654441833
0.3139784038066864,	0.29146918654441833
0.3139050602912903,	0.29146918654441833
0.31383216381073,	0.29146918654441833
0.3137599229812622,	0.29146918654441833
0.3136884272098541,	0.29146918654441833
0.31361624598503113,	0.29265403747558594
0.31354594230651855,	0.29265403747558594
0.3134761452674866,	0.29383885860443115
0.31340622901916504,	0.29383885860443115
0.3133368194103241,	0.29502370953559875
0.31326824426651,	0.29502370953559875
0.31320011615753174,	0.29502370953559875
0.31313201785087585,	0.29502370953559875
0.31306496262550354,	0.29502370953559875
0.3129982054233551,	0.29620853066444397
0.31293201446533203,	0.29620853066444397
0.312866747379303,	0.29620853066444397
0.3128006160259247,	0.29620853066444397
0.31273600459098816,	0.29620853066444397
0.31267160177230835,	0.29620853066444397
0.31260746717453003,	0.29620853066444397
0.3125436007976532,	0.29620853066444397
0.31248053908348083,	0.29620853066444397
0.31241777539253235,	0.29620853066444397
0.31235575675964355,	0.29620853066444397
0.3122934401035309,	0.2973933517932892
0.31223177909851074,	0.2985782027244568
0.31217092275619507,	0.2985782027244568
0.3121100962162018,	0.2985782027244568
0.31204962730407715,	0.2985782027244568
0.3119899332523346,	0.2985782027244568
0.311930775642395,	0.2985782027244568
0.3118712902069092,	0.2985782027244568
0.3118126392364502,	0.2985782027244568
0.3117538094520569,	0.2985782027244568
0.31169593334198,	0.299763023853302
0.3116382360458374,	0.299763023853302
0.3115813136100769,	0.299763023853302
0.3115244507789612,	0.299763023853302
0.31146785616874695,	0.299763023853302
0.31141147017478943,	0.299763023853302
0.311355859041214,	0.299763023853302
0.3113003373146057,	0.299763023853302
0.31124502420425415,	0.299763023853302
0.3111902177333832,	0.299763023853302
0.3111359179019928,	0.299763023853302
0.3110816180706024,	0.299763023853302
0.3110274076461792,	0.299763023853302
0.3109743595123291,	0.3009478747844696
0.3109210431575775,	0.3009478747844696
0.31086796522140503,	0.3033175468444824
0.3108154237270355,	0.3033175468444824
0.3107629418373108,	0.3033175468444824
0.31071147322654724,	0.3033175468444824
0.31065982580184937,	0.3033175468444824
0.3106085956096649,	0.3033175468444824
0.31055763363838196,	0.3033175468444824
0.3105069398880005,	0.30687204003334045
0.31045663356781006,	0.30687204003334045
0.310405969619751,	0.30805686116218567
0.31035640835762024,	0.30805686116218567
0.3103067874908447,	0.30805686116218567
0.31025806069374084,	0.30805686116218567
0.3102087676525116,	0.30805686116218567
0.310159832239151,	0.30805686116218567
0.310111403465271,	0.30805686116218567
0.31006306409835815,	0.30805686116218567
0.31001588702201843,	0.30805686116218567
0.30996832251548767,	0.30805686116218567
0.30992060899734497,	0.30805686116218567
0.30987349152565,	0.30805686116218567
0.30982640385627747,	0.30805686116218567
0.30977997183799744,	0.30805686116218567
0.30973315238952637,	0.30805686116218567
0.3096877634525299,	0.30805686116218567
0.30964168906211853,	0.30805686116218567
0.3095967769622803,	0.30805686116218567
0.3095513880252838,	0.30805686116218567
0.30950644612312317,	0.30805686116218567
0.3094616234302521,	0.30805686116218567
0.30941662192344666,	0.30805686116218567
0.30937227606773376,	0.30805686116218567
0.3093284070491791,	0.30924171209335327
0.3092840015888214,	0.30924171209335327
0.30924123525619507,	0.30924171209335327
0.3091979920864105,	0.30924171209335327
0.3091544210910797,	0.30924171209335327
0.30911126732826233,	0.30924171209335327
0.3090687394142151,	0.30924171209335327
0.3090263903141022,	0.30924171209335327
0.3089839220046997,	0.30924171209335327
0.3089416027069092,	0.30924171209335327
0.3089000880718231,	0.30924171209335327
0.3088584840297699,	0.30924171209335327
0.3088170886039734,	0.30924171209335327
0.3087754547595978,	0.30924171209335327
0.3087349236011505,	0.30924171209335327
0.30869489908218384,	0.30924171209335327
0.308654248714447,	0.30924171209335327
0.30861347913742065,	0.30924171209335327
0.30857354402542114,	0.30924171209335327
0.3085332214832306,	0.30924171209335327
0.30849316716194153,	0.30924171209335327
0.3084540367126465,	0.3116113841533661
0.3084147572517395,	0.3116113841533661
0.30837541818618774,	0.3116113841533661
0.3083367943763733,	0.3116113841533661
0.308297723531723,	0.3116113841533661
0.30825909972190857,	0.3116113841533661
0.30822089314460754,	0.3116113841533661
0.3081825375556946,	0.3116113841533661
0.3081448972225189,	0.3116113841533661
0.30810675024986267,	0.3116113841533661
0.3080691993236542,	0.3116113841533661
0.30803191661834717,	0.3116113841533661
0.3079940974712372,	0.3116113841533661
0.3079574406147003,	0.3116113841533661
0.3079204559326172,	0.3127962052822113
0.307883620262146,	0.3127962052822113
0.30784711241722107,	0.3127962052822113
0.30781105160713196,	0.3127962052822113
0.3077746629714966,	0.3127962052822113
0.30773842334747314,	0.3127962052822113
0.30770251154899597,	0.3127962052822113
0.30766698718070984,	0.3127962052822113
0.30763116478919983,	0.3127962052822113
0.3075958490371704,	0.3127962052822113
0.30756035447120667,	0.3127962052822113
0.3075254559516907,	0.3139810562133789
0.30749017000198364,	0.3139810562133789
0.307455837726593,	0.3139810562133789
0.3074208199977875,	0.3139810562133789
0.3073865473270416,	0.3139810562133789
0.3073522448539734,	0.3139810562133789
0.3073180615901947,	0.3139810562133789
0.30728426575660706,	0.3139810562133789
0.3072502613067627,	0.3139810562133789
0.3072170317173004,	0.3139810562133789
0.30718353390693665,	0.3139810562133789
0.30715006589889526,	0.3139810562133789
0.30711692571640015,	0.3139810562133789
0.30708298087120056,	0.3139810562133789
0.30705058574676514,	0.3139810562133789
0.3070180118083954,	0.3139810562133789
0.3069852292537689,	0.3139810562133789
0.30695292353630066,	0.3139810562133789
0.3069203197956085,	0.3139810562133789
0.3068884611129761,	0.3139810562133789
0.3068557381629944,	0.3139810562133789
0.3068241477012634,	0.3139810562133789
0.3067921996116638,	0.3139810562133789
0.30676084756851196,	0.3139810562133789
0.30672910809516907,	0.3139810562133789
0.306697815656662,	0.3139810562133789
0.3066662549972534,	0.3139810562133789
0.30663537979125977,	0.3139810562133789
0.30660420656204224,	0.3139810562133789
0.3065732419490814,	0.3139810562133789
0.3065425157546997,	0.3139810562133789
0.3065119683742523,	0.3139810562133789
0.3064810037612915,	0.3139810562133789
0.30645084381103516,	0.3139810562133789
0.3064204752445221,	0.3139810562133789
0.3063904941082001,	0.3139810562133789
0.3063606917858124,	0.3139810562133789
0.3063303530216217,	0.3139810562133789
0.30630049109458923,	0.3139810562133789
0.3062709867954254,	0.3139810562133789
0.3062417805194855,	0.3139810562133789
0.3062121570110321,	0.3139810562133789
0.3061825633049011,	0.3139810562133789
0.306153804063797,	0.3139810562133789
0.3061246871948242,	0.3139810562133789
0.30609560012817383,	0.3139810562133789
0.3060666620731354,	0.3139810562133789
0.3060378134250641,	0.3139810562133789
0.30600959062576294,	0.3139810562133789
0.30598118901252747,	0.3139810562133789
0.305952787399292,	0.3139810562133789
0.3059241771697998,	0.3139810562133789
0.3058965504169464,	0.3139810562133789
0.3058682084083557,	0.3151658773422241
0.3058401644229889,	0.3151658773422241
0.3058125674724579,	0.3151658773422241
0.3057843744754791,	0.3151658773422241
0.30575644969940186,	0.3151658773422241
0.3057294487953186,	0.3151658773422241
0.3057018518447876,	0.3151658773422241
0.3056749999523163,	0.3151658773422241
0.30564776062965393,	0.3151658773422241
0.30562034249305725,	0.3151658773422241
0.30559325218200684,	0.3151658773422241
0.30556634068489075,	0.3151658773422241
0.30553939938545227,	0.3151658773422241
0.30551302433013916,	0.3151658773422241
0.3054863512516022,	0.3151658773422241
0.305459588766098,	0.3151658773422241
0.30543336272239685,	0.3151658773422241
0.30540692806243896,	0.3151658773422241
0.3053809106349945,	0.3151658773422241
0.30535516142845154,	0.3151658773422241
0.3053290545940399,	0.3151658773422241
0.30530282855033875,	0.3151658773422241
0.305277019739151,	0.3151658773422241
0.3052516281604767,	0.3151658773422241
0.3052257299423218,	0.3151658773422241
0.3052000403404236,	0.31635069847106934
0.30517441034317017,	0.31635069847106934
0.3051493167877197,	0.31753554940223694
0.30512410402297974,	0.31753554940223694
0.30509915947914124,	0.31753554940223694
0.30507397651672363,	0.31753554940223694
0.3050486147403717,	0.31753554940223694
0.3050236403942108,	0.31753554940223694
0.30499914288520813,	0.31753554940223694
0.3049740195274353,	0.31753554940223694
0.3049491047859192,	0.31753554940223694
0.30492475628852844,	0.31753554940223694
0.30489975214004517,	0.31753554940223694
0.3048751950263977,	0.31753554940223694
0.30485084652900696,	0.31753554940223694
0.3048269748687744,	0.31635069847106934
0.30480286478996277,	0.31635069847106934
0.3047788441181183,	0.31635069847106934
0.30475470423698425,	0.31753554940223694
0.30473023653030396,	0.31753554940223694
0.3047069013118744,	0.31753554940223694
0.3046829104423523,	0.31753554940223694
0.30465972423553467,	0.31753554940223694
0.3046356737613678,	0.31753554940223694
0.3046122193336487,	0.31753554940223694
0.3045888841152191,	0.31753554940223694
0.3045656085014343,	0.31753554940223694
0.30454233288764954,	0.31753554940223694
0.30451852083206177,	0.31753554940223694
0.3044954240322113,	0.31753554940223694
0.3044722378253937,	0.31753554940223694
0.30444955825805664,	0.31753554940223694
0.3044268786907196,	0.31753554940223694
0.30440354347229004,	0.31753554940223694
0.304381400346756,	0.31872037053108215
0.30435892939567566,	0.31872037053108215
0.30433622002601624,	0.31872037053108215
0.30431321263313293,	0.31872037053108215
0.3042909502983093,	0.31872037053108215
0.30426841974258423,	0.31990522146224976
0.30424585938453674,	0.31990522146224976
0.3042237162590027,	0.31990522146224976
0.30420151352882385,	0.31990522146224976
0.30417951941490173,	0.31990522146224976
0.30415719747543335,	0.31990522146224976
0.30413517355918884,	0.31990522146224976
0.30411335825920105,	0.31990522146224976
0.3040909469127655,	0.31990522146224976
0.30406931042671204,	0.32109004259109497
0.30404728651046753,	0.32109004259109497
0.30402567982673645,	0.32109004259109497
0.30400440096855164,	0.32109004259109497
0.3039824068546295,	0.32109004259109497
0.30396103858947754,	0.32109004259109497
0.30393943190574646,	0.32109004259109497
0.3039185702800751,	0.32109004259109497
0.30389663577079773,	0.3222748935222626
0.30387553572654724,	0.3222748935222626
0.3038546144962311,	0.3222748935222626
0.3038337528705597,	0.3222748935222626
0.3038126528263092,	0.3222748935222626
0.3037915527820587,	0.3222748935222626
0.3037708103656769,	0.3222748935222626
0.3037499785423279,	0.3222748935222626
0.3037289083003998,	0.3234597146511078
0.3037082552909851,	0.3234597146511078
0.30368733406066895,	0.324644535779953
0.3036665618419647,	0.324644535779953
0.30364638566970825,	0.324644535779953
0.3036257028579712,	0.324644535779953
0.30360540747642517,	0.324644535779953
0.3035849630832672,	0.324644535779953
0.3035646975040436,	0.324644535779953
0.3035447299480438,	0.324644535779953
0.30352431535720825,	0.324644535779953
0.3035038411617279,	0.324644535779953
0.30348414182662964,	0.324644535779953
0.30346372723579407,	0.324644535779953
0.3034438490867615,	0.324644535779953
0.30342409014701843,	0.324644535779953
0.3034041225910187,	0.3258293867111206
0.30338430404663086,	0.3258293867111206
0.3033643066883087,	0.3258293867111206
0.30334436893463135,	0.3258293867111206
0.30332472920417786,	0.3258293867111206
0.303305447101593,	0.3258293867111206
0.3032858669757843,	0.3258293867111206
0.3032661974430084,	0.3258293867111206
0.3032471239566803,	0.3270142078399658
0.3032274842262268,	0.3270142078399658
0.30320867896080017,	0.3270142078399658
0.30318909883499146,	0.3270142078399658
0.30317026376724243,	0.3270142078399658
0.3031505048274994,	0.3270142078399658
0.30313172936439514,	0.3270142078399658
0.3031124770641327,	0.3270142078399658
0.30309340357780457,	0.32938387989997864
0.30307450890541077,	0.32938387989997864
0.3030553162097931,	0.32938387989997864
0.30303633213043213,	0.32938387989997864
0.3030179440975189,	0.32938387989997864
0.3029991090297699,	0.33056873083114624
0.3029801547527313,	0.33056873083114624
0.30296123027801514,	0.33056873083114624
0.3029427230358124,	0.33056873083114624
0.30292466282844543,	0.33056873083114624
0.30290597677230835,	0.33175355195999146
0.3028869926929474,	0.33175355195999146
0.3028690814971924,	0.33175355195999146
0.3028504252433777,	0.33175355195999146
0.3028320074081421,	0.33175355195999146
0.3028135299682617,	0.33175355195999146
0.3027953803539276,	0.33175355195999146
0.3027772307395935,	0.33175355195999146
0.30275893211364746,	0.33175355195999146
0.30274108052253723,	0.33293840289115906
0.30272263288497925,	0.3341232240200043
0.30270475149154663,	0.3341232240200043
0.3026866912841797,	0.3341232240200043
0.30266880989074707,	0.3353080451488495
0.30265089869499207,	0.3353080451488495
0.30263304710388184,	0.3353080451488495
0.3026151955127716,	0.3353080451488495
0.30259770154953003,	0.3353080451488495
0.30257952213287354,	0.3364928960800171
0.3025619685649872,	0.3364928960800171
0.3025445342063904,	0.3388625681400299
0.30252698063850403,	0.3388625681400299
0.3025090992450714,	0.3388625681400299
0.3024914264678955,	0.3388625681400299
0.30247417092323303,	0.3388625681400299
0.3024566173553467,	0.3388625681400299
0.3024391531944275,	0.3388625681400299
0.3024214506149292,	0.3388625681400299
0.3024044632911682,	0.3388625681400299
0.3023868501186371,	0.3388625681400299
0.30237019062042236,	0.3388625681400299
0.3023528754711151,	0.3388625681400299
0.3023356795310974,	0.3388625681400299
0.30231866240501404,	0.3388625681400299
0.30230164527893066,	0.3400473892688751
0.30228427052497864,	0.3400473892688751
0.30226725339889526,	0.3400473892688751
0.3022501468658447,	0.3400473892688751
0.3022332489490509,	0.3400473892688751
0.302216500043869,	0.3400473892688751
0.3021996319293976,	0.3400473892688751
0.30218297243118286,	0.3400473892688751
0.30216649174690247,	0.3400473892688751
0.30214923620224,	0.3400473892688751
0.30213314294815063,	0.3400473892688751
0.30211588740348816,	0.3400473892688751
0.3020994961261749,	0.3400473892688751
0.3020830452442169,	0.3412322402000427
0.302066445350647,	0.3412322402000427
0.3020499348640442,	0.3412322402000427
0.3020332455635071,	0.3412322402000427
0.3020169138908386,	0.3412322402000427
0.3020004332065582,	0.3412322402000427
0.3019840121269226,	0.3412322402000427
0.301967978477478,	0.3412322402000427
0.30195167660713196,	0.34241706132888794
0.301935613155365,	0.34241706132888794
0.3019194006919861,	0.34241706132888794
0.30190277099609375,	0.34241706132888794
0.30188697576522827,	0.34360188245773315
0.3018709123134613,	0.34360188245773315
0.30185478925704956,	0.34360188245773315
0.30183911323547363,	0.34360188245773315
0.30182263255119324,	0.34360188245773315
0.30180683732032776,	0.34360188245773315
0.3017907440662384,	0.34360188245773315
0.30177515745162964,	0.34360188245773315
0.301759272813797,	0.34360188245773315
0.3017435073852539,	0.34360188245773315
0.3017275631427765,	0.34360188245773315
0.3017117381095886,	0.34360188245773315
0.3016960620880127,	0.34478673338890076
0.30168041586875916,	0.34478673338890076
0.3016645908355713,	0.34478673338890076
0.3016490638256073,	0.34478673338890076
0.30163365602493286,	0.34478673338890076
0.30161789059638977,	0.34478673338890076
0.3016021251678467,	0.34478673338890076
0.3015866279602051,	0.34478673338890076
0.30157122015953064,	0.34597155451774597
0.3015557527542114,	0.34597155451774597
0.3015403747558594,	0.3471564054489136
0.30152490735054016,	0.3471564054489136
0.301509827375412,	0.3471564054489136
0.3014943301677704,	0.3471564054489136
0.3014792799949646,	0.3471564054489136
0.3014638125896454,	0.3471564054489136
0.3014484643936157,	0.3471564054489136
0.30143362283706665,	0.3471564054489136
0.3014183044433594,	0.3471564054489136
0.3014032244682312,	0.3483412265777588
0.3013879060745239,	0.3495260775089264
0.301372766494751,	0.3495260775089264
0.30135759711265564,	0.3495260775089264
0.3013432025909424,	0.3483412265777588
0.30132806301116943,	0.3483412265777588
0.301313191652298,	0.3483412265777588
0.3012978732585907,	0.3483412265777588
0.3012827932834625,	0.3483412265777588
0.30126798152923584,	0.3483412265777588
0.30125313997268677,	0.3483412265777588
0.3012382388114929,	0.3483412265777588
0.30122387409210205,	0.3483412265777588
0.30120849609375,	0.3483412265777588
0.30119389295578003,	0.3483412265777588
0.3011792004108429,	0.3495260775089264
0.3011647164821625,	0.3495260775089264
0.30115002393722534,	0.3495260775089264
0.30113518238067627,	0.3495260775089264
0.3011210560798645,	0.3495260775089264
0.30110645294189453,	0.3495260775089264
0.30109158158302307,	0.3495260775089264
0.3010772466659546,	0.3495260775089264
0.3010624051094055,	0.3495260775089264
0.3010483682155609,	0.3495260775089264
0.30103421211242676,	0.3495260775089264
0.3010200560092926,	0.3495260775089264
0.30100521445274353,	0.3495260775089264
0.30099090933799744,	0.3495260775089264
0.300976425409317,	0.3495260775089264
0.3009621202945709,	0.3495260775089264
0.3009479343891144,	0.3495260775089264
0.3009336590766907,	0.3495260775089264
0.3009195923805237,	0.3495260775089264
0.3009054660797119,	0.3495260775089264
0.3008915185928345,	0.3495260775089264
0.30087706446647644,	0.3495260775089264
0.300863116979599,	0.3507108986377716
0.30084869265556335,	0.3518957197666168
0.3008347153663635,	0.3518957197666168
0.3008207678794861,	0.3518957197666168
0.3008069097995758,	0.3518957197666168
0.3007931411266327,	0.3518957197666168
0.30077898502349854,	0.3518957197666168
0.30076485872268677,	0.3518957197666168
0.30075106024742126,	0.3518957197666168
0.30073708295822144,	0.3518957197666168
0.30072304606437683,	0.3518957197666168
0.3007092773914337,	0.3518957197666168
0.30069541931152344,	0.3518957197666168
0.3006817102432251,	0.3518957197666168
0.300667941570282,	0.3518957197666168
0.3006538450717926,	0.3518957197666168
0.30064019560813904,	0.3518957197666168
0.3006267845630646,	0.3518957197666168
0.3006131947040558,	0.3518957197666168
0.30059945583343506,	0.3518957197666168
0.30058589577674866,	0.3518957197666168
0.3005726933479309,	0.3518957197666168
0.30055901408195496,	0.3518957197666168
0.30054524540901184,	0.3518957197666168
0.3005317151546478,	0.3518957197666168
0.30051833391189575,	0.3518957197666168
0.30050453543663025,	0.3518957197666168
0.3004911243915558,	0.3518957197666168
0.3004778027534485,	0.3518957197666168
0.3004647493362427,	0.3518957197666168
0.3004511892795563,	0.3518957197666168
0.30043748021125793,	0.3518957197666168
0.3004245162010193,	0.3518957197666168
0.3004112243652344,	0.3518957197666168
0.3003976345062256,	0.3518957197666168
0.30038487911224365,	0.3518957197666168
0.30037128925323486,	0.3518957197666168
0.30035796761512756,	0.3518957197666168
0.3003446161746979,	0.3518957197666168
0.3003314137458801,	0.3518957197666168
0.30031833052635193,	0.3518957197666168
0.3003055453300476,	0.3518957197666168
0.30029240250587463,	0.3518957197666168
0.3002791106700897,	0.3518957197666168
0.3002661466598511,	0.3518957197666168
0.3002532124519348,	0.3518957197666168
0.3002395033836365,	0.3518957197666168
0.30022647976875305,	0.3518957197666168
0.30021408200263977,	0.3518957197666168
0.30020105838775635,	0.3530805706977844
0.3001878261566162,	0.3530805706977844
0.3001750707626343,	0.3530805706977844
0.3001618981361389,	0.3530805706977844
0.30014893412590027,	0.3530805706977844
0.3001367449760437,	0.35426539182662964
0.3001236319541931,	0.35426539182662964
0.30011051893234253,	0.35545024275779724
0.3000977635383606,	0.35545024275779724
0.30008506774902344,	0.35545024275779724
0.30007225275039673,	0.35545024275779724
0.3000597357749939,	0.35545024275779724
0.30004647374153137,	0.35545024275779724
0.3000335991382599,	0.35545024275779724
0.30002111196517944,	0.35545024275779724
0.30000826716423035,	0.35545024275779724
0.29999616742134094,	0.35545024275779724
0.2999836802482605,	0.35545024275779724
0.2999708354473114,	0.35545024275779724
0.29995834827423096,	0.35545024275779724
0.2999456524848938,	0.35663506388664246
0.29993316531181335,	0.35663506388664246
0.29992055892944336,	0.35663506388664246
0.2999081611633301,	0.35663506388664246
0.2998955547809601,	0.35663506388664246
0.29988300800323486,	0.35663506388664246
0.29987072944641113,	0.35663506388664246
0.29985830187797546,	0.35663506388664246
0.2998461127281189,	0.35663506388664246
0.29983359575271606,	0.35663506388664246
0.2998211979866028,	0.35663506388664246
0.29980891942977905,	0.35663506388664246
0.29979661107063293,	0.35781991481781006
0.29978418350219727,	0.35781991481781006
0.2997719645500183,	0.3590047359466553
0.2997594475746155,	0.3590047359466553
0.29974767565727234,	0.3601895868778229
0.2997352182865143,	0.3601895868778229
0.2997230291366577,	0.3601895868778229
0.299710750579834,	0.3601895868778229
0.29969850182533264,	0.3601895868778229
0.2996862828731537,	0.3601895868778229
0.2996741235256195,	0.3601895868778229
0.2996620237827301,	0.3601895868778229
0.29964977502822876,	0.3613744080066681
0.29963746666908264,	0.3613744080066681
0.29962554574012756,	0.3613744080066681
0.2996138632297516,	0.3613744080066681
0.29960164427757263,	0.3613744080066681
0.2995894253253937,	0.3613744080066681
0.2995772957801819,	0.3613744080066681
0.29956525564193726,	0.3613744080066681
0.29955363273620605,	0.3625592291355133
0.29954174160957336,	0.3625592291355133
0.29952993988990784,	0.3625592291355133
0.29951798915863037,	0.3625592291355133
0.299506276845932,	0.3625592291355133
0.2994939386844635,	0.3625592291355133
0.2994820177555084,	0.3625592291355133
0.29947006702423096,	0.3625592291355133
0.29945844411849976,	0.3625592291355133
0.29944664239883423,	0.3625592291355133
0.29943498969078064,	0.3625592291355133
0.29942283034324646,	0.3625592291355133
0.2994110882282257,	0.3625592291355133
0.2993997633457184,	0.3625592291355133
0.29938825964927673,	0.3625592291355133
0.29937636852264404,	0.3625592291355133
0.29936453700065613,	0.3625592291355133
0.2993527054786682,	0.3637440800666809
0.2993410527706146,	0.3649289011955261
0.2993294298648834,	0.3649289011955261
0.2993178963661194,	0.3649289011955261
0.29930630326271057,	0.3649289011955261
0.2992941737174988,	0.3661137521266937
0.2992825508117676,	0.3661137521266937
0.299270898103714,	0.3661137521266937
0.2992594540119171,	0.3661137521266937
0.29924818873405457,	0.3661137521266937
0.29923662543296814,	0.36729857325553894
0.29922518134117126,	0.36729857325553894
0.2992134094238281,	0.36729857325553894
0.299202024936676,	0.36729857325553894
0.29919058084487915,	0.36729857325553894
0.2991791069507599,	0.36729857325553894
0.2991679012775421,	0.36729857325553894
0.2991563379764557,	0.36729857325553894
0.29914504289627075,	0.36729857325553894
0.2991334795951843,	0.36848342418670654
0.2991219758987427,	0.36848342418670654
0.2991107702255249,	0.36848342418670654
0.29909923672676086,	0.36848342418670654
0.29908815026283264,	0.36848342418670654
0.29907676577568054,	0.36848342418670654
0.29906556010246277,	0.36848342418670654
0.2990541458129883,	0.36848342418670654
0.29904311895370483,	0.36848342418670654
0.2990318834781647,	0.36848342418670654
0.29902052879333496,	0.36848342418670654
0.2990094721317291,	0.36848342418670654
0.298998087644577,	0.36966824531555176
0.2989870607852936,	0.36966824531555176
0.29897627234458923,	0.36966824531555176
0.2989650368690491,	0.36966824531555176
0.29895344376564026,	0.36966824531555176
0.2989422082901001,	0.36966824531555176
0.2989313304424286,	0.36966824531555176
0.2989198863506317,	0.36966824531555176
0.2989088296890259,	0.36966824531555176
0.2988978326320648,	0.36966824531555176
0.2988869845867157,	0.36966824531555176
0.298876017332077,	0.36966824531555176
0.29886487126350403,	0.36966824531555176
0.2988542318344116,	0.36966824531555176
0.29884323477745056,	0.36966824531555176
0.2988322079181671,	0.36966824531555176
0.2988213300704956,	0.36966824531555176
0.2988101840019226,	0.36966824531555176
0.29879915714263916,	0.36966824531555176
0.2987884283065796,	0.36966824531555176
0.29877716302871704,	0.370853066444397
0.29876622557640076,	0.370853066444397
0.2987556457519531,	0.370853066444397
0.29874467849731445,	0.3720379173755646
0.2987338602542877,	0.3720379173755646
0.2987230718135834,	0.3720379173755646
0.29871219396591187,	0.3720379173755646
0.2987014651298523,	0.3720379173755646
0.2986907362937927,	0.3720379173755646
0.2986797094345093,	0.3720379173755646
0.2986689805984497,	0.3720379173755646
0.2986583411693573,	0.3720379173755646
0.298647940158844,	0.3720379173755646
0.2986370921134949,	0.3720379173755646
0.29862654209136963,	0.3720379173755646
0.29861554503440857,	0.3720379173755646
0.29860466718673706,	0.3720379173755646
0.2985938787460327,	0.3720379173755646
0.29858332872390747,	0.3720379173755646
0.298572301864624,	0.3732227385044098
0.29856207966804504,	0.3732227385044098
0.29855164885520935,	0.3744075894355774
0.29854071140289307,	0.3744075894355774
0.29853031039237976,	0.3744075894355774
0.29851990938186646,	0.3755924105644226
0.2985094487667084,	0.3755924105644226
0.2984990179538727,	0.3755924105644226
0.2984882891178131,	0.3755924105644226
0.2984777092933655,	0.3755924105644226
0.2984672486782074,	0.3755924105644226
0.2984565198421478,	0.3755924105644226
0.2984462082386017,	0.3755924105644226
0.2984352707862854,	0.3755924105644226
0.2984250783920288,	0.3755924105644226
0.29841455817222595,	0.3755924105644226
0.298404335975647,	0.3755924105644226
0.2983939051628113,	0.3755924105644226
0.29838326573371887,	0.3755924105644226
0.2983730733394623,	0.3755924105644226
0.29836297035217285,	0.3755924105644226
0.2983526587486267,	0.3755924105644226
0.29834190011024475,	0.3767772614955902
0.2983315885066986,	0.3767772614955902
0.2983209788799286,	0.3767772614955902
0.29831069707870483,	0.3779620826244354
0.2983008921146393,	0.3779620826244354
0.2982901632785797,	0.3779620826244354
0.2982802391052246,	0.3779620826244354
0.2982696294784546,	0.3779620826244354
0.2982599139213562,	0.3779620826244354
0.2982495427131653,	0.3779620826244354
0.298239141702652,	0.3779620826244354
0.2982288599014282,	0.3779620826244354
0.2982190251350403,	0.3779620826244354
0.29820865392684937,	0.3779620826244354
0.29819852113723755,	0.3779620826244354
0.2981880009174347,	0.3779620826244354
0.2981780171394348,	0.3779620826244354
0.29816755652427673,	0.3779620826244354
0.29815757274627686,	0.3779620826244354
0.2981472313404083,	0.3779620826244354
0.2981373965740204,	0.379146933555603
0.29812708497047424,	0.379146933555603
0.2981172204017639,	0.379146933555603
0.2981068193912506,	0.379146933555603
0.29809677600860596,	0.379146933555603
0.2980867326259613,	0.38151657581329346
0.29807665944099426,	0.38151657581329346
0.2980665862560272,	0.38151657581329346
0.2980569303035736,	0.38151657581329346
0.2980472147464752,	0.38270142674446106
0.29803723096847534,	0.38270142674446106
0.2980267107486725,	0.38270142674446106
0.2980169951915741,	0.38270142674446106
0.29800719022750854,	0.38270142674446106
0.29799699783325195,	0.38270142674446106
0.2979864478111267,	0.3838862478733063
0.2979769706726074,	0.3838862478733063
0.2979670763015747,	0.3838862478733063
0.29795756936073303,	0.3838862478733063
0.2979472875595093,	0.3838862478733063
0.2979373037815094,	0.3838862478733063
0.2979273498058319,	0.3838862478733063
0.297917902469635,	0.3838862478733063
0.29790809750556946,	0.3838862478733063
0.29789838194847107,	0.3838862478733063
0.29788821935653687,	0.3838862478733063
0.29787880182266235,	0.3838862478733063
0.29786866903305054,	0.3838862478733063
0.2978591024875641,	0.3838862478733063
0.2978490889072418,	0.3838862478733063
0.2978392541408539,	0.3838862478733063
0.29782941937446594,	0.3838862478733063
0.29781997203826904,	0.3838862478733063
0.29781022667884827,	0.3838862478733063
0.2978004515171051,	0.3838862478733063
0.2977907955646515,	0.3838862478733063
0.29778099060058594,	0.3838862478733063
0.2977713644504547,	0.3838862478733063
0.2977612018585205,	0.3838862478733063
0.2977519631385803,	0.3838862478733063
0.2977423071861267,	0.3838862478733063
0.2977321445941925,	0.3838862478733063
0.2977229058742523,	0.3838862478733063
0.2977128326892853,	0.3838862478733063
0.29770344495773315,	0.3838862478733063
0.29769405722618103,	0.3838862478733063
0.29768431186676025,	0.3838862478733063
0.2976747155189514,	0.3838862478733063
0.29766514897346497,	0.3838862478733063
0.2976558208465576,	0.3838862478733063
0.2976464629173279,	0.3838862478733063
0.2976367175579071,	0.3838862478733063
0.2976267635822296,	0.3838862478733063
0.29761746525764465,	0.3838862478733063
0.29760804772377014,	0.3838862478733063
0.29759883880615234,	0.3838862478733063
0.2975890636444092,	0.3838862478733063
0.2975795567035675,	0.3838862478733063
0.29757004976272583,	0.3838862478733063
0.29756078124046326,	0.3838862478733063
0.29755154252052307,	0.3838862478733063
0.2975422739982605,	0.3838862478733063
0.29753246903419495,	0.3850710988044739
0.2975229024887085,	0.3850710988044739
0.2975132465362549,	0.3850710988044739
0.297504186630249,	0.3850710988044739
0.29749438166618347,	0.3862559199333191
0.29748523235321045,	0.3862559199333191
0.29747623205184937,	0.3862559199333191
0.29746702313423157,	0.3862559199333191
0.29745739698410034,	0.3862559199333191
0.2974483370780945,	0.3862559199333191
0.29743847250938416,	0.3862559199333191
0.29742947220802307,	0.3862559199333191
0.2974199950695038,	0.3862559199333191
0.29741084575653076,	0.3862559199333191
0.29740166664123535,	0.3862559199333191
0.2973922789096832,	0.3862559199333191
0.29738274216651917,	0.3862559199333191
0.2973736822605133,	0.3862559199333191
0.29736417531967163,	0.3862559199333191
0.2973548471927643,	0.3862559199333191
0.29734572768211365,	0.3862559199333191
0.29733678698539734,	0.3874407708644867
0.29732745885849,	0.3874407708644867
0.29731813073158264,	0.3874407708644867
0.29730913043022156,	0.3874407708644867
0.29730015993118286,	0.3874407708644867
0.2972908020019531,	0.3874407708644867
0.29728201031684875,	0.3886255919933319
0.2972724735736847,	0.3886255919933319
0.29726335406303406,	0.3886255919933319
0.29725414514541626,	0.3886255919933319
0.297245055437088,	0.3886255919933319
0.2972358167171478,	0.3886255919933319
0.2972269058227539,	0.3886255919933319
0.2972177565097809,	0.3886255919933319
0.297208696603775,	0.3898104131221771
0.2971993684768677,	0.3898104131221771
0.2971900999546051,	0.3898104131221771
0.29718101024627686,	0.3898104131221771
0.2971723973751068,	0.3898104131221771
0.29716312885284424,	0.3898104131221771
0.2971540689468384,	0.3898104131221771
0.2971450984477997,	0.3898104131221771
0.2971361577510834,	0.3898104131221771
0.2971270978450775,	0.3898104131221771
0.29711785912513733,	0.3898104131221771
0.29710859060287476,	0.3898104131221771
0.2970997393131256,	0.3898104131221771
0.29709070920944214,	0.3898104131221771
0.29708239436149597,	0.3898104131221771
0.2970733940601349,	0.3898104131221771
0.2970641851425171,	0.3898104131221771
0.29705530405044556,	0.3898104131221771
0.297046422958374,	0.3898104131221771
0.29703769087791443,	0.3898104131221771
0.29702848196029663,	0.3898104131221771
0.29701995849609375,	0.3898104131221771
0.29701104760169983,	0.3898104131221771
0.29700198769569397,	0.3898104131221771
0.29699304699897766,	0.3898104131221771
0.2969844341278076,	0.3898104131221771
0.2969754934310913,	0.3898104131221771
0.2969660758972168,	0.3898104131221771
0.29695773124694824,	0.3898104131221771
0.2969488799571991,	0.3898104131221771
0.29693999886512756,	0.3898104131221771
0.29693126678466797,	0.3909952640533447
0.29692238569259644,	0.3909952640533447
0.2969135642051697,	0.39218008518218994
0.29690438508987427,	0.39218008518218994
0.2968956232070923,	0.39218008518218994
0.29688718914985657,	0.39218008518218994
0.296878457069397,	0.39218008518218994
0.2968693971633911,	0.39218008518218994
0.29686102271080017,	0.39218008518218994
0.2968522310256958,	0.39218008518218994
0.29684358835220337,	0.39218008518218994
0.29683464765548706,	0.39218008518218994
0.2968261241912842,	0.39218008518218994
0.2968175411224365,	0.39218008518218994
0.2968085706233978,	0.39218008518218994
0.29680007696151733,	0.39218008518218994
0.2967913746833801,	0.39218008518218994
0.29678282141685486,	0.39218008518218994
0.2967744767665863,	0.39218008518218994
0.29676562547683716,	0.39218008518218994
0.29675668478012085,	0.3909952640533447
0.29674825072288513,	0.3909952640533447
0.29673925042152405,	0.3909952640533447
0.2967308759689331,	0.3909952640533447
0.2967223525047302,	0.3909952640533447
0.2967134714126587,	0.3909952640533447
0.29670485854148865,	0.3909952640533447
0.29669633507728577,	0.3909952640533447
0.29668790102005005,	0.39218008518218994
0.29667922854423523,	0.39218008518218994
0.2966708242893219,	0.39218008518218994
0.2966621518135071,	0.39218008518218994
0.29665377736091614,	0.39218008518218994
0.2966453731060028,	0.39218008518218994
0.29663699865341187,	0.39218008518218994
0.29662853479385376,	0.39218008518218994
0.2966199517250061,	0.39218008518218994
0.2966112792491913,	0.39218008518218994
0.2966030538082123,	0.39218008518218994
0.29659417271614075,	0.39218008518218994
0.2965858578681946,	0.39218008518218994
0.296577513217926,	0.39218008518218994
0.29656901955604553,	0.39218008518218994
0.29656046628952026,	0.39218008518218994
0.2965521514415741,	0.39218008518218994
0.2965439260005951,	0.39218008518218994
0.2965352237224579,	0.39218008518218994
0.29652664065361023,	0.39218008518218994
0.2965182662010193,	0.39336493611335754
0.29650989174842834,	0.39336493611335754
0.2965015172958374,	0.39336493611335754
0.2964931130409241,	0.39336493611335754
0.29648491740226746,	0.39336493611335754
0.2964765429496765,	0.39336493611335754
0.296468049287796,	0.39336493611335754
0.2964593470096588,	0.39336493611335754
0.29645130038261414,	0.39336493611335754
0.2964429557323456,	0.39336493611335754
0.29643455147743225,	0.39336493611335754
0.29642611742019653,	0.39336493611335754
0.2964179515838623,	0.39336493611335754
0.2964096963405609,	0.39336493611335754
0.29640093445777893,	0.39336493611335754
0.29639291763305664,	0.39336493611335754
0.2963847815990448,	0.39336493611335754
0.2963765561580658,	0.39336493611335754
0.29636824131011963,	0.39336493611335754
0.29635974764823914,	0.39336493611335754
0.2963514029979706,	0.39336493611335754
0.2963435649871826,	0.39336493611335754
0.2963353097438812,	0.39336493611335754
0.29632702469825745,	0.39336493611335754
0.2963186800479889,	0.39336493611335754
0.2963107228279114,	0.39336493611335754
0.2963024079799652,	0.39336493611335754
0.29629403352737427,	0.39336493611335754
0.296286016702652,	0.39336493611335754
0.29627788066864014,	0.39336493611335754
0.2962695062160492,	0.39336493611335754
0.2962615191936493,	0.39336493611335754
0.29625311493873596,	0.39336493611335754
0.29624512791633606,	0.39336493611335754
0.2962370812892914,	0.39336493611335754
0.2962285876274109,	0.39336493611335754
0.2962203025817871,	0.39336493611335754
0.29621222615242004,	0.39336493611335754
0.29620450735092163,	0.39336493611335754
0.2961963713169098,	0.39336493611335754
0.29618826508522034,	0.39336493611335754
0.2961803376674652,	0.39218008518218994
0.29617229104042053,	0.39218008518218994
0.2961638867855072,	0.39218008518218994
0.296155720949173,	0.39218008518218994
0.29614800214767456,	0.39218008518218994
0.29613959789276123,	0.39218008518218994
0.2961314618587494,	0.39218008518218994
0.2961232364177704,	0.39218008518218994
0.29611530900001526,	0.39218008518218994
0.2961076498031616,	0.39218008518218994
0.29609933495521545,	0.39218008518218994
0.29609155654907227,	0.39218008518218994
0.2960832417011261,	0.39218008518218994
0.2960755228996277,	0.39218008518218994
0.2960675358772278,	0.39218008518218994
0.29605963826179504,	0.39218008518218994
0.29605159163475037,	0.39218008518218994
0.29604339599609375,	0.39218008518218994
0.2960357069969177,	0.39218008518218994
0.2960273325443268,	0.39218008518218994
0.29601943492889404,	0.39218008518218994
0.29601165652275085,	0.39218008518218994
0.2960037291049957,	0.39218008518218994
0.29599541425704956,	0.39218008518218994
0.29598772525787354,	0.39218008518218994
0.2959798276424408,	0.39218008518218994
0.29597190022468567,	0.39218008518218994
0.29596441984176636,	0.39218008518218994
0.2959563434123993,	0.39218008518218994
0.29594871401786804,	0.39218008518218994
0.2959406077861786,	0.39218008518218994
0.2959326207637787,	0.39218008518218994
0.29592493176460266,	0.39218008518218994
0.29591694474220276,	0.39218008518218994
0.2959093153476715,	0.39218008518218994
0.29590147733688354,	0.39218008518218994
0.29589349031448364,	0.39218008518218994
0.29588574171066284,	0.39218008518218994
0.29587802290916443,	0.39218008518218994
0.29587024450302124,	0.39218008518218994
0.29586195945739746,	0.39218008518218994
0.29585424065589905,	0.39218008518218994
0.2958466112613678,	0.39218008518218994
0.29583874344825745,	0.39218008518218994
0.2958310544490814,	0.39218008518218994
0.2958233952522278,	0.39218008518218994
0.29581543803215027,	0.39218008518218994
0.29580771923065186,	0.39218008518218994
0.29580017924308777,	0.39218008518218994
0.29579225182533264,	0.39218008518218994
0.29578426480293274,	0.39218008518218994
0.2957766652107239,	0.39218008518218994
0.2957686483860016,	0.39218008518218994
0.29576095938682556,	0.39218008518218994
0.29575324058532715,	0.39218008518218994
0.2957455515861511,	0.39218008518218994
0.29573777318000793,	0.39218008518218994
0.29573020339012146,	0.39218008518218994
0.2957223951816559,	0.39218008518218994
0.29571467638015747,	0.39218008518218994
0.29570725560188293,	0.39218008518218994
0.2956995666027069,	0.39218008518218994
0.29569190740585327,	0.39218008518218994
0.29568448662757874,	0.39218008518218994
0.29567641019821167,	0.39218008518218994
0.2956690192222595,	0.39218008518218994
0.2956610918045044,	0.39218008518218994
0.2956537902355194,	0.39218008518218994
0.29564589262008667,	0.39218008518218994
0.2956386208534241,	0.39218008518218994
0.2956308126449585,	0.39218008518218994
0.2956230640411377,	0.39218008518218994
0.295615553855896,	0.39218008518218994
0.29560792446136475,	0.39336493611335754
0.2956005930900574,	0.39336493611335754
0.2955928146839142,	0.39336493611335754
0.2955853044986725,	0.39336493611335754
0.2955777645111084,	0.39336493611335754
0.29557037353515625,	0.39336493611335754
0.2955623269081116,	0.39336493611335754
0.295555055141449,	0.39336493611335754
0.2955475449562073,	0.39336493611335754
0.295539915561676,	0.39336493611335754
0.2955325245857239,	0.39336493611335754
0.29552504420280457,	0.39336493611335754
0.2955173850059509,	0.39336493611335754
0.29550987482070923,	0.39336493611335754
0.295502245426178,	0.39336493611335754
0.29549461603164673,	0.39336493611335754
0.2954871952533722,	0.39336493611335754
0.29547974467277527,	0.39336493611335754
0.29547229409217834,	0.39336493611335754
0.2954649031162262,	0.39336493611335754
0.29545727372169495,	0.39336493611335754
0.2954501807689667,	0.39336493611335754
0.2954423725605011,	0.39336493611335754
0.2954351305961609,	0.39336493611335754
0.29542776942253113,	0.39336493611335754
0.2954200804233551,	0.39336493611335754
0.29541295766830444,	0.39336493611335754
0.29540523886680603,	0.39336493611335754
0.29539796710014343,	0.39336493611335754
0.29539045691490173,	0.39336493611335754
0.29538318514823914,	0.39336493611335754
0.2953757047653198,	0.39336493611335754
0.29536858201026917,	0.39336493611335754
0.29536134004592896,	0.39336493611335754
0.29535356163978577,	0.39336493611335754
0.29534634947776794,	0.39336493611335754
0.2953389883041382,	0.39336493611335754
0.29533126950263977,	0.39336493611335754
0.2953239679336548,	0.39336493611335754
0.29531681537628174,	0.39336493611335754
0.29530879855155945,	0.39336493611335754
0.2953014671802521,	0.39336493611335754
0.29529446363449097,	0.39336493611335754
0.29528722167015076,	0.39336493611335754
0.29527994990348816,	0.39336493611335754
0.29527273774147034,	0.39336493611335754
0.29526498913764954,	0.39454975724220276
0.2952573895454407,	0.39454975724220276
0.2952507734298706,	0.39454975724220276
0.29524359107017517,	0.39454975724220276
0.2952360510826111,	0.39454975724220276
0.29522883892059326,	0.39573460817337036
0.29522138833999634,	0.39573460817337036
0.2952142357826233,	0.39573460817337036
0.295207142829895,	0.39573460817337036
0.29519951343536377,	0.39573460817337036
0.29519250988960266,	0.39573460817337036
0.29518499970436096,	0.39573460817337036
0.2951781153678894,	0.39573460817337036
0.2951708734035492,	0.3969194293022156
0.2951633036136627,	0.3969194293022156
0.29515618085861206,	0.3969194293022156
0.29514896869659424,	0.3969194293022156
0.29514187574386597,	0.3969194293022156
0.29513439536094666,	0.3969194293022156
0.29512736201286316,	0.3969194293022156
0.2951199412345886,	0.3969194293022156
0.2951131761074066,	0.3969194293022156
0.2951059341430664,	0.3969194293022156
0.29509881138801575,	0.3969194293022156
0.29509130120277405,	0.3969194293022156
0.2950840890407562,	0.3969194293022156
0.2950771450996399,	0.3969194293022156
0.29506996273994446,	0.3969194293022156
0.2950628101825714,	0.3969194293022156
0.2950558066368103,	0.3969194293022156
0.29504841566085815,	0.3969194293022156
0.29504117369651794,	0.3969194293022156
0.295034259557724,	0.3969194293022156
0.29502710700035095,	0.3969194293022156
0.29501986503601074,	0.3969194293022156
0.2950127422809601,	0.3969194293022156
0.2950053811073303,	0.3969194293022156
0.2949983775615692,	0.3969194293022156
0.29499128460884094,	0.3969194293022156
0.2949841320514679,	0.3969194293022156
0.2949768900871277,	0.3969194293022156
0.2949700355529785,	0.3969194293022156
0.29496312141418457,	0.3969194293022156
0.29495611786842346,	0.3969194293022156
0.294948935508728,	0.3969194293022156
0.2949416935443878,	0.3969194293022156
0.2949347496032715,	0.39573460817337036
0.29492756724357605,	0.39573460817337036
0.2949206829071045,	0.3969194293022156
0.29491353034973145,	0.3969194293022156
0.2949065864086151,	0.3969194293022156
0.2948993742465973,	0.3969194293022156
0.29489243030548096,	0.3969194293022156
0.29488569498062134,	0.3969194293022156
0.29487863183021545,	0.3969194293022156
0.29487189650535583,	0.3969194293022156
0.29486456513404846,	0.3969194293022156
0.2948577404022217,	0.3981042802333832
0.29485052824020386,	0.3981042802333832
0.29484355449676514,	0.3981042802333832
0.2948366701602936,	0.3981042802333832
0.2948296368122101,	0.3981042802333832
0.29482272267341614,	0.3981042802333832
0.2948155701160431,	0.3981042802333832
0.294808566570282,	0.3981042802333832
0.29480165243148804,	0.3981042802333832
0.29479455947875977,	0.3981042802333832
0.29478752613067627,	0.3981042802333832
0.2947807312011719,	0.3981042802333832
0.29477354884147644,	0.3981042802333832
0.29476699233055115,	0.3981042802333832
0.29476016759872437,	0.3981042802333832
0.2947530150413513,	0.3981042802333832
0.2947461009025574,	0.3981042802333832
0.29473888874053955,	0.3981042802333832
0.2947322130203247,	0.3981042802333832
0.2947256863117218,	0.3981042802333832
0.29471901059150696,	0.3981042802333832
0.2947120666503906,	0.3981042802333832
0.2947053015232086,	0.3981042802333832
0.29469841718673706,	0.3981042802333832
0.2946915030479431,	0.3981042802333832
0.29468435049057007,	0.3981042802333832
0.2946775257587433,	0.3981042802333832
0.29467013478279114,	0.3981042802333832
0.29466354846954346,	0.3981042802333832
0.2946566939353943,	0.3981042802333832
0.2946498394012451,	0.3981042802333832
0.29464298486709595,	0.3992891013622284
0.29463618993759155,	0.3992891013622284
0.2946295142173767,	0.3992891013622284
0.2946227192878723,	0.3992891013622284
0.29461586475372314,	0.3992891013622284
0.294609397649765,	0.3992891013622284
0.29460233449935913,	0.3992891013622284
0.29459547996520996,	0.3992891013622284
0.294588565826416,	0.3992891013622284
0.2945821285247803,	0.4004739224910736
0.29457542300224304,	0.4004739224910736
0.29456812143325806,	0.4004739224910736
0.2945614457130432,	0.4004739224910736
0.2945547103881836,	0.4004739224910736
0.29454800486564636,	0.4004739224910736
0.29454147815704346,	0.4004739224910736
0.29453492164611816,	0.4004739224910736
0.2945282757282257,	0.4004739224910736
0.29452136158943176,	0.3992891013622284
0.2945147156715393,	0.3992891013622284
0.2945080101490021,	0.3992891013622284
0.2945012152194977,	0.3992891013622284
0.2944943904876709,	0.3992891013622284
0.2944876551628113,	0.3992891013622284
0.2944811284542084,	0.3992891013622284
0.29447445273399353,	0.3992891013622284
0.2944675385951996,	0.3992891013622284
0.2944609224796295,	0.3992891013622284
0.29445400834083557,	0.3992891013622284
0.29444730281829834,	0.3992891013622284
0.29444047808647156,	0.3992891013622284
0.29443395137786865,	0.3992891013622284
0.2944273352622986,	0.3992891013622284
0.2944208085536957,	0.4004739224910736
0.2944141626358032,	0.4004739224910736
0.2944073975086212,	0.4004739224910736
0.2944004535675049,	0.4016587734222412
0.2943941056728363,	0.4016587734222412
0.29438745975494385,	0.4016587734222412
0.2943807542324066,	0.4016587734222412
0.2943740785121918,	0.4016587734222412
0.29436710476875305,	0.4016587734222412
0.2943607568740845,	0.4016587734222412
0.29435431957244873,	0.4016587734222412
0.29434773325920105,	0.4016587734222412
0.29434072971343994,	0.4016587734222412
0.2943342626094818,	0.4016587734222412
0.29432833194732666,	0.4016587734222412
0.2943213880062103,	0.4016587734222412
0.2943149209022522,	0.4016587734222412
0.2943081855773926,	0.4016587734222412
0.29430124163627625,	0.4016587734222412
0.29429495334625244,	0.4016587734222412
0.2942885458469391,	0.4016587734222412
0.2942819595336914,	0.4016587734222412
0.29427552223205566,	0.4016587734222412
0.2942686378955841,	0.4016587734222412
0.2942623496055603,	0.4016587734222412
0.29425549507141113,	0.4028435945510864
0.2942488491535187,	0.4028435945510864
0.2942425310611725,	0.4028435945510864
0.29423585534095764,	0.4028435945510864
0.29422956705093384,	0.4028435945510864
0.2942230701446533,	0.4028435945510864
0.2942165434360504,	0.4028435945510864
0.29420965909957886,	0.4028435945510864
0.29420310258865356,	0.4028435945510864
0.2941962778568268,	0.4028435945510864
0.2941897511482239,	0.4028435945510864
0.29418352246284485,	0.4028435945510864
0.2941769063472748,	0.40402844548225403
0.29417040944099426,	0.40402844548225403
0.2941640019416809,	0.40402844548225403
0.2941572964191437,	0.40402844548225403
0.2941511571407318,	0.40402844548225403
0.2941446900367737,	0.40402844548225403
0.2941381335258484,	0.40402844548225403
0.29413148760795593,	0.40402844548225403
0.2941250503063202,	0.40402844548225403
0.29411908984184265,	0.40402844548225403
0.2941124737262726,	0.40402844548225403
0.2941061854362488,	0.40402844548225403
0.29409945011138916,	0.40402844548225403
0.29409316182136536,	0.40402844548225403
0.2940866947174072,	0.40402844548225403
0.2940801978111267,	0.40402844548225403
0.2940738797187805,	0.40402844548225403
0.2940676212310791,	0.40402844548225403
0.29406118392944336,	0.40402844548225403
0.29405468702316284,	0.40402844548225403
0.29404816031455994,	0.40402844548225403
0.2940416932106018,	0.40402844548225403
0.29403579235076904,	0.40402844548225403
0.29402920603752136,	0.40402844548225403
0.2940225899219513,	0.40402844548225403
0.2940162122249603,	0.40402844548225403
0.29401013255119324,	0.40402844548225403
0.2940039336681366,	0.40402844548225403
0.29399752616882324,	0.40402844548225403
0.29399120807647705,	0.40402844548225403
0.2939845323562622,	0.40402844548225403
0.2939779758453369,	0.40402844548225403
0.29397207498550415,	0.40402844548225403
0.29396581649780273,	0.40402844548225403
0.293959379196167,	0.40402844548225403
0.2939531207084656,	0.40402844548225403
0.2939470112323761,	0.40402844548225403
0.2939407229423523,	0.40402844548225403
0.2939344048500061,	0.40402844548225403
0.29392778873443604,	0.40402844548225403
0.2939213812351227,	0.40402844548225403
0.2939152419567108,	0.40402844548225403
0.2939087450504303,	0.40402844548225403
0.29390278458595276,	0.40402844548225403
0.2938961386680603,	0.40402844548225403
0.29388973116874695,	0.40402844548225403
0.29388344287872314,	0.40402844548225403
0.29387715458869934,	0.40521326661109924
0.2938709259033203,	0.40521326661109924
0.29386481642723083,	0.40521326661109924
0.29385849833488464,	0.40521326661109924
0.293851763010025,	0.40521326661109924
0.29384568333625793,	0.40521326661109924
0.293839693069458,	0.40521326661109924
0.29383325576782227,	0.40521326661109924
0.2938270568847656,	0.40521326661109924
0.29382073879241943,	0.40521326661109924
0.29381462931632996,	0.40521326661109924
0.2938084304332733,	0.40521326661109924
0.29380202293395996,	0.40521326661109924
0.2937958240509033,	0.40521326661109924
0.2937895953655243,	0.40521326661109924
0.29378318786621094,	0.40521326661109924
0.29377707839012146,	0.40521326661109924
0.29377099871635437,	0.40521326661109924
0.2937648594379425,	0.40521326661109924
0.29375892877578735,	0.40521326661109924
0.29375240206718445,	0.40521326661109924
0.29374611377716064,	0.40521326661109924
0.2937399446964264,	0.40521326661109924
0.29373371601104736,	0.40521326661109924
0.2937277555465698,	0.40521326661109924
0.2937217950820923,	0.40521326661109924
0.2937154769897461,	0.40521326661109924
0.2937090992927551,	0.40521326661109924
0.29370298981666565,	0.40521326661109924
0.29369670152664185,	0.40521326661109924
0.29369059205055237,	0.40521326661109924
0.29368436336517334,	0.40521326661109924
0.2936782240867615,	0.40521326661109924
0.2936720550060272,	0.40521326661109924
0.29366594552993774,	0.40521326661109924
0.29365983605384827,	0.40521326661109924
0.2936533987522125,	0.40521326661109924
0.2936471998691559,	0.40521326661109924
0.29364103078842163,	0.40521326661109924
0.29363512992858887,	0.40639811754226685
0.29362916946411133,	0.40639811754226685
0.2936230003833771,	0.40639811754226685
0.2936169505119324,	0.40639811754226685
0.29361069202423096,	0.40639811754226685
0.2936047613620758,	0.40639811754226685
0.29359886050224304,	0.40639811754226685
0.2935924232006073,	0.40639811754226685
0.29358652234077454,	0.40639811754226685
0.2935806214809418,	0.40639811754226685
0.2935743033885956,	0.40639811754226685
0.29356858134269714,	0.40639811754226685
0.29356247186660767,	0.40639811754226685
0.29355618357658386,	0.40639811754226685
0.2935501039028168,	0.40639811754226685
0.2935439944267273,	0.40639811754226685
0.29353827238082886,	0.40639811754226685
0.29353204369544983,	0.40639811754226685
0.293525755405426,	0.40639811754226685
0.2935197651386261,	0.40639811754226685
0.29351386427879333,	0.40639811754226685
0.2935073971748352,	0.40639811754226685
0.29350143671035767,	0.40639811754226685
0.29349541664123535,	0.40639811754226685
0.2934892475605011,	0.40521326661109924
0.29348331689834595,	0.40521326661109924
0.2934771776199341,	0.40521326661109924
0.29347091913223267,	0.40521326661109924
0.29346516728401184,	0.40521326661109924
0.29345956444740295,	0.40521326661109924
0.2934536337852478,	0.40521326661109924
0.29344746470451355,	0.40521326661109924
0.2934413552284241,	0.40521326661109924
0.2934352457523346,	0.40521326661109924
0.29342928528785706,	0.40521326661109924
0.2934233546257019,	0.40521326661109924
0.2934172749519348,	0.40521326661109924
0.2934112846851349,	0.40521326661109924
0.2934054434299469,	0.40521326661109924
0.293399453163147,	0.40521326661109924
0.293393611907959,	0.40521326661109924
0.29338741302490234,	0.40521326661109924
0.2933814227581024,	0.40521326661109924
0.29337573051452637,	0.40521326661109924
0.29336974024772644,	0.40521326661109924
0.2933637797832489,	0.40521326661109924
0.2933577001094818,	0.40521326661109924
0.2933518588542938,	0.40521326661109924
0.29334601759910583,	0.40521326661109924
0.29334020614624023,	0.40521326661109924
0.293334037065506,	0.40521326661109924
0.2933281362056732,	0.40521326661109924
0.29332226514816284,	0.40521326661109924
0.29331642389297485,	0.40521326661109924
0.2933104336261749,	0.40521326661109924
0.2933046221733093,	0.40521326661109924
0.29329848289489746,	0.40521326661109924
0.29329270124435425,	0.40521326661109924
0.2932867109775543,	0.40521326661109924
0.29328086972236633,	0.40521326661109924
0.2932750880718231,	0.40521326661109924
0.2932690978050232,	0.40521326661109924
0.29326319694519043,	0.40521326661109924
0.29325753450393677,	0.40521326661109924
0.2932514548301697,	0.40521326661109924
0.29324576258659363,	0.40521326661109924
0.293239951133728,	0.40521326661109924
0.2932339012622833,	0.40521326661109924
0.293227881193161,	0.40521326661109924
0.2932218909263611,	0.40521326661109924
0.2932160794734955,	0.40521326661109924
0.2932101786136627,	0.40521326661109924
0.29320451617240906,	0.40521326661109924
0.29319876432418823,	0.40521326661109924
0.2931930124759674,	0.40521326661109924
0.2931872308254242,	0.40521326661109924
0.29318156838417053,	0.40521326661109924
0.2931760251522064,	0.40521326661109924
0.29316988587379456,	0.40521326661109924
0.2931637763977051,	0.40521326661109924
0.29315802454948425,	0.40521326661109924
0.29315224289894104,	0.40521326661109924
0.29314619302749634,	0.40521326661109924
0.2931404411792755,	0.40521326661109924
0.293134480714798,	0.40521326661109924
0.29312875866889954,	0.40521326661109924
0.29312312602996826,	0.40521326661109924
0.29311734437942505,	0.40521326661109924
0.2931113541126251,	0.40521326661109924
0.2931055724620819,	0.40521326661109924
0.2930997610092163,	0.40521326661109924
0.29309406876564026,	0.40521326661109924
0.2930883765220642,	0.40521326661109924
0.29308265447616577,	0.40521326661109924
0.2930770516395569,	0.40639811754226685
0.29307103157043457,	0.40639811754226685
0.29306527972221375,	0.40639811754226685
0.2930597960948944,	0.40639811754226685
0.29305383563041687,	0.40639811754226685
0.29304811358451843,	0.40639811754226685
0.29304221272468567,	0.40639811754226685
0.2930362820625305,	0.40639811754226685
0.29303082823753357,	0.40639811754226685
0.29302507638931274,	0.40639811754226685
0.2930193245410919,	0.40639811754226685
0.29301366209983826,	0.40639811754226685
0.29300805926322937,	0.40639811754226685
0.2930024564266205,	0.40639811754226685
0.29299700260162354,	0.40639811754226685
0.2929912507534027,	0.40639811754226685
0.29298505187034607,	0.40639811754226685
0.2929793894290924,	0.40639811754226685
0.2929735779762268,	0.40639811754226685
0.2929675281047821,	0.40639811754226685
0.2929622530937195,	0.40639811754226685
0.2929564118385315,	0.40639811754226685
0.2929508090019226,	0.40639811754226685
0.2929452657699585,	0.40639811754226685
0.29293978214263916,	0.40639811754226685
0.2929341793060303,	0.40639811754226685
0.29292845726013184,	0.40639811754226685
0.29292264580726624,	0.40639811754226685
0.29291701316833496,	0.40639811754226685
0.2929113507270813,	0.40639811754226685
0.2929057478904724,	0.40639811754226685
0.29289984703063965,	0.40639811754226685
0.2928943336009979,	0.40639811754226685
0.2928885519504547,	0.40639811754226685
0.29288309812545776,	0.40639811754226685
0.2928774654865265,	0.40639811754226685
0.2928718030452728,	0.40639811754226685
0.29286614060401917,	0.40639811754226685
0.2928602397441864,	0.40639811754226685
0.2928546369075775,	0.40521326661109924
0.29284921288490295,	0.40521326661109924
0.292843759059906,	0.40521326661109924
0.29283782839775085,	0.40521326661109924
0.2928324043750763,	0.40521326661109924
0.2928266227245331,	0.40521326661109924
0.29282116889953613,	0.40521326661109924
0.2928158938884735,	0.40521326661109924
0.2928101718425751,	0.40521326661109924
0.2928045094013214,	0.40521326661109924
0.2927989363670349,	0.40521326661109924
0.29279327392578125,	0.40521326661109924
0.29278746247291565,	0.40521326661109924
0.292782187461853,	0.40521326661109924
0.29277658462524414,	0.40521326661109924
0.2927708923816681,	0.40521326661109924
0.292765349149704,	0.40521326661109924
0.2927596867084503,	0.40521326661109924
0.2927539348602295,	0.40639811754226685
0.29274871945381165,	0.40639811754226685
0.29274314641952515,	0.40639811754226685
0.2927374541759491,	0.40639811754226685
0.2927318811416626,	0.40639811754226685
0.29272618889808655,	0.40639811754226685
0.2927206754684448,	0.40639811754226685
0.2927151620388031,	0.40639811754226685
0.29270943999290466,	0.40639811754226685
0.29270410537719727,	0.40639811754226685
0.2926982343196869,	0.40639811754226685
0.29269281029701233,	0.40639811754226685
0.2926870584487915,	0.40639811754226685
0.29268190264701843,	0.40639811754226685
0.2926764488220215,	0.40639811754226685
0.2926711142063141,	0.40639811754226685
0.2926653325557709,	0.40639811754226685
0.29265978932380676,	0.40639811754226685
0.2926541864871979,	0.40639811754226685
0.29264888167381287,	0.40639811754226685
0.29264330863952637,	0.40639811754226685
0.2926378548145294,	0.40639811754226685
0.29263219237327576,	0.40639811754226685
0.29262688755989075,	0.40639811754226685
0.292621374130249,	0.40639811754226685
0.2926158010959625,	0.40639811754226685
0.2926102578639984,	0.40639811754226685
0.2926047146320343,	0.40639811754226685
0.29259929060935974,	0.40639811754226685
0.2925935685634613,	0.40639811754226685
0.2925882637500763,	0.40639811754226685
0.292582631111145,	0.40639811754226685
0.2925774157047272,	0.40639811754226685
0.292572021484375,	0.40639811754226685
0.2925666570663452,	0.40639811754226685
0.2925613820552826,	0.40639811754226685
0.2925559878349304,	0.40639811754226685
0.2925502061843872,	0.40639811754226685
0.2925448715686798,	0.40639811754226685
0.29253947734832764,	0.40639811754226685
0.29253414273262024,	0.40639811754226685
0.2925284802913666,	0.40639811754226685
0.29252293705940247,	0.40639811754226685
0.2925172746181488,	0.40758293867111206
0.29251205921173096,	0.40758293867111206
0.29250678420066833,	0.40758293867111206
0.29250115156173706,	0.40758293867111206
0.29249611496925354,	0.40758293867111206
0.29249051213264465,	0.40758293867111206
0.2924848794937134,	0.40758293867111206
0.2924797534942627,	0.40758293867111206
0.29247403144836426,	0.40758293867111206
0.2924688160419464,	0.40758293867111206
0.292463481426239,	0.40758293867111206
0.2924579679965973,	0.40758293867111206
0.29245269298553467,	0.40758293867111206
0.2924473285675049,	0.40758293867111206
0.2924415171146393,	0.40758293867111206
0.29243648052215576,	0.40758293867111206
0.2924312651157379,	0.40758293867111206
0.2924256920814514,	0.40758293867111206
0.2924201190471649,	0.40758293867111206
0.2924146056175232,	0.40758293867111206
0.2924096882343292,	0.40758293867111206
0.2924042344093323,	0.40758293867111206
0.2923988997936249,	0.40758293867111206
0.29239338636398315,	0.40758293867111206
0.2923882007598877,	0.40758293867111206
0.2923829257488251,	0.40639811754226685
0.2923775315284729,	0.40639811754226685
0.2923721373081207,	0.40639811754226685
0.2923669219017029,	0.40639811754226685
0.29236146807670593,	0.40639811754226685
0.29235589504241943,	0.40639811754226685
0.29235079884529114,	0.40639811754226685
0.2923453748226166,	0.40639811754226685
0.2923397719860077,	0.40639811754226685
0.2923346757888794,	0.40639811754226685
0.2923291325569153,	0.40639811754226685
0.2923239469528198,	0.40639811754226685
0.2923184931278229,	0.40639811754226685
0.29231342673301697,	0.40639811754226685
0.2923082709312439,	0.40639811754226685
0.29230302572250366,	0.40639811754226685
0.2922973334789276,	0.40639811754226685
0.29229211807250977,	0.40639811754226685
0.2922869026660919,	0.40639811754226685
0.29228177666664124,	0.40639811754226685
0.29227638244628906,	0.40639811754226685
0.292271226644516,	0.40639811754226685
0.29226577281951904,	0.40639811754226685
0.2922603189945221,	0.40639811754226685
0.2922549545764923,	0.40639811754226685
0.2922497093677521,	0.40639811754226685
0.2922445237636566,	0.40639811754226685
0.2922392785549164,	0.40639811754226685
0.29223427176475525,	0.40639811754226685
0.29222893714904785,	0.40639811754226685
0.2922235429286957,	0.40639811754226685
0.29221829771995544,	0.40639811754226685
0.2922130227088928,	0.40639811754226685
0.292207807302475,	0.40639811754226685
0.2922024130821228,	0.40639811754226685
0.2921973168849945,	0.40639811754226685
0.29219216108322144,	0.40639811754226685
0.29218676686286926,	0.40639811754226685
0.29218170046806335,	0.40639811754226685
0.292176216840744,	0.40639811754226685
0.29217109084129333,	0.40639811754226685
0.29216599464416504,	0.40639811754226685
0.29216086864471436,	0.40639811754226685
0.2921554744243622,	0.40639811754226685
0.2921504080295563,	0.40639811754226685
0.29214534163475037,	0.40639811754226685
0.2921399176120758,	0.40639811754226685
0.29213452339172363,	0.40639811754226685
0.2921295762062073,	0.40639811754226685
0.2921242415904999,	0.40639811754226685
0.29211917519569397,	0.40639811754226685
0.29211387038230896,	0.40639811754226685
0.29210877418518066,	0.40639811754226685
0.2921037971973419,	0.40639811754226685
0.2920983135700226,	0.40639811754226685
0.2920932471752167,	0.40639811754226685
0.29208803176879883,	0.40639811754226685
0.29208260774612427,	0.40639811754226685
0.2920774519443512,	0.40639811754226685
0.2920723259449005,	0.40639811754226685
0.2920670211315155,	0.40639811754226685
0.29206180572509766,	0.40639811754226685
0.29205647110939026,	0.40639811754226685
0.2920514941215515,	0.40639811754226685
0.292046457529068,	0.40758293867111206
0.29204127192497253,	0.40758293867111206
0.2920362651348114,	0.40758293867111206
0.2920307517051697,	0.40758293867111206
0.2920255661010742,	0.40758293867111206
0.2920202612876892,	0.40758293867111206
0.2920151948928833,	0.40758293867111206
0.2920098304748535,	0.40758293867111206
0.2920050621032715,	0.40758293867111206
0.2920002341270447,	0.40758293867111206
0.2919948697090149,	0.40758293867111206
0.29198968410491943,	0.40758293867111206
0.2919844686985016,	0.40758293867111206
0.2919796407222748,	0.40758293867111206
0.2919742465019226,	0.40758293867111206
0.2919691205024719,	0.40758293867111206
0.2919641435146332,	0.40758293867111206
0.2919590473175049,	0.40758293867111206
0.2919541299343109,	0.40758293867111206
0.29194897413253784,	0.40758293867111206
0.29194375872612,	0.40758293867111206
0.2919389009475708,	0.40758293867111206
0.29193374514579773,	0.40758293867111206
0.29192861914634705,	0.40758293867111206
0.29192331433296204,	0.40758293867111206
0.29191792011260986,	0.40758293867111206
0.29191312193870544,	0.40758293867111206
0.2919080853462219,	0.40758293867111206
0.29190295934677124,	0.40758293867111206
0.29189759492874146,	0.40758293867111206
0.29189255833625793,	0.40758293867111206
0.2918873429298401,	0.40758293867111206
0.2918822765350342,	0.40758293867111206
0.29187723994255066,	0.40758293867111206
0.29187241196632385,	0.40758293867111206
0.2918671667575836,	0.40758293867111206
0.2918621599674225,	0.40758293867111206
0.2918570935726166,	0.40758293867111206
0.29185226559638977,	0.40758293867111206
0.29184702038764954,	0.40758293867111206
0.2918420732021332,	0.40758293867111206
0.29183709621429443,	0.40758293867111206
0.2918321490287781,	0.40758293867111206
0.2918270230293274,	0.40758293867111206
0.29182180762290955,	0.40758293867111206
0.29181671142578125,	0.40758293867111206
0.29181182384490967,	0.40758293867111206
0.29180675745010376,	0.40758293867111206
0.29180166125297546,	0.40758293867111206
0.29179662466049194,	0.40758293867111206
0.29179146885871887,	0.40758293867111206
0.29178670048713684,	0.40758293867111206
0.29178157448768616,	0.40758293867111206
0.2917764484882355,	0.40758293867111206
0.29177170991897583,	0.40758293867111206
0.29176652431488037,	0.40758293867111206
0.2917616069316864,	0.40758293867111206
0.2917570173740387,	0.40758293867111206
0.2917519211769104,	0.40758293867111206
0.2917468249797821,	0.40758293867111206
0.29174181818962097,	0.40639811754226685
0.2917366921901703,	0.40639811754226685
0.2917320430278778,	0.40639811754226685
0.2917269170284271,	0.40639811754226685
0.2917216122150421,	0.40639811754226685
0.2917165160179138,	0.40639811754226685
0.2917115390300751,	0.40639811754226685
0.29170677065849304,	0.40639811754226685
0.29170161485671997,	0.40639811754226685
0.291696697473526,	0.40639811754226685
0.29169169068336487,	0.40639811754226685
0.2916867434978485,	0.40758293867111206
0.29168158769607544,	0.40758293867111206
0.29167667031288147,	0.40758293867111206
0.2916718125343323,	0.40758293867111206
0.2916669249534607,	0.40758293867111206
0.29166179895401,	0.40758293867111206
0.2916567921638489,	0.40758293867111206
0.29165202379226685,	0.40758293867111206
0.29164713621139526,	0.40758293867111206
0.29164254665374756,	0.40758293867111206
0.2916373908519745,	0.40758293867111206
0.29163214564323425,	0.40758293867111206
0.29162752628326416,	0.40758293867111206
0.2916222810745239,	0.40758293867111206
0.2916174530982971,	0.40758293867111206
0.29161256551742554,	0.40758293867111206
0.291607528924942,	0.40758293867111206
0.2916027009487152,	0.40758293867111206
0.29159772396087646,	0.40758293867111206
0.2915927767753601,	0.40758293867111206
0.2915878891944885,	0.40758293867111206
0.2915830612182617,	0.40758293867111206
0.2915782630443573,	0.40758293867111206
0.2915729880332947,	0.40758293867111206
0.29156801104545593,	0.4087677597999573
0.2915632128715515,	0.4087677597999573
0.29155805706977844,	0.4087677597999573
0.29155316948890686,	0.4087677597999573
0.29154863953590393,	0.4087677597999573
0.291543573141098,	0.4087677597999573
0.2915385961532593,	0.4087677597999573
0.29153361916542053,	0.4087677597999573
0.29152897000312805,	0.4087677597999573
0.29152384400367737,	0.4087677597999573
0.291518896818161,	0.4087677597999573
0.29151394963264465,	0.4087677597999573
0.29150906205177307,	0.4087677597999573
0.29150405526161194,	0.4099526107311249
0.2914991080760956,	0.4099526107311249
0.2914939820766449,	0.4099526107311249
0.2914893925189972,	0.4099526107311249
0.29148465394973755,	0.4099526107311249
0.2914799749851227,	0.4099526107311249
0.2914753258228302,	0.4099526107311249
0.29147037863731384,	0.4099526107311249
0.29146531224250793,	0.4099526107311249
0.2914605438709259,	0.4099526107311249
0.29145553708076477,	0.4099526107311249
0.2914504408836365,	0.4099526107311249
0.29144561290740967,	0.4099526107311249
0.29144087433815,	0.4099526107311249
0.2914358973503113,	0.4099526107311249
0.29143139719963074,	0.4099526107311249
0.29142650961875916,	0.4099526107311249
0.2914216220378876,	0.4099526107311249
0.2914169430732727,	0.4099526107311249
0.29141226410865784,	0.4099526107311249
0.2914072871208191,	0.4099526107311249
0.291402667760849,	0.4099526107311249
0.2913978397846222,	0.4099526107311249
0.29139307141304016,	0.4099526107311249
0.2913879156112671,	0.4099526107311249
0.2913832366466522,	0.4099526107311249
0.2913784980773926,	0.4099526107311249
0.29137372970581055,	0.4099526107311249
0.2913689911365509,	0.4099526107311249
0.29136452078819275,	0.4099526107311249
0.29135972261428833,	0.4099526107311249
0.2913549244403839,	0.4099526107311249
0.29135000705718994,	0.4099526107311249
0.29134538769721985,	0.4099526107311249
0.2913404703140259,	0.4099526107311249
0.29133522510528564,	0.4099526107311249
0.2913305461406708,	0.4099526107311249
0.29132577776908875,	0.4099526107311249
0.29132115840911865,	0.4099526107311249
0.29131633043289185,	0.4099526107311249
0.2913115322589874,	0.4099526107311249
0.2913067042827606,	0.4099526107311249
0.29130181670188904,	0.4099526107311249
0.2912971079349518,	0.4099526107311249
0.2912920415401459,	0.4099526107311249
0.2912873327732086,	0.4099526107311249
0.291282594203949,	0.4099526107311249
0.2912779748439789,	0.4099526107311249
0.29127296805381775,	0.4099526107311249
0.29126814007759094,	0.4099526107311249
0.2912634611129761,	0.4099526107311249
0.2912590503692627,	0.4099526107311249
0.2912540137767792,	0.4099526107311249
0.2912491261959076,	0.4099526107311249
0.29124462604522705,	0.4099526107311249
0.29123973846435547,	0.4099526107311249
0.29123520851135254,	0.4099526107311249
0.29123061895370483,	0.4099526107311249
0.2912256717681885,	0.4099526107311249
0.29122108221054077,	0.4099526107311249
0.2912164330482483,	0.4099526107311249
0.2912116050720215,	0.4099526107311249
0.2912066876888275,	0.4099526107311249
0.29120200872421265,	0.4099526107311249
0.2911974787712097,	0.4099526107311249
0.2911926805973053,	0.4099526107311249
0.29118794202804565,	0.4099526107311249
0.29118308424949646,	0.4099526107311249
0.29117825627326965,	0.4099526107311249
0.29117345809936523,	0.4099526107311249
0.2911689579486847,	0.4099526107311249
0.29116442799568176,	0.4099526107311249
0.29115965962409973,	0.4099526107311249
0.291155070066452,	0.4099526107311249
0.29115018248558044,	0.4099526107311249
0.2911456525325775,	0.4099526107311249
0.2911410331726074,	0.4099526107311249
0.29113611578941345,	0.4099526107311249
0.2911314368247986,	0.4099526107311249
0.2911268472671509,	0.4099526107311249
0.29112204909324646,	0.4099526107311249
0.29111751914024353,	0.4099526107311249
0.2911127805709839,	0.4099526107311249
0.29110822081565857,	0.4099526107311249
0.2911034822463989,	0.4099526107311249
0.2910988926887512,	0.4099526107311249
0.29109427332878113,	0.4099526107311249
0.2910895347595215,	0.4099526107311249
0.2910847067832947,	0.4099526107311249
0.29107996821403503,	0.4099526107311249
0.2910751700401306,	0.4099526107311249
0.29107052087783813,	0.4099526107311249
0.2910657525062561,	0.4099526107311249
0.2910614609718323,	0.4099526107311249
0.29105669260025024,	0.4099526107311249
0.2910519242286682,	0.4099526107311249
0.2910473048686981,	0.4099526107311249
0.29104289412498474,	0.4099526107311249
0.29103827476501465,	0.4099526107311249
0.2910335958003998,	0.4099526107311249
0.2910289764404297,	0.4099526107311249
0.2910243272781372,	0.4099526107311249
0.2910197079181671,	0.4099526107311249
0.29101496934890747,	0.4099526107311249
0.2910104990005493,	0.4099526107311249
0.29100579023361206,	0.4099526107311249
0.29100096225738525,	0.4099526107311249
0.29099661111831665,	0.4099526107311249
0.29099181294441223,	0.4099526107311249
0.29098716378211975,	0.4099526107311249
0.2909824550151825,	0.4099526107311249
0.29097819328308105,	0.4099526107311249
0.2909735143184662,	0.4099526107311249
0.29096874594688416,	0.4099526107311249
0.2909640371799469,	0.4099526107311249
0.2909596562385559,	0.4099526107311249
0.2909550964832306,	0.4099526107311249
0.29095062613487244,	0.4099526107311249
0.2909461557865143,	0.4099526107311249
0.29094141721725464,	0.4099526107311249
0.2909366488456726,	0.4099526107311249
0.2909320592880249,	0.4099526107311249
0.2909272313117981,	0.4099526107311249
0.29092276096343994,	0.4099526107311249
0.2909182906150818,	0.4099526107311249
0.2909137010574341,	0.4099526107311249
0.29090914130210876,	0.4099526107311249
0.2909044325351715,	0.4099526107311249
0.29089972376823425,	0.4099526107311249
0.29089492559432983,	0.4099526107311249
0.29089030623435974,	0.4099526107311249
0.2908860146999359,	0.4099526107311249
0.29088151454925537,	0.4099526107311249
0.29087674617767334,	0.4099526107311249
0.29087215662002563,	0.4099526107311249
0.2908678650856018,	0.4099526107311249
0.2908632457256317,	0.4099526107311249
0.29085850715637207,	0.4099526107311249
0.2908540368080139,	0.4099526107311249
0.29084962606430054,	0.4099526107311249
0.29084500670433044,	0.4099526107311249
0.2908402681350708,	0.4099526107311249
0.2908359169960022,	0.4099526107311249
0.29083162546157837,	0.4099526107311249
0.2908271551132202,	0.4099526107311249
0.290822297334671,	0.4099526107311249
0.2908177673816681,	0.4099526107311249
0.29081326723098755,	0.4099526107311249
0.2908088266849518,	0.4099526107311249
0.2908044159412384,	0.4099526107311249
0.2907998263835907,	0.4099526107311249
0.2907954454421997,	0.4099526107311249
0.29079094529151917,	0.4099526107311249
0.2907862067222595,	0.4099526107311249
0.29078179597854614,	0.4099526107311249
0.29077717661857605,	0.4099526107311249
0.29077282547950745,	0.4099526107311249
0.2907683849334717,	0.4099526107311249
0.2907635271549225,	0.4099526107311249
0.29075920581817627,	0.4099526107311249
0.290754497051239,	0.4099526107311249
0.2907501757144928,	0.4099526107311249
0.2907455265522003,	0.4099526107311249
0.29074108600616455,	0.4099526107311249
0.29073673486709595,	0.4099526107311249
0.2907320559024811,	0.4099526107311249
0.2907276749610901,	0.4099526107311249
0.29072320461273193,	0.4099526107311249
0.2907183766365051,	0.4099526107311249
0.2907141447067261,	0.4099526107311249
0.2907096743583679,	0.4099526107311249
0.29070496559143066,	0.4099526107311249
0.29070067405700684,	0.4099526107311249
0.2906965911388397,	0.4099526107311249
0.2906920909881592,	0.4099526107311249
0.2906874716281891,	0.4099526107311249
0.2906827926635742,	0.4099526107311249
0.2906782329082489,	0.4099526107311249
0.2906736731529236,	0.4099526107311249
0.29066967964172363,	0.4099526107311249
0.2906649112701416,	0.4099526107311249
0.2906605899333954,	0.4099526107311249
0.29065588116645813,	0.4099526107311249
0.2906515598297119,	0.4099526107311249
0.2906472384929657,	0.4099526107311249
0.2906428873538971,	0.4099526107311249
0.29063835740089417,	0.4099526107311249
0.2906337082386017,	0.4099526107311249
0.29062962532043457,	0.4099526107311249
0.2906249761581421,	0.4099526107311249
0.29062044620513916,	0.4099526107311249
0.29061606526374817,	0.4099526107311249
0.2906115651130676,	0.4099526107311249
0.2906070947647095,	0.4099526107311249
0.2906026840209961,	0.4099526107311249
0.29059842228889465,	0.4099526107311249
0.29059362411499023,	0.4099526107311249
0.29058927297592163,	0.4099526107311249
0.29058465361595154,	0.4099526107311249
0.2905801832675934,	0.4099526107311249
0.29057610034942627,	0.4099526107311249
0.2905716001987457,	0.4099526107311249
0.2905672490596771,	0.4099526107311249
0.29056257009506226,	0.4099526107311249
0.2905583381652832,	0.4099526107311249
0.29055407643318176,	0.4099526107311249
0.29054975509643555,	0.4099526107311249
0.29054486751556396,	0.4099526107311249
0.29054051637649536,	0.4099526107311249
0.2905360460281372,	0.4099526107311249
0.29053184390068054,	0.4099526107311249
0.2905274033546448,	0.4099526107311249
0.2905232012271881,	0.4099526107311249
0.2905188500881195,	0.4099526107311249
0.2905142605304718,	0.4099526107311249
0.2905099093914032,	0.4099526107311249
0.29050570726394653,	0.4099526107311249
0.29050150513648987,	0.4099526107311249
0.2904967665672302,	0.4099526107311249
0.290492445230484,	0.4099526107311249
0.29048800468444824,	0.4099526107311249
0.29048338532447815,	0.4099526107311249
0.29047924280166626,	0.4099526107311249
0.2904748320579529,	0.4099526107311249
0.2904704213142395,	0.4099526107311249
0.29046595096588135,	0.4099526107311249
0.2904614806175232,	0.4099526107311249
0.2904571294784546,	0.4099526107311249
0.29045259952545166,	0.4099526107311249
0.2904480993747711,	0.4099526107311249
0.29044389724731445,	0.4099526107311249
0.29043978452682495,	0.4099526107311249
0.2904350459575653,	0.4099526107311249
0.29043078422546387,	0.4099526107311249
0.2904264032840729,	0.4099526107311249
0.29042211174964905,	0.4099526107311249
0.2904176712036133,	0.4099526107311249
0.29041334986686707,	0.4099526107311249
0.29040879011154175,	0.4099526107311249
0.2904045879840851,	0.4099526107311249
0.29040029644966125,	0.4099526107311249
0.29039615392684937,	0.4099526107311249
0.2903916835784912,	0.4099526107311249
0.29038748145103455,	0.4099526107311249
0.2903830409049988,	0.4099526107311249
0.2903786301612854,	0.4099526107311249
0.29037413001060486,	0.4099526107311249
0.29036977887153625,	0.4099526107311249
0.2903658151626587,	0.4099526107311249
0.2903614938259125,	0.4099526107311249
0.2903568148612976,	0.4099526107311249
0.2903527617454529,	0.4099526107311249
0.29034850001335144,	0.4099526107311249
0.2903442680835724,	0.4099526107311249
0.2903401255607605,	0.4099526107311249
0.2903360426425934,	0.4099526107311249
0.29033127427101135,	0.4099526107311249
0.2903269827365875,	0.4099526107311249
0.290322482585907,	0.4099526107311249
0.2903181314468384,	0.4099526107311249
0.2903139591217041,	0.4099526107311249
0.2903096377849579,	0.4099526107311249
0.2903052568435669,	0.4099526107311249
0.29030102491378784,	0.4099526107311249
0.2902967929840088,	0.4099526107311249
0.2902924120426178,	0.4099526107311249
0.29028818011283875,	0.4099526107311249
0.29028409719467163,	0.4099526107311249
0.290279746055603,	0.4099526107311249
0.2902754545211792,	0.4099526107311249
0.2902713418006897,	0.4099526107311249
0.29026710987091064,	0.4099526107311249
0.2902625501155853,	0.4099526107311249
0.290258526802063,	0.4099526107311249
0.29025396704673767,	0.4099526107311249
0.29024961590766907,	0.4099526107311249
0.2902454435825348,	0.4099526107311249
0.29024097323417664,	0.4099526107311249
0.2902366518974304,	0.4099526107311249
0.290232390165329,	0.4099526107311249
0.29022836685180664,	0.4099526107311249
0.2902240455150604,	0.4099526107311249
0.2902200520038605,	0.4099526107311249
0.29021552205085754,	0.4099526107311249
0.2902110517024994,	0.4099526107311249
0.290207177400589,	0.4099526107311249
0.2902028262615204,	0.4099526107311249
0.29019859433174133,	0.4099526107311249
0.2901943325996399,	0.4099526107311249
0.29019007086753845,	0.4099526107311249
0.29018571972846985,	0.4099526107311249
0.290181428194046,	0.4099526107311249
0.29017722606658936,	0.4099526107311249
0.290172815322876,	0.4099526107311249
0.2901685833930969,	0.4099526107311249
0.29016441106796265,	0.4099526107311249
0.29016047716140747,	0.4099526107311249
0.29015594720840454,	0.4099526107311249
0.2901516556739807,	0.4099526107311249
0.2901473045349121,	0.4099526107311249
0.29014331102371216,	0.4099526107311249
0.2901390790939331,	0.4099526107311249
0.2901351749897003,	0.4099526107311249
0.2901308238506317,	0.4099526107311249
0.29012665152549744,	0.4099526107311249
0.29012221097946167,	0.4099526107311249
0.29011794924736023,	0.4099526107311249
0.290113627910614,	0.4099526107311249
0.2901095747947693,	0.4099526107311249
0.290105402469635,	0.4099526107311249
0.2901013195514679,	0.4099526107311249
0.29009702801704407,	0.4099526107311249
0.2900925576686859,	0.4099526107311249
0.29008862376213074,	0.4099526107311249
0.29008471965789795,	0.4099526107311249
0.29008039832115173,	0.4099526107311249
0.2900761067867279,	0.4099526107311249
0.290071964263916,	0.4099526107311249
0.2900678217411041,	0.4099526107311249
0.29006335139274597,	0.4099526107311249
0.29005929827690125,	0.4099526107311249
0.29005515575408936,	0.4099526107311249
0.2900509536266327,	0.4099526107311249
0.2900468111038208,	0.4099526107311249
0.290042519569397,	0.4099526107311249
0.29003819823265076,	0.4099526107311249
0.29003414511680603,	0.4099526107311249
0.2900300621986389,	0.4099526107311249
0.2900255024433136,	0.4099526107311249
0.2900213301181793,	0.4099526107311249
0.29001709818840027,	0.4099526107311249
0.2900127172470093,	0.4099526107311249
0.2900085747241974,	0.4099526107311249
0.29000452160835266,	0.4099526107311249
0.29000040888786316,	0.4099526107311249
0.2899962067604065,	0.4099526107311249
0.289992094039917,	0.4099526107311249
0.2899879217147827,	0.4099526107311249
0.2899838387966156,	0.4099526107311249
0.2899796664714813,	0.4099526107311249
0.28997549414634705,	0.4099526107311249
0.28997114300727844,	0.4099526107311249
0.2899670898914337,	0.4099526107311249
0.28996309638023376,	0.4099526107311249
0.2899588644504547,	0.4099526107311249
0.2899545133113861,	0.4099526107311249
0.28995028138160706,	0.4099526107311249
0.2899463474750519,	0.4099526107311249
0.2899419367313385,	0.4099526107311249
0.28993791341781616,	0.4099526107311249
0.2899337410926819,	0.4099526107311249
0.28992974758148193,	0.4099526107311249
0.2899254560470581,	0.4099526107311249
0.28992176055908203,	0.4099526107311249
0.289917528629303,	0.4099526107311249
0.2899133861064911,	0.4099526107311249
0.2899090051651001,	0.4099526107311249
0.28990504145622253,	0.4099526107311249
0.2899007797241211,	0.4099526107311249
0.28989654779434204,	0.4099526107311249
0.2898924648761749,	0.4099526107311249
0.28988826274871826,	0.4099526107311249
0.28988420963287354,	0.4099526107311249
0.28988000750541687,	0.4099526107311249
0.2898758053779602,	0.4099526107311249
0.2898721396923065,	0.4099526107311249
0.28986796736717224,	0.4099526107311249
0.2898640036582947,	0.4099526107311249
0.28986024856567383,	0.4099526107311249
0.2898561358451843,	0.4099526107311249
0.28985169529914856,	0.4099526107311249
0.28984755277633667,	0.4099526107311249
0.28984349966049194,	0.4099526107311249
0.28983956575393677,	0.4099526107311249
0.28983524441719055,	0.4099526107311249
0.28983113169670105,	0.4099526107311249
0.289826899766922,	0.4099526107311249
0.28982293605804443,	0.4099526107311249
0.28981879353523254,	0.4099526107311249
0.2898147702217102,	0.4099526107311249
0.28981077671051025,	0.4099526107311249
0.28980663418769836,	0.4099526107311249
0.28980275988578796,	0.4099526107311249
0.2897985279560089,	0.4099526107311249
0.2897946536540985,	0.4099526107311249
0.2897903323173523,	0.4099526107311249
0.2897862493991852,	0.4099526107311249
0.28978231549263,	0.4099526107311249
0.2897782027721405,	0.4099526107311249
0.2897743284702301,	0.4099526107311249
0.2897700369358063,	0.4099526107311249
0.28976574540138245,	0.4099526107311249
0.28976157307624817,	0.4099526107311249
0.28975769877433777,	0.4099526107311249
0.28975364565849304,	0.4099526107311249
0.2897495925426483,	0.4099526107311249
0.2897456884384155,	0.4099526107311249
0.2897418439388275,	0.4099526107311249
0.2897374927997589,	0.4099526107311249
0.28973323106765747,	0.4099526107311249
0.28972917795181274,	0.4099526107311249
0.28972506523132324,	0.4099526107311249
0.2897210121154785,	0.4099526107311249
0.28971704840660095,	0.4099526107311249
0.28971317410469055,	0.4099526107311249
0.2897089421749115,	0.4099526107311249
0.2897052466869354,	0.4099526107311249
0.2897009551525116,	0.4099526107311249
0.2896971106529236,	0.4099526107311249
0.28969284892082214,	0.4099526107311249
0.2896888256072998,	0.4099526107311249
0.289684921503067,	0.4099526107311249
0.28968116641044617,	0.4099526107311249
0.289677232503891,	0.4099526107311249
0.28967323899269104,	0.4099526107311249
0.2896687686443329,	0.4099526107311249
0.28966468572616577,	0.4099526107311249
0.2896607518196106,	0.4099526107311249
0.2896566092967987,	0.4099526107311249
0.28965258598327637,	0.4099526107311249
0.28964853286743164,	0.4099526107311249
0.2896445095539093,	0.4099526107311249
0.2896406948566437,	0.4099526107311249
0.2896367609500885,	0.4099526107311249
0.2896328270435333,	0.4099526107311249
0.2896289527416229,	0.4099526107311249
0.28962475061416626,	0.4099526107311249
0.28962084650993347,	0.4099526107311249
0.28961673378944397,	0.4099526107311249
0.2896128296852112,	0.4099526107311249
0.28960856795310974,	0.4099526107311249
0.2896046042442322,	0.4099526107311249
0.289600670337677,	0.4099526107311249
0.28959694504737854,	0.4099526107311249
0.2895926535129547,	0.4099526107311249
0.28958868980407715,	0.4099526107311249
0.2895846962928772,	0.4111374318599701
0.28958070278167725,	0.4111374318599701
0.2895768880844116,	0.4111374318599701
0.28957316279411316,	0.4111374318599701
0.28956884145736694,	0.4111374318599701
0.2895647883415222,	0.4111374318599701
0.28956058621406555,	0.4111374318599701
0.2895568311214447,	0.4111374318599701
0.2895526587963104,	0.4111374318599701
0.2895485460758209,	0.4111374318599701
0.2895447015762329,	0.4111374318599701
0.28954046964645386,	0.4111374318599701
0.28953680396080017,	0.4111374318599701
0.28953278064727783,	0.4111374318599701
0.2895287275314331,	0.4111374318599701
0.2895248234272003,	0.4111374318599701
0.28952109813690186,	0.4111374318599701
0.28951695561408997,	0.4111374318599701
0.2895129323005676,	0.4111374318599701
0.2895088791847229,	0.4111374318599701
0.2895049750804901,	0.4111374318599701
0.2895011603832245,	0.4111374318599701
0.2894972860813141,	0.4111374318599701
0.2894933819770813,	0.4111374318599701
0.28948938846588135,	0.4111374318599701
0.28948551416397095,	0.4111374318599701
0.289481520652771,	0.4111374318599701
0.2894773483276367,	0.4111374318599701
0.2894734740257263,	0.4111374318599701
0.2894693613052368,	0.4111374318599701
0.28946545720100403,	0.4111374318599701
0.2894613444805145,	0.4111374318599701
0.28945738077163696,	0.4111374318599701
0.2894536256790161,	0.4111374318599701
0.2894497215747833,	0.4111374318599701
0.2894456386566162,	0.4111374318599701
0.28944194316864014,	0.4111374318599701
0.2894381284713745,	0.4111374318599701
0.28943416476249695,	0.4111374318599701
0.2894304096698761,	0.4111374318599701
0.2894262373447418,	0.4111374318599701
0.28942254185676575,	0.4111374318599701
0.28941863775253296,	0.4111374318599701
0.2894146144390106,	0.4111374318599701
0.2894105911254883,	0.4111374318599701
0.2894066572189331,	0.4111374318599701
0.2894027829170227,	0.4111374318599701
0.2893986701965332,	0.4111374318599701
0.2893948554992676,	0.4111374318599701
0.2893907129764557,	0.4111374318599701
0.2893865406513214,	0.4111374318599701
0.2893829047679901,	0.4111374318599701
0.2893788814544678,	0.4111374318599701
0.2893751859664917,	0.4111374318599701
0.289371520280838,	0.4111374318599701
0.28936752676963806,	0.4111374318599701
0.2893637418746948,	0.4111374318599701
0.2893599271774292,	0.4111374318599701
0.2893557548522949,	0.4111374318599701
0.28935182094573975,	0.4111374318599701
0.28934773802757263,	0.4111374318599701
0.2893438935279846,	0.4111374318599701
0.2893402576446533,	0.4111374318599701
0.28933635354042053,	0.4111374318599701
0.2893323302268982,	0.4111374318599701
0.28932857513427734,	0.4111374318599701
0.2893247604370117,	0.4111374318599701
0.289320707321167,	0.4111374318599701
0.28931692242622375,	0.4111374318599701
0.28931310772895813,	0.4111374318599701
0.2893092632293701,	0.4111374318599701
0.28930535912513733,	0.4111374318599701
0.2893015742301941,	0.4111374318599701
0.289297491312027,	0.4111374318599701
0.2892937660217285,	0.4111374318599701
0.2892897129058838,	0.4111374318599701
0.28928595781326294,	0.4111374318599701
0.2892822325229645,	0.4111374318599701
0.2892782986164093,	0.4111374318599701
0.2892742156982422,	0.4111374318599701
0.2892705798149109,	0.4111374318599701
0.28926682472229004,	0.4111374318599701
0.2892630994319916,	0.4111374318599701
0.2892589271068573,	0.4111374318599701
0.28925514221191406,	0.4111374318599701
0.289251446723938,	0.4111374318599701
0.2892477214336395,	0.4111374318599701
0.28924375772476196,	0.4111374318599701
0.2892402410507202,	0.4111374318599701
0.28923630714416504,	0.4111374318599701
0.28923237323760986,	0.4111374318599701
0.2892284393310547,	0.4111374318599701
0.2892245948314667,	0.4111374318599701
0.28922051191329956,	0.4111374318599701
0.28921642899513245,	0.4111374318599701
0.28921303153038025,	0.4111374318599701
0.2892094552516937,	0.4111374318599701
0.28920531272888184,	0.4111374318599701
0.2892014980316162,	0.4111374318599701
0.28919756412506104,	0.4111374318599701
0.28919363021850586,	0.4111374318599701
0.2891898453235626,	0.4111374318599701
0.28918594121932983,	0.4111374318599701
0.28918227553367615,	0.4111374318599701
0.2891785502433777,	0.4111374318599701
0.28917449712753296,	0.4111374318599701
0.28917065262794495,	0.4111374318599701
0.2891671061515808,	0.4111374318599701
0.28916308283805847,	0.4111374318599701
0.28915929794311523,	0.4111374318599701
0.2891555428504944,	0.4111374318599701
0.289151668548584,	0.4111374318599701
0.28914758563041687,	0.4111374318599701
0.2891436815261841,	0.4111374318599701
0.2891400158405304,	0.4111374318599701
0.2891363501548767,	0.4111374318599701
0.28913256525993347,	0.4111374318599701
0.2891289293766022,	0.4111374318599701
0.2891252338886261,	0.4111374318599701
0.2891215980052948,	0.4111374318599701
0.28911760449409485,	0.4111374318599701
0.2891136109828949,	0.4111374318599701
0.2891099154949188,	0.4111374318599701
0.28910601139068604,	0.4111374318599701
0.2891024053096771,	0.4111374318599701
0.2890984117984772,	0.4111374318599701
0.28909459710121155,	0.4111374318599701
0.28909069299697876,	0.4111374318599701
0.28908684849739075,	0.4111374318599701
0.28908318281173706,	0.4111374318599701
0.28907960653305054,	0.4111374318599701
0.28907567262649536,	0.4111374318599701
0.28907206654548645,	0.4111374318599701
0.28906822204589844,	0.4111374318599701
0.28906410932540894,	0.4111374318599701
0.2890605628490448,	0.4099526107311249
0.2890565097332001,	0.4099526107311249
0.28905314207077026,	0.4099526107311249
0.28904926776885986,	0.4099526107311249
0.2890453338623047,	0.4099526107311249
0.2890414297580719,	0.4099526107311249
0.28903770446777344,	0.4099526107311249
0.2890341877937317,	0.4099526107311249
0.28903061151504517,	0.4099526107311249
0.2890267074108124,	0.4099526107311249
0.2890229821205139,	0.4099526107311249
0.2890191674232483,	0.4099526107311249
0.28901565074920654,	0.4099526107311249
0.2890116274356842,	0.4099526107311249
0.2890080511569977,	0.4099526107311249
0.2890039086341858,	0.4099526107311249
0.28900018334388733,	0.4099526107311249
0.2889966070652008,	0.4099526107311249
0.28899285197257996,	0.4099526107311249
0.288989394903183,	0.4099526107311249
0.2889855206012726,	0.4099526107311249
0.28898152709007263,	0.4099526107311249
0.28897783160209656,	0.4099526107311249
0.28897416591644287,	0.4099526107311249
0.28897032141685486,	0.4099526107311249
0.2889665961265564,	0.4099526107311249
0.28896310925483704,	0.4099526107311249
0.28895896673202515,	0.4099526107311249
0.2889554798603058,	0.4099526107311249
0.2889517843723297,	0.4099526107311249
0.28894779086112976,	0.4099526107311249
0.2889443039894104,	0.4099526107311249
0.2889404594898224,	0.4099526107311249
0.2889365255832672,	0.4099526107311249
0.2889329791069031,	0.4099526107311249
0.28892940282821655,	0.4099526107311249
0.2889256775379181,	0.4099526107311249
0.2889218032360077,	0.4099526107311249
0.2889176905155182,	0.4099526107311249
0.2889142334461212,	0.4099526107311249
0.28891074657440186,	0.4099526107311249
0.2889072299003601,	0.4099526107311249
0.2889031767845154,	0.4099526107311249
0.28889966011047363,	0.4099526107311249
0.2888958156108856,	0.4099526107311249
0.28889212012290955,	0.4099526107311249
0.2888883054256439,	0.4111374318599701
0.2888844311237335,	0.4111374318599701
0.2888806462287903,	0.4111374318599701
0.2888771891593933,	0.4111374318599701
0.2888732850551605,	0.4111374318599701
0.28886938095092773,	0.4111374318599701
0.28886571526527405,	0.4111374318599701
0.2888621389865875,	0.4111374318599701
0.2888585925102234,	0.4111374318599701
0.28885459899902344,	0.4111374318599701
0.28885117173194885,	0.4111374318599701
0.28884705901145935,	0.4111374318599701
0.2888432741165161,	0.4111374318599701
0.2888396382331848,	0.4111374318599701
0.2888360023498535,	0.4111374318599701
0.28883224725723267,	0.4111374318599701
0.288828581571579,	0.4111374318599701
0.28882482647895813,	0.4111374318599701
0.28882133960723877,	0.4111374318599701
0.28881755471229553,	0.4111374318599701
0.2888137996196747,	0.4111374318599701
0.2888101637363434,	0.4111374318599701
0.2888065576553345,	0.4111374318599701
0.28880274295806885,	0.4111374318599701
0.28879910707473755,	0.4111374318599701
0.2887955605983734,	0.4111374318599701
0.2887917757034302,	0.4111374318599701
0.28878769278526306,	0.4111374318599701
0.28878453373908997,	0.4111374318599701
0.28878089785575867,	0.4111374318599701
0.28877732157707214,	0.4111374318599701
0.2887735068798065,	0.4111374318599701
0.2887699604034424,	0.4111374318599701
0.288766086101532,	0.4111374318599701
0.2887624502182007,	0.4111374318599701
0.2887589633464813,	0.4111374318599701
0.28875523805618286,	0.4111374318599701
0.2887512147426605,	0.4111374318599701
0.2887478470802307,	0.4111374318599701
0.28874412178993225,	0.4111374318599701
0.2887405455112457,	0.4111374318599701
0.28873682022094727,	0.4111374318599701
0.2887333929538727,	0.4111374318599701
0.2887296974658966,	0.4111374318599701
0.28872618079185486,	0.4111374318599701
0.2887224555015564,	0.4111374318599701
0.2887188196182251,	0.4111374318599701
0.28871503472328186,	0.4111374318599701
0.28871145844459534,	0.4111374318599701
0.28870782256126404,	0.4111374318599701
0.2887040674686432,	0.4111374318599701
0.28870058059692383,	0.4111374318599701
0.28869688510894775,	0.4111374318599701
0.28869321942329407,	0.4111374318599701
0.28868982195854187,	0.4111374318599701
0.28868621587753296,	0.4111374318599701
0.2886824905872345,	0.4111374318599701
0.2886786460876465,	0.4111374318599701
0.2886752486228943,	0.4111374318599701
0.28867149353027344,	0.4111374318599701
0.28866779804229736,	0.4111374318599701
0.28866416215896606,	0.4111374318599701
0.28866046667099,	0.4111374318599701
0.28865668177604675,	0.4111374318599701
0.2886534035205841,	0.4111374318599701
0.2886497676372528,	0.4111374318599701
0.2886461317539215,	0.4111374318599701
0.2886427342891693,	0.4123222827911377
0.28863897919654846,	0.4123222827911377
0.28863558173179626,	0.4123222827911377
0.28863152861595154,	0.4123222827911377
0.2886280417442322,	0.4123222827911377
0.2886243760585785,	0.4123222827911377
0.28862065076828003,	0.4123222827911377
0.28861695528030396,	0.4123222827911377
0.2886132597923279,	0.4123222827911377
0.28860965371131897,	0.4123222827911377
0.28860631585121155,	0.4123222827911377
