Number of classes: 2
Elapsed time: 0:10:00.227671
One batch.
Number of epochs: 882
Learning rate: 0.01
Subset: large
------------------------------------
Testing accuracy: 0.4836844205856323
Training accuracy: 0.47635915875434875
------------------------------------
cost history,	validation history
0.7510672807693481,	0.0267468374222517
0.7413864731788635,	0.033796392381191254
0.7334902882575989,	0.04146796464920044
0.7270771861076355,	0.04831017926335335
0.7218823432922363,	0.05681111291050911
0.7176865935325623,	0.06240928918123245
0.7143030762672424,	0.06925150007009506
0.7115768790245056,	0.07961849123239517
0.7093830704689026,	0.09019282460212708
0.7076160311698914,	0.10678001493215561
0.7061941027641296,	0.12606261670589447
0.7050434350967407,	0.13642960786819458
0.7041183710098267,	0.14762595295906067
0.7033640146255493,	0.1540534943342209
0.7027520537376404,	0.1604810357093811
0.702253520488739,	0.1604810357093811
0.7018436789512634,	0.16545718908309937
0.7015024423599243,	0.16939663887023926
0.7012223601341248,	0.17333610355854034
0.7009848952293396,	0.17312875390052795
0.7007855772972107,	0.17769023776054382
0.7006129622459412,	0.18349574506282806
0.70046466588974,	0.1893012672662735
0.7003346085548401,	0.19489943981170654
0.7002167105674744,	0.19718018174171448
0.7001127004623413,	0.20132698118686676
0.700017511844635,	0.20630313456058502
0.6999298334121704,	0.2110719531774521
0.6998485922813416,	0.21480406820774078
0.6997717618942261,	0.2177068144083023
0.6997005343437195,	0.22081692516803741
0.6996285915374756,	0.22371967136859894
0.6995623707771301,	0.2255857288837433
0.6994956731796265,	0.22807380557060242
0.6994352340698242,	0.22993987798690796
0.6993722319602966,	0.2320132702589035
0.6993110179901123,	0.23408666253089905
0.6992531418800354,	0.2357453852891922
0.6991936564445496,	0.2396848499774933
0.6991345286369324,	0.24113622307777405
0.6990765333175659,	0.2423802614212036
0.6990196108818054,	0.24341696500778198
0.6989640593528748,	0.24445365369319916
0.698908805847168,	0.24549035727977753
0.6988510489463806,	0.2463197112083435
0.6987959742546082,	0.2469417303800583
0.6987408995628357,	0.24797843396663666
0.6986865997314453,	0.249844491481781
0.6986332535743713,	0.25108852982521057
0.6985791921615601,	0.25233256816864014
0.6985247135162354,	0.2537839412689209
0.6984706521034241,	0.25502797961235046
0.6984175443649292,	0.2564793825149536
0.698364794254303,	0.25917479395866394
0.6983110904693604,	0.25979679822921753
0.698259174823761,	0.2610408365726471
0.6982085108757019,	0.26290690898895264
0.6981552243232727,	0.2645656168460846
0.6981016993522644,	0.26684635877609253
0.6980516314506531,	0.2685050666332245
0.698000967502594,	0.26974910497665405
0.6979480981826782,	0.2707858085632324
0.6978977918624878,	0.27223721146583557
0.6978476047515869,	0.27265188097953796
0.6977972984313965,	0.27389591932296753
0.6977488398551941,	0.2741032540798187
0.6976957321166992,	0.2747252881526947
0.697645366191864,	0.27617666125297546
0.6975967288017273,	0.2784574031829834
0.6975467801094055,	0.27990877628326416
0.6974989771842957,	0.2813601493835449
0.6974487900733948,	0.2817748188972473
0.697400689125061,	0.2828115224838257
0.6973525285720825,	0.28343355655670166
0.6973037719726562,	0.28426289558410645
0.6972561478614807,	0.2852995991706848
0.6972076296806335,	0.2857142984867096
0.6971583962440491,	0.2882023751735687
0.6971121430397034,	0.2896537482738495
0.6970645785331726,	0.2900684177875519
0.6970170140266418,	0.29110512137413025
0.6969694495201111,	0.2919344902038574
0.6969239711761475,	0.2929711937904358
0.6968766450881958,	0.2940078675746918
0.6968297958374023,	0.29462990164756775
0.6967855095863342,	0.2954592704772949
0.6967391967773438,	0.2958739399909973
0.6966930031776428,	0.2971179783344269
0.6966463327407837,	0.29836201667785645
0.6966029405593872,	0.2991913855075836
0.6965572834014893,	0.3004354238510132
0.6965120434761047,	0.30167946219444275
0.6964655518531799,	0.30188679695129395
0.6964208483695984,	0.3027161657810211
0.6963765621185303,	0.3033381700515747
0.6963335871696472,	0.3039602041244507
0.696287989616394,	0.30499687790870667
0.6962442398071289,	0.3072776198387146
0.6962013840675354,	0.30831432342529297
0.6961573362350464,	0.30935102701187134
0.6961143612861633,	0.3101803958415985
0.6960696578025818,	0.31246113777160645
0.6960268616676331,	0.31308314204216003
0.6959847211837769,	0.3143271803855896
0.6959418654441833,	0.3149492144584656
0.6958994269371033,	0.31640058755874634
0.6958569884300232,	0.31681525707244873
0.6958153247833252,	0.3172299265861511
0.6957720518112183,	0.3172299265861511
0.6957290768623352,	0.3180592954158783
0.6956887245178223,	0.31909599900245667
0.6956478357315063,	0.31971800327301025
0.6956055760383606,	0.3209620714187622
0.6955649256706238,	0.3219987452030182
0.6955224275588989,	0.32303544878959656
0.6954835653305054,	0.32386481761932373
0.6954424977302551,	0.3246941864490509
0.6954008340835571,	0.32697489857673645
0.695361852645874,	0.3280116021633148
0.6953185200691223,	0.328840970993042
0.6952793002128601,	0.3290483057498932
0.6952410936355591,	0.33070704340934753
0.6952012181282043,	0.33091437816619873
0.6951609253883362,	0.3315363824367523
0.6951199173927307,	0.3317437171936035
0.69508296251297,	0.3325730860233307
0.6950437426567078,	0.33340245485305786
0.6950036287307739,	0.3348538279533386
0.6949658989906311,	0.335268497467041
0.6949260234832764,	0.335890531539917
0.6948869824409485,	0.3363052010536194
0.6948496103286743,	0.3367198705673218
0.6948102116584778,	0.33775657415390015
0.6947730779647827,	0.3383786082267761
0.6947354078292847,	0.3387932777404785
0.6946978569030762,	0.3392079472541809
0.6946583390235901,	0.3396226465702057
0.6946210265159607,	0.3402446508407593
0.6945841312408447,	0.34148868918418884
0.6945460438728333,	0.3419033885002136
0.6945105791091919,	0.3421107232570648
0.6944730877876282,	0.3425253927707672
0.6944369077682495,	0.3425253927707672
0.6943990588188171,	0.3433547616004944
0.694362223148346,	0.343976765871048
0.6943253874778748,	0.34418413043022156
0.6942901611328125,	0.3456355035305023
0.6942526698112488,	0.3458428382873535
0.694217324256897,	0.3462575078010559
0.6941811442375183,	0.34770888090133667
0.6941466927528381,	0.34895291924476624
0.6941110491752625,	0.3497822880744934
0.694075882434845,	0.3506116569042206
0.6940381526947021,	0.35164836049079895
0.6940032839775085,	0.35247769951820374
0.693967878818512,	0.3530997335910797
0.6939353346824646,	0.3537217378616333
0.6938984394073486,	0.3543437719345093
0.6938632726669312,	0.35475844144821167
0.6938281059265137,	0.35538047552108765
0.6937951445579529,	0.35538047552108765
0.6937609314918518,	0.3566245138645172
0.6937254071235657,	0.3566245138645172
0.6936912536621094,	0.3572465181350708
0.6936576962471008,	0.357453852891922
0.6936253309249878,	0.358075886964798
0.6935901641845703,	0.358075886964798
0.6935563087463379,	0.358075886964798
0.6935239434242249,	0.358075886964798
0.6934896111488342,	0.35869789123535156
0.6934564113616943,	0.35911259055137634
0.6934229731559753,	0.3601492941379547
0.693390429019928,	0.3603566288948059
0.6933582425117493,	0.3607712984085083
0.6933252811431885,	0.3611859977245331
0.6932917833328247,	0.36243003606796265
0.6932595372200012,	0.36325937509536743
0.6932260394096375,	0.3636740744113922
0.6931925415992737,	0.3638814091682434
0.6931616067886353,	0.3642960786819458
0.6931300163269043,	0.365125447511673
0.6930966973304749,	0.36574745178222656
0.6930664777755737,	0.36636948585510254
0.6930330395698547,	0.36657682061195374
0.6930025815963745,	0.3671988248825073
0.6929709315299988,	0.3674061894416809
0.6929382085800171,	0.3682355284690857
0.6929086446762085,	0.3684428632259369
0.6928759217262268,	0.36906489729881287
0.6928449273109436,	0.36885756254196167
0.6928146481513977,	0.36885756254196167
0.6927838325500488,	0.36927223205566406
0.6927538514137268,	0.36947956681251526
0.6927224397659302,	0.36968693137168884
0.6926923990249634,	0.37010160088539124
0.6926610469818115,	0.3709309697151184
0.6926304697990417,	0.371552973985672
0.6926009058952332,	0.3719676434993744
0.6925687193870544,	0.3717603087425232
0.6925405263900757,	0.37238234281539917
0.692509114742279,	0.37362638115882874
0.6924797296524048,	0.3742483854293823
0.6924499869346619,	0.3752850890159607
0.6924201846122742,	0.37590712308883667
0.6923907399177551,	0.37673646211624146
0.6923626065254211,	0.37735849618911743
0.6923324465751648,	0.3777731657028198
0.6923027038574219,	0.3781878352165222
0.6922730207443237,	0.3790172040462494
0.6922447085380554,	0.3790172040462494
0.6922145485877991,	0.37963923811912537
0.6921871900558472,	0.38026124238967896
0.6921581029891968,	0.38067594170570374
0.6921290755271912,	0.38088327646255493
0.692101001739502,	0.3812979459762573
0.6920717358589172,	0.3815052807331085
0.6920432448387146,	0.3823346495628357
0.6920153498649597,	0.38316401839256287
0.6919863820075989,	0.38337135314941406
0.6919582486152649,	0.38337135314941406
0.6919305920600891,	0.38420069217681885
0.6919037103652954,	0.3848227262496948
0.6918742656707764,	0.385030061006546
0.6918462514877319,	0.3852373957633972
0.6918190121650696,	0.3854447305202484
0.6917911767959595,	0.3862740993499756
0.6917632818222046,	0.38751813769340515
0.6917374730110168,	0.3885548412799835
0.6917080283164978,	0.3900062143802643
0.6916802525520325,	0.3902135491371155
0.6916535496711731,	0.3902135491371155
0.6916276216506958,	0.3902135491371155
0.6916007995605469,	0.39083558320999146
0.6915737986564636,	0.39083558320999146
0.6915464997291565,	0.39125025272369385
0.6915194392204285,	0.39145758748054504
0.6914940476417542,	0.39166495203971863
0.6914681792259216,	0.392079621553421
0.6914404630661011,	0.3927016258239746
0.6914132833480835,	0.3929089903831482
0.6913890838623047,	0.3935309946537018
0.6913623213768005,	0.39436036348342896
0.691335916519165,	0.39498236775398254
0.6913092136383057,	0.39518970251083374
0.691283106803894,	0.3960190713405609
0.6912590861320496,	0.3962264060974121
0.6912310719490051,	0.3964337408542633
0.691206157207489,	0.39767777919769287
0.691178560256958,	0.39809247851371765
0.691153347492218,	0.39829981327056885
0.6911290287971497,	0.39850714802742004
0.6911037564277649,	0.3993365168571472
0.6910772323608398,	0.3999585211277008
0.691052258014679,	0.4003732204437256
0.6910279393196106,	0.4009952247142792
0.6910021305084229,	0.40120255947113037
0.690978467464447,	0.40140992403030396
0.690952718257904,	0.40161725878715515
0.6909264922142029,	0.40182459354400635
0.6909027695655823,	0.40203192830085754
0.6908776164054871,	0.40223926305770874
0.6908541321754456,	0.40244659781455994
0.6908285617828369,	0.4026539623737335
0.6908050775527954,	0.4028612971305847
0.6907804608345032,	0.4032759666442871
0.6907555460929871,	0.4036906361579895
0.6907294392585754,	0.4034833014011383
0.6907070875167847,	0.4041053354740143
0.690682590007782,	0.40493467450141907
0.6906591653823853,	0.40555670857429504
0.69063401222229,	0.40597137808799744
0.6906106472015381,	0.4063860774040222
0.6905864477157593,	0.4068007469177246
0.69056236743927,	0.4074227511882782
0.6905390620231628,	0.4076301157474518
0.6905157566070557,	0.4074227511882782
0.6904928684234619,	0.407837450504303
0.6904695630073547,	0.4080447852611542
0.6904459595680237,	0.40825212001800537
0.6904229521751404,	0.40845945477485657
0.6903988718986511,	0.40866681933403015
0.6903752088546753,	0.40887415409088135
0.6903530359268188,	0.40970349311828613
0.6903293132781982,	0.40970349311828613
0.6903055310249329,	0.40970349311828613
0.690284252166748,	0.40970349311828613
0.6902618408203125,	0.4099108576774597
0.6902378797531128,	0.4103255271911621
0.6902145147323608,	0.4107401967048645
0.6901919841766357,	0.4107401967048645
0.6901687979698181,	0.4115695655345917
0.6901475787162781,	0.41198423504829407
0.6901235580444336,	0.41177690029144287
0.6901019811630249,	0.41177690029144287
0.6900795102119446,	0.41219156980514526
0.6900587677955627,	0.41219156980514526
0.6900354027748108,	0.41239893436431885
0.6900109648704529,	0.41260626912117004
0.689989447593689,	0.41260626912117004
0.6899681687355042,	0.41302093863487244
0.6899450421333313,	0.41302093863487244
0.6899229288101196,	0.41343560814857483
0.6899011731147766,	0.4138503074645996
0.6898806691169739,	0.414264976978302
0.6898581981658936,	0.4144723117351532
0.6898379921913147,	0.4144723117351532
0.6898158192634583,	0.4146796464920044
0.6897945404052734,	0.4146796464920044
0.6897724866867065,	0.414887011051178
0.689750075340271,	0.4150943458080292
0.6897287368774414,	0.41530168056488037
0.6897075772285461,	0.41571635007858276
0.6896856427192688,	0.41613104939460754
0.6896656155586243,	0.41654571890830994
0.6896461248397827,	0.41675305366516113
0.6896228790283203,	0.4171677231788635
0.6896036267280579,	0.4171677231788635
0.6895816326141357,	0.4175824224948883
0.6895606517791748,	0.4179970920085907
0.6895394325256348,	0.4179970920085907
0.689518392086029,	0.4184117913246155
0.6894976496696472,	0.41882646083831787
0.6894785165786743,	0.41965582966804504
0.6894575357437134,	0.41944846510887146
0.6894355416297913,	0.41965582966804504
0.689415693283081,	0.42007049918174744
0.6893954873085022,	0.42027783393859863
0.6893734931945801,	0.42048516869544983
0.6893526315689087,	0.42027783393859863
0.689333438873291,	0.42048516869544983
0.6893134713172913,	0.4211072027683258
0.6892931461334229,	0.4211072027683258
0.6892726421356201,	0.421314537525177
0.6892520189285278,	0.421314537525177
0.6892335414886475,	0.4219365417957306
0.6892126798629761,	0.42235124111175537
0.6891928315162659,	0.42255857586860657
0.6891739368438721,	0.42297324538230896
0.6891543865203857,	0.42318058013916016
0.6891350746154785,	0.42338794469833374
0.6891145706176758,	0.42380261421203613
0.6890959739685059,	0.42400994896888733
0.6890754699707031,	0.4248393177986145
0.6890549063682556,	0.4248393177986145
0.6890369653701782,	0.4250466525554657
0.6890162229537964,	0.42587602138519287
0.6889972686767578,	0.42587602138519287
0.6889780759811401,	0.42608335614204407
0.688959538936615,	0.42587602138519287
0.6889388561248779,	0.42587602138519287
0.6889203190803528,	0.42670536041259766
0.6889005899429321,	0.42691269516944885
0.6888822913169861,	0.42670536041259766
0.6888635754585266,	0.42670536041259766
0.6888430714607239,	0.42732739448547363
0.688825249671936,	0.42732739448547363
0.6888056397438049,	0.4281567633152008
0.6887872815132141,	0.4287787675857544
0.6887670755386353,	0.4291934370994568
0.6887485384941101,	0.4291934370994568
0.6887308955192566,	0.42960813641548157
0.6887123584747314,	0.42940080165863037
0.6886942386627197,	0.42960813641548157
0.6886751651763916,	0.42981547117233276
0.688656747341156,	0.42981547117233276
0.6886387467384338,	0.43002280592918396
0.6886200308799744,	0.43002280592918396
0.6886025071144104,	0.43002280592918396
0.6885849833488464,	0.43023014068603516
0.6885650753974915,	0.43064484000205994
0.6885476112365723,	0.4314741790294647
0.6885291337966919,	0.4316815137863159
0.6885111927986145,	0.4316815137863159
0.6884931921958923,	0.4320962131023407
0.6884742975234985,	0.4320962131023407
0.6884576678276062,	0.4320962131023407
0.6884375214576721,	0.4325108826160431
0.6884190440177917,	0.43313291668891907
0.6884027123451233,	0.43375492095947266
0.6883856058120728,	0.43396225571632385
0.6883688569068909,	0.43416959047317505
0.6883504390716553,	0.43458428978919983
0.6883313059806824,	0.43458428978919983
0.6883140206336975,	0.4352062940597534
0.6882975101470947,	0.4352062940597534
0.6882794499397278,	0.4354136288166046
0.6882607936859131,	0.4356209933757782
0.6882451772689819,	0.4358283281326294
0.6882274150848389,	0.4358283281326294
0.6882085800170898,	0.4362429976463318
0.6881919503211975,	0.43686503171920776
0.6881750822067261,	0.43727970123291016
0.6881576776504517,	0.43748703598976135
0.6881409883499146,	0.43748703598976135
0.6881236433982849,	0.43769437074661255
0.6881056427955627,	0.43790173530578613
0.6880888938903809,	0.43810907006263733
0.6880725026130676,	0.43790173530578613
0.6880565881729126,	0.43810907006263733
0.6880390644073486,	0.4387310743331909
0.6880209445953369,	0.4387310743331909
0.6880040764808655,	0.4389384090900421
0.6879888772964478,	0.4391457736492157
0.6879723072052002,	0.4393531084060669
0.6879549622535706,	0.4399751126766205
0.68793785572052,	0.44059714674949646
0.687922477722168,	0.44101181626319885
0.6879060864448547,	0.44101181626319885
0.6878883838653564,	0.44121915102005005
0.6878708600997925,	0.44121915102005005
0.6878554224967957,	0.44121915102005005
0.6878382563591003,	0.44163385033607483
0.6878206729888916,	0.4422558546066284
0.6878054738044739,	0.4428778886795044
0.6877890825271606,	0.4428778886795044
0.6877737045288086,	0.4430852234363556
0.6877567172050476,	0.4430852234363556
0.6877397298812866,	0.4439145624637604
0.6877238154411316,	0.4439145624637604
0.6877081990242004,	0.4437072277069092
0.6876909732818604,	0.4437072277069092
0.6876749396324158,	0.4439145624637604
0.6876592636108398,	0.4439145624637604
0.6876437664031982,	0.44412192702293396
0.6876279711723328,	0.44432926177978516
0.6876129508018494,	0.44432926177978516
0.6875962018966675,	0.44432926177978516
0.6875802874565125,	0.44432926177978516
0.6875657439231873,	0.44432926177978516
0.6875487565994263,	0.44495126605033875
0.6875331997871399,	0.4455733001232147
0.6875162720680237,	0.4457806348800659
0.687501072883606,	0.4459879696369171
0.6874862909317017,	0.4461953043937683
0.6874715685844421,	0.4461953043937683
0.6874550580978394,	0.4461953043937683
0.6874390244483948,	0.4464026391506195
0.6874242424964905,	0.4464026391506195
0.687408983707428,	0.4464026391506195
0.6873936057090759,	0.4461953043937683
0.6873784065246582,	0.4464026391506195
0.6873630285263062,	0.4464026391506195
0.6873473525047302,	0.4468173384666443
0.6873323321342468,	0.4468173384666443
0.6873175501823425,	0.4470246732234955
0.6873022317886353,	0.4470246732234955
0.6872870326042175,	0.4474393427371979
0.6872721314430237,	0.4474393427371979
0.687255859375,	0.4474393427371979
0.6872414350509644,	0.44764670729637146
0.6872256994247437,	0.44785404205322266
0.6872105002403259,	0.44806137681007385
0.6871954798698425,	0.44806137681007385
0.6871809363365173,	0.44785404205322266
0.6871665716171265,	0.44785404205322266
0.687152087688446,	0.44806137681007385
0.6871367692947388,	0.44806137681007385
0.6871228218078613,	0.44847604632377625
0.6871080994606018,	0.44868338108062744
0.6870942115783691,	0.4490980803966522
0.6870781779289246,	0.4490980803966522
0.6870630979537964,	0.4497200846672058
0.6870477795600891,	0.4497200846672058
0.6870341897010803,	0.449927419424057
0.6870198249816895,	0.4501347839832306
0.6870047450065613,	0.450549453496933
0.6869908571243286,	0.450549453496933
0.6869760751724243,	0.4507567882537842
0.6869626045227051,	0.4509641230106354
0.6869475841522217,	0.45158615708351135
0.6869330406188965,	0.45158615708351135
0.6869176626205444,	0.45158615708351135
0.6869040727615356,	0.45158615708351135
0.6868888735771179,	0.45158615708351135
0.6868751645088196,	0.45179349184036255
0.6868610978126526,	0.45220816135406494
0.6868469715118408,	0.45241549611091614
0.6868336796760559,	0.4526228606700897
0.686820387840271,	0.4526228606700897
0.6868060827255249,	0.4530375301837921
0.6867907047271729,	0.4528301954269409
0.6867763996124268,	0.4528301954269409
0.6867626309394836,	0.4530375301837921
0.6867494583129883,	0.4534521996974945
0.6867350935935974,	0.4534521996974945
0.6867216229438782,	0.4534521996974945
0.6867073178291321,	0.4536595344543457
0.6866931915283203,	0.4536595344543457
0.6866791248321533,	0.4538668990135193
0.6866647005081177,	0.4536595344543457
0.6866517663002014,	0.4538668990135193
0.6866389513015747,	0.4538668990135193
0.6866248846054077,	0.4538668990135193
0.6866111159324646,	0.4540742337703705
0.6865966320037842,	0.4540742337703705
0.6865835189819336,	0.4542815685272217
0.6865706443786621,	0.4544889032840729
0.686557412147522,	0.4546962380409241
0.6865437626838684,	0.4546962380409241
0.686528742313385,	0.4546962380409241
0.6865148544311523,	0.45490357279777527
0.6865034103393555,	0.45490357279777527
0.6864895224571228,	0.45531827211380005
0.6864765286445618,	0.45531827211380005
0.6864632964134216,	0.45573294162750244
0.6864498853683472,	0.45573294162750244
0.6864365935325623,	0.45573294162750244
0.6864233016967773,	0.45594027638435364
0.6864098906517029,	0.45594027638435364
0.6863981485366821,	0.45594027638435364
0.6863844394683838,	0.4563549757003784
0.6863713264465332,	0.4565623104572296
0.6863581538200378,	0.4567696452140808
0.6863437294960022,	0.456976979970932
0.6863304972648621,	0.4573916792869568
0.6863170266151428,	0.457599014043808
0.6863053441047668,	0.457599014043808
0.686290979385376,	0.4578063488006592
0.6862797737121582,	0.4580136835575104
0.6862673163414001,	0.45842835307121277
0.6862543225288391,	0.45863571763038635
0.6862415671348572,	0.45863571763038635
0.686228334903717,	0.45863571763038635
0.6862151026725769,	0.45863571763038635
0.6862021684646606,	0.45863571763038635
0.686188817024231,	0.45863571763038635
0.6861770749092102,	0.45863571763038635
0.6861642599105835,	0.45905038714408875
0.6861513257026672,	0.45905038714408875
0.6861387491226196,	0.45905038714408875
0.6861254572868347,	0.45905038714408875
0.6861138343811035,	0.45905038714408875
0.6861012578010559,	0.45905038714408875
0.6860889196395874,	0.45884305238723755
0.6860751509666443,	0.4582210183143616
0.6860623955726624,	0.4582210183143616
0.6860507726669312,	0.45842835307121277
0.6860386729240417,	0.45884305238723755
0.6860266327857971,	0.45905038714408875
0.6860142350196838,	0.45905038714408875
0.686002254486084,	0.45925772190093994
0.685988187789917,	0.45905038714408875
0.6859760880470276,	0.45946505665779114
0.6859642863273621,	0.45946505665779114
0.685953676700592,	0.45967239141464233
0.6859418153762817,	0.45967239141464233
0.6859288215637207,	0.4598797559738159
0.6859150528907776,	0.4600870907306671
0.6859027743339539,	0.4598797559738159
0.6858906745910645,	0.4598797559738159
0.6858782172203064,	0.4600870907306671
0.6858671307563782,	0.4600870907306671
0.6858552694320679,	0.4600870907306671
0.6858436465263367,	0.4600870907306671
0.6858313679695129,	0.4600870907306671
0.6858190298080444,	0.4602944254875183
0.6858070492744446,	0.4600870907306671
0.6857951879501343,	0.4600870907306671
0.6857825517654419,	0.4600870907306671
0.6857714056968689,	0.4600870907306671
0.6857595443725586,	0.4600870907306671
0.6857480406761169,	0.4598797559738159
0.6857365965843201,	0.4598797559738159
0.685723602771759,	0.4598797559738159
0.6857120990753174,	0.4598797559738159
0.6857008337974548,	0.4598797559738159
0.6856890320777893,	0.4602944254875183
0.6856764554977417,	0.4607090950012207
0.6856655478477478,	0.4609164297580719
0.6856544017791748,	0.4611237943172455
0.685642421245575,	0.4611237943172455
0.6856313347816467,	0.4611237943172455
0.6856191158294678,	0.4613311290740967
0.6856080889701843,	0.4613311290740967
0.6855947971343994,	0.4607090950012207
0.6855849623680115,	0.4609164297580719
0.6855732798576355,	0.4609164297580719
0.6855607628822327,	0.4613311290740967
0.685549795627594,	0.4611237943172455
0.6855385899543762,	0.4613311290740967
0.685527503490448,	0.4613311290740967
0.6855146884918213,	0.4613311290740967
0.6855038404464722,	0.46195313334465027
0.6854935884475708,	0.46257516741752625
0.6854819655418396,	0.46257516741752625
0.6854714751243591,	0.46257516741752625
0.6854606866836548,	0.46257516741752625
0.6854493021965027,	0.46257516741752625
0.6854367852210999,	0.46257516741752625
0.6854242086410522,	0.46278250217437744
0.685413122177124,	0.46278250217437744
0.6854037642478943,	0.46298983693122864
0.6853930950164795,	0.46298983693122864
0.6853814721107483,	0.46319717168807983
0.6853690147399902,	0.46319717168807983
0.6853579878807068,	0.46319717168807983
0.6853476762771606,	0.46319717168807983
0.6853356957435608,	0.46340450644493103
0.6853253841400146,	0.46340450644493103
0.6853141784667969,	0.46340450644493103
0.6853033900260925,	0.4636118710041046
0.6852923035621643,	0.4636118710041046
0.6852812170982361,	0.4636118710041046
0.6852701902389526,	0.4636118710041046
0.6852587461471558,	0.4636118710041046
0.6852487921714783,	0.4638192057609558
0.6852372288703918,	0.4638192057609558
0.685228705406189,	0.464026540517807
0.6852167844772339,	0.4642338752746582
0.6852060556411743,	0.4644412100315094
0.6851946711540222,	0.4646485447883606
0.6851845383644104,	0.4648559093475342
0.6851741075515747,	0.4650632441043854
0.6851625442504883,	0.4650632441043854
0.6851518750190735,	0.4650632441043854
0.6851403713226318,	0.4652705788612366
0.68513023853302,	0.4652705788612366
0.6851202249526978,	0.4652705788612366
0.6851092576980591,	0.4652705788612366
0.6850980520248413,	0.4652705788612366
0.6850882172584534,	0.4652705788612366
0.6850779056549072,	0.4652705788612366
0.6850674152374268,	0.4652705788612366
0.6850568652153015,	0.4652705788612366
0.685046911239624,	0.4652705788612366
0.6850364804267883,	0.4652705788612366
0.6850253939628601,	0.46547791361808777
0.6850148439407349,	0.4652705788612366
0.685005247592926,	0.4652705788612366
0.6849933862686157,	0.46547791361808777
0.68498295545578,	0.46547791361808777
0.6849727630615234,	0.46547791361808777
0.6849627494812012,	0.46568524837493896
0.684952437877655,	0.46568524837493896
0.684942364692688,	0.46568524837493896
0.6849328279495239,	0.46589258313179016
0.6849215030670166,	0.46609994769096375
0.6849121451377869,	0.46609994769096375
0.684902548789978,	0.46630728244781494
0.6848917007446289,	0.46651461720466614
0.6848818063735962,	0.46651461720466614
0.6848713159561157,	0.46672195196151733
0.6848615407943726,	0.46672195196151733
0.6848514080047607,	0.4671366512775421
0.6848418712615967,	0.4673439860343933
0.6848312616348267,	0.4675513207912445
0.6848214268684387,	0.4677586555480957
0.6848112940788269,	0.4679659903049469
0.6848005652427673,	0.4679659903049469
0.6847909688949585,	0.4681733250617981
0.6847808361053467,	0.4681733250617981
0.6847695112228394,	0.4681733250617981
0.6847604513168335,	0.4685880243778229
0.6847505569458008,	0.4687953591346741
0.6847406029701233,	0.46900269389152527
0.6847302913665771,	0.46900269389152527
0.6847206950187683,	0.46900269389152527
0.6847111582756042,	0.46900269389152527
0.6847015619277954,	0.46900269389152527
0.6846930980682373,	0.46921002864837646
0.684682309627533,	0.46941736340522766
0.6846726536750793,	0.46962472796440125
0.6846622824668884,	0.46962472796440125
0.6846528649330139,	0.46962472796440125
0.6846421957015991,	0.46983206272125244
0.6846325397491455,	0.46983206272125244
0.6846226453781128,	0.47024673223495483
0.684613823890686,	0.47003939747810364
0.6846029758453369,	0.47003939747810364
0.6845932006835938,	0.4706614017486572
0.6845844984054565,	0.4708687663078308
0.6845747828483582,	0.4708687663078308
0.6845661997795105,	0.4708687663078308
0.6845563650131226,	0.4708687663078308
0.6845463514328003,	0.4706614017486572
0.6845371723175049,	0.4708687663078308
0.684526801109314,	0.471076101064682
0.6845170259475708,	0.4712834358215332
0.6845075488090515,	0.4708687663078308
0.684498131275177,	0.471076101064682
0.684488832950592,	0.4712834358215332
0.6844790577888489,	0.4712834358215332
0.6844697594642639,	0.4712834358215332
0.6844611763954163,	0.4712834358215332
0.6844508647918701,	0.4712834358215332
0.684441864490509,	0.4712834358215332
0.6844329237937927,	0.4714907705783844
0.6844233274459839,	0.4712834358215332
0.6844143867492676,	0.4712834358215332
0.6844046711921692,	0.4714907705783844
0.6843942403793335,	0.4721128046512604
0.6843847036361694,	0.4721128046512604
0.6843766570091248,	0.4723201394081116
0.6843668818473816,	0.4723201394081116
0.6843580603599548,	0.4723201394081116
0.6843492984771729,	0.4723201394081116
0.6843395233154297,	0.4723201394081116
0.6843299865722656,	0.4723201394081116
0.6843206286430359,	0.4723201394081116
0.6843107342720032,	0.4721128046512604
0.6843038201332092,	0.4723201394081116
0.6842929124832153,	0.4723201394081116
0.6842842102050781,	0.4723201394081116
0.6842758655548096,	0.4723201394081116
0.6842665076255798,	0.4723201394081116
0.6842566132545471,	0.47314947843551636
0.6842488050460815,	0.47335684299468994
0.6842399835586548,	0.47335684299468994
0.6842300295829773,	0.47335684299468994
0.6842218041419983,	0.47356417775154114
0.6842113137245178,	0.47356417775154114
0.6842036247253418,	0.47356417775154114
0.6841952204704285,	0.47356417775154114
0.684185802936554,	0.47356417775154114
0.6841758489608765,	0.47377151250839233
0.6841673254966736,	0.47397884726524353
0.684158444404602,	0.47377151250839233
0.684149444103241,	0.47377151250839233
0.6841405034065247,	0.47377151250839233
0.6841318011283875,	0.47377151250839233
0.6841236352920532,	0.47397884726524353
0.6841140985488892,	0.4741861820220947
0.6841049790382385,	0.4741861820220947
0.6840962171554565,	0.4746008813381195
0.6840874552726746,	0.4746008813381195
0.6840785145759583,	0.4746008813381195
0.6840699315071106,	0.4746008813381195
0.6840611696243286,	0.4746008813381195
0.6840527653694153,	0.4748082160949707
0.684044599533081,	0.4748082160949707
0.6840355396270752,	0.4748082160949707
0.6840269565582275,	0.4750155508518219
0.6840177774429321,	0.4754302203655243
0.6840088963508606,	0.4754302203655243
0.6840007901191711,	0.4754302203655243
0.6839913129806519,	0.4754302203655243
0.6839829683303833,	0.4756375551223755
0.6839756369590759,	0.4758449196815491
0.6839659810066223,	0.4758449196815491
0.6839572787284851,	0.4758449196815491
0.6839495897293091,	0.4758449196815491
0.6839407682418823,	0.4758449196815491
0.6839331984519958,	0.4758449196815491
0.6839253902435303,	0.4758449196815491
0.6839169859886169,	0.47625958919525146
0.6839078068733215,	0.47625958919525146
0.6838994026184082,	0.47625958919525146
0.6838899850845337,	0.47625958919525146
0.6838811635971069,	0.47646692395210266
0.6838729381561279,	0.47605225443840027
0.6838640570640564,	0.47605225443840027
0.683856189250946,	0.47625958919525146
0.6838481426239014,	0.47625958919525146
0.6838396787643433,	0.47625958919525146
0.6838327050209045,	0.47625958919525146
0.6838239431381226,	0.47625958919525146
0.6838154196739197,	0.47625958919525146
0.6838083267211914,	0.47646692395210266
0.6837989091873169,	0.47667425870895386
0.6837902069091797,	0.47688162326812744
0.6837815642356873,	0.47688162326812744
0.6837737560272217,	0.47708895802497864
0.683764636516571,	0.47708895802497864
0.6837568283081055,	0.47729629278182983
0.6837482452392578,	0.47729629278182983
0.68374103307724,	0.47750362753868103
0.6837326288223267,	0.47750362753868103
0.6837238073348999,	0.47750362753868103
0.6837164759635925,	0.47750362753868103
0.6837087869644165,	0.47750362753868103
0.6837003231048584,	0.47729629278182983
0.6836925745010376,	0.47729629278182983
0.6836830377578735,	0.47729629278182983
0.6836754083633423,	0.47750362753868103
0.6836676597595215,	0.4779182970523834
0.6836596727371216,	0.4779182970523834
0.6836521029472351,	0.478125661611557
0.6836434602737427,	0.4785403311252594
0.683635413646698,	0.4785403311252594
0.6836270689964294,	0.4787476658821106
0.6836187243461609,	0.4789550006389618
0.6836112141609192,	0.479162335395813
0.6836028695106506,	0.479162335395813
0.6835951805114746,	0.479162335395813
0.6835876107215881,	0.479162335395813
0.6835789680480957,	0.4793696999549866
0.683570384979248,	0.47978436946868896
0.6835628747940063,	0.47957703471183777
0.6835549473762512,	0.47957703471183777
0.683546781539917,	0.47957703471183777
0.6835399866104126,	0.47957703471183777
0.6835322380065918,	0.47999170422554016
0.6835245490074158,	0.47999170422554016
0.6835170388221741,	0.47999170422554016
0.6835087537765503,	0.47999170422554016
0.6835006475448608,	0.47999170422554016
0.6834916472434998,	0.48019903898239136
0.683483362197876,	0.48040637373924255
0.6834774017333984,	0.48061373829841614
0.6834701299667358,	0.48082107305526733
0.6834622025489807,	0.48082107305526733
0.6834533214569092,	0.48082107305526733
0.6834461688995361,	0.48102840781211853
0.6834384799003601,	0.48102840781211853
0.6834316253662109,	0.48102840781211853
0.6834243535995483,	0.4814430773258209
0.6834162473678589,	0.4814430773258209
0.6834085583686829,	0.4814430773258209
0.6834009885787964,	0.4814430773258209
0.683393120765686,	0.4816504120826721
0.6833851337432861,	0.4816504120826721
0.6833769083023071,	0.4818577766418457
0.6833685040473938,	0.4818577766418457
0.6833614706993103,	0.4818577766418457
0.6833541393280029,	0.4818577766418457
0.6833464503288269,	0.4818577766418457
0.6833379864692688,	0.4822724461555481
0.6833311915397644,	0.4820651113986969
0.6833235025405884,	0.4822724461555481
0.6833169460296631,	0.4824797809123993
0.6833099126815796,	0.4826871156692505
0.6833016872406006,	0.4826871156692505
0.6832940578460693,	0.4826871156692505
0.6832858920097351,	0.4828944504261017
0.6832781434059143,	0.4826871156692505
0.683272659778595,	0.4826871156692505
0.6832652688026428,	0.4824797809123993
0.6832576394081116,	0.4824797809123993
0.6832495927810669,	0.4824797809123993
0.6832430958747864,	0.4824797809123993
0.6832358241081238,	0.4828944504261017
0.6832278966903687,	0.4828944504261017
0.6832209825515747,	0.4828944504261017
0.6832135915756226,	0.48310181498527527
0.6832061409950256,	0.4828944504261017
0.6831983923912048,	0.4828944504261017
0.6831914186477661,	0.4826871156692505
0.6831844449043274,	0.4826871156692505
0.6831766366958618,	0.4828944504261017
0.683169424533844,	0.4828944504261017
0.6831616759300232,	0.4828944504261017
0.6831539273262024,	0.48310181498527527
0.6831475496292114,	0.48310181498527527
0.6831397414207458,	0.4828944504261017
0.6831328868865967,	0.4826871156692505
0.6831263303756714,	0.4826871156692505
0.6831189393997192,	0.4824797809123993
0.6831123232841492,	0.4824797809123993
0.68310546875,	0.4824797809123993
0.6830968260765076,	0.4824797809123993
0.683089554309845,	0.4822724461555481
0.6830815076828003,	0.4822724461555481
0.6830750107765198,	0.4822724461555481
0.6830679178237915,	0.4822724461555481
0.6830611824989319,	0.4824797809123993
0.6830534934997559,	0.4828944504261017
0.6830475330352783,	0.4828944504261017
0.6830403208732605,	0.4828944504261017
0.6830319166183472,	0.4826871156692505
0.683025598526001,	0.4826871156692505
0.6830195188522339,	0.4826871156692505
0.6830130219459534,	0.4820651113986969
0.6830047369003296,	0.4820651113986969
0.6829979419708252,	0.4820651113986969
0.6829913258552551,	0.4822724461555481
0.6829848885536194,	0.4822724461555481
0.6829780340194702,	0.4822724461555481
0.6829711198806763,	0.4822724461555481
0.6829632520675659,	0.4824797809123993
0.6829560399055481,	0.4824797809123993
0.6829487681388855,	0.4826871156692505
0.6829414367675781,	0.4826871156692505
0.6829345226287842,	0.4824797809123993
0.6829274296760559,	0.4824797809123993
0.6829205751419067,	0.4824797809123993
0.6829131841659546,	0.4828944504261017
0.6829057335853577,	0.4828944504261017
0.6828999519348145,	0.4826871156692505
0.6828933358192444,	0.4826871156692505
0.6828861832618713,	0.4824797809123993
0.6828791499137878,	0.4824797809123993
0.6828732490539551,	0.4824797809123993
