Number of classes: 2
Elapsed time: 0:30:26.159870
Mini-batch size: 500
Number of epochs: 32
Learning rate: 0.08
Subset: large
------------------------------------
Testing accuracy: 0.5684254169464111
Training accuracy: 0.5746861100196838
------------------------------------
cost history,	validation history
0.811913013458252,	0.16635707020759583
0.704303503036499,	0.2487100064754486
0.6935864090919495,	0.2658410668373108
0.6928325295448303,	0.2753354012966156
0.6926628351211548,	0.2862745225429535
0.6923429369926453,	0.29164087772369385
0.6920929551124573,	0.3009288012981415
0.6917567849159241,	0.30732715129852295
0.6915573477745056,	0.31475749611854553
0.6913422346115112,	0.3228070139884949
0.6911050081253052,	0.3285861611366272
0.6909240484237671,	0.3347781300544739
0.6906691193580627,	0.34241485595703125
0.6905526518821716,	0.35108357667922974
0.6902810335159302,	0.35562434792518616
0.6900131106376648,	0.3622291088104248
0.6897387504577637,	0.366976261138916
0.6895619034767151,	0.3719298243522644
0.6894347071647644,	0.3758513927459717
0.68910813331604,	0.3791537582874298
0.6890102624893188,	0.38328173756599426
0.6888601183891296,	0.38679051399230957
0.6886489391326904,	0.38926729559898376
0.688526451587677,	0.39318886399269104
0.6882843971252441,	0.3960784375667572
0.6881370544433594,	0.3977296054363251
0.6880619525909424,	0.40020638704299927
0.687834620475769,	0.4033023715019226
0.6877602338790894,	0.4043343663215637
0.6874902844429016,	0.40660473704338074
0.6873620748519897,	0.4084623456001282
0.6873028874397278,	0.41114550828933716
0.6870859265327454,	0.4142414927482605
0.6869557499885559,	0.4144478738307953
0.6866965889930725,	0.41836944222450256
0.6867778301239014,	0.41960784792900085
0.6865406036376953,	0.42187821865081787
0.6861727237701416,	0.4239422082901001
0.6860086917877197,	0.4262125790119171
0.6858470439910889,	0.42703819274902344
0.6855181455612183,	0.4288957715034485
0.6854653358459473,	0.43054696917533875
0.6852225065231323,	0.43281733989715576
0.6848023533821106,	0.4326109290122986
0.6847274303436279,	0.4359133243560791
0.6845386624336243,	0.4396284818649292
0.6843633651733398,	0.4398348927497864
0.68409264087677,	0.44272446632385254
0.6842868328094482,	0.4445820450782776
0.6841873526573181,	0.44520124793052673
0.6841933131217957,	0.4445820450782776
0.6843174695968628,	0.4454076290130615
0.6845424771308899,	0.44623324275016785
0.6843655109405518,	0.4468524158000946
0.6846775412559509,	0.4472652077674866
0.6846112608909607,	0.4482972025871277
0.684329628944397,	0.45118677616119385
0.6842230558395386,	0.4478844106197357
0.6840712428092957,	0.44871002435684204
0.6839861869812012,	0.4501548111438751
0.6838603615760803,	0.4526315927505493
0.6836409568786621,	0.45448917150497437
0.6829103231430054,	0.4598555266857147
0.6836286187171936,	0.45572754740715027
0.6834636926651001,	0.46047472953796387
0.6828498244285583,	0.45964911580085754
0.6830334663391113,	0.46666666865348816
0.6828910112380981,	0.46460267901420593
0.6826583743095398,	0.45944273471832275
0.6825326681137085,	0.4526315927505493
0.6800423860549927,	0.47162023186683655
0.6811000108718872,	0.48833850026130676
0.6854592561721802,	0.478018581867218
0.6862503290176392,	0.45614033937454224
0.6833035945892334,	0.4732713997364044
0.6829941868782043,	0.47409701347351074
0.6829736232757568,	0.4759545922279358
0.682938277721405,	0.47739937901496887
0.6828668117523193,	0.47760578989982605
0.6829601526260376,	0.47843137383461
0.6828372478485107,	0.47843137383461
0.6828036308288574,	0.4794633686542511
0.6826958656311035,	0.48028895258903503
0.6827951073646545,	0.48028895258903503
0.6826056838035583,	0.4809081554412842
0.6824752688407898,	0.480701744556427
0.682450532913208,	0.4817337393760681
0.6823278069496155,	0.48235294222831726
0.6824718117713928,	0.4833849370479584
0.6824197173118591,	0.4842105209827423
0.6824881434440613,	0.4854489266872406
0.6824436783790588,	0.48586171865463257
0.6825277209281921,	0.48586171865463257
0.6825364828109741,	0.48627451062202454
0.6824004054069519,	0.48627451062202454
0.6822594404220581,	0.4854489266872406
0.6820567846298218,	0.4854489266872406
0.6819036602973938,	0.4856553077697754
0.6820382475852966,	0.48503610491752625
0.6820736527442932,	0.48482972383499146
0.6820882558822632,	0.4856553077697754
0.6819576621055603,	0.4852425158023834
0.6819050908088684,	0.4856553077697754
0.6818163394927979,	0.4852425158023834
0.6816571950912476,	0.4852425158023834
0.6814463138580322,	0.4844169318675995
0.681691586971283,	0.4854489266872406
0.681699275970459,	0.48503610491752625
0.6818931698799133,	0.4852425158023834
0.681824803352356,	0.4829721450805664
0.6816275715827942,	0.4856553077697754
0.6814562678337097,	0.48586171865463257
0.6813480257987976,	0.4854489266872406
0.6814225316047668,	0.48606809973716736
0.6812258958816528,	0.48586171865463257
0.6812459230422974,	0.4844169318675995
0.6812691688537598,	0.48586171865463257
0.6814115047454834,	0.4844169318675995
0.6813496947288513,	0.4842105209827423
0.681279718875885,	0.48503610491752625
0.6813728213310242,	0.4879257082939148
0.6816973090171814,	0.48957687616348267
0.6818890571594238,	0.4879257082939148
0.6818037629127502,	0.4864809215068817
0.6816986203193665,	0.490402489900589
0.6811220645904541,	0.49102166295051575
0.6810898780822754,	0.49432405829429626
0.6812904477119446,	0.4937048554420471
0.6809915900230408,	0.494943231344223
0.6805389523506165,	0.49473685026168823
0.6804024577140808,	0.49349844455718994
0.6805184483528137,	0.4916408658027649
0.6807664632797241,	0.4914344549179077
0.6808909177780151,	0.4928792715072632
0.6811773777008057,	0.49329206347465515
0.6808674335479736,	0.49102166295051575
0.6807241439819336,	0.492672860622406
0.6804516911506653,	0.493085652589798
0.6805894374847412,	0.49432405829429626
0.680683434009552,	0.4928792715072632
0.6814397573471069,	0.4916408658027649
0.6821684241294861,	0.4916408658027649
0.6800755858421326,	0.4939112365245819
0.6816161870956421,	0.4961816370487213
0.6805569529533386,	0.4928792715072632
0.6816737055778503,	0.5003095865249634
0.682670533657074,	0.5044375658035278
0.685947060585022,	0.4864809215068817
0.6797230839729309,	0.48730650544166565
0.6796522736549377,	0.48730650544166565
0.6796340346336365,	0.4877192974090576
0.6797069907188416,	0.48833850026130676
0.6796282529830933,	0.48854488134384155
0.6796362996101379,	0.4891640841960907
0.6794914603233337,	0.48957687616348267
0.6794241070747375,	0.48998966813087463
0.6793729662895203,	0.49081528186798096
0.6793317794799805,	0.49081528186798096
0.6794506311416626,	0.4912280738353729
0.6795380115509033,	0.49102166295051575
0.679755687713623,	0.49102166295051575
0.6797387599945068,	0.49102166295051575
0.6796996593475342,	0.4914344549179077
0.6797423362731934,	0.49184727668762207
0.6796168684959412,	0.4916408658027649
0.6796522736549377,	0.49226006865501404
0.6797769665718079,	0.49246644973754883
0.6796419024467468,	0.49226006865501404
0.6796183586120605,	0.49184727668762207
0.6796314716339111,	0.493085652589798
0.6796589493751526,	0.4928792715072632
0.6795530319213867,	0.493085652589798
0.6796709299087524,	0.492672860622406
0.6795044541358948,	0.49246644973754883
0.6793000102043152,	0.49329206347465515
0.67906653881073,	0.4939112365245819
0.6790202260017395,	0.4937048554420471
0.6791948080062866,	0.4939112365245819
0.6792817115783691,	0.4939112365245819
0.6793182492256165,	0.49432405829429626
0.6794023513793945,	0.49432405829429626
0.6794276833534241,	0.494943231344223
0.679507851600647,	0.4961816370487213
0.679425060749054,	0.49597522616386414
0.6795006990432739,	0.4961816370487213
0.6794774532318115,	0.49680083990097046
0.6793287396430969,	0.4972136318683624
0.6792578101158142,	0.4972136318683624
0.6794235110282898,	0.4976264238357544
0.6789684295654297,	0.4972136318683624
0.6790037155151367,	0.49680083990097046
0.6784991025924683,	0.4972136318683624
0.678368866443634,	0.4972136318683624
0.6781644225120544,	0.4986584186553955
0.677862823009491,	0.4988647997379303
0.6773762106895447,	0.4988647997379303
0.677608847618103,	0.4990712106227875
0.677853524684906,	0.49948400259017944
0.6774889230728149,	0.49948400259017944
0.6774722337722778,	0.4996904134750366
0.6777665615081787,	0.4996904134750366
0.6768912672996521,	0.5011351704597473
0.6774685978889465,	0.5017544031143188
0.6772434115409851,	0.5017544031143188
0.677676260471344,	0.49948400259017944
0.6781670451164246,	0.4996904134750366
0.6777231097221375,	0.4990712106227875
0.6774028539657593,	0.5011351704597473
0.6782909631729126,	0.5007224082946777
0.6779805421829224,	0.501960813999176
0.6772663593292236,	0.5017544031143188
0.6784394979476929,	0.49824562668800354
0.6794496774673462,	0.5017544031143188
0.6794161200523376,	0.50278639793396
0.6800222992897034,	0.5034055709838867
0.6799557209014893,	0.5023735761642456
0.6803801655769348,	0.5034055709838867
0.6800930500030518,	0.5029927492141724
0.6799683570861816,	0.5042311549186707
0.6824927926063538,	0.50278639793396
0.6865701675415039,	0.5013415813446045
0.6847770810127258,	0.5031991600990295
0.6780529022216797,	0.5029927492141724
0.6778813600540161,	0.5052631497383118
0.6777229309082031,	0.504643976688385
0.677618682384491,	0.5058823823928833
0.6777151823043823,	0.5060887336730957
0.6777409315109253,	0.5062951445579529
0.6778082847595215,	0.5065015554428101
0.6777634024620056,	0.5058823823928833
0.6779031157493591,	0.5069143176078796
0.6778596639633179,	0.5069143176078796
0.6777315735816956,	0.5075335502624512
0.6776044964790344,	0.5081527233123779
0.6775489449501038,	0.5083591341972351
0.6774481534957886,	0.5087719559669495
0.6775058507919312,	0.5089783072471619
0.6773684620857239,	0.5075335502624512
0.6773856282234192,	0.5089783072471619
0.6772261261940002,	0.5089783072471619
0.6771455407142639,	0.5085655450820923
0.6770426034927368,	0.509184718132019
0.6769562363624573,	0.5095975399017334
0.6772153377532959,	0.5093911290168762
0.6771782040596008,	0.5098039507865906
0.6771460771560669,	0.5098039507865906
0.6771734356880188,	0.5108358860015869
0.6770848035812378,	0.5108358860015869
0.677189290523529,	0.5112487077713013
0.6772179007530212,	0.5114551186561584
0.6769261360168457,	0.511867880821228
0.6770497560501099,	0.5114551186561584
0.6769533157348633,	0.5116615295410156
0.6773934960365295,	0.5120742917060852
0.6773935556411743,	0.5124871134757996
0.6774610877037048,	0.511867880821228
0.67728191614151,	0.5120742917060852
0.6773668527603149,	0.5126935243606567
0.677295446395874,	0.5128998756408691
0.6771106123924255,	0.5128998756408691
0.6768764853477478,	0.5126935243606567
0.6768426895141602,	0.5120742917060852
0.6770391464233398,	0.5133126974105835
0.6769463419914246,	0.5131062865257263
0.6770868897438049,	0.5131062865257263
0.6771736145019531,	0.5133126974105835
0.6775305271148682,	0.5137255191802979
0.6775341629981995,	0.5135191082954407
0.6774210333824158,	0.5133126974105835
0.6777403950691223,	0.5128998756408691
0.6776829957962036,	0.5131062865257263
0.6777124404907227,	0.5137255191802979
0.6772926449775696,	0.5143446922302246
0.6768252849578857,	0.5137255191802979
0.6770204305648804,	0.5131062865257263
0.677213191986084,	0.5162022709846497
0.676925778388977,	0.5164086818695068
0.6769963502883911,	0.516615092754364
0.6769235730171204,	0.5159958600997925
0.6771108508110046,	0.5143446922302246
0.6767504215240479,	0.5151702761650085
0.6772468090057373,	0.5153766870498657
0.677595317363739,	0.5157894492149353
0.6779099106788635,	0.5178534388542175
0.677517294883728,	0.5184726715087891
0.677172064781189,	0.516615092754364
0.676975667476654,	0.5164086818695068
0.677216649055481,	0.5176470875740051
0.6765373349189758,	0.5184726715087891
0.6762344837188721,	0.5203302502632141
0.677495002746582,	0.521981418132782
0.6766874194145203,	0.5248709917068481
0.6782244443893433,	0.523838996887207
0.6821656227111816,	0.5217750072479248
0.6832898855209351,	0.5275541543960571
0.6765124201774597,	0.5283797979354858
0.6784400939941406,	0.5188854336738586
0.6767557859420776,	0.5159958600997925
0.6767137050628662,	0.5164086818695068
0.6766409873962402,	0.516615092754364
0.6766178011894226,	0.5172342658042908
0.6767263412475586,	0.5170278549194336
0.6767253875732422,	0.5170278549194336
0.6767966747283936,	0.5172342658042908
0.6766554713249207,	0.5172342658042908
0.6767199039459229,	0.5172342658042908
0.6767203211784363,	0.5172342658042908
0.6766291856765747,	0.5176470875740051
0.6764428019523621,	0.5178534388542175
0.6764735579490662,	0.5180598497390747
0.6764388680458069,	0.5178534388542175
0.6765527725219727,	0.5178534388542175
0.6766207218170166,	0.5176470875740051
0.6764888167381287,	0.5180598497390747
0.6763038635253906,	0.5180598497390747
0.6763651371002197,	0.5180598497390747
0.6763477325439453,	0.5182662606239319
0.6759698987007141,	0.5178534388542175
0.6760869026184082,	0.5182662606239319
0.6761102676391602,	0.5178534388542175
0.6760669350624084,	0.5180598497390747
0.6761873960494995,	0.5182662606239319
0.6762059926986694,	0.5186790227890015
0.6761208772659302,	0.5186790227890015
0.6761010885238647,	0.5190918445587158
0.6760478019714355,	0.5190918445587158
0.6760349869728088,	0.5182662606239319
0.6761054992675781,	0.5176470875740051
0.6760365962982178,	0.5188854336738586
0.6757558584213257,	0.5178534388542175
0.6756005883216858,	0.5178534388542175
0.6752206087112427,	0.5182662606239319
0.6752222180366516,	0.5180598497390747
0.675317108631134,	0.5190918445587158
0.6754722595214844,	0.5197110176086426
0.6753726601600647,	0.519298255443573
0.6751500964164734,	0.5215686559677124
0.6745725870132446,	0.5197110176086426
0.6744962334632874,	0.5199174284934998
0.6740522980690002,	0.5201238393783569
0.6741426587104797,	0.5203302502632141
0.6744340658187866,	0.5203302502632141
0.674380898475647,	0.5203302502632141
0.6743086576461792,	0.521155834197998
0.6739193797111511,	0.5209494233131409
0.6739132404327393,	0.5197110176086426
0.6740939021110535,	0.5201238393783569
0.6740793585777283,	0.5203302502632141
0.6739972233772278,	0.5205366611480713
0.6745004057884216,	0.5205366611480713
0.6749664545059204,	0.5207430124282837
0.6750355362892151,	0.5207430124282837
0.6753674149513245,	0.5203302502632141
0.6757465600967407,	0.5205366611480713
0.6755346059799194,	0.5203302502632141
0.6750948429107666,	0.5205366611480713
0.6754009127616882,	0.5213622450828552
0.674933671951294,	0.5207430124282837
0.674918532371521,	0.519298255443573
0.6744604706764221,	0.5205366611480713
0.6746447682380676,	0.5207430124282837
0.6749509572982788,	0.5215686559677124
0.6743546724319458,	0.5223942399024963
0.6740409731864929,	0.521155834197998
0.6732365489006042,	0.5228070020675659
0.6733734011650085,	0.524664580821991
0.6761009693145752,	0.5240454077720642
0.6779166460037231,	0.521981418132782
0.6723315119743347,	0.5236325860023499
0.6728008389472961,	0.5240454077720642
0.6767585277557373,	0.5232198238372803
0.675628662109375,	0.521981418132782
0.6757057309150696,	0.5215686559677124
0.6757222414016724,	0.521981418132782
0.6758098006248474,	0.5223942399024963
0.6758642792701721,	0.5226005911827087
0.6759359836578369,	0.5226005911827087
0.675942063331604,	0.5232198238372803
0.6759853959083557,	0.5230134129524231
0.6760556101799011,	0.5236325860023499
0.6758695244789124,	0.523838996887207
0.6758289337158203,	0.5240454077720642
0.6758705377578735,	0.5242518186569214
0.6757000684738159,	0.524664580821991
0.6756699085235596,	0.5242518186569214
0.6756711602210999,	0.5254902243614197
0.6753895282745361,	0.5252838134765625
0.6753100156784058,	0.5248709917068481
0.6749764084815979,	0.5250774025917053
0.6748701930046082,	0.5240454077720642
0.6749708652496338,	0.5250774025917053
0.6749365329742432,	0.5244582295417786
0.6752364635467529,	0.524664580821991
0.6752587556838989,	0.524664580821991
0.6751745343208313,	0.5248709917068481
0.6750967502593994,	0.5250774025917053
0.6751945614814758,	0.5244582295417786
0.6754267811775208,	0.524664580821991
0.6754361987113953,	0.5250774025917053
0.675351083278656,	0.5252838134765625
0.6756335496902466,	0.5254902243614197
0.6760498285293579,	0.5261093974113464
0.6762657165527344,	0.5263158082962036
0.6764209866523743,	0.5261093974113464
0.6763584017753601,	0.5259029865264893
0.6766367554664612,	0.5254902243614197
0.6765000224113464,	0.5259029865264893
0.6763582825660706,	0.5256965756416321
0.6763100624084473,	0.5254902243614197
0.6761893630027771,	0.526522159576416
0.6760571599006653,	0.5259029865264893
0.6759882569313049,	0.5261093974113464
0.6762044429779053,	0.526522159576416
0.6757692694664001,	0.5261093974113464
0.6756340861320496,	0.5261093974113464
0.6756481528282166,	0.5261093974113464
0.6756517291069031,	0.5267285704612732
0.6755020022392273,	0.5267285704612732
0.6756431460380554,	0.5273478031158447
0.6759464144706726,	0.5273478031158447
0.6755685806274414,	0.5277605652809143
0.6752215027809143,	0.5275541543960571
0.6753383874893188,	0.5275541543960571
0.6752689480781555,	0.5281733870506287
0.6746420860290527,	0.5269349813461304
0.6748225688934326,	0.5281733870506287
0.6753899455070496,	0.5269349813461304
0.6748207807540894,	0.5279669761657715
0.6746365427970886,	0.5281733870506287
0.675143837928772,	0.5287925601005554
0.6755195260047913,	0.5281733870506287
0.6746485233306885,	0.5277605652809143
0.6750009059906006,	0.5281733870506287
0.6755096316337585,	0.5277605652809143
0.6771627068519592,	0.5273478031158447
0.6772971153259277,	0.5275541543960571
0.6773004531860352,	0.5289989709854126
0.6761412024497986,	0.5283797979354858
0.6771884560585022,	0.5285861492156982
0.6752102375030518,	0.5287925601005554
0.6744982004165649,	0.5283797979354858
0.6730941534042358,	0.5273478031158447
0.6733753681182861,	0.526522159576416
0.6636331677436829,	0.5240454077720642
0.678907573223114,	0.5277605652809143
0.6750296950340271,	0.5296181440353394
0.6747329831123352,	0.5283797979354858
0.6747708320617676,	0.5269349813461304
0.6747373342514038,	0.5275541543960571
0.6746599674224854,	0.5273478031158447
0.6745899319648743,	0.5273478031158447
0.6745496392250061,	0.5273478031158447
0.6745308041572571,	0.5279669761657715
0.6746596693992615,	0.5281733870506287
0.6746901273727417,	0.5283797979354858
0.6745968461036682,	0.5281733870506287
0.6742970943450928,	0.5283797979354858
0.6743234395980835,	0.5279669761657715
0.6742139458656311,	0.5289989709854126
0.6741752624511719,	0.5285861492156982
0.6744810938835144,	0.5285861492156982
0.6745408773422241,	0.5287925601005554
0.6747104525566101,	0.5285861492156982
0.6744884252548218,	0.5296181440353394
0.6744927167892456,	0.5304437279701233
0.6745685935020447,	0.5306501388549805
0.6748760938644409,	0.5306501388549805
0.6749506592750549,	0.5310629606246948
0.6748051643371582,	0.5308565497398376
0.6746850609779358,	0.5306501388549805
0.6747586727142334,	0.5316821336746216
0.6745273470878601,	0.5316821336746216
0.6746799349784851,	0.5314757227897644
0.6748548150062561,	0.5314757227897644
0.6750183701515198,	0.5308565497398376
0.675159752368927,	0.531269371509552
0.675136387348175,	0.531269371509552
0.6747488975524902,	0.5308565497398376
0.6745994091033936,	0.5308565497398376
0.6745564341545105,	0.5310629606246948
0.6742100715637207,	0.5310629606246948
0.6744396686553955,	0.5316821336746216
0.6740941405296326,	0.5316821336746216
0.6741914749145508,	0.5314757227897644
0.6743251085281372,	0.531269371509552
0.6741690635681152,	0.5316821336746216
0.674163281917572,	0.5318885445594788
0.6739545464515686,	0.5314757227897644
0.6743969917297363,	0.5320949554443359
0.6746056079864502,	0.531269371509552
0.6740555167198181,	0.5329205393791199
0.6733372211456299,	0.5316821336746216
0.6730750799179077,	0.5318885445594788
0.6725969910621643,	0.5318885445594788
0.6732663512229919,	0.5318885445594788
0.6734775900840759,	0.533126950263977
0.6743185520172119,	0.5320949554443359
0.6742673516273499,	0.5310629606246948
0.6741061210632324,	0.5308565497398376
0.6747617125511169,	0.5304437279701233
0.6749635934829712,	0.5316821336746216
0.673827052116394,	0.5341589450836182
0.6738162636756897,	0.5320949554443359
0.6729546189308167,	0.5327141284942627
0.6733830571174622,	0.5345717072486877
0.6719792485237122,	0.5351909399032593
0.6707603931427002,	0.5349845290184021
0.6707022190093994,	0.5356037020683289
0.6709890961647034,	0.5368421077728271
0.6708875894546509,	0.5378741025924683
0.6702767610549927,	0.5382868647575378
0.6701996326446533,	0.538493275642395
0.6696572303771973,	0.5380805134773254
0.6666126847267151,	0.538493275642395
0.6669063568115234,	0.538493275642395
0.6704577803611755,	0.5382868647575378
0.6708465218544006,	0.535810112953186
0.6757937073707581,	0.538493275642395
0.6747680306434631,	0.5337461233139038
0.6739792823791504,	0.5351909399032593
0.6740550398826599,	0.5356037020683289
0.6739845871925354,	0.5345717072486877
0.6740127801895142,	0.5347781181335449
0.6740841269493103,	0.5353972911834717
0.6739333868026733,	0.5353972911834717
0.673987090587616,	0.5351909399032593
0.6739947199821472,	0.5356037020683289
0.6740385890007019,	0.5345717072486877
0.6742509007453918,	0.5347781181335449
0.6741377711296082,	0.5349845290184021
0.6741600632667542,	0.5351909399032593
0.6741496920585632,	0.5356037020683289
0.6740780472755432,	0.5356037020683289
0.67408686876297,	0.535810112953186
0.6739447116851807,	0.5353972911834717
0.6739720106124878,	0.5347781181335449
0.6740974187850952,	0.5349845290184021
0.6742560863494873,	0.5347781181335449
0.6742662191390991,	0.5347781181335449
0.6743233799934387,	0.5351909399032593
0.6740891337394714,	0.5347781181335449
0.6740533709526062,	0.5347781181335449
0.6739176511764526,	0.5353972911834717
0.6737520694732666,	0.5347781181335449
0.6741380095481873,	0.5353972911834717
0.6742900013923645,	0.5362229347229004
0.6742057204246521,	0.5368421077728271
0.6741727590560913,	0.5368421077728271
0.6740385890007019,	0.5368421077728271
0.673995852470398,	0.5372549295425415
0.6738280057907104,	0.5372549295425415
0.6737133860588074,	0.5370485186576843
0.6737462282180786,	0.5374612808227539
0.6737508177757263,	0.53663569688797
0.6737648844718933,	0.5370485186576843
0.67400723695755,	0.5378741025924683
0.6741028428077698,	0.5372549295425415
0.6739229559898376,	0.5374612808227539
0.673722505569458,	0.5376676917076111
0.6735260486602783,	0.5380805134773254
0.6733255982398987,	0.5378741025924683
0.6733435392379761,	0.5378741025924683
0.6735740900039673,	0.5380805134773254
0.67429518699646,	0.5378741025924683
0.67473304271698,	0.5380805134773254
0.6741492748260498,	0.538493275642395
0.6740067005157471,	0.538493275642395
0.6739633679389954,	0.5389060974121094
0.6740292310714722,	0.5389060974121094
0.6744502782821655,	0.5386996865272522
0.6743274331092834,	0.5391125082969666
0.6746836304664612,	0.5391125082969666
0.6741704940795898,	0.538493275642395
0.6737555861473083,	0.5386996865272522
0.6732334494590759,	0.5386996865272522
0.6739334464073181,	0.539318859577179
0.6743200421333313,	0.5391125082969666
0.674455463886261,	0.5389060974121094
0.6745525002479553,	0.5386996865272522
0.6751604080200195,	0.539318859577179
0.6749827265739441,	0.5372549295425415
0.6754594445228577,	0.5370485186576843
0.6748281717300415,	0.5372549295425415
0.674690842628479,	0.53663569688797
0.6764062643051147,	0.5370485186576843
0.6756907105445862,	0.5374612808227539
0.6745483875274658,	0.5378741025924683
0.6729424595832825,	0.5374612808227539
0.6754209399223328,	0.5378741025924683
0.677939772605896,	0.5403508543968201
0.6810545921325684,	0.5409700870513916
0.6905510425567627,	0.5370485186576843
0.6746217608451843,	0.5370485186576843
0.6736379861831665,	0.5380805134773254
0.6736573576927185,	0.5386996865272522
0.6735759377479553,	0.5389060974121094
0.6736569404602051,	0.5386996865272522
0.6735346913337708,	0.5380805134773254
0.6735898852348328,	0.538493275642395
0.6732714772224426,	0.538493275642395
0.6731308698654175,	0.538493275642395
0.6731422543525696,	0.5391125082969666
0.6730643510818481,	0.5391125082969666
0.6730548739433289,	0.539318859577179
0.6730265021324158,	0.5391125082969666
0.6729424595832825,	0.5391125082969666
0.672745943069458,	0.5382868647575378
0.6729341149330139,	0.5391125082969666
0.6729450821876526,	0.5391125082969666
0.6726699471473694,	0.539318859577179
0.6726738810539246,	0.5386996865272522
0.6726419925689697,	0.5374612808227539
0.6727005839347839,	0.5376676917076111
0.672643780708313,	0.5374612808227539
0.6727700233459473,	0.5374612808227539
0.6728379726409912,	0.5378741025924683
0.6727632880210876,	0.5380805134773254
0.6729792952537537,	0.5378741025924683
0.6729289293289185,	0.5386996865272522
0.6726980209350586,	0.5382868647575378
0.6727399230003357,	0.5389060974121094
0.6727870106697083,	0.5389060974121094
0.6729698777198792,	0.5386996865272522
0.672964870929718,	0.539318859577179
0.6728144288063049,	0.5397316813468933
0.6728822588920593,	0.5395252704620361
0.67304927110672,	0.5399380922317505
0.6729781031608582,	0.539318859577179
0.6730575561523438,	0.5389060974121094
0.6728653907775879,	0.5391125082969666
0.672663688659668,	0.5389060974121094
0.6727432608604431,	0.5389060974121094
0.6725618243217468,	0.5389060974121094
0.6723936200141907,	0.5405572652816772
0.6721132397651672,	0.5401445031166077
0.6720955967903137,	0.5397316813468933
0.6721872687339783,	0.5399380922317505
0.6719875931739807,	0.5405572652816772
0.6719684600830078,	0.5403508543968201
0.6713247895240784,	0.5405572652816772
0.6712819337844849,	0.5405572652816772
0.6712587475776672,	0.5407636761665344
0.671436071395874,	0.5401445031166077
0.671395480632782,	0.5407636761665344
0.6714057326316833,	0.5405572652816772
0.671868085861206,	0.5405572652816772
0.6724694967269897,	0.5409700870513916
0.6726472973823547,	0.5401445031166077
0.6730735898017883,	0.5403508543968201
0.6731695532798767,	0.5409700870513916
0.6729854345321655,	0.5405572652816772
0.6729474663734436,	0.5407636761665344
0.6726422905921936,	0.5407636761665344
0.6727228164672852,	0.5403508543968201
0.6726287007331848,	0.5417956709861755
0.6727097630500793,	0.5436532497406006
0.6734182238578796,	0.5428276658058167
0.6741231679916382,	0.5428276658058167
0.6738573908805847,	0.5422084331512451
0.6737058162689209,	0.5407636761665344
0.6742375493049622,	0.5401445031166077
0.6743384003639221,	0.5405572652816772
0.674498975276947,	0.5457172393798828
0.6775023937225342,	0.5446852445602417
0.6762434840202332,	0.5430340766906738
0.6587632298469543,	0.5391125082969666
0.6729370951652527,	0.5422084331512451
0.6727754473686218,	0.5413828492164612
0.6726319789886475,	0.5413828492164612
0.6725910902023315,	0.5420020818710327
0.6725429892539978,	0.5422084331512451
0.6723949313163757,	0.5422084331512451
0.6724528670310974,	0.5413828492164612
0.6724459528923035,	0.5413828492164612
0.6724337935447693,	0.5413828492164612
0.6723713278770447,	0.5417956709861755
0.6724076271057129,	0.5417956709861755
0.6721308827400208,	0.5409700870513916
0.672187864780426,	0.5401445031166077
0.6719576120376587,	0.5397316813468933
0.6720115542411804,	0.5405572652816772
0.6721358895301819,	0.5413828492164612
0.6721604466438293,	0.5411764979362488
0.6720015406608582,	0.5420020818710327
0.6720642447471619,	0.5422084331512451
0.6722911596298218,	0.5415892601013184
0.6719821691513062,	0.5426212549209595
0.671775758266449,	0.5436532497406006
0.6716674566268921,	0.5434468388557434
0.6713319420814514,	0.5428276658058167
0.6711054444313049,	0.5428276658058167
0.6708433032035828,	0.5422084331512451
0.6707672476768494,	0.5413828492164612
0.6707815527915955,	0.5422084331512451
0.6706568598747253,	0.5415892601013184
0.6706527471542358,	0.5417956709861755
0.6706711053848267,	0.5426212549209595
0.6708330512046814,	0.5430340766906738
0.6705838441848755,	0.5436532497406006
0.6706439256668091,	0.5434468388557434
0.6706751585006714,	0.5434468388557434
0.6707105040550232,	0.5434468388557434
0.67071533203125,	0.5424148440361023
0.6704726219177246,	0.5434468388557434
0.6702364683151245,	0.5420020818710327
0.670502245426178,	0.5422084331512451
0.670767605304718,	0.5424148440361023
0.6706920862197876,	0.5428276658058167
0.670620858669281,	0.5428276658058167
0.6700741648674011,	0.5440660715103149
0.6706599593162537,	0.5446852445602417
0.6708548069000244,	0.5442724227905273
0.6708844900131226,	0.5444788336753845
0.670405387878418,	0.545098066329956
0.6703854203224182,	0.5446852445602417
0.6697908043861389,	0.5448916554450989
0.6695138812065125,	0.5446852445602417
0.6694132089614868,	0.5430340766906738
0.6690406203269958,	0.5426212549209595
0.6686336398124695,	0.5428276658058167
0.6689168214797974,	0.5436532497406006
0.6680241823196411,	0.5430340766906738
0.6681392192840576,	0.5426212549209595
0.6675136089324951,	0.5424148440361023
0.6676867008209229,	0.5424148440361023
0.668067216873169,	0.5424148440361023
0.6689963936805725,	0.5426212549209595
0.6681260466575623,	0.5424148440361023
0.6682778000831604,	0.5424148440361023
0.6669338345527649,	0.5422084331512451
0.6669524312019348,	0.5428276658058167
0.6683116555213928,	0.5426212549209595
0.6689252257347107,	0.5430340766906738
0.6692668795585632,	0.5428276658058167
0.6691238284111023,	0.5434468388557434
0.6690055727958679,	0.54592365026474
0.6672734618186951,	0.5488132238388062
0.667107105255127,	0.5438596606254578
0.6656354069709778,	0.5428276658058167
0.6688879728317261,	0.545098066329956
0.672328531742096,	0.5473684072494507
0.6722261905670166,	0.5475748181343079
0.6721432209014893,	0.5473684072494507
0.6721478700637817,	0.5475748181343079
0.6720026135444641,	0.5475748181343079
0.6721990704536438,	0.5473684072494507
0.6721197366714478,	0.5469556450843811
0.672248125076294,	0.5471619963645935
0.672207772731781,	0.5475748181343079
0.6722728610038757,	0.5473684072494507
0.672260046005249,	0.5475748181343079
0.6721643805503845,	0.5473684072494507
0.6721197366714478,	0.5475748181343079
0.6721217036247253,	0.548606812953949
0.6722261905670166,	0.5484004020690918
0.6725047826766968,	0.5479876399040222
0.6727057695388794,	0.5481939911842346
0.6727066040039062,	0.547781229019165
0.672680675983429,	0.5481939911842346
0.6726795434951782,	0.5481939911842346
0.6726891994476318,	0.5479876399040222
0.6727049946784973,	0.547781229019165
0.6725274324417114,	0.5479876399040222
0.6725413203239441,	0.547781229019165
0.6726702451705933,	0.5494323968887329
0.6725844740867615,	0.5494323968887329
0.6727147102355957,	0.5479876399040222
0.6728143095970154,	0.547781229019165
0.6730247139930725,	0.5479876399040222
0.6729530096054077,	0.5473684072494507
0.6728852391242981,	0.547781229019165
0.6729801893234253,	0.5473684072494507
0.6730031967163086,	0.5471619963645935
0.6729516386985779,	0.5473684072494507
0.672909677028656,	0.5475748181343079
0.6729679107666016,	0.5481939911842346
0.6729621887207031,	0.5475748181343079
0.6731968522071838,	0.5473684072494507
0.6729686856269836,	0.5481939911842346
0.6733030080795288,	0.5475748181343079
0.6733585596084595,	0.5465428233146667
0.6728836297988892,	0.5467492341995239
0.6731320023536682,	0.5465428233146667
0.6734285950660706,	0.5467492341995239
0.6733280420303345,	0.5469556450843811
0.6733012199401855,	0.5471619963645935
0.6732645630836487,	0.5473684072494507
0.6736071705818176,	0.5463364124298096
0.6739875674247742,	0.5481939911842346
0.674498975276947,	0.5479876399040222
0.6746659278869629,	0.5484004020690918
0.6752046942710876,	0.5475748181343079
0.6755306124687195,	0.5473684072494507
0.6758388876914978,	0.5469556450843811
0.6758008003234863,	0.5484004020690918
0.67571622133255,	0.5469556450843811
0.6760809421539307,	0.5469556450843811
0.6762385964393616,	0.5473684072494507
0.6768010258674622,	0.5475748181343079
0.6768984198570251,	0.5469556450843811
0.6764001846313477,	0.5457172393798828
0.6762537956237793,	0.5467492341995239
0.6764605641365051,	0.5469556450843811
0.6768996119499207,	0.5471619963645935
0.6767386198043823,	0.5467492341995239
0.6756507158279419,	0.5467492341995239
0.6736882328987122,	0.54592365026474
0.6729317307472229,	0.5463364124298096
0.6721053719520569,	0.5471619963645935
0.6693159937858582,	0.5465428233146667
0.6697971820831299,	0.5469556450843811
0.670772135257721,	0.5465428233146667
0.6726527810096741,	0.5463364124298096
0.6794424653053284,	0.5455108284950256
0.673046350479126,	0.547781229019165
0.6717559099197388,	0.5479876399040222
0.6716814637184143,	0.547781229019165
0.6717668175697327,	0.5479876399040222
0.6718658804893494,	0.547781229019165
0.6719123721122742,	0.547781229019165
0.6720575094223022,	0.5475748181343079
0.6722548604011536,	0.547781229019165
0.6721604466438293,	0.5471619963645935
0.6721953749656677,	0.5469556450843811
0.672241747379303,	0.5471619963645935
0.6723738312721252,	0.5471619963645935
0.6724273562431335,	0.5475748181343079
0.6721916198730469,	0.5473684072494507
0.6722237467765808,	0.5475748181343079
0.6719532012939453,	0.5471619963645935
0.6721147894859314,	0.5473684072494507
0.6722568273544312,	0.5473684072494507
0.6725541353225708,	0.547781229019165
0.6726351976394653,	0.5473684072494507
0.6724926829338074,	0.5471619963645935
0.6723364591598511,	0.547781229019165
0.6727027297019958,	0.5475748181343079
0.6725236177444458,	0.5475748181343079
0.6724165081977844,	0.5479876399040222
0.6725794672966003,	0.5479876399040222
0.6725409030914307,	0.5475748181343079
0.6725332140922546,	0.5479876399040222
0.6724647879600525,	0.5484004020690918
0.6726133227348328,	0.547781229019165
0.6727566719055176,	0.5484004020690918
0.6725918650627136,	0.5484004020690918
0.672603189945221,	0.5481939911842346
0.6722753643989563,	0.547781229019165
0.6723291873931885,	0.5479876399040222
0.6722716093063354,	0.547781229019165
0.6720507144927979,	0.5479876399040222
0.6719663739204407,	0.547781229019165
0.671815037727356,	0.5490196347236633
0.6721416711807251,	0.5488132238388062
0.6722288131713867,	0.5488132238388062
0.6720691323280334,	0.5488132238388062
0.6723946332931519,	0.5494323968887329
0.6722443103790283,	0.5492259860038757
0.6723400354385376,	0.5490196347236633
0.6722742319107056,	0.5494323968887329
0.6727094054222107,	0.5494323968887329
0.6722812056541443,	0.5494323968887329
0.6723072528839111,	0.5496388077735901
0.6724916100502014,	0.5496388077735901
0.6724331974983215,	0.5496388077735901
0.673102617263794,	0.5500515699386597
0.6731022000312805,	0.5498452186584473
0.6723343133926392,	0.5496388077735901
0.6723142266273499,	0.5490196347236633
0.6726243495941162,	0.5492259860038757
0.6721019148826599,	0.5479876399040222
0.6719483733177185,	0.5479876399040222
0.6720633506774902,	0.5481939911842346
0.6722764372825623,	0.5479876399040222
0.6728811860084534,	0.5492259860038757
0.6732096076011658,	0.5494323968887329
0.6710635423660278,	0.5498452186584473
0.6702954769134521,	0.5490196347236633
0.6687619090080261,	0.5492259860038757
0.6679112315177917,	0.5488132238388062
0.6679502129554749,	0.550464391708374
0.667577862739563,	0.551289975643158
0.6666197180747986,	0.5527347922325134
0.66396164894104,	0.5506708025932312
0.6604141592979431,	0.5527347922325134
0.659275233745575,	0.5484004020690918
0.656854510307312,	0.5407636761665344
0.6498638391494751,	0.548606812953949
0.6715762615203857,	0.5508772134780884
0.6715162992477417,	0.550464391708374
0.6714723110198975,	0.5514963865280151
0.6716686487197876,	0.5514963865280151
0.6715090274810791,	0.5514963865280151
0.6713861227035522,	0.5510835647583008
0.6713244915008545,	0.5506708025932312
0.6715133190155029,	0.5506708025932312
0.6715347170829773,	0.551289975643158
0.6716170907020569,	0.550464391708374
0.6718104481697083,	0.5506708025932312
0.6719673275947571,	0.5510835647583008
0.671832263469696,	0.5510835647583008
0.6717215180397034,	0.551289975643158
0.6717650890350342,	0.5508772134780884
0.6716800332069397,	0.5510835647583008
0.6718903183937073,	0.5514963865280151
0.6716607809066772,	0.5521155595779419
0.6715083122253418,	0.5519092082977295
0.6715320348739624,	0.5514963865280151
0.671745240688324,	0.551289975643158
0.6714913249015808,	0.5514963865280151
0.6713104844093323,	0.5517027974128723
0.671478807926178,	0.5514963865280151
0.6715521216392517,	0.5519092082977295
0.6716732978820801,	0.5521155595779419
0.6714637875556946,	0.5517027974128723
0.6715052723884583,	0.5517027974128723
0.6715511679649353,	0.5521155595779419
0.6716349124908447,	0.5519092082977295
0.6712926030158997,	0.5517027974128723
0.6710590720176697,	0.5514963865280151
0.6711625456809998,	0.5521155595779419
0.6708859205245972,	0.5523219704627991
0.6712344288825989,	0.5523219704627991
0.6713522672653198,	0.5517027974128723
0.671549916267395,	0.5519092082977295
0.6714490056037903,	0.5519092082977295
0.6711641550064087,	0.5519092082977295
0.6716870069503784,	0.5517027974128723
0.6717774868011475,	0.5519092082977295
0.6719170212745667,	0.5517027974128723
0.6719440221786499,	0.551289975643158
0.6718142628669739,	0.5510835647583008
0.6715856790542603,	0.551289975643158
0.671554684638977,	0.551289975643158
0.6715109944343567,	0.5506708025932312
0.6710816025733948,	0.5490196347236633
0.6713075041770935,	0.5510835647583008
0.671278715133667,	0.5521155595779419
0.6714489459991455,	0.5502579808235168
0.6717944741249084,	0.5498452186584473
0.6719449758529663,	0.5496388077735901
0.6719071865081787,	0.5502579808235168
0.6726055145263672,	0.5506708025932312
0.672775149345398,	0.5490196347236633
0.6724503040313721,	0.5500515699386597
0.6734749674797058,	0.5521155595779419
0.6738497614860535,	0.5508772134780884
0.6736752390861511,	0.5517027974128723
0.6738834381103516,	0.5514963865280151
0.6730760931968689,	0.5517027974128723
0.6726951003074646,	0.5519092082977295
0.6726489067077637,	0.5508772134780884
0.6736235022544861,	0.5510835647583008
0.6746569275856018,	0.551289975643158
0.6730992794036865,	0.551289975643158
0.673901379108429,	0.550464391708374
0.6734258532524109,	0.5506708025932312
0.6743066310882568,	0.5510835647583008
0.6762338876724243,	0.5500515699386597
0.6774677634239197,	0.5508772134780884
0.6687363386154175,	0.5521155595779419
0.6685166358947754,	0.539318859577179
0.6740638613700867,	0.5494323968887329
0.6712501049041748,	0.5502579808235168
0.6709666848182678,	0.5510835647583008
0.6709516048431396,	0.5508772134780884
0.6709218621253967,	0.550464391708374
0.6711108684539795,	0.5498452186584473
0.6709317564964294,	0.5498452186584473
0.6708657145500183,	0.5506708025932312
0.670913577079773,	0.5506708025932312
0.670796275138855,	0.5510835647583008
0.6707377433776855,	0.5508772134780884
0.6706591844558716,	0.550464391708374
0.6706230044364929,	0.550464391708374
0.6706830263137817,	0.5506708025932312
0.6708030104637146,	0.550464391708374
0.670875072479248,	0.5498452186584473
0.670708954334259,	0.5502579808235168
0.6706091165542603,	0.550464391708374
0.6706185936927795,	0.550464391708374
0.6709557175636292,	0.5500515699386597
0.6709648370742798,	0.5502579808235168
0.6710148453712463,	0.5502579808235168
0.6713405251502991,	0.5494323968887329
0.6713322401046753,	0.5494323968887329
0.6713932752609253,	0.5490196347236633
0.6712958216667175,	0.5494323968887329
0.6712276935577393,	0.5494323968887329
0.6709762811660767,	0.5498452186584473
0.6709875464439392,	0.5500515699386597
0.6711411476135254,	0.5502579808235168
0.6712278127670288,	0.5498452186584473
0.6707375049591064,	0.5498452186584473
0.6707040667533875,	0.5502579808235168
0.6707736253738403,	0.550464391708374
0.6708861589431763,	0.5500515699386597
0.6706051230430603,	0.5500515699386597
0.6706565618515015,	0.5500515699386597
0.670324981212616,	0.5500515699386597
0.6707767844200134,	0.550464391708374
0.6704251766204834,	0.5502579808235168
0.6703285574913025,	0.5514963865280151
0.6703387498855591,	0.5508772134780884
0.6703113317489624,	0.5506708025932312
0.6706686019897461,	0.5517027974128723
0.6706864237785339,	0.5510835647583008
0.6710911393165588,	0.5510835647583008
0.671242892742157,	0.5510835647583008
0.6708309054374695,	0.551289975643158
0.670806884765625,	0.5510835647583008
0.6709892749786377,	0.5527347922325134
0.6713563203811646,	0.5502579808235168
0.6712153553962708,	0.5496388077735901
0.6711075901985168,	0.5506708025932312
0.6716225147247314,	0.5508772134780884
0.672121524810791,	0.5519092082977295
0.6722016334533691,	0.5519092082977295
0.6723538041114807,	0.5510835647583008
0.6718928813934326,	0.5517027974128723
0.6721485257148743,	0.5508772134780884
0.672672688961029,	0.5529412031173706
0.6708869338035583,	0.5519092082977295
0.671406090259552,	0.5517027974128723
0.6703895926475525,	0.5506708025932312
0.6715618371963501,	0.5498452186584473
0.6710978746414185,	0.5500515699386597
0.6714528799057007,	0.5498452186584473
0.6708766222000122,	0.5527347922325134
0.6711997985839844,	0.553147554397583
0.6714211106300354,	0.5525283813476562
0.6702097058296204,	0.5529412031173706
0.6697328686714172,	0.551289975643158
0.6727838516235352,	0.5502579808235168
0.672020435333252,	0.5506708025932312
0.6748166680335999,	0.5510835647583008
0.6706477999687195,	0.5527347922325134
0.6703545451164246,	0.5529412031173706
0.6703245639801025,	0.553147554397583
0.6702999472618103,	0.553147554397583
0.6703293919563293,	0.5533539652824402
0.6702020168304443,	0.553147554397583
0.6702219843864441,	0.5533539652824402
0.6702761650085449,	0.553147554397583
0.6702741980552673,	0.553147554397583
0.6701487302780151,	0.5527347922325134
0.6701751351356506,	0.5523219704627991
0.670343816280365,	0.5523219704627991
0.6700953841209412,	0.5519092082977295
0.6701207160949707,	0.5521155595779419
0.6702404022216797,	0.5521155595779419
0.6702139377593994,	0.5521155595779419
0.6704251170158386,	0.5514963865280151
0.6701251864433289,	0.5514963865280151
0.6700594425201416,	0.5517027974128723
0.6699466705322266,	0.5519092082977295
0.6700243353843689,	0.5529412031173706
0.6697720885276794,	0.5525283813476562
0.6695836186408997,	0.5523219704627991
0.6695848703384399,	0.5521155595779419
0.6694726943969727,	0.5525283813476562
0.669395923614502,	0.5519092082977295
0.6692565679550171,	0.5519092082977295
0.669431209564209,	0.5523219704627991
0.6691681146621704,	0.5523219704627991
0.6692430973052979,	0.5529412031173706
0.6690052151679993,	0.5529412031173706
0.6689817309379578,	0.5529412031173706
0.668862521648407,	0.5527347922325134
0.6688575744628906,	0.5545923709869385
0.6691368818283081,	0.5545923709869385
0.6693452596664429,	0.5545923709869385
0.669696569442749,	0.5539731979370117
0.6694271564483643,	0.5533539652824402
0.6694684028625488,	0.5539731979370117
0.6693792939186096,	0.5541795492172241
0.6691603064537048,	0.5537667870521545
0.6688045859336853,	0.5541795492172241
0.6683915853500366,	0.5537667870521545
0.6682038903236389,	0.5545923709869385
0.6681756973266602,	0.5543859601020813
0.6683231592178345,	0.5550051331520081
0.6685150861740112,	0.5550051331520081
0.6681948900222778,	0.5547987818717957
0.6675670146942139,	0.5547987818717957
0.6677517890930176,	0.5552115440368652
0.6678684949874878,	0.5541795492172241
0.6683390736579895,	0.5554179549217224
0.6686483025550842,	0.5547987818717957
0.6681883931159973,	0.5552115440368652
0.6686693429946899,	0.5545923709869385
0.6685906648635864,	0.5537667870521545
0.6691915392875671,	0.5547987818717957
0.6692121028900146,	0.5545923709869385
0.6690731644630432,	0.5541795492172241
0.6708226203918457,	0.5552115440368652
0.670846164226532,	0.5550051331520081
0.6711227297782898,	0.5550051331520081
0.670476496219635,	0.5547987818717957
0.6704963445663452,	0.5545923709869385
0.6696423292160034,	0.5552115440368652
0.6695021986961365,	0.5543859601020813
0.6703568696975708,	0.5550051331520081
0.6692172288894653,	0.5537667870521545
0.6691702008247375,	0.5519092082977295
0.6667975187301636,	0.5525283813476562
0.6666680574417114,	0.5543859601020813
0.6668611168861389,	0.5527347922325134
0.6652933359146118,	0.5587203502655029
0.6757716536521912,	0.5529412031173706
0.6783881187438965,	0.5517027974128723
0.670319676399231,	0.5539731979370117
0.6700742244720459,	0.5535603761672974
0.6699987649917603,	0.5537667870521545
0.6700590252876282,	0.5541795492172241
0.6699998378753662,	0.5539731979370117
0.6700725555419922,	0.5537667870521545
0.6700932383537292,	0.5539731979370117
0.6699787974357605,	0.5552115440368652
0.6700564622879028,	0.5547987818717957
0.6703624725341797,	0.5541795492172241
0.6703811883926392,	0.5545923709869385
0.6702405214309692,	0.5550051331520081
0.6703811883926392,	0.5547987818717957
0.6705966591835022,	0.5552115440368652
0.670149028301239,	0.5552115440368652
0.6702616214752197,	0.5554179549217224
0.6700835824012756,	0.5552115440368652
0.6701083779335022,	0.5545923709869385
0.6699138283729553,	0.5547987818717957
0.6698773503303528,	0.5547987818717957
0.6702509522438049,	0.5554179549217224
0.6702289581298828,	0.5547987818717957
0.6703215837478638,	0.5547987818717957
0.670253574848175,	0.5550051331520081
0.6699448823928833,	0.5545923709869385
0.6697971820831299,	0.5552115440368652
0.6697922348976135,	0.5550051331520081
0.6697959303855896,	0.5543859601020813
0.6699351072311401,	0.5545923709869385
0.6700307726860046,	0.5547987818717957
0.6701111793518066,	0.5543859601020813
0.6701757907867432,	0.5554179549217224
0.6702818870544434,	0.5554179549217224
0.6703776717185974,	0.5550051331520081
0.6704562306404114,	0.5552115440368652
0.6706799268722534,	0.5552115440368652
0.6706379652023315,	0.5556243658065796
0.6703518033027649,	0.5552115440368652
0.6705428957939148,	0.5560371279716492
0.6707834005355835,	0.5554179549217224
0.6710515022277832,	0.5554179549217224
0.671001136302948,	0.5554179549217224
0.6710380911827087,	0.5556243658065796
0.671133279800415,	0.5560371279716492
0.6709622740745544,	0.5560371279716492
0.6709727048873901,	0.5550051331520081
0.6709553003311157,	0.5541795492172241
0.6709127426147461,	0.5545923709869385
0.6700642704963684,	0.5545923709869385
0.6700593829154968,	0.5556243658065796
0.6699004173278809,	0.5550051331520081
0.6694080233573914,	0.5552115440368652
0.6694843173027039,	0.5552115440368652
0.6695454120635986,	0.5554179549217224
0.6698901057243347,	0.5545923709869385
0.669749915599823,	0.5550051331520081
0.6692303419113159,	0.5545923709869385
0.6692447066307068,	0.5541795492172241
0.6704896688461304,	0.5550051331520081
0.6701852679252625,	0.5547987818717957
0.6699564456939697,	0.5547987818717957
0.6701325178146362,	0.5545923709869385
0.6701145768165588,	0.5539731979370117
0.6700199246406555,	0.5541795492172241
0.6697556972503662,	0.5543859601020813
0.6693754196166992,	0.5552115440368652
0.6670017242431641,	0.5556243658065796
0.667539119720459,	0.5576883554458618
0.667514979839325,	0.5583075284957886
0.6674744486808777,	0.5576883554458618
0.6722233891487122,	0.5585139393806458
0.6743917465209961,	0.5587203502655029
0.6693464517593384,	0.553147554397583
0.672592282295227,	0.5560371279716492
0.6701841354370117,	0.5560371279716492
0.6702691316604614,	0.5566563606262207
0.6702371835708618,	0.5556243658065796
0.6703115701675415,	0.5568627715110779
0.6702274680137634,	0.5572755336761475
0.6701904535293579,	0.5572755336761475
0.6703063249588013,	0.5566563606262207
0.6702200174331665,	0.5568627715110779
0.6702079772949219,	0.5568627715110779
0.6700201034545898,	0.5562435388565063
0.6699486374855042,	0.5564499497413635
0.6700850129127502,	0.5572755336761475
0.6698341369628906,	0.5574819445610046
0.669762372970581,	0.557894766330719
0.6696107387542725,	0.557894766330719
0.6696394681930542,	0.5572755336761475
0.6697424054145813,	0.5566563606262207
0.6697160005569458,	0.5570691227912903
0.6698840856552124,	0.5568627715110779
0.6695721745491028,	0.557894766330719
0.669390857219696,	0.5576883554458618
0.6693402528762817,	0.5583075284957886
0.6694265604019165,	0.5583075284957886
0.6693514585494995,	0.5585139393806458
0.6692231297492981,	0.5581011176109314
0.6691773533821106,	0.5581011176109314
0.6691099405288696,	0.5585139393806458
0.6690731644630432,	0.5591331124305725
0.6689288020133972,	0.5589267015457153
0.6688928604125977,	0.5589267015457153
0.6686227321624756,	0.5585139393806458
0.6686732769012451,	0.5589267015457153
0.6689118146896362,	0.5585139393806458
0.6688565015792847,	0.5585139393806458
0.6687161326408386,	0.5583075284957886
0.6688733696937561,	0.5583075284957886
0.6692613363265991,	0.5585139393806458
0.6692609786987305,	0.5583075284957886
0.6691319942474365,	0.5583075284957886
0.6691215634346008,	0.5581011176109314
0.6691009402275085,	0.5583075284957886
0.668953001499176,	0.5585139393806458
0.6687201857566833,	0.5587203502655029
0.6685881018638611,	0.5591331124305725
0.6683895587921143,	0.5589267015457153
0.6685662269592285,	0.5587203502655029
0.6688041090965271,	0.5585139393806458
0.6686828136444092,	0.5589267015457153
0.6692442893981934,	0.5581011176109314
0.6692897081375122,	0.5589267015457153
0.6691126227378845,	0.5591331124305725
0.6688748002052307,	0.5589267015457153
0.66905677318573,	0.5589267015457153
0.6689857840538025,	0.5587203502655029
0.669444739818573,	0.5593395233154297
0.6695417165756226,	0.5589267015457153
0.6696104407310486,	0.5589267015457153
0.6694443821907043,	0.5595459342002869
0.6695526242256165,	0.5591331124305725
0.668746829032898,	0.5589267015457153
0.6675595641136169,	0.5601651072502136
0.6679203510284424,	0.5601651072502136
0.6678982973098755,	0.5585139393806458
0.6692093014717102,	0.5576883554458618
0.6682220101356506,	0.5576883554458618
0.6669301986694336,	0.559752345085144
0.6671421527862549,	0.5572755336761475
0.667477548122406,	0.5585139393806458
0.6651372909545898,	0.5601651072502136
0.6692222952842712,	0.560577929019928
0.6663858294487,	0.5566563606262207
0.6700626611709595,	0.5556243658065796
0.6644331812858582,	0.5475748181343079
0.6734216213226318,	0.5564499497413635
0.670072615146637,	0.5601651072502136
0.6699097156524658,	0.5595459342002869
0.6697399616241455,	0.5599586963653564
0.6697478890419006,	0.5599586963653564
0.6699264049530029,	0.559752345085144
0.6698805689811707,	0.5599586963653564
0.6699555516242981,	0.5603715181350708
0.6700655817985535,	0.5607843399047852
0.6700824499130249,	0.5607843399047852
0.6701458692550659,	0.5607843399047852
0.670154333114624,	0.560577929019928
0.6700934171676636,	0.5603715181350708
0.6702043414115906,	0.560577929019928
0.6701034307479858,	0.5607843399047852
0.6702388525009155,	0.5607843399047852
0.670128345489502,	0.5609906911849976
0.670322060585022,	0.5607843399047852
0.6702881455421448,	0.5601651072502136
0.66977858543396,	0.559752345085144
0.6697120666503906,	0.5601651072502136
0.6701273322105408,	0.560577929019928
0.6703980565071106,	0.5601651072502136
0.6703386306762695,	0.5603715181350708
0.6701645851135254,	0.5603715181350708
0.6702725887298584,	0.5603715181350708
0.6700764894485474,	0.5601651072502136
0.6698739528656006,	0.5611971020698547
0.669766902923584,	0.5611971020698547
0.669890284538269,	0.5611971020698547
0.6702253818511963,	0.5607843399047852
0.6707473993301392,	0.5616099238395691
0.6705862283706665,	0.5618163347244263
0.6706998348236084,	0.5609906911849976
0.6705872416496277,	0.5611971020698547
0.6706052422523499,	0.560577929019928
0.6709509491920471,	0.5616099238395691
0.6712424755096436,	0.5616099238395691
0.6711140871047974,	0.5603715181350708
0.6710774302482605,	0.5603715181350708
0.6710163354873657,	0.5603715181350708
0.6712775230407715,	0.5607843399047852
0.6714569330215454,	0.5595459342002869
0.6712008118629456,	0.559752345085144
0.6711294054985046,	0.559752345085144
0.6712329387664795,	0.5599586963653564
0.6710808873176575,	0.5599586963653564
0.6715099811553955,	0.559752345085144
0.671885073184967,	0.5599586963653564
0.6714292168617249,	0.5589267015457153
0.6712765693664551,	0.5599586963653564
0.6707538366317749,	0.5595459342002869
0.6701443791389465,	0.5601651072502136
0.670404314994812,	0.5599586963653564
0.6703426241874695,	0.5599586963653564
0.6703953146934509,	0.5599586963653564
0.6701157689094543,	0.560577929019928
0.6697965860366821,	0.559752345085144
0.6703300476074219,	0.560577929019928
0.6702998280525208,	0.5599586963653564
0.6708219051361084,	0.5599586963653564
0.6711004376411438,	0.5601651072502136
0.6720952987670898,	0.5607843399047852
0.6713404655456543,	0.5593395233154297
0.6718088388442993,	0.5595459342002869
0.6721639037132263,	0.5583075284957886
0.6733834743499756,	0.5591331124305725
0.67343670129776,	0.560577929019928
0.6730454564094543,	0.5607843399047852
0.6694605946540833,	0.5595459342002869
0.668902575969696,	0.5599586963653564
0.6749956607818604,	0.5558307766914368
0.6741414666175842,	0.5568627715110779
0.6869441866874695,	0.5556243658065796
0.6702306866645813,	0.557894766330719
0.669410765171051,	0.560577929019928
0.669502854347229,	0.5609906911849976
0.6693781614303589,	0.5601651072502136
0.669398844242096,	0.5595459342002869
0.6694496273994446,	0.5593395233154297
0.6694654226303101,	0.5595459342002869
0.6692908406257629,	0.5601651072502136
0.6693975925445557,	0.5591331124305725
0.6692071557044983,	0.5589267015457153
0.6692052483558655,	0.5595459342002869
0.6694027781486511,	0.5587203502655029
0.6696214079856873,	0.5589267015457153
0.669679582118988,	0.5581011176109314
0.6695981025695801,	0.557894766330719
0.6693019866943359,	0.557894766330719
0.6693549752235413,	0.5585139393806458
0.669140636920929,	0.5583075284957886
0.6688706278800964,	0.5576883554458618
0.6687836050987244,	0.5591331124305725
0.6689595580101013,	0.5583075284957886
0.6691227555274963,	0.5587203502655029
0.6690606474876404,	0.5587203502655029
0.6689028143882751,	0.5595459342002869
0.6685213446617126,	0.5593395233154297
0.66826331615448,	0.5591331124305725
0.667771577835083,	0.5589267015457153
0.6677055358886719,	0.5589267015457153
0.6676419377326965,	0.5587203502655029
0.6672459244728088,	0.5589267015457153
0.667323887348175,	0.5589267015457153
0.6671168804168701,	0.5593395233154297
0.6670611500740051,	0.5587203502655029
0.6671894788742065,	0.5587203502655029
0.6671773791313171,	0.5589267015457153
0.6669443845748901,	0.5587203502655029
0.6666823625564575,	0.5589267015457153
0.6668474674224854,	0.5591331124305725
0.6665681004524231,	0.5593395233154297
0.666508674621582,	0.5599586963653564
0.6667917370796204,	0.5593395233154297
0.6668242812156677,	0.5595459342002869
0.666394829750061,	0.5595459342002869
0.666862964630127,	0.5601651072502136
0.667068362236023,	0.5609906911849976
0.6672500967979431,	0.5601651072502136
0.667109489440918,	0.560577929019928
0.6670847535133362,	0.5607843399047852
0.6675110459327698,	0.5603715181350708
0.668119490146637,	0.560577929019928
0.6682230234146118,	0.5609906911849976
0.6687475442886353,	0.5609906911849976
0.6692495346069336,	0.5609906911849976
0.6689531207084656,	0.5609906911849976
0.6689279079437256,	0.560577929019928
0.6688169240951538,	0.5601651072502136
0.6685217022895813,	0.5607843399047852
0.6683093905448914,	0.5614035129547119
0.6680939197540283,	0.5607843399047852
0.6678999066352844,	0.5611971020698547
0.6682144999504089,	0.5614035129547119
0.6687580943107605,	0.5611971020698547
0.6692326068878174,	0.560577929019928
0.6694480776786804,	0.5630546808242798
0.6701054573059082,	0.5620226860046387
0.6714717149734497,	0.5620226860046387
0.673065185546875,	0.5622290968894958
0.6702762842178345,	0.5628482699394226
0.6694263219833374,	0.5618163347244263
0.6683160662651062,	0.5601651072502136
0.667407214641571,	0.5581011176109314
0.6652433276176453,	0.5576883554458618
0.6705640554428101,	0.5609906911849976
0.6744723320007324,	0.559752345085144
0.6702637076377869,	0.5620226860046387
0.669486403465271,	0.5609906911849976
0.6695572137832642,	0.5614035129547119
0.6693154573440552,	0.5609906911849976
0.6693236827850342,	0.5607843399047852
0.669457197189331,	0.5603715181350708
0.6694696545600891,	0.5607843399047852
0.6695573925971985,	0.5609906911849976
0.6693165302276611,	0.5607843399047852
0.6691611409187317,	0.5618163347244263
0.6689677834510803,	0.5620226860046387
0.6688187718391418,	0.5618163347244263
0.6688214540481567,	0.5618163347244263
0.6689954996109009,	0.5611971020698547
0.6691164970397949,	0.5616099238395691
0.6689280867576599,	0.5614035129547119
0.6689971685409546,	0.5616099238395691
0.6688909530639648,	0.5616099238395691
0.6690232157707214,	0.5618163347244263
0.6688933372497559,	0.5620226860046387
0.6688706278800964,	0.5620226860046387
0.6689769625663757,	0.5614035129547119
0.6687536239624023,	0.5616099238395691
0.6689709424972534,	0.5616099238395691
0.6693191528320312,	0.5614035129547119
0.669304609298706,	0.5622290968894958
0.6697695851325989,	0.5618163347244263
0.6700301170349121,	0.5622290968894958
0.6701080203056335,	0.5618163347244263
0.6700617074966431,	0.5620226860046387
0.6702802777290344,	0.5616099238395691
0.6706579923629761,	0.5618163347244263
0.6707136631011963,	0.5618163347244263
0.6710733771324158,	0.5622290968894958
0.6713351011276245,	0.562435507774353
0.6713089942932129,	0.5628482699394226
0.6714711785316467,	0.5622290968894958
0.6712148785591125,	0.5622290968894958
0.6708146929740906,	0.5626419186592102
0.6707424521446228,	0.562435507774353
0.6706467270851135,	0.5628482699394226
0.6707343459129333,	0.5620226860046387
0.6709814071655273,	0.562435507774353
0.6709479093551636,	0.5622290968894958
0.6712628602981567,	0.5620226860046387
0.6716193556785583,	0.562435507774353
0.6715613603591919,	0.562435507774353
0.6713353991508484,	0.562435507774353
0.6705737113952637,	0.5628482699394226
0.6707764267921448,	0.5628482699394226
0.6706755757331848,	0.5626419186592102
0.6706060767173767,	0.5626419186592102
0.6714094877243042,	0.5626419186592102
0.6711813807487488,	0.5626419186592102
0.6716852784156799,	0.5622290968894958
0.6714629530906677,	0.5626419186592102
0.6718096137046814,	0.5620226860046387
0.67266446352005,	0.5616099238395691
0.6729509234428406,	0.5616099238395691
0.6732080578804016,	0.562435507774353
0.6730380058288574,	0.5616099238395691
0.6728100180625916,	0.5616099238395691
0.6722598671913147,	0.5611971020698547
0.672761857509613,	0.562435507774353
0.6753714680671692,	0.5611971020698547
0.6755827069282532,	0.5640866756439209
0.6768729090690613,	0.5649122595787048
0.6772279143333435,	0.5626419186592102
0.677565336227417,	0.563261091709137
0.6772793531417847,	0.5620226860046387
0.6730615496635437,	0.5616099238395691
0.6675263047218323,	0.5558307766914368
0.664513885974884,	0.560577929019928
0.6643253564834595,	0.5649122595787048
0.6692370176315308,	0.5649122595787048
0.6691550016403198,	0.5653250813484192
0.6692541837692261,	0.565118670463562
0.6693811416625977,	0.5644994974136353
0.6696093082427979,	0.5642930865287781
0.669634997844696,	0.5647059082984924
0.6696174144744873,	0.5638802647590637
0.6697072982788086,	0.5638802647590637
0.669507622718811,	0.5634675025939941
0.6695141196250916,	0.5638802647590637
0.6694584488868713,	0.5638802647590637
0.6695306301116943,	0.5640866756439209
0.6697420477867126,	0.5642930865287781
0.669455349445343,	0.5638802647590637
0.6695875525474548,	0.5634675025939941
0.6693418622016907,	0.563261091709137
0.6692877411842346,	0.5638802647590637
0.669259786605835,	0.5644994974136353
0.669228732585907,	0.563261091709137
0.6690630316734314,	0.5628482699394226
0.6691780090332031,	0.562435507774353
0.669310450553894,	0.5638802647590637
0.6694514155387878,	0.5640866756439209
0.6693993806838989,	0.5640866756439209
0.6693404316902161,	0.5644994974136353
0.669403076171875,	0.5640866756439209
0.6694628000259399,	0.5642930865287781
0.6696887016296387,	0.5644994974136353
0.6694138050079346,	0.5647059082984924
0.6692412495613098,	0.5649122595787048
0.6692562699317932,	0.5653250813484192
0.6691888570785522,	0.5653250813484192
0.6692363023757935,	0.565118670463562
0.6692585945129395,	0.5653250813484192
0.6691168546676636,	0.5647059082984924
0.6690981984138489,	0.565118670463562
0.6691932678222656,	0.5644994974136353
0.6692655086517334,	0.5649122595787048
0.6691724061965942,	0.5653250813484192
0.6694523692131042,	0.5644994974136353
0.6692718863487244,	0.565118670463562
0.6695540547370911,	0.565118670463562
0.6700919270515442,	0.5644994974136353
0.6698915958404541,	0.5649122595787048
0.6702651977539062,	0.5649122595787048
0.6704198718070984,	0.5642930865287781
0.6703485250473022,	0.5644994974136353
0.6704124808311462,	0.565118670463562
0.6706207990646362,	0.565118670463562
0.6710463762283325,	0.5647059082984924
0.6710663437843323,	0.5642930865287781
0.6715898513793945,	0.5647059082984924
0.6714911460876465,	0.5649122595787048
0.6715092658996582,	0.5649122595787048
0.6709176301956177,	0.5655314922332764
0.670607328414917,	0.5649122595787048
0.670528769493103,	0.5657379031181335
0.6708228588104248,	0.5649122595787048
0.6704716682434082,	0.5640866756439209
0.6706421971321106,	0.5634675025939941
0.6704415082931519,	0.5634675025939941
0.6706008315086365,	0.5655314922332764
0.6706525087356567,	0.5653250813484192
0.6696494817733765,	0.565118670463562
0.6696922779083252,	0.5647059082984924
0.6693530678749084,	0.5636739134788513
0.6685762405395508,	0.5655314922332764
0.66844242811203,	0.5655314922332764
0.6706442832946777,	0.565118670463562
0.6706892251968384,	0.565118670463562
0.6723547577857971,	0.5653250813484192
0.6729822158813477,	0.5657379031181335
0.6760866641998291,	0.5644994974136353
0.6824746131896973,	0.557894766330719
0.6698688864707947,	0.5647059082984924
0.6686874628067017,	0.5655314922332764
0.668766438961029,	0.565944254398346
0.6687672734260559,	0.565944254398346
0.6686977744102478,	0.5653250813484192
0.668621838092804,	0.565944254398346
0.6685814261436462,	0.565944254398346
0.6686124205589294,	0.5653250813484192
0.6685853600502014,	0.565944254398346
0.6684757471084595,	0.5657379031181335
0.6685567498207092,	0.565118670463562
0.6683704257011414,	0.5647059082984924
0.6684668064117432,	0.5649122595787048
0.6685009598731995,	0.5653250813484192
0.6682541370391846,	0.5661506652832031
0.6684456467628479,	0.5653250813484192
0.6684224009513855,	0.5649122595787048
0.6682154536247253,	0.5649122595787048
0.6677423119544983,	0.5649122595787048
0.667715847492218,	0.5647059082984924
0.6676719188690186,	0.5640866756439209
0.6678415536880493,	0.5647059082984924
0.6677032709121704,	0.5640866756439209
0.6677666306495667,	0.5647059082984924
0.6678252816200256,	0.5640866756439209
0.6679883599281311,	0.5642930865287781
0.6676982641220093,	0.5642930865287781
0.6676962375640869,	0.5640866756439209
0.6678381562232971,	0.5640866756439209
0.6675612330436707,	0.5647059082984924
0.667740523815155,	0.5647059082984924
0.6676204800605774,	0.5655314922332764
0.6676705479621887,	0.565944254398346
0.6677637100219727,	0.565944254398346
0.6677826642990112,	0.5655314922332764
0.6672391891479492,	0.565118670463562
0.6671897172927856,	0.5653250813484192
0.6675545573234558,	0.5655314922332764
0.6671218276023865,	0.5657379031181335
0.6672516465187073,	0.5657379031181335
0.6675398349761963,	0.565944254398346
0.6674547791481018,	0.5657379031181335
0.6673212647438049,	0.5657379031181335
0.6672157049179077,	0.5667698383331299
0.6670811176300049,	0.5665634870529175
0.666804850101471,	0.5665634870529175
0.6672017574310303,	0.5663570761680603
0.6666958332061768,	0.5663570761680603
0.6667983531951904,	0.5667698383331299
0.6667693853378296,	0.5665634870529175
0.6668446660041809,	0.5667698383331299
0.6665224432945251,	0.5671826601028442
0.6655447483062744,	0.5661506652832031
0.6659457683563232,	0.5661506652832031
0.6660457253456116,	0.5665634870529175
0.6660467386245728,	0.565944254398346
0.6665810942649841,	0.565944254398346
0.6669305562973022,	0.5665634870529175
0.6679122447967529,	0.5667698383331299
0.6682745218276978,	0.5665634870529175
0.6685231924057007,	0.5665634870529175
0.668117344379425,	0.5657379031181335
0.6684598922729492,	0.565118670463562
0.6680365204811096,	0.5638802647590637
0.6687857508659363,	0.5661506652832031
0.6685622334480286,	0.5669762492179871
0.6683617234230042,	0.5686274766921997
0.6685337424278259,	0.5682146549224854
0.6674715876579285,	0.5692466497421265
0.6657204627990723,	0.5675954818725586
0.6680589318275452,	0.5657379031181335
0.6645206212997437,	0.5688338279724121
0.6683380007743835,	0.5661506652832031
0.6630350947380066,	0.5669762492179871
0.6686382293701172,	0.5665634870529175
0.6685289740562439,	0.5667698383331299
0.6684770584106445,	0.5671826601028442
0.6682316064834595,	0.5671826601028442
0.6681039929389954,	0.5680082440376282
0.6679537296295166,	0.5682146549224854
0.6678297519683838,	0.5680082440376282
0.6677514910697937,	0.5680082440376282
0.6676483750343323,	0.567801833152771
0.6674429178237915,	0.5673890709877014
0.6673606038093567,	0.5673890709877014
0.667340874671936,	0.5675954818725586
0.6675333976745605,	0.5673890709877014
0.6676388382911682,	0.5665634870529175
0.6676832437515259,	0.5665634870529175
0.6677231192588806,	0.5665634870529175
0.6677893400192261,	0.5667698383331299
0.6681992411613464,	0.5680082440376282
0.6684557199478149,	0.5680082440376282
0.668542742729187,	0.567801833152771
0.6687092781066895,	0.567801833152771
0.6688458323478699,	0.5673890709877014
0.6687992811203003,	0.5669762492179871
0.6691593527793884,	0.5673890709877014
0.6690438389778137,	0.5671826601028442
0.6689297556877136,	0.5671826601028442
0.6689489483833313,	0.5673890709877014
0.6688568592071533,	0.5665634870529175
0.6688405275344849,	0.5669762492179871
0.6691553592681885,	0.5669762492179871
0.6687880754470825,	0.5673890709877014
0.6682846546173096,	0.5665634870529175
0.6684350371360779,	0.5669762492179871
0.6684558391571045,	0.5663570761680603
0.6679736971855164,	0.5665634870529175
0.6678169369697571,	0.5665634870529175
0.667762815952301,	0.5665634870529175
0.6675578355789185,	0.5661506652832031
0.6673821210861206,	0.5661506652832031
0.6669647097587585,	0.5655314922332764
0.6668696403503418,	0.5647059082984924
0.6668384075164795,	0.5657379031181335
0.6668161749839783,	0.5657379031181335
0.667238712310791,	0.5653250813484192
0.6665396094322205,	0.5675954818725586
0.6666136980056763,	0.5680082440376282
0.666667640209198,	0.5675954818725586
0.6667520403862,	0.5673890709877014
0.6665905117988586,	0.567801833152771
0.6664268374443054,	0.567801833152771
0.666165828704834,	0.565944254398346
0.6654745936393738,	0.5669762492179871
0.6653262376785278,	0.5665634870529175
0.6651600003242493,	0.5675954818725586
0.6650663018226624,	0.5667698383331299
0.6653933525085449,	0.5663570761680603
0.6644616723060608,	0.5675954818725586
0.6642782092094421,	0.5675954818725586
0.6644207835197449,	0.5673890709877014
0.6653395891189575,	0.5661506652832031
0.6657355427742004,	0.5673890709877014
0.6650575995445251,	0.5661506652832031
0.6642709970474243,	0.5680082440376282
0.6635680198669434,	0.5675954818725586
0.6614890098571777,	0.565944254398346
0.6610482931137085,	0.565944254398346
0.6631031632423401,	0.5665634870529175
0.6632691025733948,	0.5655314922332764
0.6640129089355469,	0.5667698383331299
0.663785457611084,	0.5657379031181335
0.6637936234474182,	0.5665634870529175
0.6625011563301086,	0.5638802647590637
0.6636756658554077,	0.557894766330719
0.6626140475273132,	0.5436532497406006
0.6763192415237427,	0.5649122595787048
0.6686385273933411,	0.5667698383331299
0.6685824990272522,	0.567801833152771
0.668749213218689,	0.5682146549224854
0.6688410043716431,	0.5682146549224854
0.6688275933265686,	0.567801833152771
0.6687765717506409,	0.5682146549224854
0.6687262654304504,	0.5682146549224854
0.6686452031135559,	0.5675954818725586
0.6684598326683044,	0.567801833152771
0.6684185266494751,	0.5684210658073425
0.6682823896408081,	0.5684210658073425
0.6682090163230896,	0.5680082440376282
0.6681110858917236,	0.5675954818725586
0.6682660579681396,	0.5680082440376282
0.6684448719024658,	0.567801833152771
0.6684988141059875,	0.567801833152771
0.6687452793121338,	0.567801833152771
0.6685516834259033,	0.567801833152771
0.6685479879379272,	0.5680082440376282
0.6683201789855957,	0.5675954818725586
0.6683930158615112,	0.5675954818725586
0.6684586405754089,	0.567801833152771
0.6682711243629456,	0.5680082440376282
0.6682441234588623,	0.5673890709877014
0.6682702898979187,	0.5673890709877014
0.6678621768951416,	0.5673890709877014
0.6677486896514893,	0.5680082440376282
0.6678311228752136,	0.5680082440376282
0.6679549217224121,	0.5671826601028442
0.6676864624023438,	0.5673890709877014
0.6676648259162903,	0.5673890709877014
0.6678566932678223,	0.567801833152771
0.6676874756813049,	0.5675954818725586
0.6676480174064636,	0.5675954818725586
0.6679954528808594,	0.5673890709877014
0.668235182762146,	0.5671826601028442
0.6683144569396973,	0.5675954818725586
0.668133020401001,	0.5673890709877014
0.6679542660713196,	0.5671826601028442
0.6684362888336182,	0.567801833152771
0.668103039264679,	0.5680082440376282
0.6678430438041687,	0.5682146549224854
0.6678411364555359,	0.5680082440376282
0.6677762269973755,	0.5673890709877014
0.6679798364639282,	0.5675954818725586
0.6681308746337891,	0.5688338279724121
0.6684748530387878,	0.5686274766921997
0.668755292892456,	0.5684210658073425
0.6682971119880676,	0.5675954818725586
0.6689103245735168,	0.567801833152771
0.6684746742248535,	0.5673890709877014
0.6681594252586365,	0.5680082440376282
0.6681868433952332,	0.5675954818725586
0.6671517491340637,	0.5682146549224854
0.6663293838500977,	0.5684210658073425
0.6660996675491333,	0.5682146549224854
0.6658195853233337,	0.567801833152771
0.665744960308075,	0.5684210658073425
0.6648291349411011,	0.5680082440376282
0.6650606989860535,	0.5682146549224854
0.6664698123931885,	0.5682146549224854
0.6669230461120605,	0.5675954818725586
0.6663131713867188,	0.5673890709877014
0.6670675873756409,	0.567801833152771
0.6658036708831787,	0.5663570761680603
0.6672278046607971,	0.5675954818725586
0.6684873700141907,	0.5671826601028442
0.6676828265190125,	0.5667698383331299
0.6707628965377808,	0.5671826601028442
0.6719011664390564,	0.5642930865287781
0.6748594045639038,	0.5649122595787048
0.6797130107879639,	0.5657379031181335
0.6710590124130249,	0.5545923709869385
0.6701511144638062,	0.5665634870529175
0.6684430241584778,	0.5682146549224854
0.6683955192565918,	0.5684210658073425
0.6683098077774048,	0.5686274766921997
0.668442964553833,	0.5686274766921997
0.6683652400970459,	0.5686274766921997
0.6682120561599731,	0.5686274766921997
0.6682987213134766,	0.5686274766921997
0.6682692170143127,	0.5686274766921997
0.6682290434837341,	0.5688338279724121
0.6682960391044617,	0.5686274766921997
0.6684247255325317,	0.5684210658073425
0.6685009598731995,	0.5688338279724121
0.6686272621154785,	0.5688338279724121
0.6686203479766846,	0.5690402388572693
0.6688043475151062,	0.5690402388572693
0.6688892245292664,	0.5692466497421265
0.6691443920135498,	0.5694530606269836
0.6691668033599854,	0.5692466497421265
0.669189989566803,	0.5700722336769104
0.6691614985466003,	0.5690402388572693
0.6690160036087036,	0.5686274766921997
0.668968677520752,	0.5688338279724121
0.6688767075538635,	0.5692466497421265
0.6689680218696594,	0.5684210658073425
0.668896496295929,	0.5684210658073425
0.668707549571991,	0.5684210658073425
0.6687982082366943,	0.5688338279724121
0.6683781743049622,	0.5684210658073425
0.6687589883804321,	0.5698658227920532
0.6686698794364929,	0.5698658227920532
0.6688921451568604,	0.5704850554466248
0.6691399812698364,	0.5692466497421265
0.669428288936615,	0.5684210658073425
0.6697255373001099,	0.5686274766921997
0.6696242094039917,	0.5682146549224854
0.6700801849365234,	0.5698658227920532
0.6702455878257751,	0.5711042284965515
0.6702136397361755,	0.5708978176116943
0.670275866985321,	0.5704850554466248
0.6700620651245117,	0.5704850554466248
0.6702712178230286,	0.5708978176116943
0.6701578497886658,	0.5698658227920532
0.6698122024536133,	0.5704850554466248
0.6697915196418762,	0.5700722336769104
0.6696792244911194,	0.5708978176116943
0.6697444915771484,	0.5704850554466248
0.6691865921020508,	0.5706914067268372
0.6694349646568298,	0.5700722336769104
0.6692578792572021,	0.5704850554466248
0.6700294613838196,	0.5704850554466248
0.6702179312705994,	0.5690402388572693
0.6704837083816528,	0.5694530606269836
0.6701066493988037,	0.5686274766921997
0.6696430444717407,	0.5702786445617676
0.6697263121604919,	0.5696594715118408
0.6700363755226135,	0.5694530606269836
0.6699373126029968,	0.5680082440376282
0.6708336472511292,	0.5673890709877014
0.6697371006011963,	0.5682146549224854
0.6698116660118103,	0.5661506652832031
0.6690475940704346,	0.565944254398346
0.6694271564483643,	0.5657379031181335
0.6703543066978455,	0.5649122595787048
0.669262170791626,	0.5657379031181335
0.6703230738639832,	0.5634675025939941
0.6698369979858398,	0.5630546808242798
0.6688835024833679,	0.5620226860046387
0.6712196469306946,	0.563261091709137
0.6727308630943298,	0.5644994974136353
0.6703325510025024,	0.5620226860046387
0.6709754467010498,	0.5626419186592102
0.675807535648346,	0.5506708025932312
0.6560488939285278,	0.545098066329956
0.6733440160751343,	0.5661506652832031
0.6683319211006165,	0.5698658227920532
0.6680592894554138,	0.5696594715118408
0.6678688526153564,	0.5704850554466248
0.6679936647415161,	0.5708978176116943
0.6679432392120361,	0.5706914067268372
0.6680559515953064,	0.5706914067268372
0.6681534051895142,	0.5706914067268372
0.6681581735610962,	0.5706914067268372
0.6681839227676392,	0.5713106393814087
0.6680750846862793,	0.5702786445617676
0.6681720614433289,	0.5706914067268372
0.6680555939674377,	0.5706914067268372
0.6680842041969299,	0.5706914067268372
0.6681510806083679,	0.5704850554466248
0.6681932210922241,	0.5706914067268372
0.6684930920600891,	0.5704850554466248
0.6683186888694763,	0.5702786445617676
0.6685031056404114,	0.5708978176116943
0.6683357357978821,	0.5711042284965515
0.6684901714324951,	0.5713106393814087
0.668429434299469,	0.5711042284965515
0.6686767935752869,	0.5715170502662659
0.668599009513855,	0.5711042284965515
0.6687925457954407,	0.5708978176116943
0.6687212586402893,	0.5715170502662659
0.6688859462738037,	0.5711042284965515
0.6692871451377869,	0.5713106393814087
0.6691887378692627,	0.5708978176116943
0.6690781712532043,	0.5708978176116943
0.6689712405204773,	0.5708978176116943
0.6693644523620605,	0.5706914067268372
0.6691119074821472,	0.5708978176116943
0.6691621541976929,	0.5706914067268372
0.6694884300231934,	0.5708978176116943
0.669721782207489,	0.5700722336769104
0.6697449088096619,	0.5698658227920532
0.6701738834381104,	0.5704850554466248
0.6704462170600891,	0.5704850554466248
0.6703225374221802,	0.5704850554466248
0.6704250574111938,	0.5706914067268372
0.6705744862556458,	0.5702786445617676
0.6708351969718933,	0.5711042284965515
0.6711637377738953,	0.5706914067268372
0.6716059446334839,	0.5706914067268372
0.671642541885376,	0.5704850554466248
0.6719059348106384,	0.5694530606269836
0.6720362305641174,	0.5702786445617676
0.6722634434700012,	0.5706914067268372
0.6721684336662292,	0.5706914067268372
0.6718586087226868,	0.5708978176116943
0.671085000038147,	0.5700722336769104
0.6707768440246582,	0.5702786445617676
0.6708170771598816,	0.5704850554466248
0.670644998550415,	0.5706914067268372
0.6708959341049194,	0.5713106393814087
0.6712194681167603,	0.5706914067268372
0.6706731915473938,	0.5711042284965515
0.6709420084953308,	0.5704850554466248
0.6708707809448242,	0.5721362233161926
0.6703152656555176,	0.5702786445617676
0.6702728867530823,	0.5729618072509766
0.6696840524673462,	0.572549045085907
0.6706334948539734,	0.5698658227920532
0.6714482307434082,	0.5713106393814087
0.6709588170051575,	0.5717234015464783
0.6709542870521545,	0.5692466497421265
0.6679246425628662,	0.5711042284965515
0.6679709553718567,	0.574406623840332
0.6679368019104004,	0.5731682181358337
0.6691442728042603,	0.5727553963661194
0.6739169955253601,	0.5742002129554749
0.6745443344116211,	0.5733746290206909
0.6746088862419128,	0.5673890709877014
0.6684848666191101,	0.5723426342010498
0.6681129336357117,	0.5715170502662659
0.6678429245948792,	0.5711042284965515
0.6679345369338989,	0.5706914067268372
0.6681904196739197,	0.5706914067268372
0.6680704951286316,	0.5700722336769104
0.6681519150733948,	0.5700722336769104
0.668042004108429,	0.5702786445617676
0.6679098010063171,	0.5704850554466248
0.6676409840583801,	0.5704850554466248
0.6674063801765442,	0.5704850554466248
0.6673697233200073,	0.5704850554466248
0.6673440337181091,	0.5706914067268372
0.6673053503036499,	0.5704850554466248
0.6673393845558167,	0.5706914067268372
0.6671391725540161,	0.5704850554466248
0.6671152710914612,	0.5704850554466248
0.6671278476715088,	0.5711042284965515
0.666830837726593,	0.5711042284965515
0.6671535968780518,	0.5711042284965515
0.6673938632011414,	0.5711042284965515
0.6673663258552551,	0.5708978176116943
0.6673874855041504,	0.5706914067268372
0.6673699021339417,	0.5706914067268372
0.6675395369529724,	0.5711042284965515
0.667483925819397,	0.5698658227920532
0.6676604747772217,	0.5698658227920532
0.6677654385566711,	0.5694530606269836
0.667747437953949,	0.5692466497421265
0.6674359440803528,	0.5698658227920532
0.6675996780395508,	0.5702786445617676
0.6678798198699951,	0.5704850554466248
0.6679617166519165,	0.5717234015464783
0.6677656769752502,	0.5723426342010498
0.6679241061210632,	0.5717234015464783
0.6679986715316772,	0.5717234015464783
0.6680831909179688,	0.5715170502662659
0.6681426763534546,	0.5719298124313354
0.6681045889854431,	0.5719298124313354
0.6678343415260315,	0.5721362233161926
0.6677421927452087,	0.5727553963661194
0.6678717732429504,	0.5731682181358337
0.6673482656478882,	0.572549045085907
0.6673359870910645,	0.5729618072509766
0.6673480272293091,	0.5723426342010498
0.6675931811332703,	0.5711042284965515
0.6676521897315979,	0.5719298124313354
0.6673976182937622,	0.5723426342010498
0.6671114563941956,	0.5717234015464783
0.6672034859657288,	0.5713106393814087
0.6677398085594177,	0.5713106393814087
0.6686716675758362,	0.5713106393814087
0.6692377328872681,	0.5706914067268372
0.6690975427627563,	0.5706914067268372
0.6690823435783386,	0.5713106393814087
0.6695725321769714,	0.5717234015464783
0.6693881750106812,	0.5717234015464783
0.6692777276039124,	0.5717234015464783
0.66997891664505,	0.5704850554466248
0.6697087287902832,	0.5702786445617676
0.670341968536377,	0.5708978176116943
0.6699288487434387,	0.5719298124313354
0.6710779070854187,	0.5713106393814087
0.6706937551498413,	0.5717234015464783
0.6711029410362244,	0.5713106393814087
0.6700903177261353,	0.5700722336769104
0.6697219610214233,	0.5696594715118408
0.6724809408187866,	0.5700722336769104
0.6725909113883972,	0.5688338279724121
0.6746202707290649,	0.5735810399055481
0.6734707355499268,	0.5742002129554749
0.6746053099632263,	0.5713106393814087
0.6705690622329712,	0.5715170502662659
0.6703817844390869,	0.572549045085907
0.6681490540504456,	0.5721362233161926
0.6680408716201782,	0.5706914067268372
0.6679903864860535,	0.5704850554466248
0.6681132316589355,	0.5708978176116943
0.6680296659469604,	0.5708978176116943
0.6680152416229248,	0.5708978176116943
0.6682488322257996,	0.5708978176116943
0.6683095097541809,	0.5711042284965515
0.6682185530662537,	0.5708978176116943
0.6682674288749695,	0.5706914067268372
0.6682111620903015,	0.5708978176116943
0.6685595512390137,	0.5706914067268372
0.6685119271278381,	0.5708978176116943
0.6683703660964966,	0.5704850554466248
0.6681644916534424,	0.5713106393814087
0.667784571647644,	0.5706914067268372
0.6677236557006836,	0.5711042284965515
0.6677035093307495,	0.5719298124313354
0.6676509380340576,	0.5719298124313354
0.6674444675445557,	0.5717234015464783
0.6673754453659058,	0.5715170502662659
0.6673616766929626,	0.5723426342010498
0.6676138043403625,	0.5723426342010498
0.6675299406051636,	0.5715170502662659
0.6674615740776062,	0.5711042284965515
0.6676753163337708,	0.5713106393814087
0.667667031288147,	0.5711042284965515
0.6676419377326965,	0.5708978176116943
0.66788649559021,	0.5704850554466248
0.6678673028945923,	0.5708978176116943
0.6679141521453857,	0.5704850554466248
0.6680970191955566,	0.5706914067268372
0.6682285666465759,	0.5706914067268372
0.6682974100112915,	0.5713106393814087
0.6681410670280457,	0.5704850554466248
0.6683953404426575,	0.5711042284965515
0.668317973613739,	0.5711042284965515
0.6682477593421936,	0.5713106393814087
0.6677733659744263,	0.5715170502662659
0.6678319573402405,	0.5713106393814087
0.6677699089050293,	0.5706914067268372
0.667629063129425,	0.5713106393814087
0.6675376892089844,	0.5711042284965515
0.6677026748657227,	0.5713106393814087
0.66761714220047,	0.5706914067268372
0.6678915023803711,	0.5708978176116943
0.6671098470687866,	0.5711042284965515
0.6672075390815735,	0.5713106393814087
0.6667095422744751,	0.5717234015464783
0.6664337515830994,	0.5713106393814087
0.6659753918647766,	0.5706914067268372
0.6657142639160156,	0.5704850554466248
0.6651595234870911,	0.5700722336769104
0.6650703549385071,	0.5700722336769104
0.6648349761962891,	0.5704850554466248
0.6646516919136047,	0.5700722336769104
0.6640217900276184,	0.5715170502662659
0.6642333269119263,	0.5717234015464783
0.6641998887062073,	0.5713106393814087
0.6637447476387024,	0.5715170502662659
0.6647867560386658,	0.5719298124313354
0.6653435826301575,	0.5715170502662659
0.6650043725967407,	0.5717234015464783
0.6657200455665588,	0.5717234015464783
0.6657285690307617,	0.5673890709877014
0.6667527556419373,	0.5675954818725586
0.6657053828239441,	0.5667698383331299
0.6664336919784546,	0.567801833152771
0.667304515838623,	0.5673890709877014
0.66740483045578,	0.5671826601028442
0.6678972840309143,	0.5620226860046387
0.6694162487983704,	0.5581011176109314
0.67350834608078,	0.5591331124305725
0.677392303943634,	0.5560371279716492
0.6702436208724976,	0.5692466497421265
0.6678789258003235,	0.5708978176116943
0.6677824854850769,	0.5708978176116943
0.6676560640335083,	0.5711042284965515
0.6676156520843506,	0.5706914067268372
0.6676562428474426,	0.5713106393814087
0.6675395965576172,	0.5711042284965515
0.6676961779594421,	0.5715170502662659
0.6675629019737244,	0.5715170502662659
0.6678710579872131,	0.5711042284965515
0.6678194403648376,	0.5711042284965515
0.6678506731987,	0.5708978176116943
0.6682089567184448,	0.5711042284965515
0.6684055328369141,	0.5713106393814087
0.6683648228645325,	0.5711042284965515
0.6682840585708618,	0.5717234015464783
0.6683909893035889,	0.5708978176116943
0.668220579624176,	0.5711042284965515
0.6685044169425964,	0.5715170502662659
0.6684704422950745,	0.5715170502662659
0.6684872508049011,	0.5715170502662659
0.6684841513633728,	0.5713106393814087
0.6687222123146057,	0.5713106393814087
0.66880202293396,	0.5715170502662659
0.6689853072166443,	0.5715170502662659
0.6690616607666016,	0.5715170502662659
0.6690937280654907,	0.5711042284965515
0.6689804792404175,	0.5713106393814087
0.6688103675842285,	0.5713106393814087
0.6687361001968384,	0.5713106393814087
0.6689959168434143,	0.5711042284965515
0.6688500046730042,	0.5713106393814087
0.6689810156822205,	0.5713106393814087
0.668864905834198,	0.5708978176116943
0.6694122552871704,	0.5708978176116943
0.6699879765510559,	0.5696594715118408
0.6701798439025879,	0.5713106393814087
0.6707175374031067,	0.572549045085907
0.6706942319869995,	0.5719298124313354
0.6709811091423035,	0.5723426342010498
0.6709461212158203,	0.5715170502662659
0.6707109808921814,	0.5715170502662659
0.6705853343009949,	0.5715170502662659
0.6706190705299377,	0.5715170502662659
0.6705358624458313,	0.5717234015464783
0.6705343723297119,	0.5721362233161926
0.6702882051467896,	0.5715170502662659
0.6706143617630005,	0.5715170502662659
0.6704717874526978,	0.5711042284965515
0.6702250242233276,	0.5719298124313354
0.6702072024345398,	0.5717234015464783
0.6698041558265686,	0.5727553963661194
0.6703777313232422,	0.572549045085907
0.6708055138587952,	0.5717234015464783
0.6713293790817261,	0.5715170502662659
0.670758843421936,	0.5721362233161926
0.6705613732337952,	0.5713106393814087
0.6708553433418274,	0.5706914067268372
0.6711313724517822,	0.5713106393814087
0.6705669164657593,	0.5704850554466248
0.6707524657249451,	0.5704850554466248
0.6697610020637512,	0.5704850554466248
0.6698529720306396,	0.5715170502662659
0.6698853373527527,	0.5723426342010498
0.6706379652023315,	0.5735810399055481
0.6692398190498352,	0.5733746290206909
0.6700554490089417,	0.5731682181358337
0.6684087514877319,	0.5727553963661194
0.6678784489631653,	0.5713106393814087
0.6661010980606079,	0.5717234015464783
0.6674317121505737,	0.5694530606269836
0.6646742820739746,	0.5634675025939941
0.6691365838050842,	0.5614035129547119
0.6531053781509399,	0.5640866756439209
0.6682994961738586,	0.5708978176116943
0.6676270365715027,	0.5700722336769104
0.6675819158554077,	0.5711042284965515
0.6676560640335083,	0.5713106393814087
0.6676424145698547,	0.5715170502662659
0.6677873134613037,	0.5715170502662659
0.6676637530326843,	0.5706914067268372
0.6674264073371887,	0.5702786445617676
0.6675472855567932,	0.5704850554466248
0.667414665222168,	0.5704850554466248
0.6675761342048645,	0.5704850554466248
0.6673734188079834,	0.5713106393814087
0.667667806148529,	0.5706914067268372
0.6677382588386536,	0.5715170502662659
0.6674911379814148,	0.5717234015464783
0.6674311757087708,	0.5717234015464783
0.6674023866653442,	0.5717234015464783
0.667466938495636,	0.5715170502662659
0.6674519181251526,	0.5711042284965515
0.667487621307373,	0.5715170502662659
0.6676047444343567,	0.5717234015464783
0.6677058935165405,	0.5717234015464783
0.6677000522613525,	0.5715170502662659
0.6679033637046814,	0.5715170502662659
0.6679613590240479,	0.5715170502662659
0.668400764465332,	0.5715170502662659
0.6683462262153625,	0.5715170502662659
0.668039858341217,	0.5719298124313354
0.6680124998092651,	0.572549045085907
0.6682019233703613,	0.5719298124313354
0.6682156920433044,	0.5733746290206909
0.6684244871139526,	0.5729618072509766
0.6684155464172363,	0.5729618072509766
0.6681732535362244,	0.5727553963661194
0.6677988767623901,	0.5727553963661194
0.6681211590766907,	0.5731682181358337
0.6679067611694336,	0.5731682181358337
0.66768878698349,	0.5731682181358337
0.6676894426345825,	0.572549045085907
0.6680481433868408,	0.572549045085907
0.6677340269088745,	0.5721362233161926
0.6677523851394653,	0.572549045085907
0.6673519015312195,	0.5717234015464783
0.6668777465820312,	0.5719298124313354
0.6671156287193298,	0.5704850554466248
0.6669903993606567,	0.5704850554466248
0.667259156703949,	0.5708978176116943
0.666817843914032,	0.5708978176116943
0.6669948697090149,	0.5708978176116943
0.6668190956115723,	0.5711042284965515
0.667053759098053,	0.5713106393814087
0.6671558022499084,	0.5719298124313354
0.6671593189239502,	0.5713106393814087
0.6673349738121033,	0.5704850554466248
0.6664020419120789,	0.5711042284965515
0.6662014126777649,	0.5717234015464783
0.6667556762695312,	0.5711042284965515
0.6663287878036499,	0.5711042284965515
0.6657838821411133,	0.5690402388572693
0.6663912534713745,	0.5673890709877014
0.6671086549758911,	0.5655314922332764
0.6677291393280029,	0.5673890709877014
0.6683220267295837,	0.5698658227920532
0.6678133606910706,	0.5684210658073425
0.6676974892616272,	0.5690402388572693
0.6655288338661194,	0.5680082440376282
0.6653292179107666,	0.5634675025939941
0.667917788028717,	0.5640866756439209
0.6669234037399292,	0.5663570761680603
0.6703304648399353,	0.5684210658073425
0.6722552180290222,	0.5708978176116943
0.6777507066726685,	0.5717234015464783
0.6737361550331116,	0.572549045085907
0.6580753922462463,	0.5727553963661194
0.6674997806549072,	0.5715170502662659
0.6675349473953247,	0.5706914067268372
0.6676340699195862,	0.5711042284965515
0.6678119897842407,	0.5715170502662659
0.6679105162620544,	0.5715170502662659
0.6679516434669495,	0.5713106393814087
0.6677974462509155,	0.5715170502662659
0.6678863167762756,	0.5708978176116943
0.6677941679954529,	0.5704850554466248
0.6679621338844299,	0.5711042284965515
0.6681344509124756,	0.5713106393814087
0.6680874228477478,	0.5708978176116943
0.6680540442466736,	0.5715170502662659
0.6678577065467834,	0.5713106393814087
0.6678838729858398,	0.5719298124313354
0.6677992939949036,	0.5715170502662659
0.6678454279899597,	0.5715170502662659
0.6679733991622925,	0.5721362233161926
0.6679496169090271,	0.5717234015464783
0.6681072115898132,	0.5717234015464783
0.6680514216423035,	0.5702786445617676
0.6679028868675232,	0.5706914067268372
0.6680653095245361,	0.5717234015464783
0.6683480739593506,	0.5729618072509766
0.6684206128120422,	0.5729618072509766
0.6684816479682922,	0.5719298124313354
0.6686810851097107,	0.5719298124313354
0.6685678362846375,	0.572549045085907
0.6685999631881714,	0.5719298124313354
0.6686564087867737,	0.5721362233161926
0.6682732701301575,	0.5719298124313354
0.668607234954834,	0.5721362233161926
0.6686890125274658,	0.5721362233161926
0.6686661243438721,	0.5723426342010498
0.6686410307884216,	0.5723426342010498
0.6686229705810547,	0.5719298124313354
0.6685265898704529,	0.5729618072509766
0.6686422824859619,	0.5719298124313354
0.6684937477111816,	0.5723426342010498
0.6686137318611145,	0.5723426342010498
0.6685603260993958,	0.5729618072509766
0.6689181327819824,	0.5721362233161926
0.669182538986206,	0.5729618072509766
0.668899416923523,	0.5729618072509766
0.6693534255027771,	0.5731682181358337
0.6694709658622742,	0.5713106393814087
0.6696385741233826,	0.5715170502662659
0.6698995232582092,	0.5715170502662659
0.6699872016906738,	0.5715170502662659
0.6700552701950073,	0.5694530606269836
0.669730544090271,	0.5696594715118408
0.670037031173706,	0.5692466497421265
0.6697001457214355,	0.5696594715118408
0.6693060994148254,	0.5682146549224854
0.6694134473800659,	0.5690402388572693
0.6690037250518799,	0.5700722336769104
0.6683440804481506,	0.5715170502662659
0.6683903336524963,	0.5735810399055481
0.6690658926963806,	0.5731682181358337
0.6697380542755127,	0.5727553963661194
0.6691333055496216,	0.5731682181358337
0.6681657433509827,	0.5731682181358337
0.6696479320526123,	0.5717234015464783
0.6686433553695679,	0.5694530606269836
0.6681380271911621,	0.5694530606269836
0.6678562760353088,	0.5723426342010498
0.6688608527183533,	0.5719298124313354
0.6692864894866943,	0.5692466497421265
0.6706256866455078,	0.5698658227920532
0.6752102375030518,	0.5739938020706177
0.6783409714698792,	0.5717234015464783
0.6736034750938416,	0.5723426342010498
0.6756192445755005,	0.565118670463562
0.6697682738304138,	0.5729618072509766
0.6671909689903259,	0.5711042284965515
0.6670828461647034,	0.5715170502662659
0.6670030951499939,	0.5723426342010498
0.666958212852478,	0.5721362233161926
0.666931688785553,	0.572549045085907
0.6668523550033569,	0.5723426342010498
0.6670021414756775,	0.5719298124313354
0.6670373678207397,	0.5733746290206909
0.6672666668891907,	0.5733746290206909
0.667421817779541,	0.5721362233161926
0.6675504446029663,	0.572549045085907
0.6672604084014893,	0.5733746290206909
0.6674772500991821,	0.5739938020706177
0.6674562692642212,	0.5729618072509766
0.6676685214042664,	0.572549045085907
0.6674890518188477,	0.572549045085907
0.6673876643180847,	0.5723426342010498
0.6674559712409973,	0.5721362233161926
0.667753279209137,	0.5721362233161926
0.667740523815155,	0.5723426342010498
0.6677507758140564,	0.5723426342010498
0.6678532361984253,	0.5727553963661194
0.6678212881088257,	0.5723426342010498
0.6678591966629028,	0.5729618072509766
0.6677079796791077,	0.5723426342010498
0.6674622297286987,	0.5723426342010498
0.6670898199081421,	0.5727553963661194
0.6673029065132141,	0.5723426342010498
0.6670898795127869,	0.5715170502662659
0.6667564511299133,	0.5704850554466248
0.6669965982437134,	0.5696594715118408
0.6664593815803528,	0.5704850554466248
0.6666769981384277,	0.5702786445617676
0.6670411825180054,	0.5704850554466248
0.6668831706047058,	0.5706914067268372
0.6666105389595032,	0.5700722336769104
0.6671106815338135,	0.5696594715118408
0.6671543121337891,	0.5696594715118408
0.6670972108840942,	0.5694530606269836
0.6667346358299255,	0.5698658227920532
0.6666434407234192,	0.5698658227920532
0.6666120886802673,	0.5696594715118408
0.6661989688873291,	0.5700722336769104
0.6657812595367432,	0.5700722336769104
0.6651935577392578,	0.5702786445617676
0.6649516820907593,	0.5700722336769104
0.6648856401443481,	0.5702786445617676
0.6653731465339661,	0.5719298124313354
0.6649245619773865,	0.5715170502662659
0.6646366715431213,	0.5717234015464783
0.663878321647644,	0.5715170502662659
0.6640140414237976,	0.5706914067268372
0.663626492023468,	0.5721362233161926
0.6639543175697327,	0.5708978176116943
0.6629738807678223,	0.5711042284965515
0.6630026698112488,	0.5694530606269836
0.662108302116394,	0.5688338279724121
0.6618047952651978,	0.5698658227920532
0.6615875363349915,	0.5704850554466248
0.6624295115470886,	0.5721362233161926
0.6622796058654785,	0.5723426342010498
0.6619203090667725,	0.5733746290206909
0.6604944467544556,	0.572549045085907
0.6604283452033997,	0.5721362233161926
0.6609975695610046,	0.5694530606269836
0.6613525152206421,	0.5702786445617676
0.662284791469574,	0.5690402388572693
0.6607524156570435,	0.5673890709877014
0.660122811794281,	0.5684210658073425
0.6563320755958557,	0.5634675025939941
0.6608512997627258,	0.5634675025939941
0.6590693593025208,	0.5628482699394226
0.6597241163253784,	0.5644994974136353
0.6554834842681885,	0.5647059082984924
