Number of classes: 2
Elapsed time: 0:05:18.511149
Mini-batch size: 500
Number of epochs: 6
Learning rate: 0.15
Subset: large
------------------------------------
Testing accuracy: 0.5634790062904358
Training accuracy: 0.5564438104629517
------------------------------------
cost history,	validation history
9.461970329284668,	0.49432405829429626
9.089271545410156,	0.47512900829315186
9.043697357177734,	0.4000000059604645
9.011828422546387,	0.30257996916770935
8.984159469604492,	0.34695562720298767
8.957993507385254,	0.3017543852329254
8.93233871459961,	0.33395251631736755
8.907122611999512,	0.32672858238220215
8.882000923156738,	0.34489163756370544
8.857029914855957,	0.3477812111377716
8.832120895385742,	0.36057791113853455
8.80732250213623,	0.3682146668434143
8.782614707946777,	0.37502580881118774
8.7578763961792,	0.3841073215007782
8.73331069946289,	0.3890608847141266
8.70893669128418,	0.3938080370426178
8.684640884399414,	0.3985552191734314
8.660320281982422,	0.40743035078048706
8.636100769042969,	0.4117647111415863
8.61204719543457,	0.42229101061820984
8.588069915771484,	0.4216718375682831
8.564102172851562,	0.434468537569046
8.540251731872559,	0.43673890829086304
8.516529083251953,	0.4441692531108856
8.49288558959961,	0.44747161865234375
8.469321250915527,	0.45448917150497437
8.445693969726562,	0.46047472953796387
8.422298431396484,	0.4627451002597809
8.39905834197998,	0.466460257768631
8.375959396362305,	0.47265222668647766
8.352875709533691,	0.4720330238342285
8.329737663269043,	0.48008257150650024
8.306716918945312,	0.48028895258903503
8.283732414245605,	0.4844169318675995
8.260695457458496,	0.48627451062202454
8.238059997558594,	0.48854488134384155
8.215143203735352,	0.492672860622406
8.19247055053711,	0.49453043937683105
8.169827461242676,	0.4963880181312561
8.147241592407227,	0.49432405829429626
8.12488842010498,	0.49803921580314636
8.102676391601562,	0.4998967945575714
8.080289840698242,	0.5007224082946777
8.057872772216797,	0.5048503875732422
8.035387992858887,	0.507327139377594
8.013162612915039,	0.5102167129516602
7.991250038146973,	0.5081527233123779
7.969027042388916,	0.5122807025909424
7.947287082672119,	0.517440676689148
7.925373554229736,	0.5128998756408691
7.903388023376465,	0.5168214440345764
7.881555557250977,	0.5201238393783569
7.859959602355957,	0.5221878290176392
7.838454723358154,	0.5228070020675659
7.816924571990967,	0.5228070020675659
7.795187473297119,	0.521981418132782
7.773914813995361,	0.5261093974113464
7.752355098724365,	0.5277605652809143
7.731363773345947,	0.5314757227897644
7.709540843963623,	0.5285861492156982
7.688470363616943,	0.5310629606246948
7.6681647300720215,	0.5269349813461304
7.646677017211914,	0.5325077176094055
7.626237392425537,	0.5327141284942627
7.605104923248291,	0.5302373766899109
7.585267066955566,	0.5333333611488342
7.564193248748779,	0.5370485186576843
7.5417938232421875,	0.5325077176094055
7.521516799926758,	0.5292053818702698
7.500635623931885,	0.5370485186576843
7.4794182777404785,	0.5399380922317505
7.459905624389648,	0.5164086818695068
7.432837009429932,	0.526522159576416
7.404876708984375,	0.5077399611473083
7.405150413513184,	0.495356023311615
7.381773948669434,	0.5409700870513916
7.360887050628662,	0.5162022709846497
7.340566635131836,	0.5320949554443359
7.320394039154053,	0.5248709917068481
7.300397872924805,	0.5283797979354858
7.2805914878845215,	0.5259029865264893
7.2608442306518555,	0.5256965756416321
7.241250991821289,	0.5259029865264893
7.2217512130737305,	0.5263158082962036
7.20206356048584,	0.5281733870506287
7.18263053894043,	0.5287925601005554
7.163073539733887,	0.5287925601005554
7.143611907958984,	0.5298245549201965
7.124301910400391,	0.5306501388549805
7.104885101318359,	0.5300309658050537
7.085499286651611,	0.5302373766899109
7.066315650939941,	0.531269371509552
7.047273635864258,	0.5302373766899109
7.028226375579834,	0.5304437279701233
7.00908088684082,	0.5310629606246948
6.989972114562988,	0.531269371509552
6.970918655395508,	0.5333333611488342
6.952210426330566,	0.5333333611488342
6.9333343505859375,	0.5343652963638306
6.9145426750183105,	0.5343652963638306
6.895848751068115,	0.5329205393791199
6.877305507659912,	0.5343652963638306
6.858612537384033,	0.5362229347229004
6.840258598327637,	0.5360165238380432
6.821720123291016,	0.535810112953186
6.8032355308532715,	0.535810112953186
6.784842014312744,	0.5360165238380432
6.766393661499023,	0.5360165238380432
6.748200416564941,	0.535810112953186
6.730059623718262,	0.5362229347229004
6.711893081665039,	0.535810112953186
6.693669319152832,	0.535810112953186
6.675675392150879,	0.5360165238380432
6.657793998718262,	0.5364292860031128
6.640266418457031,	0.53663569688797
6.622499942779541,	0.53663569688797
6.604621887207031,	0.5362229347229004
6.586784362792969,	0.5372549295425415
6.568927764892578,	0.5370485186576843
6.551260948181152,	0.5362229347229004
6.533633708953857,	0.5372549295425415
6.516170024871826,	0.533126950263977
6.498834133148193,	0.5372549295425415
6.481624603271484,	0.5308565497398376
6.46442174911499,	0.535810112953186
6.446989059448242,	0.5376676917076111
6.429015159606934,	0.5391125082969666
6.411396503448486,	0.538493275642395
6.3943963050842285,	0.5386996865272522
6.376985549926758,	0.5376676917076111
6.359971046447754,	0.5374612808227539
6.343112945556641,	0.5401445031166077
6.326472282409668,	0.5397316813468933
6.309834957122803,	0.5382868647575378
6.292821407318115,	0.5401445031166077
6.275540828704834,	0.538493275642395
6.259315490722656,	0.5364292860031128
6.242021083831787,	0.5413828492164612
6.224682807922363,	0.5417956709861755
6.20736837387085,	0.5368421077728271
6.190863609313965,	0.5389060974121094
6.174684524536133,	0.5453044176101685
6.157137393951416,	0.5335397124290466
6.141656398773193,	0.5382868647575378
6.125202178955078,	0.5329205393791199
6.107931137084961,	0.533126950263977
6.086788654327393,	0.5327141284942627
6.06759786605835,	0.5500515699386597
6.062135696411133,	0.5461300015449524
6.045897006988525,	0.5471619963645935
6.029828071594238,	0.5471619963645935
6.013761520385742,	0.5471619963645935
5.997680187225342,	0.5475748181343079
5.981790065765381,	0.5475748181343079
5.9658284187316895,	0.547781229019165
5.949926376342773,	0.5475748181343079
5.934115409851074,	0.5475748181343079
5.918366432189941,	0.5492259860038757
5.902590274810791,	0.5473684072494507
5.886931896209717,	0.5481939911842346
5.871586322784424,	0.5479876399040222
5.8559417724609375,	0.5481939911842346
5.840538024902344,	0.5479876399040222
5.82504415512085,	0.5481939911842346
5.809741973876953,	0.5488132238388062
5.794320106506348,	0.548606812953949
5.778949737548828,	0.5488132238388062
5.763611793518066,	0.5488132238388062
5.748528003692627,	0.5492259860038757
5.733319282531738,	0.5490196347236633
5.717989921569824,	0.5494323968887329
5.702945709228516,	0.5494323968887329
5.68798303604126,	0.5484004020690918
5.672966480255127,	0.5508772134780884
5.658079147338867,	0.5490196347236633
5.642989158630371,	0.5498452186584473
5.628185272216797,	0.551289975643158
5.613334655761719,	0.550464391708374
5.598843574523926,	0.5506708025932312
5.584042072296143,	0.5506708025932312
5.569368362426758,	0.550464391708374
5.554731369018555,	0.5508772134780884
5.540106296539307,	0.5521155595779419
5.525600910186768,	0.5510835647583008
5.511322021484375,	0.5521155595779419
5.497011661529541,	0.5517027974128723
5.4827094078063965,	0.5500515699386597
5.468377113342285,	0.551289975643158
5.454065322875977,	0.5471619963645935
5.439717769622803,	0.5481939911842346
5.425599098205566,	0.5467492341995239
5.411159992218018,	0.5473684072494507
5.396989822387695,	0.5500515699386597
5.382804870605469,	0.5506708025932312
5.368809700012207,	0.5517027974128723
5.354846000671387,	0.5502579808235168
5.340848445892334,	0.5521155595779419
5.3272199630737305,	0.5508772134780884
5.313179969787598,	0.5521155595779419
5.299227237701416,	0.5498452186584473
5.2849507331848145,	0.5529412031173706
5.271287441253662,	0.5502579808235168
5.257157325744629,	0.5492259860038757
5.244203090667725,	0.5475748181343079
5.230507850646973,	0.5488132238388062
5.216921329498291,	0.5479876399040222
5.2033586502075195,	0.5479876399040222
5.190461158752441,	0.5498452186584473
5.176924228668213,	0.550464391708374
5.163222789764404,	0.5502579808235168
5.150295734405518,	0.553147554397583
5.138096332550049,	0.5545923709869385
5.125422954559326,	0.5481939911842346
5.112757205963135,	0.5506708025932312
5.098750591278076,	0.5461300015449524
5.084064483642578,	0.5461300015449524
5.070718288421631,	0.5442724227905273
5.05821418762207,	0.5465428233146667
5.045132637023926,	0.5547987818717957
5.029392242431641,	0.5500515699386597
5.01466178894043,	0.5537667870521545
5.003971099853516,	0.5172342658042908
4.998158931732178,	0.5545923709869385
4.979874610900879,	0.5465428233146667
4.965909957885742,	0.5581011176109314
4.952983379364014,	0.5537667870521545
4.940203666687012,	0.5570691227912903
4.92751932144165,	0.5568627715110779
4.914886474609375,	0.5564499497413635
4.902288913726807,	0.5560371279716492
4.889613151550293,	0.5566563606262207
4.87712287902832,	0.5570691227912903
4.8647050857543945,	0.5572755336761475
4.852153778076172,	0.5574819445610046
4.839539051055908,	0.5581011176109314
4.827112674713135,	0.5587203502655029
4.814709186553955,	0.5589267015457153
4.8023481369018555,	0.5583075284957886
4.789914608001709,	0.5589267015457153
4.777713775634766,	0.5587203502655029
4.765459060668945,	0.5585139393806458
4.753246307373047,	0.5587203502655029
4.740999698638916,	0.5587203502655029
4.728775978088379,	0.5595459342002869
4.716626167297363,	0.5587203502655029
4.70443868637085,	0.5593395233154297
4.692464351654053,	0.5591331124305725
4.680403709411621,	0.5589267015457153
4.668238639831543,	0.559752345085144
4.656113147735596,	0.5599586963653564
4.6443047523498535,	0.559752345085144
4.632513523101807,	0.5587203502655029
4.620569229125977,	0.5587203502655029
4.608694553375244,	0.5595459342002869
4.5970916748046875,	0.5603715181350708
4.585019588470459,	0.559752345085144
4.573437690734863,	0.5595459342002869
4.561653137207031,	0.5595459342002869
4.55011510848999,	0.5607843399047852
4.538605690002441,	0.5614035129547119
4.526909351348877,	0.5611971020698547
4.5153679847717285,	0.5611971020698547
4.503732681274414,	0.5616099238395691
4.492226600646973,	0.5616099238395691
4.480502605438232,	0.5603715181350708
4.46884822845459,	0.5620226860046387
4.4574713706970215,	0.5618163347244263
4.446106433868408,	0.5611971020698547
4.434588432312012,	0.5628482699394226
4.423464775085449,	0.562435507774353
4.412075519561768,	0.563261091709137
4.401082992553711,	0.562435507774353
4.389739513397217,	0.5622290968894958
4.378620624542236,	0.5634675025939941
4.367295265197754,	0.5634675025939941
4.356165885925293,	0.5636739134788513
4.345016956329346,	0.5616099238395691
4.334272861480713,	0.563261091709137
4.323153018951416,	0.5616099238395691
4.31244421005249,	0.5614035129547119
4.301766872406006,	0.5618163347244263
4.291079044342041,	0.563261091709137
4.280372619628906,	0.5622290968894958
4.269976615905762,	0.5614035129547119
4.258609771728516,	0.5622290968894958
4.2473859786987305,	0.5636739134788513
4.236387252807617,	0.5638802647590637
4.226712226867676,	0.563261091709137
4.215996742248535,	0.5634675025939941
4.2069573402404785,	0.5603715181350708
4.1970696449279785,	0.5630546808242798
4.185830593109131,	0.5638802647590637
4.17698860168457,	0.5628482699394226
4.169466972351074,	0.5626419186592102
4.1588521003723145,	0.5566563606262207
4.143242835998535,	0.5595459342002869
4.135035514831543,	0.5583075284957886
4.124103546142578,	0.5626419186592102
4.113556385040283,	0.5638802647590637
4.103137969970703,	0.5636739134788513
4.0929083824157715,	0.5640866756439209
4.08288049697876,	0.5640866756439209
4.0728254318237305,	0.5640866756439209
4.062726974487305,	0.5638802647590637
4.052532196044922,	0.5644994974136353
4.042538642883301,	0.5649122595787048
4.032421588897705,	0.565118670463562
4.022563457489014,	0.5653250813484192
4.012721061706543,	0.5649122595787048
4.002708435058594,	0.5653250813484192
3.992889404296875,	0.5644994974136353
3.983097791671753,	0.5661506652832031
3.9732789993286133,	0.5655314922332764
3.9633326530456543,	0.565944254398346
3.9534571170806885,	0.5661506652832031
3.9434475898742676,	0.565944254398346
3.933629035949707,	0.5649122595787048
3.923943519592285,	0.565118670463562
3.9144158363342285,	0.5667698383331299
3.904695510864258,	0.5653250813484192
3.8950815200805664,	0.5657379031181335
3.885392665863037,	0.5653250813484192
3.8758366107940674,	0.5644994974136353
3.866342782974243,	0.5661506652832031
3.856873035430908,	0.5644994974136353
3.847294569015503,	0.565118670463562
3.8380286693573,	0.5655314922332764
3.828662395477295,	0.5655314922332764
3.8194546699523926,	0.5667698383331299
3.8099217414855957,	0.5653250813484192
3.8006694316864014,	0.5653250813484192
3.791349411010742,	0.565944254398346
3.781869888305664,	0.5657379031181335
3.772507667541504,	0.5655314922332764
3.7635316848754883,	0.562435507774353
3.7542481422424316,	0.5626419186592102
3.7453081607818604,	0.5655314922332764
3.736480712890625,	0.5642930865287781
3.7273287773132324,	0.5611971020698547
3.7183358669281006,	0.5647059082984924
3.7091617584228516,	0.5611971020698547
3.700313091278076,	0.5644994974136353
3.6916027069091797,	0.5644994974136353
3.682405471801758,	0.5647059082984924
3.673236608505249,	0.5653250813484192
3.6639087200164795,	0.5636739134788513
3.6547858715057373,	0.5611971020698547
3.646014928817749,	0.5614035129547119
3.636965036392212,	0.5595459342002869
3.6283092498779297,	0.5614035129547119
3.619234561920166,	0.5607843399047852
3.6103153228759766,	0.5620226860046387
3.601215362548828,	0.5616099238395691
3.5926315784454346,	0.5599586963653564
3.5844268798828125,	0.5601651072502136
3.5754756927490234,	0.5599586963653564
3.566866397857666,	0.5618163347244263
3.558544397354126,	0.5620226860046387
3.550299644470215,	0.5667698383331299
3.5420851707458496,	0.5630546808242798
3.532999038696289,	0.5603715181350708
3.5234601497650146,	0.562435507774353
3.5145816802978516,	0.5593395233154297
3.5060901641845703,	0.5599586963653564
3.4983346462249756,	0.5539731979370117
3.4917221069335938,	0.5671826601028442
3.4853100776672363,	0.567801833152771
3.474500894546509,	0.5599586963653564
3.4647607803344727,	0.5576883554458618
3.4576683044433594,	0.5609906911849976
3.4491281509399414,	0.5634675025939941
3.4404757022857666,	0.5628482699394226
3.4320998191833496,	0.5669762492179871
3.423992156982422,	0.565944254398346
3.4158127307891846,	0.5663570761680603
3.4075634479522705,	0.5663570761680603
3.399484157562256,	0.5661506652832031
3.391284227371216,	0.5665634870529175
3.3832762241363525,	0.5661506652832031
3.3752691745758057,	0.5663570761680603
3.3671762943267822,	0.5661506652832031
3.359234571456909,	0.5669762492179871
3.3511099815368652,	0.5665634870529175
3.3431694507598877,	0.5663570761680603
3.3352890014648438,	0.5667698383331299
3.3273305892944336,	0.5665634870529175
3.3195056915283203,	0.5673890709877014
3.3116931915283203,	0.5667698383331299
3.303821086883545,	0.5673890709877014
3.29599666595459,	0.5665634870529175
3.288384199142456,	0.5667698383331299
3.280601978302002,	0.5671826601028442
3.2728464603424072,	0.5667698383331299
3.265010118484497,	0.567801833152771
3.2573814392089844,	0.5673890709877014
3.249790668487549,	0.5665634870529175
3.2423479557037354,	0.5673890709877014
3.234630584716797,	0.5675954818725586
3.2269248962402344,	0.5680082440376282
3.2192623615264893,	0.5649122595787048
3.2119054794311523,	0.567801833152771
3.2043423652648926,	0.5675954818725586
3.1967217922210693,	0.5671826601028442
3.1891870498657227,	0.5669762492179871
3.1818137168884277,	0.5667698383331299
3.1744132041931152,	0.5667698383331299
3.1669416427612305,	0.5675954818725586
3.1595206260681152,	0.5673890709877014
3.1520819664001465,	0.5669762492179871
3.144711971282959,	0.567801833152771
3.137357473373413,	0.5680082440376282
3.1299452781677246,	0.5680082440376282
3.122582197189331,	0.5667698383331299
3.115229368209839,	0.5671826601028442
3.108058214187622,	0.5667698383331299
3.100553035736084,	0.5665634870529175
3.0931906700134277,	0.5675954818725586
3.086106300354004,	0.5638802647590637
3.0789501667022705,	0.5671826601028442
3.0721850395202637,	0.5638802647590637
3.0650577545166016,	0.5669762492179871
3.0577986240386963,	0.5616099238395691
3.0505735874176025,	0.562435507774353
3.043139934539795,	0.5653250813484192
3.0363991260528564,	0.5680082440376282
3.0298938751220703,	0.5620226860046387
3.0233402252197266,	0.5616099238395691
3.016615629196167,	0.5663570761680603
3.009464740753174,	0.5634675025939941
3.0028076171875,	0.5667698383331299
2.9960567951202393,	0.5669762492179871
2.9890198707580566,	0.563261091709137
2.98226261138916,	0.5628482699394226
2.9752683639526367,	0.565118670463562
2.967968225479126,	0.5611971020698547
2.961329460144043,	0.5611971020698547
2.9540252685546875,	0.5620226860046387
2.947023391723633,	0.5640866756439209
2.941206932067871,	0.5593395233154297
2.935713768005371,	0.5640866756439209
2.928257465362549,	0.5622290968894958
2.917937755584717,	0.5607843399047852
2.9111576080322266,	0.5665634870529175
2.9047701358795166,	0.5630546808242798
