Number of classes: 2
Elapsed time: 0:10:00.349065
One batch.
Number of epochs: 864
Learning rate: 0.08
Subset: large
------------------------------------
Testing accuracy: 0.5535861253738403
Training accuracy: 0.5519101023674011
------------------------------------
cost history,	validation history
0.948864758014679,	0.394014447927475
0.7366141080856323,	0.26852425932884216
0.6969025135040283,	0.2561403512954712
0.6946600675582886,	0.2705882489681244
0.6943022608757019,	0.2765737771987915
0.6940106749534607,	0.27863776683807373
0.6937284469604492,	0.2780185639858246
0.6934525370597839,	0.2813209593296051
0.6931838989257812,	0.28317853808403015
0.6929208040237427,	0.28544890880584717
0.6926642060279846,	0.2897832691669464
0.6924141645431519,	0.29514962434768677
0.6921688318252563,	0.30113518238067627
0.6919309496879578,	0.3054695427417755
0.691697359085083,	0.3106295168399811
0.6914692521095276,	0.31558308005332947
0.6912457346916199,	0.3201238512992859
0.6910281181335449,	0.326109379529953
0.6908152103424072,	0.3320949375629425
0.690608561038971,	0.3366357088088989
0.6904034614562988,	0.33993807435035706
0.690204918384552,	0.3453044295310974
0.6900092363357544,	0.34984520077705383
0.6898193955421448,	0.35335397720336914
0.6896350383758545,	0.3587203323841095
0.6894524097442627,	0.36429309844970703
0.6892713308334351,	0.3708978295326233
0.6890984177589417,	0.37605780363082886
0.6889273524284363,	0.38369452953338623
0.6887590289115906,	0.3876160979270935
0.6885966658592224,	0.39071208238601685
0.6884360909461975,	0.39422085881233215
0.6882792115211487,	0.39669764041900635
0.6881250739097595,	0.4020639955997467
0.6879729628562927,	0.40660473704338074
0.6878259778022766,	0.4119710922241211
0.6876814961433411,	0.4163054823875427
0.6875378489494324,	0.4194014370441437
0.6873992681503296,	0.42187821865081787
0.687263011932373,	0.42662540078163147
0.6871281266212463,	0.4309597611427307
0.6869978904724121,	0.4346749186515808
0.6868686079978943,	0.43653249740600586
0.6867427229881287,	0.44024768471717834
0.686618447303772,	0.4445820450782776
0.6864960789680481,	0.44747161865234375
0.6863776445388794,	0.449535608291626
0.6862594485282898,	0.45345717668533325
0.6861463785171509,	0.4553147554397583
0.6860327124595642,	0.45820432901382446
0.6859227418899536,	0.45964911580085754
0.6858122944831848,	0.46191951632499695
0.6857064962387085,	0.46460267901420593
0.6856011152267456,	0.4662538766860962
0.6854984760284424,	0.46687307953834534
0.685397744178772,	0.4689370393753052
0.6852989792823792,	0.47162023186683655
0.6852012872695923,	0.47306501865386963
0.685103178024292,	0.47616100311279297
0.6850088834762573,	0.4771929681301117
0.6849165558815002,	0.48008257150650024
0.684824526309967,	0.48028895258903503
0.6847352385520935,	0.48132094740867615
0.6846474409103394,	0.4821465313434601
0.6845623254776001,	0.48482972383499146
0.6844760775566101,	0.4868937134742737
0.6843904852867126,	0.48957687616348267
0.6843088865280151,	0.4906088709831238
0.6842285990715027,	0.492672860622406
0.6841467618942261,	0.49329206347465515
0.6840687990188599,	0.49432405829429626
0.6839920878410339,	0.494943231344223
0.6839154362678528,	0.49597522616386414
0.6838408708572388,	0.49680083990097046
0.6837655901908875,	0.4972136318683624
0.6836941242218018,	0.4988647997379303
0.6836223602294922,	0.5005159974098206
0.6835506558418274,	0.501960813999176
0.6834821701049805,	0.50278639793396
0.6834139823913574,	0.5025799870491028
0.683346152305603,	0.5029927492141724
0.6832798719406128,	0.5042311549186707
0.6832146048545837,	0.5052631497383118
0.6831507682800293,	0.505469560623169
0.683087170124054,	0.5071207284927368
0.6830234527587891,	0.5069143176078796
0.6829622983932495,	0.507327139377594
0.6829016208648682,	0.5089783072471619
0.6828413605690002,	0.5085655450820923
0.6827809810638428,	0.5093911290168762
0.6827237606048584,	0.5098039507865906
0.6826658248901367,	0.5104231238365173
0.6826085448265076,	0.5110422968864441
0.6825538277626038,	0.511867880821228
0.6824983358383179,	0.5124871134757996
0.6824438571929932,	0.5139318704605103
0.682388961315155,	0.5143446922302246
0.6823365688323975,	0.5145511031150818
0.6822847127914429,	0.5149638652801514
0.6822322010993958,	0.5153766870498657
0.6821802258491516,	0.5155830979347229
0.682129979133606,	0.5159958600997925
0.6820809841156006,	0.5164086818695068
0.6820322275161743,	0.5164086818695068
0.6819822788238525,	0.5176470875740051
0.6819363236427307,	0.5178534388542175
0.6818900108337402,	0.5180598497390747
0.6818432211875916,	0.5178534388542175
0.6817954182624817,	0.5178534388542175
0.6817511320114136,	0.5188854336738586
0.6817052960395813,	0.5195046663284302
0.6816619038581848,	0.5195046663284302
0.6816178560256958,	0.5201238393783569
0.681574285030365,	0.5199174284934998
0.6815299391746521,	0.5197110176086426
0.6814892292022705,	0.5199174284934998
0.681445837020874,	0.5199174284934998
0.6814064979553223,	0.5201238393783569
0.6813650131225586,	0.5207430124282837
0.68132483959198,	0.5209494233131409
0.6812849044799805,	0.521155834197998
0.6812447309494019,	0.5213622450828552
0.6812047362327576,	0.5215686559677124
0.68116694688797,	0.5217750072479248
0.681130051612854,	0.5217750072479248
0.6810911297798157,	0.521981418132782
0.6810535788536072,	0.5221878290176392
0.6810174584388733,	0.5221878290176392
0.6809805631637573,	0.5221878290176392
0.6809448003768921,	0.5221878290176392
0.680908739566803,	0.5223942399024963
0.6808739900588989,	0.5221878290176392
0.680838942527771,	0.5221878290176392
0.6808035969734192,	0.5223942399024963
0.6807680130004883,	0.5226005911827087
0.680736243724823,	0.5228070020675659
0.6807022094726562,	0.5226005911827087
0.6806702613830566,	0.5228070020675659
0.6806365251541138,	0.5228070020675659
0.6806035041809082,	0.5232198238372803
0.6805720925331116,	0.5236325860023499
0.6805391311645508,	0.5234262347221375
0.6805088520050049,	0.5234262347221375
0.6804760694503784,	0.5232198238372803
0.6804460287094116,	0.5234262347221375
0.6804159283638,	0.5236325860023499
0.6803830862045288,	0.5236325860023499
0.6803551316261292,	0.523838996887207
0.6803255677223206,	0.5236325860023499
0.6802966594696045,	0.5236325860023499
0.680266797542572,	0.5234262347221375
0.6802383661270142,	0.5234262347221375
0.6802080869674683,	0.5240454077720642
0.680181086063385,	0.5240454077720642
0.6801519393920898,	0.5242518186569214
0.6801249384880066,	0.5240454077720642
0.6800954341888428,	0.523838996887207
0.6800698041915894,	0.5240454077720642
0.6800412535667419,	0.5240454077720642
0.6800141334533691,	0.523838996887207
0.679989218711853,	0.5236325860023499
0.6799634099006653,	0.5240454077720642
0.6799370646476746,	0.5244582295417786
0.6799094080924988,	0.5244582295417786
0.6798856854438782,	0.5244582295417786
0.6798602938652039,	0.5242518186569214
0.6798341870307922,	0.5240454077720642
0.6798084378242493,	0.523838996887207
0.6797844767570496,	0.5236325860023499
0.6797592043876648,	0.5232198238372803
0.6797353029251099,	0.5236325860023499
0.6797112822532654,	0.5234262347221375
0.6796859502792358,	0.5236325860023499
0.679661750793457,	0.523838996887207
0.6796392202377319,	0.5240454077720642
0.6796163320541382,	0.5240454077720642
0.6795918941497803,	0.523838996887207
0.6795682311058044,	0.5240454077720642
0.6795470118522644,	0.5242518186569214
0.679523229598999,	0.5244582295417786
0.6795017123222351,	0.5242518186569214
0.6794778108596802,	0.5242518186569214
0.6794570088386536,	0.5244582295417786
0.6794338226318359,	0.523838996887207
0.6794115900993347,	0.5234262347221375
0.6793901920318604,	0.5228070020675659
0.6793696880340576,	0.5226005911827087
0.6793476343154907,	0.5226005911827087
0.6793252825737,	0.5228070020675659
0.6793051362037659,	0.5228070020675659
0.6792849898338318,	0.5236325860023499
0.6792647838592529,	0.5244582295417786
0.6792430877685547,	0.5242518186569214
0.679223895072937,	0.5240454077720642
0.6792024374008179,	0.523838996887207
0.6791831851005554,	0.5236325860023499
0.6791626214981079,	0.5234262347221375
0.6791431903839111,	0.523838996887207
0.6791226863861084,	0.523838996887207
0.6791034936904907,	0.5236325860023499
0.6790853142738342,	0.5240454077720642
0.6790645122528076,	0.5242518186569214
0.679046094417572,	0.5242518186569214
0.6790267825126648,	0.524664580821991
0.6790059208869934,	0.524664580821991
0.6789894700050354,	0.524664580821991
0.6789709329605103,	0.5250774025917053
0.6789516806602478,	0.5244582295417786
0.678932785987854,	0.5244582295417786
0.6789156794548035,	0.5244582295417786
0.6788967251777649,	0.524664580821991
0.6788786053657532,	0.524664580821991
0.6788598895072937,	0.5248709917068481
0.6788427829742432,	0.5252838134765625
0.678824782371521,	0.5252838134765625
0.6788074374198914,	0.5252838134765625
0.6787888407707214,	0.5254902243614197
0.6787727475166321,	0.5259029865264893
0.6787561774253845,	0.5263158082962036
0.6787385940551758,	0.5259029865264893
0.6787223815917969,	0.5261093974113464
0.6787034869194031,	0.526522159576416
0.6786894202232361,	0.5263158082962036
0.6786712408065796,	0.5261093974113464
0.6786524057388306,	0.5263158082962036
0.6786379814147949,	0.5263158082962036
0.6786216497421265,	0.526522159576416
0.6786045432090759,	0.526522159576416
0.6785887479782104,	0.5269349813461304
0.6785721778869629,	0.5273478031158447
0.6785557270050049,	0.5275541543960571
0.6785406470298767,	0.5271413922309875
0.6785233616828918,	0.5273478031158447
0.6785082817077637,	0.5271413922309875
0.67849200963974,	0.5271413922309875
0.6784766912460327,	0.5275541543960571
0.6784614324569702,	0.5277605652809143
0.6784457564353943,	0.5277605652809143
0.6784306168556213,	0.5281733870506287
0.6784144639968872,	0.5279669761657715
0.6784000992774963,	0.5285861492156982
0.6783843040466309,	0.5287925601005554
0.6783708930015564,	0.5289989709854126
0.6783554553985596,	0.5285861492156982
0.678339421749115,	0.5287925601005554
0.6783233880996704,	0.5283797979354858
0.6783088445663452,	0.5283797979354858
0.6782950162887573,	0.5289989709854126
0.6782812476158142,	0.5296181440353394
0.6782655715942383,	0.5298245549201965
0.6782522797584534,	0.5302373766899109
0.6782378554344177,	0.5300309658050537
0.6782243847846985,	0.529411792755127
0.6782094836235046,	0.5298245549201965
0.6781955361366272,	0.5302373766899109
0.6781801581382751,	0.5302373766899109
0.6781674027442932,	0.5298245549201965
0.6781534552574158,	0.5300309658050537
0.6781395673751831,	0.5298245549201965
0.67812579870224,	0.5300309658050537
0.6781110167503357,	0.5300309658050537
0.6780964732170105,	0.5300309658050537
0.6780836582183838,	0.5300309658050537
0.678070604801178,	0.5304437279701233
0.678057849407196,	0.5306501388549805
0.6780439615249634,	0.5306501388549805
0.6780300736427307,	0.5308565497398376
0.6780173182487488,	0.5306501388549805
0.6780032515525818,	0.5308565497398376
0.677989661693573,	0.5308565497398376
0.6779764890670776,	0.5308565497398376
0.6779632568359375,	0.531269371509552
0.6779505610466003,	0.5316821336746216
0.6779382824897766,	0.5320949554443359
0.677925169467926,	0.5320949554443359
0.6779113411903381,	0.5329205393791199
0.6778995990753174,	0.5329205393791199
0.6778860092163086,	0.533126950263977
0.6778740286827087,	0.5325077176094055
0.6778609752655029,	0.5325077176094055
0.6778479218482971,	0.5327141284942627
0.6778353452682495,	0.5327141284942627
0.6778219938278198,	0.5327141284942627
0.6778098344802856,	0.5327141284942627
0.677798330783844,	0.5327141284942627
0.6777867078781128,	0.5327141284942627
0.6777732968330383,	0.5327141284942627
0.6777606010437012,	0.5327141284942627
0.6777485013008118,	0.5327141284942627
0.6777369976043701,	0.5327141284942627
0.6777252554893494,	0.5327141284942627
0.6777125000953674,	0.5327141284942627
0.6777006983757019,	0.5325077176094055
0.6776878237724304,	0.5327141284942627
0.6776757836341858,	0.5329205393791199
0.677664041519165,	0.533126950263977
0.6776518225669861,	0.533126950263977
0.6776407957077026,	0.5333333611488342
0.6776289343833923,	0.5333333611488342
0.6776174902915955,	0.5333333611488342
0.6776050329208374,	0.5343652963638306
0.6775936484336853,	0.5349845290184021
0.6775834560394287,	0.5349845290184021
0.6775725483894348,	0.5351909399032593
0.677558183670044,	0.5351909399032593
0.6775480508804321,	0.5351909399032593
0.6775367259979248,	0.5353972911834717
0.6775254011154175,	0.5351909399032593
0.6775136590003967,	0.5353972911834717
0.6775018572807312,	0.535810112953186
0.6774917840957642,	0.535810112953186
0.677482008934021,	0.535810112953186
0.6774696111679077,	0.5356037020683289
0.6774578094482422,	0.5360165238380432
0.6774458289146423,	0.5360165238380432
0.6774360537528992,	0.5362229347229004
0.6774248480796814,	0.5362229347229004
0.6774133443832397,	0.5360165238380432
0.677403450012207,	0.5360165238380432
0.6773931980133057,	0.5360165238380432
0.6773828864097595,	0.5362229347229004
0.677371084690094,	0.5362229347229004
0.6773597598075867,	0.5360165238380432
0.6773491501808167,	0.5362229347229004
0.677337646484375,	0.5362229347229004
0.6773273944854736,	0.5362229347229004
0.6773149967193604,	0.5360165238380432
0.6773052215576172,	0.5360165238380432
0.6772944927215576,	0.5362229347229004
0.6772847175598145,	0.5362229347229004
0.6772741079330444,	0.5364292860031128
0.6772646903991699,	0.5362229347229004
0.6772540211677551,	0.5368421077728271
0.6772428154945374,	0.5368421077728271
0.6772308349609375,	0.53663569688797
0.6772207617759705,	0.53663569688797
0.6772101521492004,	0.5368421077728271
0.6772006750106812,	0.5370485186576843
0.6771902441978455,	0.5370485186576843
0.6771789193153381,	0.5370485186576843
0.67717045545578,	0.5370485186576843
0.6771599054336548,	0.5368421077728271
0.6771490573883057,	0.53663569688797
0.6771396994590759,	0.53663569688797
0.6771302223205566,	0.53663569688797
0.6771193742752075,	0.53663569688797
0.6771090626716614,	0.5368421077728271
0.6770991086959839,	0.53663569688797
0.6770890355110168,	0.5368421077728271
0.6770789623260498,	0.5368421077728271
0.6770692467689514,	0.5368421077728271
0.67705899477005,	0.5370485186576843
0.6770502924919128,	0.5370485186576843
0.6770405173301697,	0.5370485186576843
0.6770296096801758,	0.5370485186576843
0.6770186424255371,	0.5370485186576843
0.6770083904266357,	0.5370485186576843
0.6769998073577881,	0.5370485186576843
0.676989734172821,	0.5370485186576843
0.6769803762435913,	0.5370485186576843
0.676969587802887,	0.5372549295425415
0.6769607663154602,	0.5376676917076111
0.6769511699676514,	0.5380805134773254
0.6769407987594604,	0.5380805134773254
0.6769320964813232,	0.5380805134773254
0.6769226789474487,	0.5378741025924683
0.6769129037857056,	0.5378741025924683
0.6769029498100281,	0.5378741025924683
0.6768936514854431,	0.5378741025924683
0.6768832206726074,	0.5382868647575378
0.6768741607666016,	0.5382868647575378
0.6768648624420166,	0.5382868647575378
0.6768556237220764,	0.5382868647575378
0.6768468022346497,	0.5382868647575378
0.676837146282196,	0.5382868647575378
0.676827073097229,	0.5382868647575378
0.6768178343772888,	0.5382868647575378
0.6768089532852173,	0.5382868647575378
0.6768001317977905,	0.5382868647575378
0.6767917275428772,	0.538493275642395
0.6767817139625549,	0.5386996865272522
0.6767728924751282,	0.538493275642395
0.6767623424530029,	0.538493275642395
0.6767536401748657,	0.538493275642395
0.6767460107803345,	0.5386996865272522
0.676735520362854,	0.5391125082969666
0.6767258644104004,	0.5389060974121094
0.6767174601554871,	0.5391125082969666
0.6767082214355469,	0.5389060974121094
0.6766997575759888,	0.5391125082969666
0.676689088344574,	0.539318859577179
0.6766799688339233,	0.5391125082969666
0.676671028137207,	0.539318859577179
0.6766624450683594,	0.5397316813468933
0.6766534447669983,	0.5397316813468933
0.6766448616981506,	0.5399380922317505
0.6766360998153687,	0.5397316813468933
0.6766270399093628,	0.5397316813468933
0.6766175627708435,	0.5395252704620361
0.6766090989112854,	0.5397316813468933
0.6766001582145691,	0.5397316813468933
0.6765919923782349,	0.5397316813468933
0.6765841841697693,	0.5397316813468933
0.6765741109848022,	0.5397316813468933
0.6765649914741516,	0.5395252704620361
0.676555871963501,	0.539318859577179
0.6765472888946533,	0.539318859577179
0.676537275314331,	0.539318859577179
0.6765296459197998,	0.5395252704620361
0.676520586013794,	0.5395252704620361
0.6765121817588806,	0.5395252704620361
0.6765028238296509,	0.5395252704620361
0.6764947772026062,	0.5395252704620361
0.6764866709709167,	0.5395252704620361
0.6764785647392273,	0.5397316813468933
0.6764705181121826,	0.5397316813468933
0.6764619946479797,	0.5399380922317505
0.6764538288116455,	0.5401445031166077
0.6764436364173889,	0.5403508543968201
0.6764349341392517,	0.5401445031166077
0.676426112651825,	0.5403508543968201
0.6764186024665833,	0.5405572652816772
0.6764104962348938,	0.5403508543968201
0.6764013767242432,	0.5403508543968201
0.6763929128646851,	0.5401445031166077
0.6763839721679688,	0.5401445031166077
0.6763759255409241,	0.5401445031166077
0.6763678789138794,	0.5401445031166077
0.6763597726821899,	0.5401445031166077
0.67635178565979,	0.5401445031166077
0.6763420104980469,	0.5397316813468933
0.6763346195220947,	0.5399380922317505
0.6763262152671814,	0.5399380922317505
0.6763181090354919,	0.5401445031166077
0.6763092875480652,	0.5401445031166077
0.6762999892234802,	0.5401445031166077
0.6762914061546326,	0.5405572652816772
0.6762838363647461,	0.5405572652816772
0.6762754321098328,	0.5405572652816772
0.6762685179710388,	0.5407636761665344
0.6762619614601135,	0.5405572652816772
0.676253616809845,	0.5403508543968201
0.6762441992759705,	0.5405572652816772
0.6762359738349915,	0.5407636761665344
0.6762277483940125,	0.5407636761665344
0.6762183308601379,	0.5407636761665344
0.6762112379074097,	0.5407636761665344
0.6762035489082336,	0.5409700870513916
0.6761948466300964,	0.5409700870513916
0.6761855483055115,	0.5409700870513916
0.6761775612831116,	0.5409700870513916
0.6761693358421326,	0.5409700870513916
0.6761613488197327,	0.5413828492164612
0.6761540770530701,	0.5413828492164612
0.6761458516120911,	0.5413828492164612
0.6761378049850464,	0.5411764979362488
0.6761296987533569,	0.5411764979362488
0.67612224817276,	0.5411764979362488
0.6761137843132019,	0.5411764979362488
0.6761047840118408,	0.5409700870513916
0.6760964393615723,	0.5407636761665344
0.6760884523391724,	0.5409700870513916
0.6760820746421814,	0.5407636761665344
0.6760740280151367,	0.5405572652816772
0.6760655641555786,	0.5407636761665344
0.6760586500167847,	0.5407636761665344
0.6760517358779907,	0.5407636761665344
0.676042914390564,	0.5407636761665344
0.6760351657867432,	0.5407636761665344
0.6760270595550537,	0.5411764979362488
0.6760204434394836,	0.5409700870513916
0.6760132312774658,	0.5409700870513916
0.6760052442550659,	0.5409700870513916
0.6759963035583496,	0.5409700870513916
0.6759886145591736,	0.5409700870513916
0.6759812235832214,	0.5409700870513916
0.6759741902351379,	0.5409700870513916
0.6759665012359619,	0.5409700870513916
0.6759582757949829,	0.5411764979362488
0.6759499907493591,	0.5411764979362488
0.6759419441223145,	0.5411764979362488
0.6759343147277832,	0.5411764979362488
0.6759272217750549,	0.5409700870513916
0.6759198307991028,	0.5409700870513916
0.6759128570556641,	0.5409700870513916
0.6759049296379089,	0.5415892601013184
0.6758953928947449,	0.5415892601013184
0.6758886575698853,	0.5415892601013184
0.6758820414543152,	0.5415892601013184
0.6758741736412048,	0.5415892601013184
0.6758655905723572,	0.5417956709861755
0.6758575439453125,	0.5417956709861755
0.6758496761322021,	0.5417956709861755
0.6758421063423157,	0.5417956709861755
0.6758365035057068,	0.5417956709861755
0.6758286952972412,	0.5417956709861755
0.675820529460907,	0.5417956709861755
0.6758133172988892,	0.5417956709861755
0.675804853439331,	0.5420020818710327
0.6757972836494446,	0.5420020818710327
0.6757897138595581,	0.5422084331512451
0.6757827401161194,	0.5428276658058167
0.6757755279541016,	0.5430340766906738
0.6757684946060181,	0.5430340766906738
0.6757600903511047,	0.5430340766906738
0.6757527589797974,	0.5430340766906738
0.6757453083992004,	0.5428276658058167
0.675737738609314,	0.5428276658058167
0.6757298111915588,	0.5428276658058167
0.6757230758666992,	0.5430340766906738
0.6757160425186157,	0.5430340766906738
0.6757094860076904,	0.5430340766906738
0.6757021546363831,	0.5430340766906738
0.6756955981254578,	0.5428276658058167
0.6756872534751892,	0.5430340766906738
0.6756806373596191,	0.5430340766906738
0.6756736040115356,	0.5430340766906738
0.6756660342216492,	0.5430340766906738
0.6756579279899597,	0.5428276658058167
0.6756510138511658,	0.5428276658058167
0.6756439208984375,	0.5428276658058167
0.6756371855735779,	0.5428276658058167
0.6756301522254944,	0.5428276658058167
0.675622284412384,	0.5430340766906738
0.6756155490875244,	0.5428276658058167
0.6756081581115723,	0.5430340766906738
0.6756005883216858,	0.5430340766906738
0.6755938529968262,	0.5432404279708862
0.675586462020874,	0.5432404279708862
0.6755791902542114,	0.5432404279708862
0.6755711436271667,	0.5432404279708862
0.6755645275115967,	0.5430340766906738
0.6755574941635132,	0.5430340766906738
0.6755499839782715,	0.5430340766906738
0.675542950630188,	0.5428276658058167
0.6755365133285522,	0.5428276658058167
0.6755306124687195,	0.5428276658058167
0.675524115562439,	0.5428276658058167
0.6755166053771973,	0.5428276658058167
0.675508439540863,	0.5426212549209595
0.6755008101463318,	0.5426212549209595
0.6754937767982483,	0.5426212549209595
0.6754871606826782,	0.5424148440361023
0.6754799485206604,	0.5424148440361023
0.6754729747772217,	0.5422084331512451
0.6754666566848755,	0.5424148440361023
0.6754599213600159,	0.5422084331512451
0.6754528880119324,	0.5422084331512451
0.6754453778266907,	0.5422084331512451
0.6754375100135803,	0.5422084331512451
0.6754301190376282,	0.5422084331512451
0.6754237413406372,	0.5420020818710327
0.6754165887832642,	0.5420020818710327
0.6754103899002075,	0.5420020818710327
0.6754034161567688,	0.5420020818710327
0.6753969788551331,	0.5420020818710327
0.6753896474838257,	0.5420020818710327
0.6753813624382019,	0.5417956709861755
0.6753749847412109,	0.5420020818710327
0.675367534160614,	0.5420020818710327
0.6753607988357544,	0.5420020818710327
0.6753543019294739,	0.5420020818710327
0.6753484606742859,	0.5420020818710327
0.6753423810005188,	0.5420020818710327
0.6753356456756592,	0.5422084331512451
0.6753286123275757,	0.5422084331512451
0.6753213405609131,	0.5422084331512451
0.6753146052360535,	0.5422084331512451
0.6753082275390625,	0.5422084331512451
0.6752999424934387,	0.5422084331512451
0.6752938032150269,	0.5422084331512451
0.6752874255180359,	0.5422084331512451
0.6752811670303345,	0.5422084331512451
0.6752734184265137,	0.5424148440361023
0.6752668023109436,	0.5424148440361023
0.6752598285675049,	0.5422084331512451
0.6752529144287109,	0.5422084331512451
0.6752468943595886,	0.5420020818710327
0.6752396821975708,	0.5420020818710327
0.6752334833145142,	0.5422084331512451
0.675226628780365,	0.5422084331512451
0.675219714641571,	0.5424148440361023
0.6752129793167114,	0.5424148440361023
0.6752060055732727,	0.5424148440361023
0.6751983761787415,	0.5426212549209595
0.675191342830658,	0.5426212549209595
0.6751842498779297,	0.5424148440361023
0.6751778721809387,	0.5424148440361023
0.6751719117164612,	0.5426212549209595
0.6751634478569031,	0.5432404279708862
0.6751576066017151,	0.5432404279708862
0.6751506328582764,	0.5430340766906738
0.6751437783241272,	0.5430340766906738
0.6751381754875183,	0.5434468388557434
0.6751308441162109,	0.5434468388557434
0.6751255393028259,	0.5432404279708862
0.6751185655593872,	0.5432404279708862
0.6751114130020142,	0.5432404279708862
0.6751046180725098,	0.5432404279708862
0.6750977039337158,	0.5434468388557434
0.6750918030738831,	0.5434468388557434
0.6750860214233398,	0.5434468388557434
0.6750787496566772,	0.5434468388557434
0.6750715374946594,	0.5434468388557434
0.675065279006958,	0.5434468388557434
0.6750593185424805,	0.5434468388557434
0.6750537157058716,	0.5434468388557434
0.6750476956367493,	0.5432404279708862
0.675041139125824,	0.5434468388557434
0.6750347018241882,	0.5432404279708862
0.6750269532203674,	0.5432404279708862
0.6750200390815735,	0.5432404279708862
0.675014078617096,	0.5432404279708862
0.6750076413154602,	0.5432404279708862
0.6750015616416931,	0.5432404279708862
0.6749948859214783,	0.5434468388557434
0.6749891042709351,	0.5434468388557434
0.6749825477600098,	0.5434468388557434
0.6749755144119263,	0.5434468388557434
0.6749682426452637,	0.5432404279708862
0.6749626994132996,	0.5432404279708862
0.6749565601348877,	0.5432404279708862
0.6749491691589355,	0.5436532497406006
0.6749424934387207,	0.5436532497406006
0.6749365329742432,	0.5436532497406006
0.6749298572540283,	0.5438596606254578
0.6749234795570374,	0.5438596606254578
0.6749175786972046,	0.5442724227905273
0.6749122142791748,	0.5444788336753845
0.674905002117157,	0.5448916554450989
0.6748993992805481,	0.5448916554450989
0.6748916506767273,	0.5453044176101685
0.6748859286308289,	0.5453044176101685
0.6748801469802856,	0.5453044176101685
0.6748740673065186,	0.5453044176101685
0.6748664379119873,	0.545098066329956
0.6748607754707336,	0.545098066329956
0.6748546361923218,	0.545098066329956
0.6748475432395935,	0.545098066329956
0.674841582775116,	0.5453044176101685
0.6748339533805847,	0.5453044176101685
0.674827516078949,	0.5453044176101685
0.6748212575912476,	0.5453044176101685
0.6748158931732178,	0.5455108284950256
0.6748102307319641,	0.5455108284950256
0.6748039722442627,	0.5457172393798828
0.6747971177101135,	0.54592365026474
0.6747912168502808,	0.54592365026474
0.6747848391532898,	0.54592365026474
0.6747784614562988,	0.54592365026474
0.6747723817825317,	0.54592365026474
0.6747660040855408,	0.54592365026474
0.6747601628303528,	0.54592365026474
0.6747540235519409,	0.5457172393798828
0.6747469902038574,	0.5457172393798828
0.6747417449951172,	0.5457172393798828
0.6747350096702576,	0.5453044176101685
0.6747286915779114,	0.5453044176101685
0.6747223734855652,	0.5453044176101685
0.6747165322303772,	0.5453044176101685
0.6747093796730042,	0.5453044176101685
0.6747024059295654,	0.5453044176101685
0.6746968626976013,	0.5453044176101685
0.6746912598609924,	0.5453044176101685
0.6746845841407776,	0.5453044176101685
0.6746792793273926,	0.5453044176101685
0.6746730804443359,	0.5453044176101685
0.6746669411659241,	0.5453044176101685
0.6746609210968018,	0.5455108284950256
0.6746543645858765,	0.5457172393798828
0.6746493577957153,	0.5457172393798828
0.6746437549591064,	0.5457172393798828
0.6746379733085632,	0.5461300015449524
0.67463219165802,	0.5461300015449524
0.6746259927749634,	0.5461300015449524
0.6746195554733276,	0.54592365026474
0.6746131777763367,	0.54592365026474
0.6746066212654114,	0.5461300015449524
0.6746006608009338,	0.5461300015449524
0.674593985080719,	0.5463364124298096
0.6745879650115967,	0.5463364124298096
0.67458176612854,	0.5463364124298096
0.674575686454773,	0.5461300015449524
0.6745691895484924,	0.5461300015449524
0.6745637655258179,	0.5461300015449524
0.6745590567588806,	0.5461300015449524
0.6745520234107971,	0.54592365026474
0.6745462417602539,	0.54592365026474
0.6745395660400391,	0.54592365026474
0.6745331287384033,	0.54592365026474
0.674527645111084,	0.5461300015449524
0.6745223999023438,	0.5461300015449524
0.674515962600708,	0.5461300015449524
0.67451012134552,	0.5463364124298096
0.6745032072067261,	0.5465428233146667
0.6744973063468933,	0.5467492341995239
0.6744911670684814,	0.5469556450843811
0.6744838356971741,	0.5469556450843811
0.6744784116744995,	0.5469556450843811
0.6744728088378906,	0.5471619963645935
0.6744669675827026,	0.5473684072494507
0.6744609475135803,	0.5473684072494507
0.674455463886261,	0.5473684072494507
0.6744502782821655,	0.5475748181343079
0.6744451522827148,	0.5475748181343079
0.674437940120697,	0.5475748181343079
0.6744327545166016,	0.5475748181343079
0.6744275689125061,	0.5473684072494507
0.6744216680526733,	0.5473684072494507
0.6744164228439331,	0.5473684072494507
0.674410879611969,	0.5473684072494507
0.6744049191474915,	0.5473684072494507
0.6743990182876587,	0.5473684072494507
0.6743927001953125,	0.5473684072494507
0.674386203289032,	0.5473684072494507
0.6743799448013306,	0.5473684072494507
0.6743740439414978,	0.5473684072494507
0.6743677258491516,	0.5475748181343079
0.6743618845939636,	0.5475748181343079
0.6743556261062622,	0.5475748181343079
0.6743493676185608,	0.5475748181343079
0.674344003200531,	0.547781229019165
0.6743379831314087,	0.547781229019165
0.6743314266204834,	0.547781229019165
0.6743269562721252,	0.5479876399040222
0.6743210554122925,	0.5479876399040222
0.6743141412734985,	0.5479876399040222
0.6743089556694031,	0.5479876399040222
0.6743042469024658,	0.5479876399040222
0.6742984056472778,	0.547781229019165
0.6742923259735107,	0.5475748181343079
0.6742854118347168,	0.5475748181343079
0.6742798089981079,	0.5471619963645935
0.6742749810218811,	0.5471619963645935
0.6742696166038513,	0.5473684072494507
0.6742642521858215,	0.547781229019165
0.674258291721344,	0.547781229019165
0.6742513179779053,	0.5479876399040222
0.6742466688156128,	0.5475748181343079
0.6742408275604248,	0.5475748181343079
0.6742343306541443,	0.5475748181343079
0.674228310585022,	0.5473684072494507
0.6742225289344788,	0.5475748181343079
0.6742170453071594,	0.5475748181343079
0.6742108464241028,	0.547781229019165
0.6742067933082581,	0.547781229019165
0.6742007732391357,	0.547781229019165
0.6741942763328552,	0.547781229019165
0.6741891503334045,	0.547781229019165
0.6741836667060852,	0.5479876399040222
0.6741775870323181,	0.5479876399040222
0.6741713285446167,	0.5479876399040222
0.6741653680801392,	0.5479876399040222
0.6741599440574646,	0.5479876399040222
0.6741552948951721,	0.5479876399040222
0.6741507053375244,	0.5479876399040222
0.6741446256637573,	0.5479876399040222
0.6741383075714111,	0.547781229019165
0.6741330623626709,	0.547781229019165
0.6741269826889038,	0.5479876399040222
0.6741212606430054,	0.5479876399040222
0.6741151809692383,	0.5481939911842346
0.6741102337837219,	0.5481939911842346
0.6741058230400085,	0.5481939911842346
0.6740999817848206,	0.5484004020690918
0.6740933656692505,	0.5484004020690918
0.6740878820419312,	0.5484004020690918
0.674082338809967,	0.5484004020690918
0.6740755438804626,	0.5484004020690918
0.6740695238113403,	0.5484004020690918
0.6740644574165344,	0.5484004020690918
0.6740583777427673,	0.5484004020690918
0.6740527153015137,	0.548606812953949
0.674047589302063,	0.5484004020690918
0.6740421056747437,	0.548606812953949
0.6740373969078064,	0.548606812953949
0.6740325689315796,	0.548606812953949
0.674026370048523,	0.548606812953949
0.6740216016769409,	0.548606812953949
0.674016535282135,	0.548606812953949
0.6740099191665649,	0.548606812953949
0.6740044355392456,	0.548606812953949
0.6739994883537292,	0.548606812953949
0.6739932894706726,	0.548606812953949
0.6739879250526428,	0.548606812953949
0.6739827990531921,	0.548606812953949
0.673976719379425,	0.548606812953949
0.6739712357521057,	0.5484004020690918
0.6739665269851685,	0.5484004020690918
0.6739611029624939,	0.548606812953949
0.6739553213119507,	0.5488132238388062
0.6739494204521179,	0.5488132238388062
0.6739434599876404,	0.5484004020690918
0.6739380955696106,	0.5484004020690918
0.6739329099655151,	0.5484004020690918
0.6739272475242615,	0.5481939911842346
0.6739222407341003,	0.5484004020690918
0.6739181280136108,	0.548606812953949
0.6739113926887512,	0.548606812953949
0.6739059686660767,	0.548606812953949
0.6739002466201782,	0.548606812953949
0.6738948822021484,	0.5484004020690918
0.6738894581794739,	0.5484004020690918
0.6738846898078918,	0.5484004020690918
0.67387855052948,	0.5484004020690918
0.6738730669021606,	0.548606812953949
0.6738682985305786,	0.5488132238388062
0.6738623976707458,	0.5488132238388062
0.6738574504852295,	0.5488132238388062
0.6738521456718445,	0.548606812953949
0.673846960067749,	0.548606812953949
0.6738408803939819,	0.548606812953949
0.6738356947898865,	0.548606812953949
0.6738294959068298,	0.548606812953949
0.6738242506980896,	0.5488132238388062
0.6738185286521912,	0.5488132238388062
0.6738138794898987,	0.5488132238388062
0.6738079786300659,	0.5488132238388062
0.6738026142120361,	0.5490196347236633
0.6737972497940063,	0.5490196347236633
0.6737915277481079,	0.5490196347236633
0.6737865805625916,	0.5490196347236633
0.6737819910049438,	0.5490196347236633
0.6737765669822693,	0.5488132238388062
0.6737702488899231,	0.5490196347236633
0.6737647652626038,	0.5490196347236633
0.6737595796585083,	0.5492259860038757
0.6737543940544128,	0.5492259860038757
0.6737497448921204,	0.5492259860038757
0.673744797706604,	0.5490196347236633
0.6737395524978638,	0.5490196347236633
0.6737340092658997,	0.5490196347236633
0.6737287640571594,	0.5490196347236633
0.6737239360809326,	0.5490196347236633
0.6737192273139954,	0.5494323968887329
0.6737135052680969,	0.5494323968887329
0.6737077236175537,	0.5494323968887329
0.673703134059906,	0.5492259860038757
0.6736966967582703,	0.5492259860038757
0.67369145154953,	0.5492259860038757
0.6736859083175659,	0.5492259860038757
0.6736800670623779,	0.5492259860038757
0.6736745834350586,	0.5492259860038757
0.6736700534820557,	0.5490196347236633
0.6736648678779602,	0.5490196347236633
0.6736587882041931,	0.5490196347236633
0.6736538410186768,	0.5490196347236633
0.6736484169960022,	0.5490196347236633
0.6736437082290649,	0.5490196347236633
0.6736384630203247,	0.5490196347236633
0.6736345291137695,	0.5490196347236633
0.6736293435096741,	0.5490196347236633
0.6736229658126831,	0.5492259860038757
0.6736181378364563,	0.5494323968887329
0.673613429069519,	0.5494323968887329
0.6736075282096863,	0.5492259860038757
0.6736023426055908,	0.5494323968887329
0.6735972762107849,	0.5494323968887329
0.6735917925834656,	0.5494323968887329
0.6735870838165283,	0.5494323968887329
0.6735816597938538,	0.5494323968887329
0.6735774874687195,	0.5492259860038757
0.6735718250274658,	0.5492259860038757
0.673566997051239,	0.5492259860038757
