Number of classes: 5
Elapsed time: 0:10:56.389124
Mini-batch size: 400
Number of epochs: 11
Learning rate: 0.01
Subset: small
------------------------------------
Testing accuracy: 0.3781512677669525
Training accuracy: 0.4846368730068207
------------------------------------
cost history,	validation history
1858.1968994140625,	0.12903225421905518
1120.0062255859375,	0.16129031777381897
1011.3067626953125,	0.20967741310596466
833.5770874023438,	0.25806450843811035
831.1382446289062,	0.29032257199287415
818.2985229492188,	0.30645161867141724
821.4052734375,	0.30645161867141724
791.5616455078125,	0.30645161867141724
719.5327758789062,	0.30645161867141724
652.239990234375,	0.29032257199287415
651.129150390625,	0.29032257199287415
786.4615478515625,	0.27419355511665344
708.8024291992188,	0.27419355511665344
653.3800659179688,	0.29032257199287415
583.3646240234375,	0.29032257199287415
594.0626831054688,	0.29032257199287415
528.493896484375,	0.30645161867141724
626.0481567382812,	0.30645161867141724
547.4585571289062,	0.30645161867141724
483.49493408203125,	0.30645161867141724
553.6348876953125,	0.32258063554763794
488.5017395019531,	0.32258063554763794
