Number of classes: 2
Elapsed time: 0:05:00.060040
Mini-batch size: 400
Number of epochs: 148
Learning rate: 0.01
Subset: medium
------------------------------------
Testing accuracy: 0.8085106611251831
Training accuracy: 0.8301592469215393
------------------------------------
cost history,	validation history
1.2358486652374268,	0.7911392450332642
3.3434371948242188,	0.7911392450332642
2.9241139888763428,	0.7911392450332642
2.7484679222106934,	0.7911392450332642
2.42877197265625,	0.7911392450332642
2.3318827152252197,	0.7911392450332642
2.050356149673462,	0.7911392450332642
1.8485275506973267,	0.7911392450332642
0.18986104428768158,	0.7911392450332642
1.3867007493972778,	0.7911392450332642
1.4639902114868164,	0.7911392450332642
1.216496467590332,	0.7911392450332642
0.9174667596817017,	0.7911392450332642
0.9028174877166748,	0.7911392450332642
0.7177039384841919,	0.7911392450332642
0.7813941836357117,	0.0
0.9214932322502136,	0.0
0.8706037402153015,	0.0
0.9066399931907654,	0.7911392450332642
0.7933534383773804,	0.7911392450332642
0.7098141312599182,	0.7911392450332642
0.6332410573959351,	0.7911392450332642
0.6481071710586548,	0.7911392450332642
0.667324960231781,	0.7911392450332642
0.7790406942367554,	0.7911392450332642
0.9422295093536377,	0.7911392450332642
0.014283173717558384,	0.7911392450332642
0.9398744106292725,	0.7911392450332642
0.6126388311386108,	0.7911392450332642
0.8770968914031982,	0.7911392450332642
0.694856584072113,	0.7911392450332642
0.751843273639679,	0.7911392450332642
0.6603982448577881,	0.7911392450332642
0.6648428440093994,	0.7911392450332642
0.6049908399581909,	0.7911392450332642
0.47514793276786804,	0.7911392450332642
0.6922956109046936,	0.7911392450332642
0.6710304021835327,	0.7911392450332642
0.6473491191864014,	0.7911392450332642
0.7097254991531372,	0.7911392450332642
0.7133829593658447,	0.7911392450332642
0.6871735453605652,	0.7911392450332642
0.7107438445091248,	0.7911392450332642
0.6459593772888184,	0.7911392450332642
0.9504885673522949,	0.7911392450332642
0.5546663403511047,	0.7911392450332642
0.7043080925941467,	0.7911392450332642
0.6989689469337463,	0.7911392450332642
0.6809694170951843,	0.7911392450332642
0.5963551998138428,	0.7911392450332642
0.5725150108337402,	0.7911392450332642
0.6215788125991821,	0.7911392450332642
0.6383739709854126,	0.7911392450332642
2.008221387863159,	0.7911392450332642
0.6691677570343018,	0.7911392450332642
0.6604663729667664,	0.7911392450332642
0.6583741903305054,	0.7911392450332642
0.6316211819648743,	0.7911392450332642
0.6403557062149048,	0.7911392450332642
0.6330400109291077,	0.7911392450332642
0.6572293043136597,	0.7911392450332642
0.5849252343177795,	0.7911392450332642
0.43098053336143494,	0.7911392450332642
0.6652586460113525,	0.7911392450332642
0.778178870677948,	0.7911392450332642
0.6585737466812134,	0.7911392450332642
0.7460985779762268,	0.7911392450332642
0.6104791760444641,	0.7911392450332642
0.770061731338501,	0.7911392450332642
0.5860204100608826,	0.7911392450332642
0.5799007415771484,	0.7911392450332642
0.126897394657135,	0.7911392450332642
0.5707036852836609,	0.7911392450332642
0.6024846434593201,	0.7911392450332642
0.6168089509010315,	0.7911392450332642
0.5660333037376404,	0.7911392450332642
0.5719911456108093,	0.7911392450332642
0.5625048875808716,	0.7911392450332642
0.6470445394515991,	0.7911392450332642
0.57318514585495,	0.7911392450332642
0.12216445058584213,	0.7911392450332642
0.6546058654785156,	0.7911392450332642
0.6428388357162476,	0.7911392450332642
0.6073866486549377,	0.7911392450332642
0.5899564623832703,	0.7911392450332642
0.557680070400238,	0.7911392450332642
0.5554677844047546,	0.7911392450332642
0.5487034916877747,	0.7911392450332642
0.549761176109314,	0.7911392450332642
0.22595538198947906,	0.7911392450332642
0.5654988288879395,	0.7911392450332642
0.5523210763931274,	0.7911392450332642
0.5742488503456116,	0.7911392450332642
0.6116682887077332,	0.7911392450332642
0.48516350984573364,	0.7911392450332642
0.6150868535041809,	0.7911392450332642
0.5616833567619324,	0.7911392450332642
0.5764541029930115,	0.7911392450332642
0.2417706400156021,	0.7911392450332642
0.5547525882720947,	0.7911392450332642
0.5504400730133057,	0.7911392450332642
0.515369713306427,	0.7911392450332642
0.5234906673431396,	0.7911392450332642
0.506849467754364,	0.7911392450332642
0.5670002698898315,	0.7911392450332642
0.6193735599517822,	0.7911392450332642
0.5174014568328857,	0.7911392450332642
0.9482463002204895,	0.7911392450332642
0.5517261028289795,	0.7953586578369141
0.603715181350708,	0.6603375673294067
0.6198962926864624,	0.6877636909484863
0.6193981766700745,	0.7932489514350891
0.5907595753669739,	0.7911392450332642
0.5183334946632385,	0.7911392450332642
0.5711917281150818,	0.7911392450332642
0.5422927737236023,	0.7911392450332642
1.1091091632843018,	0.7911392450332642
0.47983288764953613,	0.7911392450332642
0.5519825220108032,	0.7911392450332642
0.4822903573513031,	0.7911392450332642
0.5450105667114258,	0.797468364238739
0.5679382085800171,	0.797468364238739
0.579756498336792,	0.797468364238739
0.5408645868301392,	0.797468364238739
0.4995248317718506,	0.797468364238739
0.25915876030921936,	0.7911392450332642
0.5790588855743408,	0.7911392450332642
0.5182231664657593,	0.7911392450332642
0.6083340048789978,	0.7911392450332642
0.5056803822517395,	0.7911392450332642
0.5817689299583435,	0.7911392450332642
0.5089383125305176,	0.7911392450332642
0.4669029116630554,	0.7848101258277893
0.5090245604515076,	0.7911392450332642
0.18658088147640228,	0.7911392450332642
0.5463013648986816,	0.7805907130241394
0.534152626991272,	0.7805907130241394
0.5169996023178101,	0.7827004194259644
0.5056886076927185,	0.7890295386314392
0.4731224477291107,	0.7869198322296143
0.4919146001338959,	0.7869198322296143
0.5260415077209473,	0.7784810066223145
0.5053000450134277,	0.7721518874168396
0.5508174896240234,	0.7679324746131897
0.5275232791900635,	0.7700421810150146
0.5227773189544678,	0.7805907130241394
0.6312355995178223,	0.7890295386314392
0.505409836769104,	0.7869198322296143
0.5733113288879395,	0.7573839426040649
0.5357605218887329,	0.7658227682113647
0.4824163317680359,	0.7911392450332642
0.5219885110855103,	0.7911392450332642
0.06924066692590714,	0.7911392450332642
0.5113797783851624,	0.7911392450332642
0.6082282066345215,	0.7911392450332642
0.5432801246643066,	0.7911392450332642
0.45830199122428894,	0.7911392450332642
0.5225139856338501,	0.7827004194259644
0.5190823674201965,	0.7594936490058899
0.5500475764274597,	0.7700421810150146
0.5245271325111389,	0.7911392450332642
0.6330823302268982,	0.7869198322296143
0.5473532676696777,	0.7848101258277893
0.5388627648353577,	0.7932489514350891
0.5274445414543152,	0.7890295386314392
0.5004180669784546,	0.7911392450332642
0.5235892534255981,	0.7911392450332642
0.5014383792877197,	0.7911392450332642
0.5590367913246155,	0.7911392450332642
0.49733108282089233,	0.7911392450332642
0.5024378299713135,	0.7869198322296143
0.5314762592315674,	0.7805907130241394
0.4865714907646179,	0.7616033554077148
0.5084242820739746,	0.797468364238739
0.5376753807067871,	0.7784810066223145
0.5600776076316833,	0.7742615938186646
0.49671849608421326,	0.7869198322296143
0.46963873505592346,	0.7911392450332642
0.5408242344856262,	0.7911392450332642
0.210192009806633,	0.7911392450332642
0.5174329280853271,	0.7911392450332642
0.613195538520813,	0.7911392450332642
0.5401170253753662,	0.7911392450332642
0.5704256296157837,	0.7911392450332642
0.44646987318992615,	0.7827004194259644
0.6023437976837158,	0.74472576379776
0.5182187557220459,	0.7784810066223145
0.5157130360603333,	0.8016877770423889
0.1530526876449585,	0.8059071898460388
0.4975711703300476,	0.7827004194259644
0.4650941491127014,	0.7911392450332642
0.4560259282588959,	0.7911392450332642
0.5592735409736633,	0.7911392450332642
0.5074453949928284,	0.7911392450332642
0.5116233825683594,	0.7827004194259644
0.5529177784919739,	0.7658227682113647
0.577919065952301,	0.7848101258277893
1.6492376327514648,	0.7405063509941101
0.6337181925773621,	0.6561181545257568
0.7631732225418091,	0.6729958057403564
0.753337562084198,	0.8080168962478638
0.6167038083076477,	0.7890295386314392
0.4972028434276581,	0.7911392450332642
0.45969536900520325,	0.7911392450332642
0.6566175818443298,	0.7911392450332642
0.6427130103111267,	0.7911392450332642
0.8951878547668457,	0.7911392450332642
0.513674795627594,	0.7911392450332642
0.6594816446304321,	0.7911392450332642
0.4811331629753113,	0.7890295386314392
0.5106368064880371,	0.7911392450332642
0.5701550245285034,	0.7890295386314392
0.5680621862411499,	0.7890295386314392
0.5499098896980286,	0.7911392450332642
0.5399608016014099,	0.7890295386314392
0.132175013422966,	0.7911392450332642
0.49886783957481384,	0.7911392450332642
0.6260300278663635,	0.7911392450332642
0.6056932210922241,	0.7911392450332642
0.6262607574462891,	0.7911392450332642
0.5000506043434143,	0.7911392450332642
0.49001792073249817,	0.7911392450332642
0.5127582550048828,	0.7911392450332642
0.459168940782547,	0.7911392450332642
0.8104278445243835,	0.7932489514350891
0.5335584878921509,	0.7932489514350891
0.5073649883270264,	0.7932489514350891
0.5227782726287842,	0.7911392450332642
0.5822049975395203,	0.7911392450332642
0.44516655802726746,	0.7932489514350891
0.5191019177436829,	0.7911392450332642
0.4918513596057892,	0.7911392450332642
0.48683837056159973,	0.7911392450332642
0.7917168140411377,	0.7911392450332642
0.5038787126541138,	0.7911392450332642
0.5393685698509216,	0.7932489514350891
0.5382205843925476,	0.7932489514350891
0.5560247898101807,	0.7911392450332642
0.47753310203552246,	0.7911392450332642
0.5159324407577515,	0.7911392450332642
0.45805779099464417,	0.7953586578369141
0.4604932367801666,	0.7890295386314392
0.17315995693206787,	0.7911392450332642
0.530372679233551,	0.7911392450332642
0.46006476879119873,	0.7911392450332642
0.6290861368179321,	0.7911392450332642
0.5438828468322754,	0.7911392450332642
0.5508428812026978,	0.7911392450332642
0.5589843988418579,	0.7953586578369141
0.48650458455085754,	0.7257384061813354
0.5338740348815918,	0.75527423620224
0.22794239223003387,	0.7489451766014099
0.5906930565834045,	0.7763713002204895
0.5652700662612915,	0.7869198322296143
0.48100346326828003,	0.7805907130241394
0.47462227940559387,	0.7848101258277893
0.48891693353652954,	0.7827004194259644
0.5090945363044739,	0.7890295386314392
0.4539087414741516,	0.7848101258277893
0.5224977135658264,	0.7805907130241394
0.049750421196222305,	0.7827004194259644
0.4917674660682678,	0.7890295386314392
0.43956002593040466,	0.7890295386314392
0.4828447103500366,	0.7911392450332642
0.5048722624778748,	0.7953586578369141
0.4900102913379669,	0.8080168962478638
0.5302297472953796,	0.8101266026496887
0.4963328540325165,	0.8037974834442139
0.5298050045967102,	0.7890295386314392
0.6799696087837219,	0.8080168962478638
0.502855658531189,	0.8037974834442139
0.498496413230896,	0.799578070640564
0.5349478721618652,	0.799578070640564
0.5338895320892334,	0.7932489514350891
0.46875420212745667,	0.7848101258277893
0.5239534974098206,	0.7869198322296143
0.44558578729629517,	0.7890295386314392
0.5156289935112,	0.7869198322296143
0.13552618026733398,	0.7869198322296143
0.5063660144805908,	0.7911392450332642
0.4598568379878998,	0.7890295386314392
0.5188713669776917,	0.7890295386314392
0.49873819947242737,	0.7890295386314392
0.4598235785961151,	0.8059071898460388
0.47525858879089355,	0.8101266026496887
0.4821605682373047,	0.799578070640564
0.4624606966972351,	0.799578070640564
0.16683359444141388,	0.8101266026496887
0.4896254241466522,	0.8101266026496887
0.5196130275726318,	0.8059071898460388
0.5540792942047119,	0.8037974834442139
0.4002331495285034,	0.7911392450332642
0.4404228925704956,	0.7869198322296143
0.5040531754493713,	0.7848101258277893
0.4596984386444092,	0.7805907130241394
0.4693628251552582,	0.7763713002204895
0.18727755546569824,	0.7827004194259644
0.5016433000564575,	0.7932489514350891
0.48343655467033386,	0.7953586578369141
0.4949760437011719,	0.7953586578369141
0.47725772857666016,	0.7911392450332642
0.4933546185493469,	0.7721518874168396
0.43733033537864685,	0.8037974834442139
0.4741674065589905,	0.8059071898460388
0.4710703194141388,	0.8037974834442139
0.8982133269309998,	0.8080168962478638
0.5128547549247742,	0.8080168962478638
0.49556854367256165,	0.8122363090515137
0.4822331368923187,	0.7805907130241394
0.4590957760810852,	0.7848101258277893
0.44951966404914856,	0.7953586578369141
0.45800983905792236,	0.7932489514350891
0.4857500493526459,	0.7932489514350891
0.5283697843551636,	0.7953586578369141
0.15591861307621002,	0.7953586578369141
0.5435137152671814,	0.7953586578369141
0.5373809933662415,	0.797468364238739
0.4817412495613098,	0.797468364238739
0.47103485465049744,	0.7805907130241394
0.4623863995075226,	0.7848101258277893
0.4244590401649475,	0.7953586578369141
0.4440963864326477,	0.797468364238739
0.47315514087677,	0.7932489514350891
0.6074351668357849,	0.797468364238739
0.5407434701919556,	0.7911392450332642
0.5043097138404846,	0.7911392450332642
0.6351149082183838,	0.7911392450332642
0.5693764090538025,	0.7911392450332642
0.5540379285812378,	0.7953586578369141
0.5424947142601013,	0.797468364238739
0.49180278182029724,	0.7953586578369141
0.5097348690032959,	0.7784810066223145
0.6393428444862366,	0.7510548233985901
0.5745694637298584,	0.74472576379776
0.6235582232475281,	0.7594936490058899
0.5697070360183716,	0.7784810066223145
0.5231802463531494,	0.797468364238739
0.4986271560192108,	0.797468364238739
0.45967933535575867,	0.7911392450332642
0.5424412488937378,	0.7911392450332642
0.6107348799705505,	0.7911392450332642
0.07434367388486862,	0.7911392450332642
0.6455355882644653,	0.7911392450332642
0.6132566332817078,	0.797468364238739
0.4606248438358307,	0.7848101258277893
0.4652407765388489,	0.7869198322296143
0.42414382100105286,	0.8059071898460388
0.5155321359634399,	0.8122363090515137
0.5262297987937927,	0.7932489514350891
0.48536741733551025,	0.7890295386314392
0.9391512870788574,	0.7616033554077148
0.5425254106521606,	0.7890295386314392
0.5587793588638306,	0.7953586578369141
0.5296750068664551,	0.8016877770423889
0.5404435992240906,	0.7890295386314392
0.5096661448478699,	0.7848101258277893
0.4196886718273163,	0.7932489514350891
0.42608439922332764,	0.7932489514350891
0.46079570055007935,	0.797468364238739
0.9008874297142029,	0.7953586578369141
0.4552994668483734,	0.7932489514350891
0.42110851407051086,	0.7869198322296143
0.4577235281467438,	0.7953586578369141
0.46994322538375854,	0.799578070640564
0.5071555972099304,	0.7911392450332642
0.49050194025039673,	0.7932489514350891
0.4818509817123413,	0.7869198322296143
0.5092704892158508,	0.7911392450332642
1.1373366117477417,	0.7890295386314392
0.47228944301605225,	0.7869198322296143
0.4695442318916321,	0.7869198322296143
0.42679569125175476,	0.7869198322296143
0.47887811064720154,	0.7890295386314392
0.5006312727928162,	0.7932489514350891
0.461401104927063,	0.7932489514350891
0.4559975564479828,	0.7911392450332642
0.5367557406425476,	0.7911392450332642
0.5799052119255066,	0.7869198322296143
0.4864952862262726,	0.8143460154533386
0.5052450895309448,	0.8164557218551636
0.5294042825698853,	0.8143460154533386
0.5064394474029541,	0.7953586578369141
0.46115756034851074,	0.7890295386314392
0.44636070728302,	0.7932489514350891
0.5257858037948608,	0.7911392450332642
0.49586722254753113,	0.7911392450332642
0.15876668691635132,	0.7932489514350891
0.5407203435897827,	0.7953586578369141
0.5669078230857849,	0.7932489514350891
0.557236909866333,	0.7932489514350891
0.42939940094947815,	0.7911392450332642
0.5307230949401855,	0.7890295386314392
0.4622148871421814,	0.799578070640564
0.4853772819042206,	0.8206751346588135
0.4710167348384857,	0.8122363090515137
0.5924954414367676,	0.799578070640564
0.5398700833320618,	0.799578070640564
0.5551918148994446,	0.7932489514350891
0.4723370373249054,	0.7911392450332642
0.5160067081451416,	0.7890295386314392
0.47767502069473267,	0.7911392450332642
0.43034836649894714,	0.7932489514350891
0.5406684279441833,	0.7932489514350891
0.530034601688385,	0.7932489514350891
0.6309357285499573,	0.7953586578369141
0.5678768754005432,	0.7932489514350891
0.49897605180740356,	0.8101266026496887
0.4810338616371155,	0.8206751346588135
0.4947575330734253,	0.8164557218551636
0.5391967296600342,	0.8080168962478638
0.5219426155090332,	0.7932489514350891
0.41822585463523865,	0.7890295386314392
0.5097231864929199,	0.7932489514350891
0.14255191385746002,	0.7911392450332642
0.5306886434555054,	0.7932489514350891
0.5023182034492493,	0.7932489514350891
0.5248445272445679,	0.7932489514350891
0.5591525435447693,	0.7953586578369141
0.483560711145401,	0.7911392450332642
0.48204436898231506,	0.7953586578369141
0.4602537453174591,	0.7932489514350891
0.5407382845878601,	0.7911392450332642
0.27538156509399414,	0.799578070640564
0.5583024024963379,	0.8016877770423889
0.40050259232521057,	0.8037974834442139
0.5211190581321716,	0.797468364238739
0.4657076895236969,	0.799578070640564
0.4555246829986572,	0.7932489514350891
0.5129092931747437,	0.7911392450332642
0.5001016855239868,	0.7932489514350891
0.49327903985977173,	0.799578070640564
0.9225642085075378,	0.799578070640564
0.48357605934143066,	0.8080168962478638
0.4310355484485626,	0.8227847814559937
0.4964165985584259,	0.8248944878578186
0.5223025679588318,	0.8122363090515137
0.5052981972694397,	0.797468364238739
0.49666252732276917,	0.799578070640564
0.47733622789382935,	0.7953586578369141
0.4382186233997345,	0.7953586578369141
0.09941616654396057,	0.7890295386314392
0.5613508820533752,	0.7932489514350891
0.609200656414032,	0.7911392450332642
0.4546142518520355,	0.7932489514350891
0.46535637974739075,	0.7911392450332642
0.4384443759918213,	0.7953586578369141
0.4792572259902954,	0.7911392450332642
0.4496268033981323,	0.799578070640564
0.4648805260658264,	0.8059071898460388
0.3613694906234741,	0.8059071898460388
0.5120325684547424,	0.8059071898460388
0.45231059193611145,	0.797468364238739
0.5283194184303284,	0.7890295386314392
0.4550510048866272,	0.7911392450332642
0.4657782316207886,	0.7932489514350891
0.36630988121032715,	0.7953586578369141
0.4316159784793854,	0.7953586578369141
0.5238551497459412,	0.7932489514350891
0.7865860462188721,	0.8059071898460388
0.5304788947105408,	0.797468364238739
0.48470649123191833,	0.7827004194259644
0.5229380130767822,	0.799578070640564
0.5254656076431274,	0.8037974834442139
0.5163052082061768,	0.797468364238739
0.4233253598213196,	0.7890295386314392
0.49351173639297485,	0.7953586578369141
0.5116569399833679,	0.7932489514350891
0.044969409704208374,	0.7932489514350891
0.5248420238494873,	0.7932489514350891
0.548682451248169,	0.7932489514350891
0.4636290669441223,	0.7953586578369141
0.47413748502731323,	0.7953586578369141
0.45823243260383606,	0.7784810066223145
0.48322585225105286,	0.8016877770423889
0.4935719668865204,	0.8080168962478638
0.5215393304824829,	0.8101266026496887
0.2586298882961273,	0.8101266026496887
0.4812126159667969,	0.8037974834442139
0.46572771668434143,	0.799578070640564
0.5404363870620728,	0.797468364238739
0.3967515826225281,	0.797468364238739
0.48750418424606323,	0.797468364238739
0.4905526638031006,	0.8016877770423889
0.5113970637321472,	0.8037974834442139
0.45214852690696716,	0.8080168962478638
0.3184005916118622,	0.797468364238739
0.489156574010849,	0.7911392450332642
0.5131535530090332,	0.7932489514350891
0.5945127010345459,	0.7953586578369141
0.5447851419448853,	0.8080168962478638
0.49937155842781067,	0.8080168962478638
0.4873148202896118,	0.7932489514350891
0.41433292627334595,	0.8016877770423889
0.5575897693634033,	0.8037974834442139
0.07518794387578964,	0.7953586578369141
0.44329574704170227,	0.799578070640564
0.5553922057151794,	0.797468364238739
0.41504257917404175,	0.797468364238739
0.5203162431716919,	0.7953586578369141
0.5072370767593384,	0.797468364238739
0.4495347738265991,	0.799578070640564
0.4843244254589081,	0.8037974834442139
0.5163737535476685,	0.8037974834442139
0.1894630342721939,	0.799578070640564
0.45636212825775146,	0.8016877770423889
0.5117334127426147,	0.797468364238739
0.49484360218048096,	0.799578070640564
0.40064537525177,	0.799578070640564
0.5122389793395996,	0.797468364238739
0.45017409324645996,	0.8016877770423889
0.41768592596054077,	0.799578070640564
0.527651309967041,	0.7953586578369141
0.33432283997535706,	0.799578070640564
0.4411388635635376,	0.8016877770423889
0.4483143985271454,	0.8016877770423889
0.5028799176216125,	0.8016877770423889
0.44534042477607727,	0.797468364238739
0.4552813470363617,	0.797468364238739
0.45432746410369873,	0.797468364238739
0.45445260405540466,	0.8016877770423889
0.44990402460098267,	0.8016877770423889
1.9883638620376587,	0.8101266026496887
0.4816819131374359,	0.8080168962478638
0.54819655418396,	0.8059071898460388
0.6294938921928406,	0.8101266026496887
0.5639426708221436,	0.799578070640564
0.48301970958709717,	0.799578070640564
0.4607466161251068,	0.7953586578369141
0.44925495982170105,	0.797468364238739
0.48464348912239075,	0.7953586578369141
0.04386104643344879,	0.7953586578369141
0.5214701294898987,	0.7953586578369141
0.6202512383460999,	0.797468364238739
0.5727663636207581,	0.7932489514350891
0.5911537408828735,	0.7953586578369141
0.5009397268295288,	0.8016877770423889
0.469176709651947,	0.799578070640564
0.4633257985115051,	0.8037974834442139
0.49361374974250793,	0.8059071898460388
0.6730988621711731,	0.8037974834442139
0.5254132747650146,	0.8016877770423889
0.5043268799781799,	0.8037974834442139
0.41730475425720215,	0.8059071898460388
0.5314149260520935,	0.8059071898460388
0.4280445873737335,	0.8059071898460388
0.4315757751464844,	0.8059071898460388
0.42663314938545227,	0.8037974834442139
0.4486488699913025,	0.8101266026496887
0.9463355541229248,	0.8101266026496887
0.48173293471336365,	0.799578070640564
0.47378721833229065,	0.8059071898460388
0.48931801319122314,	0.8059071898460388
0.4972701370716095,	0.8080168962478638
0.48922446370124817,	0.8059071898460388
0.4636974334716797,	0.8037974834442139
0.45564284920692444,	0.8059071898460388
0.4298563003540039,	0.797468364238739
1.0092008113861084,	0.799578070640564
0.4985456168651581,	0.8016877770423889
0.49002784490585327,	0.8080168962478638
0.5031185746192932,	0.8080168962478638
0.4838300943374634,	0.8122363090515137
0.5061565637588501,	0.8122363090515137
0.4589126706123352,	0.8080168962478638
0.45382454991340637,	0.8101266026496887
0.3992144763469696,	0.8037974834442139
0.099147729575634,	0.7953586578369141
0.5701959133148193,	0.797468364238739
0.5272418856620789,	0.7953586578369141
0.5006994009017944,	0.799578070640564
0.4117014706134796,	0.8037974834442139
0.4105146825313568,	0.8037974834442139
0.48621636629104614,	0.799578070640564
0.45585405826568604,	0.8122363090515137
0.5088103413581848,	0.799578070640564
1.5804277658462524,	0.7721518874168396
0.5750460028648376,	0.7763713002204895
0.6917417645454407,	0.7911392450332642
0.6896436810493469,	0.8185654282569885
0.5402012467384338,	0.8164557218551636
0.4751162827014923,	0.8016877770423889
0.5428537130355835,	0.7932489514350891
0.5683083534240723,	0.7932489514350891
0.5239825248718262,	0.7953586578369141
0.03765275329351425,	0.7953586578369141
0.5011037588119507,	0.7953586578369141
0.5599279999732971,	0.7932489514350891
0.6682406663894653,	0.7932489514350891
0.5432925224304199,	0.797468364238739
0.45730316638946533,	0.8037974834442139
0.4899417459964752,	0.8143460154533386
0.4796982705593109,	0.8185654282569885
0.5693857073783875,	0.8143460154533386
0.32458749413490295,	0.8080168962478638
0.4557565748691559,	0.8037974834442139
0.4760891795158386,	0.8016877770423889
0.4359068274497986,	0.797468364238739
0.5241515040397644,	0.797468364238739
0.4992441236972809,	0.799578070640564
0.5053039789199829,	0.8016877770423889
0.4656103253364563,	0.799578070640564
0.488096684217453,	0.8037974834442139
0.15228891372680664,	0.8080168962478638
0.46732163429260254,	0.8101266026496887
0.4348950684070587,	0.8101266026496887
0.4792039096355438,	0.8101266026496887
0.480916827917099,	0.8101266026496887
0.4693828523159027,	0.8101266026496887
0.446329802274704,	0.8059071898460388
0.40658485889434814,	0.8016877770423889
0.47955557703971863,	0.799578070640564
0.08652772754430771,	0.797468364238739
0.4282149076461792,	0.7932489514350891
0.4400051534175873,	0.7953586578369141
0.44345396757125854,	0.7953586578369141
0.5538488030433655,	0.7953586578369141
0.49182260036468506,	0.797468364238739
0.46391478180885315,	0.8059071898460388
0.4791077673435211,	0.8143460154533386
0.4652750492095947,	0.8101266026496887
0.28915515542030334,	0.8143460154533386
0.5003368258476257,	0.8143460154533386
0.4749884009361267,	0.8059071898460388
0.43576639890670776,	0.799578070640564
0.44496670365333557,	0.8143460154533386
0.5001716017723083,	0.8080168962478638
0.5340667963027954,	0.8059071898460388
0.5264635682106018,	0.8037974834442139
0.4626508951187134,	0.8037974834442139
1.2723654508590698,	0.8059071898460388
0.3911546766757965,	0.8037974834442139
0.5499762892723083,	0.8080168962478638
0.43621841073036194,	0.8059071898460388
0.4666691720485687,	0.8101266026496887
0.49043169617652893,	0.8059071898460388
0.44913622736930847,	0.8059071898460388
0.4515953063964844,	0.8016877770423889
0.4628406763076782,	0.8080168962478638
0.4959639012813568,	0.8037974834442139
0.4458150565624237,	0.799578070640564
0.44173282384872437,	0.799578070640564
0.4321185052394867,	0.797468364238739
0.44259917736053467,	0.7953586578369141
0.47429952025413513,	0.799578070640564
0.4550638496875763,	0.797468364238739
0.47580185532569885,	0.8037974834442139
0.4283602833747864,	0.8016877770423889
0.14031289517879486,	0.8016877770423889
0.4178297519683838,	0.8016877770423889
0.45096060633659363,	0.8037974834442139
0.4593583643436432,	0.8016877770423889
0.4790097773075104,	0.8037974834442139
0.5020267367362976,	0.8037974834442139
0.4639696478843689,	0.8101266026496887
0.40630248188972473,	0.8059071898460388
0.4584372043609619,	0.8101266026496887
0.12520329654216766,	0.8101266026496887
0.4598085284233093,	0.8059071898460388
0.45434707403182983,	0.8122363090515137
0.45586609840393066,	0.8122363090515137
0.44942787289619446,	0.8122363090515137
0.40885353088378906,	0.8122363090515137
0.4920268654823303,	0.8122363090515137
0.428610235452652,	0.8122363090515137
0.5029268860816956,	0.8122363090515137
1.1235666275024414,	0.8164557218551636
0.4802631139755249,	0.8143460154533386
0.441630095243454,	0.8143460154533386
0.48584678769111633,	0.8185654282569885
0.49165770411491394,	0.8059071898460388
0.4792710542678833,	0.8016877770423889
0.4709327816963196,	0.7953586578369141
0.5210050344467163,	0.7911392450332642
0.4192695617675781,	0.7932489514350891
0.19438087940216064,	0.797468364238739
0.4545365273952484,	0.7953586578369141
0.5043754577636719,	0.797468364238739
0.4641236960887909,	0.7953586578369141
0.46754586696624756,	0.7932489514350891
0.5214633345603943,	0.7911392450332642
0.40588638186454773,	0.8016877770423889
0.4893394112586975,	0.799578070640564
0.4780702292919159,	0.8143460154533386
0.5256771445274353,	0.8080168962478638
0.48417776823043823,	0.8037974834442139
0.5340083241462708,	0.8037974834442139
0.43801429867744446,	0.799578070640564
0.4754895865917206,	0.8016877770423889
0.44447726011276245,	0.8016877770423889
0.5243009924888611,	0.799578070640564
0.5034503936767578,	0.8037974834442139
0.42899924516677856,	0.8037974834442139
0.3992815315723419,	0.8016877770423889
0.41348785161972046,	0.8101266026496887
0.4415769875049591,	0.8101266026496887
0.48076558113098145,	0.8185654282569885
0.4237261116504669,	0.8185654282569885
0.494536429643631,	0.8122363090515137
0.425496906042099,	0.8122363090515137
0.5296611785888672,	0.8122363090515137
0.47411736845970154,	0.8122363090515137
1.4101213216781616,	0.8227847814559937
0.5035086870193481,	0.8143460154533386
0.47964712977409363,	0.8016877770423889
0.5210132598876953,	0.8143460154533386
0.48179662227630615,	0.8270041942596436
0.4595244526863098,	0.8164557218551636
0.47469815611839294,	0.8059071898460388
0.4743390381336212,	0.7953586578369141
0.5049031376838684,	0.7911392450332642
0.09507018327713013,	0.7932489514350891
0.5059481859207153,	0.7953586578369141
0.538715124130249,	0.7932489514350891
0.4401700496673584,	0.7932489514350891
0.4461294412612915,	0.8037974834442139
0.4554690420627594,	0.8122363090515137
0.47735053300857544,	0.8080168962478638
0.49535927176475525,	0.8143460154533386
0.4710031747817993,	0.8101266026496887
0.29333826899528503,	0.8059071898460388
0.4993782937526703,	0.8164557218551636
0.4252530038356781,	0.7953586578369141
0.4533698558807373,	0.7953586578369141
0.4566980004310608,	0.7953586578369141
0.4986894130706787,	0.7953586578369141
0.6180973649024963,	0.799578070640564
0.5085033178329468,	0.8080168962478638
0.40628546476364136,	0.8080168962478638
0.5805742740631104,	0.7784810066223145
0.5272201299667358,	0.7594936490058899
0.5372134447097778,	0.7911392450332642
0.5407910346984863,	0.8206751346588135
0.4359460473060608,	0.8143460154533386
0.5366039276123047,	0.8016877770423889
0.4614120125770569,	0.8016877770423889
0.4754031300544739,	0.7953586578369141
0.5083581805229187,	0.7932489514350891
0.06624627113342285,	0.7911392450332642
0.4739491939544678,	0.7953586578369141
0.479238897562027,	0.799578070640564
0.4863639771938324,	0.8037974834442139
0.47911444306373596,	0.8059071898460388
0.42352378368377686,	0.8101266026496887
0.5089390277862549,	0.8122363090515137
0.40938231348991394,	0.8185654282569885
0.4373874366283417,	0.8164557218551636
0.12606030702590942,	0.8059071898460388
0.525310218334198,	0.8016877770423889
0.5138989090919495,	0.8016877770423889
0.41613447666168213,	0.799578070640564
0.4292641878128052,	0.799578070640564
0.4024261236190796,	0.8016877770423889
0.42949241399765015,	0.797468364238739
0.39322495460510254,	0.799578070640564
0.4133216142654419,	0.8016877770423889
0.06942392140626907,	0.799578070640564
0.37554681301116943,	0.8016877770423889
0.4253096878528595,	0.8016877770423889
0.44701525568962097,	0.8037974834442139
0.4041386544704437,	0.8101266026496887
0.4634193480014801,	0.8143460154533386
0.5175027847290039,	0.8101266026496887
0.44653141498565674,	0.8080168962478638
0.44774705171585083,	0.8059071898460388
0.8494430184364319,	0.799578070640564
0.5452787280082703,	0.7911392450332642
0.5531287789344788,	0.7869198322296143
0.5432812571525574,	0.8059071898460388
0.46695664525032043,	0.8122363090515137
0.46272334456443787,	0.7932489514350891
0.4886957108974457,	0.797468364238739
0.48091697692871094,	0.797468364238739
0.6178551316261292,	0.797468364238739
0.04272620007395744,	0.797468364238739
0.5051204562187195,	0.797468364238739
0.5046267509460449,	0.7953586578369141
0.4510006308555603,	0.7932489514350891
0.5361278653144836,	0.8080168962478638
0.43981948494911194,	0.8143460154533386
0.4631823003292084,	0.8227847814559937
0.4979260563850403,	0.8227847814559937
0.4847944676876068,	0.8122363090515137
0.2662939727306366,	0.8059071898460388
0.4138687252998352,	0.799578070640564
0.5186783671379089,	0.8016877770423889
0.4500840902328491,	0.8016877770423889
0.44489288330078125,	0.8016877770423889
0.5503467321395874,	0.797468364238739
0.5948299765586853,	0.799578070640564
0.4203512966632843,	0.8122363090515137
0.356118381023407,	0.8080168962478638
0.17453092336654663,	0.8122363090515137
0.4624278247356415,	0.8122363090515137
0.43345382809638977,	0.8122363090515137
0.4416554570198059,	0.8101266026496887
0.4684050679206848,	0.8080168962478638
0.44085025787353516,	0.8037974834442139
0.43038344383239746,	0.8037974834442139
0.43397384881973267,	0.8016877770423889
0.44398367404937744,	0.8037974834442139
1.3667460680007935,	0.8080168962478638
0.546108603477478,	0.8080168962478638
0.46354830265045166,	0.8122363090515137
0.506070077419281,	0.8122363090515137
0.5178999900817871,	0.8143460154533386
0.48470765352249146,	0.8080168962478638
0.3987564444541931,	0.7932489514350891
0.4854353368282318,	0.7932489514350891
0.3950948417186737,	0.7932489514350891
2.6540236473083496,	0.7805907130241394
0.4594534933567047,	0.8122363090515137
0.5131925344467163,	0.8016877770423889
0.5476009845733643,	0.8059071898460388
0.5971223711967468,	0.8206751346588135
0.504681408405304,	0.8080168962478638
0.4395935833454132,	0.7911392450332642
0.4177578091621399,	0.7932489514350891
0.549490749835968,	0.7932489514350891
1.5244535207748413,	0.8016877770423889
0.5501940250396729,	0.8122363090515137
0.4054822027683258,	0.8143460154533386
0.5162816047668457,	0.7869198322296143
0.5595241785049438,	0.7890295386314392
0.534764289855957,	0.8037974834442139
0.4842289984226227,	0.8270041942596436
0.42237284779548645,	0.7953586578369141
0.45913705229759216,	0.7932489514350891
0.05044553801417351,	0.7932489514350891
0.5864716172218323,	0.7932489514350891
0.5394895672798157,	0.7932489514350891
0.5319952964782715,	0.7932489514350891
0.5335878729820251,	0.7932489514350891
0.4342634081840515,	0.8016877770423889
0.5032052397727966,	0.8185654282569885
0.3504479229450226,	0.8185654282569885
0.5406641364097595,	0.8185654282569885
0.2571524679660797,	0.8270041942596436
0.4808259606361389,	0.8185654282569885
0.4707769751548767,	0.8122363090515137
0.45249080657958984,	0.799578070640564
0.49736109375953674,	0.7953586578369141
0.433929443359375,	0.7932489514350891
0.4960439205169678,	0.799578070640564
0.4830091595649719,	0.799578070640564
0.4016532599925995,	0.8059071898460388
1.1714838743209839,	0.8059071898460388
0.43068572878837585,	0.8101266026496887
0.503327488899231,	0.8101266026496887
0.4445725381374359,	0.8059071898460388
0.4742841422557831,	0.8080168962478638
0.5033069849014282,	0.8080168962478638
0.44554656744003296,	0.8059071898460388
0.40822792053222656,	0.799578070640564
0.45793861150741577,	0.7911392450332642
0.10145441442728043,	0.7911392450332642
0.44394761323928833,	0.7911392450332642
0.5313090682029724,	0.7932489514350891
0.4677571952342987,	0.7953586578369141
0.494710773229599,	0.8037974834442139
0.38358306884765625,	0.8101266026496887
0.4938460886478424,	0.8122363090515137
0.4766191244125366,	0.8185654282569885
0.4474620819091797,	0.8164557218551636
0.7330952286720276,	0.8206751346588135
0.4275745749473572,	0.799578070640564
0.4908129870891571,	0.7911392450332642
0.5674627423286438,	0.7911392450332642
0.47507694363594055,	0.7911392450332642
0.5119996070861816,	0.7911392450332642
0.4924321472644806,	0.7932489514350891
0.5013737678527832,	0.8059071898460388
0.45620641112327576,	0.8164557218551636
1.1057993173599243,	0.8016877770423889
0.501008152961731,	0.7742615938186646
0.5792798399925232,	0.7911392450332642
0.5345352292060852,	0.8101266026496887
0.49915626645088196,	0.8080168962478638
0.42652884125709534,	0.7869198322296143
0.5596133470535278,	0.7890295386314392
0.5548109412193298,	0.7932489514350891
0.5068672299385071,	0.7890295386314392
1.3799763917922974,	0.7890295386314392
0.43976685404777527,	0.7911392450332642
0.4465826749801636,	0.797468364238739
0.45198962092399597,	0.8101266026496887
0.5202881097793579,	0.8101266026496887
0.5109877586364746,	0.8101266026496887
0.47979095578193665,	0.8037974834442139
0.5288068652153015,	0.7953586578369141
0.5041929483413696,	0.797468364238739
0.8112190365791321,	0.7953586578369141
0.5121957659721375,	0.8164557218551636
0.542576014995575,	0.8143460154533386
0.5511693954467773,	0.7953586578369141
0.4888826608657837,	0.7911392450332642
0.4804602861404419,	0.7869198322296143
0.5011693835258484,	0.7911392450332642
0.46392372250556946,	0.7932489514350891
0.45862236618995667,	0.7932489514350891
1.4838556051254272,	0.7911392450332642
0.5128476023674011,	0.8016877770423889
0.4871934652328491,	0.8101266026496887
0.5757898092269897,	0.8143460154533386
0.6019169688224792,	0.8037974834442139
0.5147448778152466,	0.7911392450332642
0.5049267411231995,	0.7869198322296143
0.5060207843780518,	0.7890295386314392
0.48344552516937256,	0.7911392450332642
0.12404459714889526,	0.7932489514350891
0.4615248143672943,	0.7911392450332642
0.6066076159477234,	0.7932489514350891
0.6365349292755127,	0.7911392450332642
0.4685479998588562,	0.7890295386314392
0.5093929767608643,	0.7953586578369141
0.5095200538635254,	0.8037974834442139
0.4949587881565094,	0.8122363090515137
0.509483277797699,	0.8037974834442139
0.5039699673652649,	0.797468364238739
0.6033467650413513,	0.799578070640564
0.5627528429031372,	0.8143460154533386
0.5079944133758545,	0.8037974834442139
0.46139204502105713,	0.8016877770423889
0.4689227342605591,	0.7869198322296143
0.5237846970558167,	0.7869198322296143
0.5531325340270996,	0.7869198322296143
0.5028896927833557,	0.7890295386314392
0.0765579417347908,	0.7911392450332642
0.630501925945282,	0.7911392450332642
0.43050095438957214,	0.7932489514350891
0.4679892063140869,	0.799578070640564
0.45485347509384155,	0.8164557218551636
0.43061456084251404,	0.8206751346588135
0.4627857208251953,	0.8185654282569885
0.45839619636535645,	0.8164557218551636
0.5209380388259888,	0.8185654282569885
0.32648777961730957,	0.8016877770423889
0.47491204738616943,	0.7890295386314392
0.5158136487007141,	0.7911392450332642
0.4020482003688812,	0.7911392450332642
0.4499892294406891,	0.7911392450332642
0.5504642724990845,	0.7890295386314392
0.5419443249702454,	0.7911392450332642
0.5192205905914307,	0.8059071898460388
0.4770175516605377,	0.8101266026496887
0.5262168049812317,	0.8185654282569885
0.6599451303482056,	0.7827004194259644
0.6477218866348267,	0.8059071898460388
0.5470939874649048,	0.8143460154533386
0.4758460223674774,	0.8059071898460388
0.44245827198028564,	0.8037974834442139
0.4338935911655426,	0.7890295386314392
0.5231693387031555,	0.7869198322296143
0.5494899153709412,	0.7890295386314392
0.04629254713654518,	0.7869198322296143
0.5107793211936951,	0.7890295386314392
0.5792801380157471,	0.7890295386314392
0.5734187960624695,	0.8016877770423889
0.4991552233695984,	0.8016877770423889
0.4032849967479706,	0.7932489514350891
0.46808692812919617,	0.7805907130241394
0.5023528933525085,	0.7848101258277893
0.5153650045394897,	0.7890295386314392
0.17092888057231903,	0.8080168962478638
0.46627289056777954,	0.8080168962478638
0.4785352647304535,	0.8059071898460388
0.4880724847316742,	0.799578070640564
0.4474655091762543,	0.8016877770423889
0.4858117699623108,	0.8016877770423889
0.4914003014564514,	0.8037974834442139
0.42373940348625183,	0.8059071898460388
0.44745951890945435,	0.8080168962478638
0.08506878465414047,	0.8143460154533386
0.3994629681110382,	0.8143460154533386
0.4648820161819458,	0.8143460154533386
0.4256555438041687,	0.8164557218551636
0.48493507504463196,	0.8122363090515137
0.4808754026889801,	0.8080168962478638
0.46351271867752075,	0.8059071898460388
0.47804367542266846,	0.8059071898460388
0.4477784335613251,	0.8037974834442139
0.10294639319181442,	0.797468364238739
0.4887046813964844,	0.797468364238739
0.4411955773830414,	0.799578070640564
0.4182133376598358,	0.799578070640564
0.4285813868045807,	0.799578070640564
0.42712119221687317,	0.8016877770423889
0.4513792395591736,	0.8016877770423889
0.4897409677505493,	0.799578070640564
0.46693655848503113,	0.797468364238739
0.243269145488739,	0.797468364238739
0.4667501747608185,	0.8037974834442139
0.4254588782787323,	0.797468364238739
0.42258384823799133,	0.7953586578369141
0.454410195350647,	0.797468364238739
0.400949090719223,	0.797468364238739
0.44965729117393494,	0.799578070640564
0.44926100969314575,	0.7953586578369141
0.447317898273468,	0.7953586578369141
0.17430566251277924,	0.7911392450332642
0.42683228850364685,	0.7932489514350891
0.4520263671875,	0.7911392450332642
0.42306146025657654,	0.7932489514350891
0.45689529180526733,	0.7911392450332642
0.38610726594924927,	0.799578070640564
0.4748740494251251,	0.8037974834442139
0.43552863597869873,	0.8016877770423889
0.39311304688453674,	0.799578070640564
0.17375779151916504,	0.797468364238739
0.4464225769042969,	0.7953586578369141
0.4229204058647156,	0.7932489514350891
0.43405604362487793,	0.7953586578369141
0.48186782002449036,	0.7932489514350891
0.49989473819732666,	0.7911392450332642
0.4023522436618805,	0.7932489514350891
0.4183999300003052,	0.797468364238739
0.4397296905517578,	0.8037974834442139
1.631374478340149,	0.746835470199585
0.5645995140075684,	0.6898733973503113
0.694550633430481,	0.7194092869758606
0.6267863512039185,	0.7827004194259644
0.50370192527771,	0.8037974834442139
0.45903366804122925,	0.8016877770423889
0.4217512011528015,	0.7932489514350891
0.4356808066368103,	0.7953586578369141
0.5706338286399841,	0.7953586578369141
0.9479884505271912,	0.7953586578369141
0.4580959677696228,	0.7932489514350891
0.524109423160553,	0.799578070640564
0.46652162075042725,	0.8059071898460388
0.49648961424827576,	0.8101266026496887
0.5315263271331787,	0.8185654282569885
0.5278864502906799,	0.8101266026496887
0.49376311898231506,	0.8059071898460388
0.4584800601005554,	0.797468364238739
0.47110891342163086,	0.7932489514350891
0.5375512838363647,	0.7953586578369141
0.5458568930625916,	0.7953586578369141
0.48087042570114136,	0.7932489514350891
0.5004130005836487,	0.7932489514350891
0.44189831614494324,	0.7911392450332642
0.470310240983963,	0.7953586578369141
0.41822025179862976,	0.8037974834442139
0.4641604721546173,	0.8037974834442139
0.5942320227622986,	0.8080168962478638
0.524019718170166,	0.8059071898460388
0.5625003576278687,	0.8037974834442139
0.5478203296661377,	0.8037974834442139
0.4845159947872162,	0.8037974834442139
0.4136282205581665,	0.799578070640564
0.4456370174884796,	0.7953586578369141
0.5342158675193787,	0.7953586578369141
0.5222739577293396,	0.7953586578369141
0.07678697258234024,	0.7932489514350891
0.5034937858581543,	0.7932489514350891
0.4420323967933655,	0.8080168962478638
0.5021682977676392,	0.8101266026496887
0.42656052112579346,	0.8164557218551636
0.46199455857276917,	0.8164557218551636
0.4664992392063141,	0.8122363090515137
0.4816514551639557,	0.8185654282569885
0.4438283443450928,	0.8164557218551636
0.2571079134941101,	0.8122363090515137
0.40571320056915283,	0.8016877770423889
0.4792734384536743,	0.7953586578369141
0.5508174300193787,	0.7953586578369141
0.49980399012565613,	0.7953586578369141
0.4452040195465088,	0.8016877770423889
0.4796407222747803,	0.8122363090515137
0.4579322040081024,	0.8143460154533386
0.44697490334510803,	0.8164557218551636
0.8704096674919128,	0.7848101258277893
0.5591108202934265,	0.7405063509941101
0.6000546813011169,	0.7341772317886353
0.6091859936714172,	0.7869198322296143
0.5352044701576233,	0.8037974834442139
0.5519411563873291,	0.7932489514350891
0.5157448053359985,	0.7932489514350891
0.49626052379608154,	0.7932489514350891
0.464548796415329,	0.7911392450332642
2.3234708309173584,	0.7932489514350891
0.5204599499702454,	0.8037974834442139
0.4676315188407898,	0.7700421810150146
0.6116329431533813,	0.7215189933776855
0.6581537127494812,	0.7637130618095398
0.6068640947341919,	0.8122363090515137
0.519935131072998,	0.8037974834442139
0.47601908445358276,	0.7932489514350891
0.4153003990650177,	0.7953586578369141
0.6733444333076477,	0.7953586578369141
0.5539851188659668,	0.7953586578369141
0.4616839289665222,	0.7953586578369141
0.5883046984672546,	0.7953586578369141
0.5079391002655029,	0.797468364238739
0.4980095624923706,	0.7911392450332642
0.43680664896965027,	0.7911392450332642
0.5001427531242371,	0.799578070640564
0.5175741314888,	0.797468364238739
0.6409773826599121,	0.7953586578369141
0.4636710286140442,	0.7932489514350891
0.4914588928222656,	0.7932489514350891
0.4531082808971405,	0.7932489514350891
0.4609154462814331,	0.7932489514350891
0.43392983078956604,	0.7932489514350891
0.4778357744216919,	0.7911392450332642
0.482370525598526,	0.7932489514350891
0.5357624888420105,	0.8016877770423889
0.13677187263965607,	0.799578070640564
0.4812156558036804,	0.8016877770423889
0.44731613993644714,	0.8037974834442139
0.5153039693832397,	0.8101266026496887
0.3786536455154419,	0.8164557218551636
0.4646294414997101,	0.8185654282569885
0.44886207580566406,	0.8164557218551636
0.49239489436149597,	0.8185654282569885
0.47414863109588623,	0.8143460154533386
0.08915412425994873,	0.8164557218551636
0.485741525888443,	0.8164557218551636
0.40139907598495483,	0.8122363090515137
0.5357559323310852,	0.8101266026496887
0.5299642086029053,	0.8164557218551636
0.4292125701904297,	0.8143460154533386
0.4561764597892761,	0.8080168962478638
0.4338536560535431,	0.8143460154533386
0.45812302827835083,	0.8164557218551636
0.9862086176872253,	0.8143460154533386
0.4460298418998718,	0.8143460154533386
0.45126861333847046,	0.8101266026496887
0.4966329336166382,	0.8080168962478638
0.5091252326965332,	0.8037974834442139
0.4527483880519867,	0.797468364238739
0.4204263389110565,	0.797468364238739
0.42838895320892334,	0.799578070640564
0.5116257071495056,	0.799578070640564
1.2368839979171753,	0.797468364238739
0.43217790126800537,	0.8185654282569885
0.5369889140129089,	0.8185654282569885
0.5452873110771179,	0.8206751346588135
0.4946433901786804,	0.8143460154533386
0.4947112202644348,	0.8037974834442139
0.449433833360672,	0.7953586578369141
0.3849991261959076,	0.797468364238739
0.501995325088501,	0.797468364238739
0.09965389966964722,	0.8016877770423889
0.48105672001838684,	0.799578070640564
0.49169406294822693,	0.799578070640564
0.49248236417770386,	0.7911392450332642
0.6572911143302917,	0.797468364238739
0.39419129490852356,	0.8059071898460388
0.42322662472724915,	0.8248944878578186
0.4261610805988312,	0.8143460154533386
0.49334317445755005,	0.7911392450332642
0.7506014704704285,	0.8143460154533386
0.4842946231365204,	0.8080168962478638
0.44544804096221924,	0.8016877770423889
0.5594363212585449,	0.799578070640564
0.40869414806365967,	0.7953586578369141
0.48760825395584106,	0.7953586578369141
0.6106109619140625,	0.8037974834442139
0.4171171188354492,	0.8037974834442139
0.44103196263313293,	0.8037974834442139
0.45272669196128845,	0.799578070640564
0.4403579831123352,	0.8016877770423889
0.4906768798828125,	0.8016877770423889
0.47631821036338806,	0.8016877770423889
0.4834000766277313,	0.8037974834442139
0.5376477837562561,	0.8037974834442139
0.47752460837364197,	0.8037974834442139
0.4174555242061615,	0.8206751346588135
0.43593892455101013,	0.8122363090515137
0.40414342284202576,	0.8016877770423889
0.5109270215034485,	0.8016877770423889
0.42363035678863525,	0.8016877770423889
0.459391325712204,	0.799578070640564
0.4424422085285187,	0.797468364238739
0.49311408400535583,	0.799578070640564
0.44545599818229675,	0.799578070640564
0.48251888155937195,	0.8016877770423889
0.47593116760253906,	0.8122363090515137
0.7447317242622375,	0.8248944878578186
0.4759067893028259,	0.8248944878578186
0.47262808680534363,	0.8227847814559937
0.49138152599334717,	0.8248944878578186
0.4528002142906189,	0.8185654282569885
0.4882688820362091,	0.8164557218551636
0.4728965759277344,	0.8080168962478638
0.4349682629108429,	0.8059071898460388
0.42357686161994934,	0.8059071898460388
0.463374525308609,	0.7953586578369141
0.47671014070510864,	0.7953586578369141
0.5021432638168335,	0.7953586578369141
0.6075122356414795,	0.7953586578369141
0.5207093954086304,	0.7953586578369141
0.4918540120124817,	0.797468364238739
0.49201300740242004,	0.799578070640564
0.414562463760376,	0.799578070640564
0.48867499828338623,	0.8185654282569885
0.4514206647872925,	0.8143460154533386
0.5336950421333313,	0.7953586578369141
0.4386906325817108,	0.797468364238739
0.4251956045627594,	0.797468364238739
0.46592843532562256,	0.797468364238739
0.4705161154270172,	0.797468364238739
0.4470992386341095,	0.797468364238739
0.4790880084037781,	0.799578070640564
0.41573193669319153,	0.8037974834442139
0.6448494791984558,	0.8101266026496887
0.4625661373138428,	0.7953586578369141
0.47315216064453125,	0.7911392450332642
0.5135219693183899,	0.797468364238739
0.5083909630775452,	0.8206751346588135
0.48030754923820496,	0.8164557218551636
0.4390881061553955,	0.799578070640564
0.40156257152557373,	0.799578070640564
0.3576950132846832,	0.8016877770423889
0.1546451449394226,	0.797468364238739
0.5479302406311035,	0.797468364238739
0.5594838857650757,	0.797468364238739
0.5752131938934326,	0.797468364238739
0.5366964340209961,	0.797468364238739
0.4323916733264923,	0.8016877770423889
0.43367522954940796,	0.8101266026496887
0.4636690616607666,	0.8206751346588135
0.44682493805885315,	0.8122363090515137
0.8239695429801941,	0.8122363090515137
0.4166729748249054,	0.799578070640564
0.387471079826355,	0.797468364238739
0.4934191107749939,	0.797468364238739
0.5450088381767273,	0.8016877770423889
0.5148248076438904,	0.8016877770423889
0.48942214250564575,	0.797468364238739
0.5106420516967773,	0.799578070640564
0.5021352767944336,	0.797468364238739
0.16917753219604492,	0.8016877770423889
0.44299566745758057,	0.8016877770423889
0.41745665669441223,	0.8016877770423889
0.3932214677333832,	0.799578070640564
0.43384402990341187,	0.8016877770423889
0.42458778619766235,	0.8037974834442139
0.4436134994029999,	0.8037974834442139
0.4758080244064331,	0.8037974834442139
0.4408152103424072,	0.799578070640564
0.12933163344860077,	0.797468364238739
0.4414891302585602,	0.7953586578369141
0.4628504812717438,	0.7953586578369141
0.40503212809562683,	0.7953586578369141
0.45842063426971436,	0.797468364238739
0.46365830302238464,	0.8037974834442139
0.4281481206417084,	0.8059071898460388
0.44766390323638916,	0.8101266026496887
0.42614051699638367,	0.8016877770423889
0.6462038159370422,	0.799578070640564
0.5270264148712158,	0.7763713002204895
0.5617302656173706,	0.7911392450332642
0.5452362298965454,	0.8016877770423889
0.48671814799308777,	0.8206751346588135
0.4616369903087616,	0.8037974834442139
0.41126778721809387,	0.7953586578369141
0.4264715909957886,	0.797468364238739
0.4557781219482422,	0.8016877770423889
0.06172851845622063,	0.799578070640564
0.5680477619171143,	0.799578070640564
0.5509763956069946,	0.8016877770423889
0.579871416091919,	0.799578070640564
0.44276413321495056,	0.797468364238739
0.3627890646457672,	0.8248944878578186
0.46374985575675964,	0.8185654282569885
0.47581300139427185,	0.8164557218551636
0.4472392797470093,	0.8227847814559937
0.5243553519248962,	0.8227847814559937
0.4644979238510132,	0.8206751346588135
0.4731474816799164,	0.8143460154533386
0.4848426878452301,	0.8080168962478638
0.43084603548049927,	0.7953586578369141
0.5185017585754395,	0.797468364238739
0.4196009337902069,	0.797468364238739
0.3995390832424164,	0.797468364238739
0.4351979196071625,	0.797468364238739
0.552753210067749,	0.8143460154533386
0.42020148038864136,	0.8248944878578186
0.45463380217552185,	0.8122363090515137
0.48045796155929565,	0.8143460154533386
0.49598586559295654,	0.8270041942596436
0.4840003252029419,	0.8291139006614685
0.4694746732711792,	0.8312236070632935
0.4799533188343048,	0.8270041942596436
0.44933807849884033,	0.8016877770423889
0.13352519273757935,	0.799578070640564
0.5028299689292908,	0.797468364238739
0.4140487313270569,	0.8101266026496887
0.4824732542037964,	0.8227847814559937
0.43911582231521606,	0.8270041942596436
0.5098766684532166,	0.8291139006614685
0.4428994357585907,	0.8270041942596436
0.39653369784355164,	0.8227847814559937
0.4677600860595703,	0.8248944878578186
0.07001665234565735,	0.8291139006614685
0.4159362018108368,	0.8291139006614685
0.42566025257110596,	0.8248944878578186
0.4338783025741577,	0.8206751346588135
0.4861218333244324,	0.8164557218551636
0.44001901149749756,	0.8164557218551636
0.4976557791233063,	0.8122363090515137
0.44042617082595825,	0.8143460154533386
0.39103949069976807,	0.8143460154533386
0.971015989780426,	0.8248944878578186
0.4381202757358551,	0.8185654282569885
0.48631003499031067,	0.8122363090515137
0.5206762552261353,	0.8206751346588135
0.4670286178588867,	0.8227847814559937
0.4470483362674713,	0.8143460154533386
0.4806250333786011,	0.8080168962478638
0.4872221052646637,	0.799578070640564
0.4340705871582031,	0.799578070640564
0.9364032745361328,	0.799578070640564
0.4952893853187561,	0.799578070640564
0.46052035689353943,	0.799578070640564
0.38593968749046326,	0.8080168962478638
0.41216346621513367,	0.8059071898460388
0.45288825035095215,	0.8059071898460388
0.4763868749141693,	0.8059071898460388
0.4497002065181732,	0.8037974834442139
0.4818360209465027,	0.797468364238739
0.13167919218540192,	0.797468364238739
0.46800196170806885,	0.799578070640564
0.48452216386795044,	0.799578070640564
0.4449605643749237,	0.797468364238739
0.5282124876976013,	0.797468364238739
0.43320247530937195,	0.7953586578369141
0.5109057426452637,	0.799578070640564
0.4138927757740021,	0.8037974834442139
0.39747753739356995,	0.799578070640564
0.29243847727775574,	0.799578070640564
