Number of classes: 3
Elapsed time: 0:10:01.007994
Mini-batch size: 400
Number of epochs: 188
Learning rate: 0.01
Subset: medium
------------------------------------
Testing accuracy: 0.7444608807563782
Training accuracy: 0.7586776614189148
------------------------------------
cost history,	validation history
1.1422643661499023,	0.5392592549324036
1.1623892784118652,	0.5540740489959717
1.0464997291564941,	0.5555555820465088
1.0258421897888184,	0.5481481552124023
0.8725452423095703,	0.4533333480358124
0.9416354298591614,	0.31111112236976624
0.9566457271575928,	0.18666666746139526
0.8558601140975952,	0.12740740180015564
0.8731247186660767,	0.0918518528342247
0.850180983543396,	0.07555555552244186
0.8032770156860352,	0.07111111283302307
0.7810843586921692,	0.06962963193655014
0.7345062494277954,	0.08148147910833359
0.8530351519584656,	0.1066666692495346
0.8618738651275635,	0.2074074000120163
0.8072633147239685,	0.35111111402511597
0.8137603998184204,	0.5007407665252686
0.805544376373291,	0.6014814972877502
0.7162978053092957,	0.6281481385231018
0.7875458598136902,	0.6429629921913147
0.8035814166069031,	0.648888885974884
0.8064190745353699,	0.6548148393630981
0.7633699774742126,	0.6577777862548828
0.7235820293426514,	0.6607407331466675
0.8400874137878418,	0.6607407331466675
0.7934383153915405,	0.6622222065925598
0.7914431691169739,	0.6622222065925598
0.7730924487113953,	0.6622222065925598
0.6902573704719543,	0.6622222065925598
0.7704106569290161,	0.6607407331466675
0.7388324737548828,	0.6592592597007751
0.7415245175361633,	0.6562963128089905
0.7355366945266724,	0.6562963128089905
0.8204641938209534,	0.6548148393630981
0.733074963092804,	0.6548148393630981
0.7250974774360657,	0.6548148393630981
0.7129031419754028,	0.653333306312561
0.6896830797195435,	0.6503703594207764
0.5680528283119202,	0.6503703594207764
0.7347580790519714,	0.6562963128089905
0.6899730563163757,	0.6562963128089905
0.7573679089546204,	0.6562963128089905
0.745451033115387,	0.6562963128089905
0.6957302093505859,	0.6562963128089905
0.7348682880401611,	0.6562963128089905
0.7041908502578735,	0.6562963128089905
0.7378506660461426,	0.6607407331466675
0.7637243866920471,	0.6607407331466675
0.7324482202529907,	0.6607407331466675
0.6837530732154846,	0.6607407331466675
0.6480677723884583,	0.6607407331466675
0.7103670835494995,	0.6607407331466675
0.7055914402008057,	0.6577777862548828
0.7149608135223389,	0.6592592597007751
0.7014365792274475,	0.6592592597007751
0.696302592754364,	0.6592592597007751
0.731009304523468,	0.6592592597007751
0.7542983293533325,	0.6592592597007751
0.6915547847747803,	0.6592592597007751
0.6639731526374817,	0.6592592597007751
0.6953141689300537,	0.6592592597007751
0.6287336945533752,	0.6592592597007751
0.6586430668830872,	0.6607407331466675
0.7169178128242493,	0.6607407331466675
1.0156763792037964,	0.6637036800384521
0.6359362006187439,	0.6637036800384521
0.6977499127388,	0.6666666865348816
0.6747128367424011,	0.6666666865348816
0.6930011510848999,	0.6666666865348816
0.6831684112548828,	0.6651852130889893
0.6669254302978516,	0.6637036800384521
0.7114543914794922,	0.6637036800384521
0.6911390423774719,	0.6607407331466675
0.6586825847625732,	0.6592592597007751
0.6707533001899719,	0.6562963128089905
0.6611643433570862,	0.6548148393630981
0.7091953754425049,	0.6548148393630981
0.7162874937057495,	0.6548148393630981
0.7319731712341309,	0.653333306312561
0.6602888703346252,	0.6503703594207764
0.6589035987854004,	0.648888885974884
0.7379207611083984,	0.6459259390830994
0.6798458695411682,	0.6459259390830994
0.6598130464553833,	0.6459259390830994
0.6614046096801758,	0.6474074125289917
0.6457288265228271,	0.6474074125289917
0.6876634359359741,	0.6459259390830994
0.6576210856437683,	0.6459259390830994
0.6575616002082825,	0.648888885974884
0.6541670560836792,	0.6518518328666687
0.4751795828342438,	0.6518518328666687
0.6776767373085022,	0.6503703594207764
0.6696168780326843,	0.6548148393630981
0.6631564497947693,	0.6562963128089905
0.6747761964797974,	0.6562963128089905
0.6455600261688232,	0.6577777862548828
0.6453785300254822,	0.6577777862548828
0.6609033346176147,	0.6577777862548828
0.5928441286087036,	0.6592592597007751
0.637666642665863,	0.6592592597007751
0.6536031365394592,	0.6592592597007751
0.6720187664031982,	0.6577777862548828
0.6653958559036255,	0.6577777862548828
0.7601238489151001,	0.6548148393630981
0.7129770517349243,	0.653333306312561
0.643963634967804,	0.653333306312561
0.5955016016960144,	0.6518518328666687
0.6082165241241455,	0.6503703594207764
0.6501495838165283,	0.6503703594207764
0.6457632184028625,	0.6503703594207764
0.6230576634407043,	0.6503703594207764
0.6094674468040466,	0.648888885974884
0.6602742671966553,	0.6503703594207764
0.6237478256225586,	0.648888885974884
0.6779820919036865,	0.6459259390830994
0.6254669427871704,	0.6459259390830994
0.6539525389671326,	0.6474074125289917
0.5973419547080994,	0.6503703594207764
0.6060276031494141,	0.6518518328666687
0.6852441430091858,	0.653333306312561
0.5576878786087036,	0.653333306312561
0.6046609282493591,	0.6577777862548828
0.6616754531860352,	0.6577777862548828
0.6603304147720337,	0.6562963128089905
0.6830713152885437,	0.6562963128089905
0.6079509258270264,	0.6607407331466675
0.6666944622993469,	0.6562963128089905
0.6061787605285645,	0.6562963128089905
0.5834845900535583,	0.6548148393630981
0.6359187364578247,	0.6548148393630981
0.6038989424705505,	0.6518518328666687
0.6090052127838135,	0.6518518328666687
0.6449097990989685,	0.648888885974884
0.590275764465332,	0.648888885974884
0.5851930379867554,	0.648888885974884
0.656359076499939,	0.648888885974884
0.62034010887146,	0.648888885974884
0.587382972240448,	0.648888885974884
0.5954665541648865,	0.644444465637207
0.6165751814842224,	0.6429629921913147
0.6218908429145813,	0.644444465637207
0.6126700043678284,	0.6414814591407776
0.6831361055374146,	0.644444465637207
0.5812780857086182,	0.6474074125289917
0.6184964776039124,	0.6474074125289917
0.6333127617835999,	0.648888885974884
0.604977011680603,	0.6503703594207764
0.6360966563224792,	0.6503703594207764
0.5925172567367554,	0.6503703594207764
0.5573000311851501,	0.6503703594207764
0.5751197338104248,	0.6548148393630981
0.5757226347923279,	0.6577777862548828
0.6133259534835815,	0.6577777862548828
0.575178861618042,	0.6607407331466675
0.5868195295333862,	0.6622222065925598
0.5234360098838806,	0.6651852130889893
0.5935511589050293,	0.6681481599807739
0.5925145745277405,	0.6681481599807739
0.6135510206222534,	0.6740740537643433
0.5763806104660034,	0.6711111068725586
0.61704021692276,	0.6740740537643433
0.5586646795272827,	0.6740740537643433
0.6089254021644592,	0.6740740537643433
0.5759318470954895,	0.6725925803184509
0.5217692852020264,	0.6725925803184509
0.5976904630661011,	0.6696296334266663
0.6330626010894775,	0.6666666865348816
0.6357394456863403,	0.6651852130889893
0.5412455201148987,	0.6592592597007751
0.6011192202568054,	0.6577777862548828
0.5597265362739563,	0.6548148393630981
0.6097462177276611,	0.648888885974884
0.5926370024681091,	0.6503703594207764
0.6084612011909485,	0.648888885974884
0.564207136631012,	0.6474074125289917
0.5983995795249939,	0.6503703594207764
0.5577871203422546,	0.653333306312561
0.5853394865989685,	0.6592592597007751
0.5743625164031982,	0.6592592597007751
0.5802524089813232,	0.6607407331466675
0.5977612137794495,	0.6622222065925598
0.5317735075950623,	0.6696296334266663
0.5672041773796082,	0.6755555272102356
0.5568567514419556,	0.6770370602607727
0.6308415532112122,	0.6770370602607727
0.5888435244560242,	0.6770370602607727
0.511915385723114,	0.6770370602607727
0.5879868865013123,	0.6770370602607727
0.5903453826904297,	0.6755555272102356
0.5523623824119568,	0.6755555272102356
0.563385009765625,	0.6755555272102356
0.5998234152793884,	0.6696296334266663
0.5838311314582825,	0.6651852130889893
0.5527547597885132,	0.6651852130889893
0.4803747832775116,	0.6637036800384521
0.5720171332359314,	0.6607407331466675
0.5475035309791565,	0.6607407331466675
0.5360438823699951,	0.6592592597007751
0.5680211782455444,	0.6577777862548828
0.561916172504425,	0.6562963128089905
0.5596299767494202,	0.6562963128089905
0.559817373752594,	0.6562963128089905
0.5258882641792297,	0.6577777862548828
0.5959656834602356,	0.6607407331466675
0.5637462139129639,	0.6637036800384521
0.5938215851783752,	0.6651852130889893
0.6143499612808228,	0.6622222065925598
0.5794856548309326,	0.6577777862548828
0.6007150411605835,	0.6548148393630981
0.5141536593437195,	0.653333306312561
0.5760957598686218,	0.648888885974884
0.5398346185684204,	0.648888885974884
0.554412841796875,	0.6474074125289917
0.6011935472488403,	0.6474074125289917
0.5378589630126953,	0.6459259390830994
0.4989383816719055,	0.644444465637207
0.5827571749687195,	0.644444465637207
0.5632417798042297,	0.644444465637207
0.5798097848892212,	0.6459259390830994
0.5422471165657043,	0.648888885974884
0.45418480038642883,	0.6518518328666687
0.5590780973434448,	0.653333306312561
0.5296255350112915,	0.6562963128089905
0.5950992703437805,	0.6562963128089905
0.5362110137939453,	0.6562963128089905
0.5240625143051147,	0.6577777862548828
0.5445719361305237,	0.6622222065925598
0.5439668893814087,	0.6696296334266663
0.5937440991401672,	0.6711111068725586
0.5130648016929626,	0.6711111068725586
0.5282923579216003,	0.6696296334266663
0.5875989198684692,	0.6681481599807739
0.5472625494003296,	0.6666666865348816
0.6819325685501099,	0.6651852130889893
0.5242892503738403,	0.6637036800384521
0.5158937573432922,	0.6622222065925598
0.5254243612289429,	0.6592592597007751
0.590863823890686,	0.653333306312561
0.5417958498001099,	0.6474074125289917
0.5492938756942749,	0.644444465637207
0.5565527081489563,	0.6429629921913147
0.49293163418769836,	0.6414814591407776
0.4940944314002991,	0.6459259390830994
0.5406818985939026,	0.6459259390830994
0.5580795407295227,	0.6459259390830994
0.5567569732666016,	0.6459259390830994
0.5112008452415466,	0.6474074125289917
0.5517321825027466,	0.6548148393630981
0.5272402167320251,	0.6548148393630981
0.5070380568504333,	0.6562963128089905
0.5450152158737183,	0.6637036800384521
0.559053897857666,	0.6651852130889893
0.5521441698074341,	0.6681481599807739
0.5237379670143127,	0.6681481599807739
0.5574666261672974,	0.6681481599807739
0.5689554214477539,	0.6651852130889893
0.5610747337341309,	0.6637036800384521
0.5027462840080261,	0.6637036800384521
0.5516257882118225,	0.6622222065925598
0.6348713040351868,	0.6637036800384521
0.5426031947135925,	0.6637036800384521
0.5550204515457153,	0.6622222065925598
0.47958433628082275,	0.6607407331466675
0.5646178126335144,	0.6607407331466675
0.5519344806671143,	0.6607407331466675
0.5394757986068726,	0.6562963128089905
0.5164225101470947,	0.6562963128089905
0.5356281995773315,	0.6562963128089905
0.5823032855987549,	0.6562963128089905
0.540054440498352,	0.6577777862548828
0.5478025078773499,	0.6592592597007751
0.508620023727417,	0.6607407331466675
0.5600498914718628,	0.6607407331466675
0.5015231370925903,	0.6592592597007751
0.5484696626663208,	0.6592592597007751
0.5019821524620056,	0.6577777862548828
0.5282986164093018,	0.6577777862548828
0.5250759720802307,	0.6562963128089905
0.5002452731132507,	0.6577777862548828
0.5226172208786011,	0.6592592597007751
0.5233075022697449,	0.6622222065925598
0.5236367583274841,	0.6622222065925598
0.5277546048164368,	0.6637036800384521
0.5422945618629456,	0.6651852130889893
0.5339540839195251,	0.6666666865348816
0.47717925906181335,	0.6755555272102356
0.5169179439544678,	0.6755555272102356
0.5297156572341919,	0.6770370602607727
0.476837158203125,	0.6770370602607727
0.49615469574928284,	0.6770370602607727
0.5095649361610413,	0.678518533706665
0.5087229013442993,	0.6800000071525574
0.5887085795402527,	0.6800000071525574
0.513596773147583,	0.678518533706665
0.5037193894386292,	0.678518533706665
0.5432044267654419,	0.678518533706665
0.49799448251724243,	0.678518533706665
0.5476621985435486,	0.6770370602607727
0.5161439180374146,	0.6725925803184509
0.5338074564933777,	0.6725925803184509
0.5153340697288513,	0.6666666865348816
0.5690639019012451,	0.6622222065925598
0.5030130743980408,	0.6607407331466675
0.48719289898872375,	0.6592592597007751
0.5037315487861633,	0.6577777862548828
0.5258867144584656,	0.6562963128089905
0.5277379155158997,	0.6548148393630981
0.5099530816078186,	0.6562963128089905
0.5211007595062256,	0.653333306312561
0.486068457365036,	0.6548148393630981
0.49986347556114197,	0.6548148393630981
0.47865912318229675,	0.6548148393630981
0.48880594968795776,	0.6577777862548828
0.5135999321937561,	0.6622222065925598
0.4912160336971283,	0.6696296334266663
0.5068902373313904,	0.678518533706665
0.5288040637969971,	0.682962954044342
0.4893653392791748,	0.6844444274902344
0.5066071152687073,	0.6859259009361267
0.5130788087844849,	0.6874074339866638
0.5205937623977661,	0.6874074339866638
0.5004114508628845,	0.6903703808784485
0.5360881090164185,	0.6903703808784485
0.49782562255859375,	0.6903703808784485
0.4448438584804535,	0.6844444274902344
0.523755669593811,	0.6814814805984497
0.5099298357963562,	0.678518533706665
0.47731995582580566,	0.6800000071525574
0.4900788366794586,	0.6800000071525574
0.4753006398677826,	0.6814814805984497
0.49495992064476013,	0.6814814805984497
0.5404564142227173,	0.682962954044342
0.5550734400749207,	0.6814814805984497
0.46606963872909546,	0.6814814805984497
0.5192610621452332,	0.6814814805984497
0.5239030122756958,	0.6814814805984497
0.517538845539093,	0.6814814805984497
0.5799623131752014,	0.6859259009361267
0.5174973607063293,	0.6874074339866638
0.4914824366569519,	0.6874074339866638
0.4996844530105591,	0.682962954044342
0.427272230386734,	0.6844444274902344
0.4919167459011078,	0.6859259009361267
0.4728125035762787,	0.6874074339866638
0.5267447233200073,	0.6903703808784485
0.5158354043960571,	0.6918518543243408
0.5253023505210876,	0.6903703808784485
0.49314382672309875,	0.6888889074325562
0.5161548852920532,	0.6903703808784485
0.5088495016098022,	0.6859259009361267
0.42652758955955505,	0.6859259009361267
0.47851333022117615,	0.6874074339866638
0.463377982378006,	0.6903703808784485
0.5107298493385315,	0.6918518543243408
0.5040271878242493,	0.6918518543243408
0.4758949875831604,	0.6933333277702332
0.4905048608779907,	0.6933333277702332
0.5078886151313782,	0.6948148012161255
0.5035891532897949,	0.6933333277702332
0.5347402095794678,	0.6903703808784485
0.49086517095565796,	0.6903703808784485
0.4790290892124176,	0.6918518543243408
0.5055342316627502,	0.6903703808784485
0.46745556592941284,	0.6948148012161255
0.45710572600364685,	0.6962962746620178
0.4848056435585022,	0.6977777481079102
0.5092295408248901,	0.6977777481079102
0.4595780372619629,	0.6977777481079102
0.5010027885437012,	0.6962962746620178
0.4800155758857727,	0.7007407546043396
0.5174378752708435,	0.6992592811584473
0.5119718313217163,	0.7007407546043396
0.49671417474746704,	0.7037037014961243
0.502979040145874,	0.7022222280502319
0.4639178514480591,	0.7007407546043396
0.47060921788215637,	0.6977777481079102
0.6007559299468994,	0.6992592811584473
0.4711427390575409,	0.6977777481079102
0.5410923361778259,	0.6962962746620178
0.504417896270752,	0.6948148012161255
0.5138177275657654,	0.6948148012161255
0.5049681663513184,	0.6874074339866638
0.48867979645729065,	0.6874074339866638
0.4694961607456207,	0.6859259009361267
0.46233129501342773,	0.6859259009361267
0.49149078130722046,	0.6844444274902344
0.4843232333660126,	0.6859259009361267
0.4765913784503937,	0.6859259009361267
0.4715458154678345,	0.6859259009361267
0.3654366135597229,	0.6888889074325562
0.5181641578674316,	0.6903703808784485
0.4994712173938751,	0.6948148012161255
0.5281936526298523,	0.6962962746620178
0.48462268710136414,	0.6962962746620178
0.49218931794166565,	0.6977777481079102
0.5033572316169739,	0.7022222280502319
0.4374466836452484,	0.7037037014961243
0.4864744544029236,	0.7037037014961243
0.4443851113319397,	0.7037037014961243
0.5158111453056335,	0.7037037014961243
0.4644376039505005,	0.7051851749420166
0.48571136593818665,	0.7037037014961243
0.4060409963130951,	0.7081481218338013
0.4738423526287079,	0.7081481218338013
0.4650175869464874,	0.7066666483879089
0.47770872712135315,	0.7081481218338013
0.44118133187294006,	0.7096296548843384
0.5059397220611572,	0.7096296548843384
0.5058813691139221,	0.7096296548843384
0.5865771770477295,	0.7096296548843384
0.48215311765670776,	0.7081481218338013
0.4895821511745453,	0.7066666483879089
0.46552836894989014,	0.7066666483879089
0.43382522463798523,	0.7051851749420166
0.46188923716545105,	0.7022222280502319
0.5637931227684021,	0.6992592811584473
0.4861356019973755,	0.6992592811584473
0.5170213580131531,	0.6962962746620178
0.44611856341362,	0.6948148012161255
0.47292473912239075,	0.6948148012161255
0.4728614389896393,	0.6948148012161255
0.49653360247612,	0.6933333277702332
0.47987130284309387,	0.6933333277702332
0.49105194211006165,	0.6918518543243408
0.4807157516479492,	0.6933333277702332
0.48597222566604614,	0.6918518543243408
0.4884450137615204,	0.6903703808784485
0.47313064336776733,	0.6933333277702332
0.4173237979412079,	0.6948148012161255
0.47605469822883606,	0.6962962746620178
0.46853622794151306,	0.6977777481079102
0.47734126448631287,	0.6977777481079102
0.49135884642601013,	0.6992592811584473
0.5034238696098328,	0.6977777481079102
0.4540019631385803,	0.6992592811584473
0.49242085218429565,	0.7007407546043396
0.4572054147720337,	0.7007407546043396
0.4819476902484894,	0.7007407546043396
0.4279834032058716,	0.7022222280502319
0.47964274883270264,	0.7051851749420166
0.4557568430900574,	0.7051851749420166
0.5610520839691162,	0.7037037014961243
0.4342349171638489,	0.7037037014961243
0.4913322925567627,	0.7007407546043396
0.44772064685821533,	0.7007407546043396
0.4408724009990692,	0.7022222280502319
0.4380527138710022,	0.7007407546043396
0.4447094798088074,	0.7007407546043396
0.5244204998016357,	0.7007407546043396
0.4617312550544739,	0.6992592811584473
0.4647071361541748,	0.7007407546043396
0.4945354759693146,	0.7022222280502319
0.48757660388946533,	0.7007407546043396
0.49720311164855957,	0.7007407546043396
0.439943790435791,	0.6992592811584473
0.45205387473106384,	0.6977777481079102
0.47867268323898315,	0.6977777481079102
0.4241277873516083,	0.6992592811584473
0.4523906409740448,	0.6992592811584473
0.42621910572052,	0.7007407546043396
0.4458494484424591,	0.7007407546043396
0.4639652371406555,	0.7022222280502319
0.44192978739738464,	0.7022222280502319
0.49231842160224915,	0.7022222280502319
0.48434627056121826,	0.7007407546043396
0.5228046774864197,	0.7007407546043396
0.4822677671909332,	0.7007407546043396
0.5137742757797241,	0.7037037014961243
0.4662686288356781,	0.7037037014961243
0.48647594451904297,	0.7022222280502319
0.46446797251701355,	0.7037037014961243
0.4829874634742737,	0.7051851749420166
0.46203064918518066,	0.7051851749420166
0.46146565675735474,	0.7051851749420166
0.4777846336364746,	0.7037037014961243
0.4791649281978607,	0.7022222280502319
0.44613662362098694,	0.7007407546043396
0.43496644496917725,	0.7007407546043396
0.46329426765441895,	0.7037037014961243
0.46622350811958313,	0.7022222280502319
0.49698686599731445,	0.7037037014961243
0.4436095058917999,	0.7022222280502319
0.48723021149635315,	0.7022222280502319
0.4540334641933441,	0.7007407546043396
0.42015981674194336,	0.7022222280502319
0.4602797329425812,	0.6992592811584473
0.45574626326560974,	0.6992592811584473
0.5487959384918213,	0.6992592811584473
0.4444626271724701,	0.6962962746620178
0.43529605865478516,	0.6977777481079102
0.43662816286087036,	0.6992592811584473
0.4357312023639679,	0.6992592811584473
0.4449475109577179,	0.7022222280502319
0.5283157825469971,	0.6992592811584473
0.4424021542072296,	0.7022222280502319
0.46331679821014404,	0.7007407546043396
0.46784964203834534,	0.7022222280502319
0.4566933214664459,	0.7022222280502319
0.45279112458229065,	0.7037037014961243
0.48484671115875244,	0.7037037014961243
0.4411156177520752,	0.7051851749420166
0.4956119656562805,	0.7051851749420166
0.4390462338924408,	0.7037037014961243
0.4769580066204071,	0.7037037014961243
0.48217472434043884,	0.7037037014961243
0.44801878929138184,	0.7037037014961243
0.302392840385437,	0.7051851749420166
0.4452765882015228,	0.7037037014961243
0.4436275362968445,	0.7066666483879089
0.4636188745498657,	0.7081481218338013
0.4342744052410126,	0.7081481218338013
0.45300495624542236,	0.7066666483879089
0.48542359471321106,	0.7096296548843384
0.44825491309165955,	0.7081481218338013
0.44416433572769165,	0.7081481218338013
0.46580180525779724,	0.7081481218338013
0.4461812376976013,	0.7081481218338013
0.43218109011650085,	0.7081481218338013
0.4303617775440216,	0.7081481218338013
0.33889487385749817,	0.7096296548843384
0.4599161148071289,	0.712592601776123
0.42667484283447266,	0.7155555486679077
0.4429923892021179,	0.7185184955596924
0.43604645133018494,	0.7200000286102295
0.4335160255432129,	0.7170370221138
0.45528894662857056,	0.7200000286102295
0.45213815569877625,	0.7200000286102295
0.46457794308662415,	0.7200000286102295
0.4628744423389435,	0.7200000286102295
0.4321325719356537,	0.7185184955596924
0.47345224022865295,	0.7170370221138
0.4378455579280853,	0.712592601776123
0.40194573998451233,	0.7096296548843384
0.4384990334510803,	0.712592601776123
0.4415692090988159,	0.7170370221138
0.47615915536880493,	0.7185184955596924
0.4620245397090912,	0.7170370221138
0.4220902919769287,	0.7170370221138
0.47198808193206787,	0.712592601776123
0.45591023564338684,	0.7140740752220154
0.49347159266471863,	0.7081481218338013
0.4290967881679535,	0.7066666483879089
0.41674673557281494,	0.7081481218338013
0.43857288360595703,	0.7111111283302307
0.43716999888420105,	0.7081481218338013
0.5281893014907837,	0.7096296548843384
0.4447033703327179,	0.7096296548843384
0.43442198634147644,	0.7096296548843384
0.4555114209651947,	0.7096296548843384
0.4695594310760498,	0.7096296548843384
0.42076489329338074,	0.7096296548843384
0.4559337794780731,	0.7111111283302307
0.4590562582015991,	0.7111111283302307
0.43587779998779297,	0.7111111283302307
0.4498056173324585,	0.7111111283302307
0.44971004128456116,	0.7111111283302307
0.4719444215297699,	0.7111111283302307
0.41931629180908203,	0.7111111283302307
0.5970019102096558,	0.7096296548843384
0.4829567074775696,	0.7111111283302307
0.4211272597312927,	0.7111111283302307
0.43578970432281494,	0.712592601776123
0.4580918252468109,	0.7155555486679077
0.4221823513507843,	0.7140740752220154
0.4226328432559967,	0.712592601776123
0.4604538083076477,	0.712592601776123
0.42941752076148987,	0.712592601776123
0.41661712527275085,	0.712592601776123
0.46958327293395996,	0.712592601776123
0.4530097544193268,	0.712592601776123
0.43146124482154846,	0.712592601776123
0.45309534668922424,	0.7140740752220154
0.43887436389923096,	0.7140740752220154
0.47286856174468994,	0.7140740752220154
0.42832693457603455,	0.7200000286102295
0.4769967794418335,	0.7185184955596924
0.49072977900505066,	0.7185184955596924
0.4234285056591034,	0.7200000286102295
0.4450463354587555,	0.7185184955596924
0.439524382352829,	0.7185184955596924
0.43858256936073303,	0.7185184955596924
0.4642948508262634,	0.7200000286102295
0.4107794463634491,	0.7200000286102295
0.4035170376300812,	0.7244444489479065
0.41284701228141785,	0.7185184955596924
0.4872432351112366,	0.712592601776123
0.4266408681869507,	0.7111111283302307
0.44561198353767395,	0.7111111283302307
0.4110792279243469,	0.712592601776123
0.45764482021331787,	0.712592601776123
0.4412781894207001,	0.7096296548843384
0.43654000759124756,	0.7096296548843384
0.45833343267440796,	0.7111111283302307
0.4346294105052948,	0.7111111283302307
0.45459264516830444,	0.712592601776123
0.4317430555820465,	0.7111111283302307
0.434979647397995,	0.7096296548843384
0.46310892701148987,	0.7096296548843384
0.43358489871025085,	0.7096296548843384
0.44779732823371887,	0.7081481218338013
0.437276154756546,	0.7066666483879089
0.444064736366272,	0.7066666483879089
0.4154640734195709,	0.7081481218338013
0.4276595115661621,	0.7081481218338013
0.44342538714408875,	0.7066666483879089
0.4664166271686554,	0.7066666483879089
0.40112751722335815,	0.7081481218338013
0.42418861389160156,	0.7066666483879089
0.4610678553581238,	0.7081481218338013
0.4890487790107727,	0.7096296548843384
0.4026671350002289,	0.7096296548843384
0.4647713303565979,	0.7111111283302307
0.408007949590683,	0.7140740752220154
0.45583683252334595,	0.7170370221138
0.4110255837440491,	0.7170370221138
0.4203425645828247,	0.7214815020561218
0.44960999488830566,	0.7244444489479065
0.4448627829551697,	0.7274073958396912
0.41409990191459656,	0.7274073958396912
0.44711995124816895,	0.7259259223937988
0.4701946973800659,	0.7229629755020142
0.3903288245201111,	0.7229629755020142
0.4623987376689911,	0.7229629755020142
0.5290557742118835,	0.7170370221138
0.43027469515800476,	0.7170370221138
0.4305441379547119,	0.7155555486679077
0.4172096848487854,	0.712592601776123
0.4323805272579193,	0.7111111283302307
0.42237064242362976,	0.7096296548843384
0.4390740990638733,	0.7111111283302307
0.4557042419910431,	0.7096296548843384
0.42437419295310974,	0.712592601776123
0.4267846643924713,	0.7111111283302307
0.4362282454967499,	0.7140740752220154
0.43513113260269165,	0.7140740752220154
0.4280374050140381,	0.7140740752220154
0.5360491871833801,	0.7170370221138
0.42714157700538635,	0.7170370221138
0.4627377688884735,	0.7185184955596924
0.42357417941093445,	0.7185184955596924
0.42789143323898315,	0.7229629755020142
0.4352948069572449,	0.7229629755020142
0.4395332932472229,	0.7229629755020142
0.4456053674221039,	0.7244444489479065
0.4356890916824341,	0.7229629755020142
0.452701210975647,	0.7229629755020142
0.4306979477405548,	0.7229629755020142
0.4426124095916748,	0.7229629755020142
0.42536935210227966,	0.7229629755020142
0.3553490936756134,	0.7229629755020142
0.387451171875,	0.7274073958396912
0.4600214660167694,	0.7274073958396912
0.4134137034416199,	0.7288888692855835
0.40063735842704773,	0.7274073958396912
0.389446884393692,	0.7259259223937988
0.4262341260910034,	0.7259259223937988
0.406064510345459,	0.7244444489479065
0.41804149746894836,	0.7244444489479065
0.4707845151424408,	0.7229629755020142
0.4519270360469818,	0.7274073958396912
0.43390247225761414,	0.7259259223937988
0.4359469711780548,	0.7214815020561218
0.4177438020706177,	0.7200000286102295
0.41198188066482544,	0.7200000286102295
0.40658360719680786,	0.7214815020561218
0.4315350353717804,	0.7214815020561218
0.4602009952068329,	0.7214815020561218
0.41361677646636963,	0.7229629755020142
0.44422149658203125,	0.7229629755020142
0.46152037382125854,	0.7214815020561218
0.40434733033180237,	0.7200000286102295
0.4496515989303589,	0.7170370221138
0.4305175840854645,	0.7170370221138
0.41775497794151306,	0.7155555486679077
0.4229983389377594,	0.7155555486679077
0.42739003896713257,	0.7155555486679077
0.44524964690208435,	0.7170370221138
0.4577036499977112,	0.7170370221138
0.4002245366573334,	0.7155555486679077
0.42767801880836487,	0.7170370221138
0.43359842896461487,	0.7170370221138
0.42419812083244324,	0.7155555486679077
0.44945618510246277,	0.7155555486679077
0.4053838849067688,	0.7185184955596924
0.41640663146972656,	0.7214815020561218
0.4506283700466156,	0.7214815020561218
0.41111868619918823,	0.7229629755020142
0.4073718786239624,	0.7229629755020142
0.4730035662651062,	0.7244444489479065
0.40519165992736816,	0.7244444489479065
0.4468355178833008,	0.7274073958396912
0.4365795850753784,	0.7274073958396912
0.4469606578350067,	0.7274073958396912
0.40548402070999146,	0.7288888692855835
0.4414028823375702,	0.7288888692855835
0.37828871607780457,	0.7303703427314758
0.4402834177017212,	0.7303703427314758
0.45116525888442993,	0.7303703427314758
0.38786205649375916,	0.7303703427314758
0.43058091402053833,	0.7303703427314758
0.4318060278892517,	0.7229629755020142
0.3381964862346649,	0.7229629755020142
0.47249582409858704,	0.7244444489479065
0.44782185554504395,	0.7244444489479065
0.4060823321342468,	0.7244444489479065
0.4489209055900574,	0.7274073958396912
0.4427613317966461,	0.7259259223937988
0.3962889611721039,	0.7274073958396912
0.40975749492645264,	0.7259259223937988
0.43258675932884216,	0.7259259223937988
0.4135758578777313,	0.7259259223937988
0.43522125482559204,	0.7259259223937988
0.38322922587394714,	0.7244444489479065
0.4413258731365204,	0.7229629755020142
0.5744181871414185,	0.7214815020561218
0.42833948135375977,	0.7214815020561218
0.427109032869339,	0.7155555486679077
0.3974618911743164,	0.7155555486679077
0.47473669052124023,	0.7111111283302307
0.4215403199195862,	0.7081481218338013
0.45912110805511475,	0.7081481218338013
0.40987250208854675,	0.7096296548843384
0.3850778341293335,	0.7096296548843384
0.39405205845832825,	0.7096296548843384
0.44181621074676514,	0.7096296548843384
0.4095877707004547,	0.7140740752220154
0.44148096442222595,	0.7170370221138
0.3781391382217407,	0.7200000286102295
0.4469906687736511,	0.7214815020561218
0.4105556309223175,	0.7185184955596924
0.39180633425712585,	0.7229629755020142
0.4243098795413971,	0.7229629755020142
0.42942801117897034,	0.7200000286102295
0.40662023425102234,	0.7214815020561218
0.421842485666275,	0.7214815020561218
0.4214549660682678,	0.7229629755020142
0.4528905153274536,	0.7259259223937988
0.4149232506752014,	0.7274073958396912
0.41916412115097046,	0.7274073958396912
0.43020060658454895,	0.7288888692855835
0.47881317138671875,	0.7274073958396912
0.43818777799606323,	0.7274073958396912
0.4221190810203552,	0.7274073958396912
0.431632399559021,	0.7274073958396912
0.44051045179367065,	0.7288888692855835
0.39581307768821716,	0.7288888692855835
0.40159130096435547,	0.7274073958396912
0.45034313201904297,	0.7274073958396912
0.419598788022995,	0.7274073958396912
0.4524213671684265,	0.7288888692855835
0.41638630628585815,	0.7288888692855835
0.3826039135456085,	0.7288888692855835
0.4051291048526764,	0.7259259223937988
0.2587202191352844,	0.7274073958396912
0.4127136170864105,	0.7288888692855835
0.4180978238582611,	0.7288888692855835
0.39586007595062256,	0.7288888692855835
0.4172452688217163,	0.7274073958396912
0.43093791604042053,	0.7274073958396912
0.4227743148803711,	0.7274073958396912
0.4500691294670105,	0.7274073958396912
0.4471684694290161,	0.7259259223937988
0.44929230213165283,	0.7259259223937988
0.4153650104999542,	0.7259259223937988
0.37772196531295776,	0.7259259223937988
0.4178004264831543,	0.7259259223937988
0.4537668228149414,	0.7274073958396912
0.4081762135028839,	0.7274073958396912
0.3960275650024414,	0.7288888692855835
0.4696125388145447,	0.7274073958396912
0.41618165373802185,	0.7259259223937988
0.45035094022750854,	0.7244444489479065
0.3977244198322296,	0.7244444489479065
0.4240873157978058,	0.7244444489479065
0.4150906801223755,	0.7244444489479065
0.40991294384002686,	0.7244444489479065
0.44280070066452026,	0.7229629755020142
0.36989206075668335,	0.7229629755020142
0.4343584179878235,	0.7229629755020142
0.43266937136650085,	0.7229629755020142
0.382413774728775,	0.7229629755020142
0.39985206723213196,	0.7244444489479065
0.3868211805820465,	0.7244444489479065
0.42195796966552734,	0.7259259223937988
0.3996952772140503,	0.7259259223937988
0.4507608115673065,	0.7274073958396912
0.40474554896354675,	0.7259259223937988
0.424899697303772,	0.7244444489479065
0.45553120970726013,	0.7244444489479065
0.41879794001579285,	0.7244444489479065
0.4064372181892395,	0.7244444489479065
0.43264028429985046,	0.7244444489479065
0.39054572582244873,	0.7244444489479065
0.38644641637802124,	0.7214815020561218
0.4087388217449188,	0.7214815020561218
0.44102275371551514,	0.7214815020561218
0.4344908595085144,	0.7200000286102295
0.4196074604988098,	0.7185184955596924
0.4193098545074463,	0.7155555486679077
0.41185474395751953,	0.7155555486679077
0.44062429666519165,	0.7155555486679077
0.3846223056316376,	0.7140740752220154
0.41524118185043335,	0.7185184955596924
0.3924710154533386,	0.7200000286102295
0.40882593393325806,	0.7214815020561218
0.4415370225906372,	0.7214815020561218
0.4293742775917053,	0.7170370221138
0.4365403652191162,	0.7155555486679077
0.43453970551490784,	0.7140740752220154
0.40787455439567566,	0.712592601776123
0.4128439426422119,	0.712592601776123
0.3891782760620117,	0.7140740752220154
0.37428542971611023,	0.7140740752220154
0.42686837911605835,	0.7170370221138
0.4457530081272125,	0.7155555486679077
0.42338186502456665,	0.7155555486679077
0.4148681163787842,	0.7155555486679077
0.3992300033569336,	0.7170370221138
0.356849730014801,	0.7214815020561218
0.4280739426612854,	0.7214815020561218
0.41670161485671997,	0.7229629755020142
0.4222874343395233,	0.7244444489479065
0.40943822264671326,	0.7244444489479065
0.3982566297054291,	0.7259259223937988
0.4133743941783905,	0.7274073958396912
0.44460225105285645,	0.7259259223937988
0.42444905638694763,	0.7244444489479065
0.4122060239315033,	0.7259259223937988
0.3954567611217499,	0.7244444489479065
0.4109114408493042,	0.7259259223937988
0.425955593585968,	0.7274073958396912
0.4415189027786255,	0.7259259223937988
0.4170486330986023,	0.7244444489479065
0.3853686451911926,	0.7229629755020142
0.3781338930130005,	0.7244444489479065
0.4041125178337097,	0.7259259223937988
0.42485368251800537,	0.7259259223937988
0.4210774600505829,	0.7244444489479065
0.42764562368392944,	0.7259259223937988
0.34394749999046326,	0.7244444489479065
0.4201664626598358,	0.7244444489479065
0.4210367500782013,	0.7244444489479065
0.40391138195991516,	0.7244444489479065
0.435589998960495,	0.7259259223937988
0.4718702733516693,	0.7259259223937988
0.39605531096458435,	0.7229629755020142
0.39925700426101685,	0.7200000286102295
0.4066987633705139,	0.7185184955596924
0.38128459453582764,	0.7185184955596924
0.42256858944892883,	0.7170370221138
0.3651103079319,	0.7170370221138
0.40384232997894287,	0.7140740752220154
0.41962504386901855,	0.7140740752220154
0.46536508202552795,	0.7140740752220154
0.43506908416748047,	0.712592601776123
0.4360646605491638,	0.712592601776123
0.37884464859962463,	0.7170370221138
0.4526628851890564,	0.7170370221138
0.39870578050613403,	0.7200000286102295
0.4033408463001251,	0.7200000286102295
0.3743075430393219,	0.7214815020561218
0.38780832290649414,	0.7214815020561218
0.4144640564918518,	0.7214815020561218
0.4266672730445862,	0.7229629755020142
0.47827157378196716,	0.7244444489479065
0.4018160402774811,	0.7244444489479065
0.4247521162033081,	0.7244444489479065
0.37884220480918884,	0.7244444489479065
0.3934328258037567,	0.7244444489479065
0.40216338634490967,	0.7274073958396912
0.3800666034221649,	0.7259259223937988
0.4544083774089813,	0.7244444489479065
0.4196712374687195,	0.7214815020561218
0.3905622363090515,	0.7259259223937988
0.38783159852027893,	0.7259259223937988
0.41611209511756897,	0.7259259223937988
0.41093286871910095,	0.7244444489479065
0.3754902184009552,	0.7244444489479065
0.4159364104270935,	0.7244444489479065
0.40661144256591797,	0.7244444489479065
0.39938604831695557,	0.7244444489479065
0.3879796862602234,	0.7259259223937988
0.43500834703445435,	0.7259259223937988
0.3314612805843353,	0.7244444489479065
0.42184045910835266,	0.7244444489479065
0.4207366406917572,	0.7259259223937988
0.4089558720588684,	0.7259259223937988
0.41733768582344055,	0.7259259223937988
0.40989160537719727,	0.7274073958396912
0.3892076313495636,	0.7259259223937988
0.3812181353569031,	0.7244444489479065
0.38411980867385864,	0.7259259223937988
0.43845000863075256,	0.7259259223937988
0.4061600863933563,	0.7244444489479065
0.4137263298034668,	0.7244444489479065
0.3697970509529114,	0.7244444489479065
0.5326687097549438,	0.7274073958396912
0.37848377227783203,	0.7244444489479065
0.3890345096588135,	0.7274073958396912
0.40040940046310425,	0.7229629755020142
0.38522452116012573,	0.7229629755020142
0.43911173939704895,	0.7229629755020142
0.4113217890262604,	0.7229629755020142
0.4080449044704437,	0.7229629755020142
0.37157073616981506,	0.7244444489479065
0.44189754128456116,	0.7244444489479065
0.40543827414512634,	0.7274073958396912
0.4324377477169037,	0.7244444489479065
0.41784197092056274,	0.7259259223937988
0.3923288583755493,	0.7229629755020142
0.36456358432769775,	0.7200000286102295
0.3936188220977783,	0.7200000286102295
0.39742356538772583,	0.7214815020561218
0.4168391823768616,	0.7185184955596924
0.40758347511291504,	0.7200000286102295
0.42690297961235046,	0.7185184955596924
0.4140738546848297,	0.7185184955596924
0.38290297985076904,	0.7185184955596924
0.409358948469162,	0.7185184955596924
0.3985915184020996,	0.7170370221138
0.4290101230144501,	0.7185184955596924
0.37879475951194763,	0.7200000286102295
0.5217268466949463,	0.7185184955596924
0.4321783483028412,	0.712592601776123
0.4061402380466461,	0.7170370221138
0.38291290402412415,	0.712592601776123
0.3795216381549835,	0.712592601776123
0.3868076503276825,	0.712592601776123
0.41110631823539734,	0.712592601776123
0.3451332747936249,	0.712592601776123
0.4062640964984894,	0.712592601776123
0.4385083019733429,	0.712592601776123
0.40966877341270447,	0.712592601776123
0.40771156549453735,	0.7155555486679077
0.41846275329589844,	0.7155555486679077
0.4303770363330841,	0.7140740752220154
0.4256609380245209,	0.7170370221138
0.41258370876312256,	0.7185184955596924
0.39655831456184387,	0.7185184955596924
0.4127503037452698,	0.7170370221138
0.42393526434898376,	0.7170370221138
0.3955148458480835,	0.7155555486679077
0.3646251857280731,	0.7155555486679077
0.3715238571166992,	0.7155555486679077
0.38419869542121887,	0.7155555486679077
0.4160228371620178,	0.7185184955596924
0.39782479405403137,	0.7214815020561218
0.3966185450553894,	0.7214815020561218
0.5269330739974976,	0.7229629755020142
0.39724811911582947,	0.7244444489479065
0.389781653881073,	0.7259259223937988
0.40886765718460083,	0.7244444489479065
0.3967529535293579,	0.7244444489479065
0.4026908874511719,	0.7259259223937988
0.3999920189380646,	0.7274073958396912
0.40028372406959534,	0.7259259223937988
0.416444331407547,	0.7259259223937988
0.4244938790798187,	0.7229629755020142
0.3968689441680908,	0.7229629755020142
0.36732304096221924,	0.7229629755020142
0.43391966819763184,	0.7229629755020142
0.3940953314304352,	0.7214815020561218
0.40830254554748535,	0.7200000286102295
0.40942275524139404,	0.7200000286102295
0.4243202805519104,	0.7170370221138
0.39734408259391785,	0.7170370221138
0.37633708119392395,	0.7170370221138
0.4056754410266876,	0.7170370221138
0.3985843062400818,	0.7155555486679077
0.39426982402801514,	0.7155555486679077
0.38520604372024536,	0.7155555486679077
0.4068399667739868,	0.7155555486679077
0.40592366456985474,	0.7155555486679077
0.3812657296657562,	0.7170370221138
0.32259777188301086,	0.7170370221138
0.38648051023483276,	0.7185184955596924
0.3777834475040436,	0.7200000286102295
0.4050387442111969,	0.7214815020561218
0.4214511811733246,	0.7229629755020142
0.3859027326107025,	0.7244444489479065
0.37963876128196716,	0.7244444489479065
0.3594744801521301,	0.7229629755020142
0.4312226474285126,	0.7229629755020142
0.37560155987739563,	0.7244444489479065
0.43005838990211487,	0.7244444489479065
0.4124504029750824,	0.7259259223937988
0.41607487201690674,	0.7259259223937988
0.4583595395088196,	0.7288888692855835
0.3940508961677551,	0.7244444489479065
0.38954025506973267,	0.7259259223937988
0.4320778548717499,	0.7214815020561218
0.40871596336364746,	0.7214815020561218
0.41456231474876404,	0.7170370221138
0.35716360807418823,	0.7170370221138
0.4083367884159088,	0.7170370221138
0.4145975410938263,	0.7170370221138
0.40653881430625916,	0.7170370221138
0.43074843287467957,	0.7170370221138
0.39091092348098755,	0.7170370221138
0.3611408472061157,	0.7155555486679077
0.4106331169605255,	0.7200000286102295
0.3965630829334259,	0.7229629755020142
0.44366902112960815,	0.7244444489479065
0.430868536233902,	0.7229629755020142
0.3838449716567993,	0.7214815020561218
0.3669229745864868,	0.7244444489479065
0.41264593601226807,	0.7244444489479065
0.3810373842716217,	0.7229629755020142
0.37955719232559204,	0.7244444489479065
0.4009001553058624,	0.7259259223937988
0.3947657644748688,	0.7244444489479065
0.4141494333744049,	0.7244444489479065
0.39423516392707825,	0.7244444489479065
0.4248923063278198,	0.7244444489479065
0.3964810073375702,	0.7229629755020142
0.39580073952674866,	0.7244444489479065
0.3764853775501251,	0.7244444489479065
0.40967780351638794,	0.7244444489479065
0.39979287981987,	0.7214815020561218
0.41423964500427246,	0.7214815020561218
0.3993721306324005,	0.7244444489479065
0.37692809104919434,	0.7274073958396912
0.412394255399704,	0.7244444489479065
0.3579011559486389,	0.7244444489479065
0.3664095401763916,	0.7244444489479065
0.374293714761734,	0.7214815020561218
0.4781675934791565,	0.7214815020561218
0.37605589628219604,	0.7200000286102295
0.393115758895874,	0.7200000286102295
0.40851229429244995,	0.7185184955596924
0.42154616117477417,	0.7200000286102295
0.3788002133369446,	0.7200000286102295
0.4192114770412445,	0.7185184955596924
0.4010162353515625,	0.7170370221138
0.39994508028030396,	0.7170370221138
0.39407917857170105,	0.7200000286102295
0.39463308453559875,	0.7185184955596924
0.41495317220687866,	0.7185184955596924
0.36734601855278015,	0.7185184955596924
0.2996114194393158,	0.7185184955596924
0.3923642933368683,	0.7200000286102295
0.417036235332489,	0.7200000286102295
0.4342476427555084,	0.7200000286102295
0.4079708755016327,	0.7200000286102295
0.42259782552719116,	0.7200000286102295
0.3786362111568451,	0.7200000286102295
0.36060068011283875,	0.7200000286102295
0.38408154249191284,	0.7214815020561218
0.40452346205711365,	0.7229629755020142
0.41118353605270386,	0.7244444489479065
0.3816184401512146,	0.7229629755020142
0.3704245090484619,	0.7229629755020142
0.5111429691314697,	0.7229629755020142
0.4054783880710602,	0.7229629755020142
0.40590766072273254,	0.7229629755020142
0.4099651873111725,	0.7214815020561218
0.39731311798095703,	0.7200000286102295
0.4080754816532135,	0.7200000286102295
0.39481380581855774,	0.7200000286102295
0.35004884004592896,	0.7200000286102295
0.3819686472415924,	0.7185184955596924
0.39001768827438354,	0.7214815020561218
0.3756348192691803,	0.7214815020561218
0.35514533519744873,	0.7214815020561218
0.4005002975463867,	0.7214815020561218
0.4414111077785492,	0.7214815020561218
0.40308937430381775,	0.7214815020561218
0.41280990839004517,	0.7214815020561218
0.3694181740283966,	0.7200000286102295
0.39295801520347595,	0.7214815020561218
0.38124027848243713,	0.7229629755020142
0.3832204341888428,	0.7229629755020142
0.42443400621414185,	0.7229629755020142
0.4156145751476288,	0.7229629755020142
0.40449926257133484,	0.7214815020561218
0.3919583559036255,	0.7214815020561218
0.3602779507637024,	0.7214815020561218
0.3997940719127655,	0.7229629755020142
0.4681382179260254,	0.7214815020561218
0.34731602668762207,	0.7214815020561218
0.37412238121032715,	0.7214815020561218
0.3935520052909851,	0.7229629755020142
0.4321818947792053,	0.7244444489479065
0.39859381318092346,	0.7229629755020142
0.433529257774353,	0.7229629755020142
0.4201483726501465,	0.7229629755020142
0.3748936057090759,	0.7229629755020142
0.3848224878311157,	0.7229629755020142
0.3991536796092987,	0.7229629755020142
0.4078795313835144,	0.7229629755020142
0.3859168589115143,	0.7229629755020142
0.38985899090766907,	0.7214815020561218
0.38290008902549744,	0.7200000286102295
0.394443154335022,	0.7170370221138
0.3828292191028595,	0.7155555486679077
0.4189554452896118,	0.7155555486679077
0.3815728724002838,	0.7155555486679077
0.37467849254608154,	0.7155555486679077
0.391120582818985,	0.7170370221138
0.40011268854141235,	0.7170370221138
0.37296000123023987,	0.7170370221138
0.4004686176776886,	0.7170370221138
0.40523529052734375,	0.7185184955596924
0.39063411951065063,	0.7185184955596924
0.33785590529441833,	0.7200000286102295
0.3874050974845886,	0.7214815020561218
0.37641263008117676,	0.7214815020561218
0.39055243134498596,	0.7214815020561218
0.418906569480896,	0.7214815020561218
0.38354527950286865,	0.7214815020561218
0.42759639024734497,	0.7244444489479065
0.3829513490200043,	0.7244444489479065
0.38852518796920776,	0.7244444489479065
0.4000871181488037,	0.7244444489479065
0.3541862964630127,	0.7244444489479065
0.4166312515735626,	0.7259259223937988
0.3661516010761261,	0.7259259223937988
0.31655704975128174,	0.7274073958396912
0.3950016498565674,	0.7274073958396912
0.39912480115890503,	0.7274073958396912
0.42665404081344604,	0.7274073958396912
0.4189707040786743,	0.7259259223937988
0.3744501769542694,	0.7244444489479065
0.3972007930278778,	0.7244444489479065
0.39578792452812195,	0.7244444489479065
0.34053531289100647,	0.7259259223937988
0.36105361580848694,	0.7259259223937988
0.41669419407844543,	0.7288888692855835
0.34536656737327576,	0.7303703427314758
0.4027000367641449,	0.7274073958396912
0.43733450770378113,	0.7274073958396912
0.44221556186676025,	0.7274073958396912
0.35809996724128723,	0.7274073958396912
0.35935476422309875,	0.7274073958396912
0.3995169699192047,	0.7259259223937988
0.36125144362449646,	0.7244444489479065
0.32787784934043884,	0.7229629755020142
0.39163699746131897,	0.7229629755020142
0.4011304974555969,	0.7214815020561218
0.3932737112045288,	0.7214815020561218
0.3961503505706787,	0.7214815020561218
0.36878812313079834,	0.7229629755020142
0.4310615062713623,	0.7229629755020142
0.367946058511734,	0.7244444489479065
0.3747784495353699,	0.7259259223937988
0.42275336384773254,	0.7259259223937988
0.37951821088790894,	0.7259259223937988
0.38578176498413086,	0.7244444489479065
0.35213515162467957,	0.7244444489479065
0.38065585494041443,	0.7244444489479065
0.36455973982810974,	0.7229629755020142
0.34587135910987854,	0.7229629755020142
0.40483158826828003,	0.7229629755020142
0.4551394283771515,	0.7214815020561218
0.3565176725387573,	0.7229629755020142
0.4031450152397156,	0.7244444489479065
0.4115622937679291,	0.7229629755020142
0.38125309348106384,	0.7259259223937988
0.3851657211780548,	0.7244444489479065
0.39847198128700256,	0.7214815020561218
0.39650267362594604,	0.7200000286102295
0.3868591785430908,	0.7170370221138
0.3890771269798279,	0.712592601776123
0.3838924169540405,	0.712592601776123
0.399168461561203,	0.712592601776123
0.3924153745174408,	0.712592601776123
0.39904141426086426,	0.712592601776123
0.3839183747768402,	0.712592601776123
0.37723302841186523,	0.712592601776123
0.38768142461776733,	0.7111111283302307
0.38895490765571594,	0.712592601776123
0.37038731575012207,	0.7155555486679077
0.34650638699531555,	0.7170370221138
0.38609445095062256,	0.7185184955596924
0.3859921395778656,	0.7185184955596924
0.3835388123989105,	0.7200000286102295
0.3880867063999176,	0.7229629755020142
0.39377936720848083,	0.7229629755020142
0.4022715389728546,	0.7214815020561218
0.3769742548465729,	0.7185184955596924
0.41477763652801514,	0.7185184955596924
0.4231712520122528,	0.7185184955596924
0.3488719165325165,	0.7229629755020142
0.35797372460365295,	0.7244444489479065
0.4071405827999115,	0.7200000286102295
0.36538946628570557,	0.7200000286102295
0.3793666958808899,	0.7200000286102295
0.40103471279144287,	0.7170370221138
0.3691728115081787,	0.7170370221138
0.41040775179862976,	0.7185184955596924
0.36942631006240845,	0.7170370221138
0.4316861927509308,	0.7200000286102295
0.39741748571395874,	0.7200000286102295
0.39871490001678467,	0.7214815020561218
0.3640345335006714,	0.7200000286102295
0.4353649318218231,	0.7229629755020142
0.343743234872818,	0.7244444489479065
0.3462943136692047,	0.7229629755020142
0.40662717819213867,	0.7244444489479065
0.3832271695137024,	0.7244444489479065
0.39174410700798035,	0.7229629755020142
0.4069819152355194,	0.7185184955596924
0.4339246153831482,	0.7185184955596924
0.3897523581981659,	0.7185184955596924
0.3654153347015381,	0.7200000286102295
0.39234742522239685,	0.7214815020561218
0.41229739785194397,	0.7244444489479065
0.4005906581878662,	0.7244444489479065
0.326922744512558,	0.7274073958396912
0.3637152910232544,	0.7259259223937988
0.4346766769886017,	0.7200000286102295
0.41514474153518677,	0.7185184955596924
0.38479894399642944,	0.7155555486679077
0.37714505195617676,	0.7155555486679077
0.4255169630050659,	0.7155555486679077
0.361841082572937,	0.7155555486679077
0.40085092186927795,	0.7140740752220154
0.38503846526145935,	0.7140740752220154
0.39358240365982056,	0.7140740752220154
0.3913862705230713,	0.7140740752220154
0.3311530649662018,	0.7140740752220154
0.3881586194038391,	0.7140740752220154
0.37368276715278625,	0.7140740752220154
0.3526560366153717,	0.7229629755020142
0.3768894076347351,	0.7229629755020142
0.3980138301849365,	0.7229629755020142
0.37138307094573975,	0.7229629755020142
0.3954963684082031,	0.7214815020561218
0.38362905383110046,	0.7214815020561218
0.37394654750823975,	0.7214815020561218
0.3590536117553711,	0.7229629755020142
0.42850831151008606,	0.7244444489479065
0.4129960238933563,	0.7229629755020142
0.3651132881641388,	0.7229629755020142
0.4752819836139679,	0.7170370221138
0.36078333854675293,	0.7170370221138
0.3768630623817444,	0.7140740752220154
0.39738693833351135,	0.7170370221138
0.4106695055961609,	0.7200000286102295
0.41382959485054016,	0.7170370221138
0.38714227080345154,	0.7170370221138
0.42074716091156006,	0.7140740752220154
0.3138868808746338,	0.7111111283302307
0.4010653793811798,	0.712592601776123
0.3819602429866791,	0.7140740752220154
0.3699437379837036,	0.712592601776123
0.3856184482574463,	0.7155555486679077
0.32355397939682007,	0.7200000286102295
0.34711501002311707,	0.7200000286102295
0.38134652376174927,	0.7214815020561218
0.38235586881637573,	0.7259259223937988
0.4034827649593353,	0.7244444489479065
0.34339168667793274,	0.7259259223937988
0.404788613319397,	0.7259259223937988
0.39788320660591125,	0.7259259223937988
0.3906123638153076,	0.7259259223937988
0.3808196187019348,	0.7259259223937988
0.41162028908729553,	0.7229629755020142
0.3726135790348053,	0.7229629755020142
0.36843571066856384,	0.7229629755020142
0.4805712103843689,	0.7244444489479065
0.3570493459701538,	0.7244444489479065
0.39221665263175964,	0.7244444489479065
0.409979909658432,	0.7244444489479065
0.3396848440170288,	0.7259259223937988
0.4306161105632782,	0.7259259223937988
0.352883517742157,	0.7244444489479065
0.3818134367465973,	0.7214815020561218
0.39283880591392517,	0.7200000286102295
0.40068790316581726,	0.7200000286102295
0.3837798535823822,	0.7185184955596924
0.38867560029029846,	0.7200000286102295
0.3712362051010132,	0.7170370221138
0.2790246903896332,	0.7214815020561218
0.3878602385520935,	0.7229629755020142
0.36455219984054565,	0.7229629755020142
0.384092777967453,	0.7229629755020142
0.36998605728149414,	0.7229629755020142
0.39127737283706665,	0.7244444489479065
0.41052988171577454,	0.7229629755020142
0.41114678978919983,	0.7244444489479065
0.36646175384521484,	0.7244444489479065
0.35618001222610474,	0.7229629755020142
0.38303476572036743,	0.7214815020561218
0.37018680572509766,	0.7229629755020142
0.38585910201072693,	0.7229629755020142
0.3999297022819519,	0.7259259223937988
0.3921090066432953,	0.7274073958396912
0.34692132472991943,	0.7274073958396912
0.39091500639915466,	0.7259259223937988
0.381307989358902,	0.7259259223937988
0.3489896357059479,	0.7288888692855835
0.41259199380874634,	0.7288888692855835
0.38407233357429504,	0.7303703427314758
0.38918837904930115,	0.7288888692855835
0.3886880874633789,	0.7274073958396912
0.383064866065979,	0.7274073958396912
0.36761999130249023,	0.7274073958396912
0.3913097083568573,	0.7274073958396912
0.4388286769390106,	0.7288888692855835
0.3676040768623352,	0.7288888692855835
0.3998946249485016,	0.7274073958396912
0.39389339089393616,	0.7274073958396912
0.38078561425209045,	0.7259259223937988
0.3867555856704712,	0.7259259223937988
0.4036860167980194,	0.7259259223937988
0.3949357569217682,	0.7259259223937988
0.3447432219982147,	0.7259259223937988
0.37892886996269226,	0.7274073958396912
0.3727581799030304,	0.7288888692855835
0.38713741302490234,	0.7274073958396912
0.36011698842048645,	0.7259259223937988
0.43479204177856445,	0.7200000286102295
0.3576611280441284,	0.7185184955596924
0.37828177213668823,	0.7170370221138
0.406681627035141,	0.7140740752220154
0.40428903698921204,	0.7140740752220154
0.3917764127254486,	0.7155555486679077
0.39609262347221375,	0.7155555486679077
0.3668935000896454,	0.7170370221138
0.3752182126045227,	0.7155555486679077
0.43025273084640503,	0.7155555486679077
0.3607352674007416,	0.7155555486679077
0.36153629422187805,	0.712592601776123
0.374757319688797,	0.7096296548843384
0.4252661466598511,	0.7111111283302307
0.3745693862438202,	0.712592601776123
0.3925554156303406,	0.712592601776123
0.3685317039489746,	0.7155555486679077
0.3769833445549011,	0.7170370221138
0.37360042333602905,	0.7200000286102295
0.35752594470977783,	0.7214815020561218
0.4083767235279083,	0.7244444489479065
0.40292418003082275,	0.7244444489479065
0.3785405457019806,	0.7244444489479065
0.3521336317062378,	0.7274073958396912
0.39349889755249023,	0.7274073958396912
0.3867017328739166,	0.7274073958396912
0.38055890798568726,	0.7288888692855835
0.41942688822746277,	0.7259259223937988
0.3623195290565491,	0.7259259223937988
0.35566791892051697,	0.7259259223937988
0.3963478207588196,	0.7288888692855835
0.401446133852005,	0.7288888692855835
0.3512035608291626,	0.7274073958396912
0.3725447356700897,	0.7259259223937988
0.35117030143737793,	0.7288888692855835
0.37321507930755615,	0.7259259223937988
0.3784002959728241,	0.7244444489479065
0.37087833881378174,	0.7259259223937988
0.4048110246658325,	0.7244444489479065
0.32914626598358154,	0.7244444489479065
0.3631948232650757,	0.7244444489479065
0.40086716413497925,	0.7244444489479065
0.3450833857059479,	0.7229629755020142
0.40471309423446655,	0.7200000286102295
0.38319578766822815,	0.7200000286102295
0.40241268277168274,	0.7200000286102295
0.3954564034938812,	0.7200000286102295
0.4104747474193573,	0.7200000286102295
0.3946553170681,	0.7214815020561218
0.3700213134288788,	0.7200000286102295
0.34437647461891174,	0.7200000286102295
0.34981298446655273,	0.7155555486679077
0.4064290225505829,	0.7170370221138
0.3407183289527893,	0.7155555486679077
0.4151819348335266,	0.7170370221138
0.3944165110588074,	0.7170370221138
0.39412200450897217,	0.7200000286102295
0.38694503903388977,	0.7185184955596924
0.37353986501693726,	0.7200000286102295
0.3996627628803253,	0.7200000286102295
0.37292149662971497,	0.7200000286102295
0.35523977875709534,	0.7200000286102295
0.3516153395175934,	0.7200000286102295
0.34779804944992065,	0.7200000286102295
0.39869803190231323,	0.7200000286102295
0.41646289825439453,	0.7200000286102295
0.35264384746551514,	0.7200000286102295
0.3444877564907074,	0.7214815020561218
0.3617475926876068,	0.7214815020561218
0.34329020977020264,	0.7229629755020142
0.3812238872051239,	0.7229629755020142
0.4525771141052246,	0.7185184955596924
0.40417590737342834,	0.7185184955596924
0.36579781770706177,	0.7170370221138
0.3744160830974579,	0.7185184955596924
0.38847455382347107,	0.7170370221138
0.40140601992607117,	0.7185184955596924
0.39542368054389954,	0.7185184955596924
0.45831701159477234,	0.7170370221138
0.3486100435256958,	0.7185184955596924
0.3804641664028168,	0.7170370221138
0.35772407054901123,	0.7170370221138
0.37282299995422363,	0.7185184955596924
0.3625985085964203,	0.7185184955596924
0.4124705493450165,	0.7200000286102295
0.35392940044403076,	0.7200000286102295
0.37337738275527954,	0.7185184955596924
0.4118230640888214,	0.7185184955596924
0.3834746181964874,	0.7185184955596924
0.37812379002571106,	0.7185184955596924
0.37256836891174316,	0.7185184955596924
0.2877540588378906,	0.7185184955596924
0.37195613980293274,	0.7185184955596924
0.4097098410129547,	0.7200000286102295
0.4014473855495453,	0.7214815020561218
0.36756569147109985,	0.7214815020561218
0.36197417974472046,	0.7214815020561218
0.3882068991661072,	0.7244444489479065
0.3529549837112427,	0.7229629755020142
0.4165998697280884,	0.7259259223937988
0.3483639657497406,	0.7274073958396912
0.37117645144462585,	0.7274073958396912
0.36141908168792725,	0.7288888692855835
0.36366912722587585,	0.7318518757820129
0.4592486023902893,	0.7303703427314758
0.384194016456604,	0.7303703427314758
0.36944687366485596,	0.7288888692855835
0.3661849796772003,	0.7274073958396912
0.4049340784549713,	0.7274073958396912
0.40156105160713196,	0.7244444489479065
0.38404810428619385,	0.7214815020561218
0.3815070390701294,	0.7200000286102295
0.3827417492866516,	0.7185184955596924
0.3528900742530823,	0.7185184955596924
0.3490403890609741,	0.7200000286102295
0.3817955553531647,	0.7185184955596924
0.3736851215362549,	0.7214815020561218
0.37786081433296204,	0.7214815020561218
0.3657741844654083,	0.7200000286102295
0.3550969958305359,	0.7200000286102295
0.3835616707801819,	0.7229629755020142
0.41357481479644775,	0.7229629755020142
0.34484654664993286,	0.7229629755020142
0.3309767246246338,	0.7229629755020142
0.34953927993774414,	0.7259259223937988
0.386269211769104,	0.7259259223937988
0.3775625228881836,	0.7288888692855835
0.4145923852920532,	0.7303703427314758
0.3779817819595337,	0.7274073958396912
0.42513909935951233,	0.7274073958396912
0.3955324590206146,	0.7274073958396912
0.3387918472290039,	0.7274073958396912
0.4111674129962921,	0.7288888692855835
0.36103689670562744,	0.7288888692855835
0.38502025604248047,	0.7288888692855835
0.41433435678482056,	0.7274073958396912
0.3518195152282715,	0.7274073958396912
0.3964345455169678,	0.7259259223937988
0.35506686568260193,	0.7244444489479065
0.3855726420879364,	0.7259259223937988
0.3320706784725189,	0.7229629755020142
0.3782333433628082,	0.7244444489479065
0.39185279607772827,	0.7244444489479065
0.30563393235206604,	0.7259259223937988
0.38781383633613586,	0.7259259223937988
0.35481593012809753,	0.7274073958396912
0.3474264144897461,	0.7288888692855835
0.3533097803592682,	0.7303703427314758
0.3311808407306671,	0.7318518757820129
0.39712101221084595,	0.7333333492279053
0.3774851858615875,	0.7333333492279053
0.4075950086116791,	0.7333333492279053
0.38421306014060974,	0.7333333492279053
0.376219242811203,	0.7318518757820129
0.37802574038505554,	0.7303703427314758
0.3788510262966156,	0.7303703427314758
0.3519746959209442,	0.7288888692855835
0.3058568239212036,	0.7303703427314758
0.4012383818626404,	0.7318518757820129
0.3935416638851166,	0.7274073958396912
0.35482317209243774,	0.7259259223937988
0.36408570408821106,	0.7244444489479065
0.4006996750831604,	0.7244444489479065
0.37993308901786804,	0.7244444489479065
0.36793026328086853,	0.7259259223937988
0.36599311232566833,	0.7274073958396912
0.3709248900413513,	0.7318518757820129
0.41079458594322205,	0.7274073958396912
0.4180230498313904,	0.7244444489479065
0.36134856939315796,	0.7259259223937988
0.4010506272315979,	0.7229629755020142
0.37147918343544006,	0.7185184955596924
0.36694392561912537,	0.7185184955596924
0.3957289755344391,	0.7185184955596924
0.336092084646225,	0.7185184955596924
0.39075958728790283,	0.7185184955596924
0.35821959376335144,	0.7200000286102295
0.37397733330726624,	0.7185184955596924
0.350626140832901,	0.7155555486679077
0.33656057715415955,	0.7185184955596924
0.41380563378334045,	0.7200000286102295
0.37939736247062683,	0.7185184955596924
0.3170793652534485,	0.7200000286102295
0.40530726313591003,	0.7185184955596924
0.3703112006187439,	0.7170370221138
0.3542546033859253,	0.7200000286102295
0.37389978766441345,	0.7229629755020142
0.40356624126434326,	0.7244444489479065
0.3524039387702942,	0.7244444489479065
0.3939823508262634,	0.7229629755020142
0.37530818581581116,	0.7229629755020142
0.3533030152320862,	0.7170370221138
0.3657985329627991,	0.7170370221138
0.37856701016426086,	0.7170370221138
0.3707680404186249,	0.7170370221138
0.3183547556400299,	0.7200000286102295
0.3744201064109802,	0.7274073958396912
0.4133153557777405,	0.7288888692855835
0.39349365234375,	0.7288888692855835
0.37199947237968445,	0.7274073958396912
0.36347147822380066,	0.7288888692855835
0.37563973665237427,	0.7288888692855835
0.3781578838825226,	0.7288888692855835
0.33941254019737244,	0.7303703427314758
0.3828878402709961,	0.7303703427314758
0.3901534080505371,	0.7288888692855835
0.3235076367855072,	0.7274073958396912
0.37775203585624695,	0.7274073958396912
0.3814295530319214,	0.7303703427314758
0.3724900186061859,	0.7333333492279053
0.3715832531452179,	0.7333333492279053
0.3993447422981262,	0.7333333492279053
0.36108458042144775,	0.7333333492279053
0.37467166781425476,	0.7333333492279053
0.35270458459854126,	0.7333333492279053
0.4049854874610901,	0.7333333492279053
0.3427020013332367,	0.7348148226737976
0.36035317182540894,	0.7348148226737976
0.376804381608963,	0.7303703427314758
0.36547183990478516,	0.7288888692855835
0.37811559438705444,	0.7274073958396912
0.4125956892967224,	0.7259259223937988
0.374792218208313,	0.7229629755020142
0.3751579225063324,	0.7214815020561218
0.3549206852912903,	0.7200000286102295
0.3741237223148346,	0.7185184955596924
0.36443883180618286,	0.7185184955596924
0.37855732440948486,	0.7185184955596924
0.3651200234889984,	0.7185184955596924
0.3697599172592163,	0.7200000286102295
0.39008966088294983,	0.7200000286102295
0.36614686250686646,	0.7200000286102295
0.3846718668937683,	0.7200000286102295
0.4040341079235077,	0.7200000286102295
0.322394996881485,	0.7185184955596924
0.4011344909667969,	0.7185184955596924
0.3721105754375458,	0.7214815020561218
0.35325077176094055,	0.7244444489479065
0.37626466155052185,	0.7274073958396912
0.38641810417175293,	0.7259259223937988
0.3431962728500366,	0.7259259223937988
0.38907191157341003,	0.7259259223937988
0.3912695348262787,	0.7259259223937988
0.33393242955207825,	0.7259259223937988
0.37557509541511536,	0.7259259223937988
0.3437148630619049,	0.7259259223937988
0.38328471779823303,	0.7259259223937988
0.2802266478538513,	0.7274073958396912
0.3509948253631592,	0.7288888692855835
0.37017592787742615,	0.7303703427314758
0.3643943667411804,	0.7318518757820129
0.38707324862480164,	0.7318518757820129
0.38161200284957886,	0.7318518757820129
0.3610347509384155,	0.7318518757820129
0.3386284112930298,	0.7333333492279053
0.39510518312454224,	0.7333333492279053
0.38445350527763367,	0.7318518757820129
0.3843996822834015,	0.7318518757820129
0.38561880588531494,	0.7318518757820129
0.35121411085128784,	0.7318518757820129
0.36056602001190186,	0.7303703427314758
0.3824504017829895,	0.7318518757820129
0.3837026059627533,	0.7318518757820129
0.3688866198062897,	0.7274073958396912
0.3201436996459961,	0.7259259223937988
0.41324007511138916,	0.7259259223937988
0.3665371835231781,	0.7244444489479065
0.3583194613456726,	0.7244444489479065
0.3467295467853546,	0.7229629755020142
0.32154953479766846,	0.7229629755020142
0.326266884803772,	0.7229629755020142
0.40673744678497314,	0.7229629755020142
0.42147964239120483,	0.7214815020561218
0.3158489763736725,	0.7229629755020142
0.4083220660686493,	0.7229629755020142
0.3922805190086365,	0.7229629755020142
0.3834676146507263,	0.7244444489479065
0.39038944244384766,	0.7274073958396912
0.3521200120449066,	0.7274073958396912
0.32244065403938293,	0.7288888692855835
0.3890236020088196,	0.7288888692855835
0.38850727677345276,	0.7274073958396912
0.3369339406490326,	0.7274073958396912
0.33828482031822205,	0.7259259223937988
0.37595105171203613,	0.7259259223937988
0.3653218448162079,	0.7259259223937988
0.4332136809825897,	0.7259259223937988
0.4398806691169739,	0.7214815020561218
0.36086681485176086,	0.7200000286102295
0.3527738153934479,	0.7200000286102295
0.3410876393318176,	0.7185184955596924
0.3757087290287018,	0.7185184955596924
0.3532610237598419,	0.7185184955596924
0.3506345748901367,	0.7170370221138
0.3725297152996063,	0.7170370221138
0.341642826795578,	0.7170370221138
0.40119999647140503,	0.7155555486679077
0.37285709381103516,	0.7170370221138
0.3817886412143707,	0.7155555486679077
0.37100550532341003,	0.7170370221138
0.38043832778930664,	0.7155555486679077
0.36305955052375793,	0.7155555486679077
0.38475993275642395,	0.7155555486679077
0.350838840007782,	0.7155555486679077
0.375887006521225,	0.7155555486679077
0.3641744554042816,	0.7155555486679077
0.3384323716163635,	0.7155555486679077
0.39815253019332886,	0.7155555486679077
0.3507024049758911,	0.7155555486679077
0.396567702293396,	0.7170370221138
0.3786552846431732,	0.7170370221138
0.3721380829811096,	0.7170370221138
0.315726101398468,	0.7214815020561218
0.3419686257839203,	0.7229629755020142
0.35644781589508057,	0.7259259223937988
0.3431359529495239,	0.7259259223937988
0.35831350088119507,	0.7244444489479065
0.38925445079803467,	0.7244444489479065
0.3879319727420807,	0.7244444489479065
0.3557782471179962,	0.7259259223937988
0.36450883746147156,	0.7244444489479065
0.36538875102996826,	0.7244444489479065
0.3911496102809906,	0.7244444489479065
0.45665374398231506,	0.7259259223937988
0.35479414463043213,	0.7259259223937988
0.35276997089385986,	0.7288888692855835
0.34087783098220825,	0.7303703427314758
0.3826023042201996,	0.7333333492279053
0.4283992648124695,	0.7318518757820129
0.3549026846885681,	0.7288888692855835
0.38821834325790405,	0.7288888692855835
0.33485209941864014,	0.7288888692855835
0.38749122619628906,	0.7288888692855835
0.37564027309417725,	0.7274073958396912
0.34663116931915283,	0.7288888692855835
0.3815772235393524,	0.7259259223937988
0.34332847595214844,	0.7274073958396912
0.3829527497291565,	0.7244444489479065
0.32056835293769836,	0.7244444489479065
0.3554110825061798,	0.7214815020561218
0.33239516615867615,	0.7229629755020142
0.35772648453712463,	0.7244444489479065
0.3644212484359741,	0.7259259223937988
0.3811941146850586,	0.7259259223937988
0.3746667504310608,	0.7244444489479065
0.3981987237930298,	0.7214815020561218
0.39295050501823425,	0.7214815020561218
0.3602047264575958,	0.7244444489479065
0.37657052278518677,	0.7244444489479065
0.34384775161743164,	0.7259259223937988
0.3832879662513733,	0.7259259223937988
0.3933517038822174,	0.7259259223937988
0.35396629571914673,	0.7274073958396912
0.3688829839229584,	0.7274073958396912
0.35994768142700195,	0.7303703427314758
0.33602336049079895,	0.7303703427314758
0.3689824342727661,	0.7348148226737976
0.3582771420478821,	0.7348148226737976
0.37902912497520447,	0.7333333492279053
0.3628542423248291,	0.7318518757820129
0.3755807876586914,	0.7318518757820129
0.34191375970840454,	0.7303703427314758
0.4102688729763031,	0.7318518757820129
0.4115604758262634,	0.7318518757820129
0.4561616778373718,	0.7288888692855835
0.3857554495334625,	0.7274073958396912
0.32020819187164307,	0.7244444489479065
0.3633473515510559,	0.7244444489479065
0.39098599553108215,	0.7244444489479065
0.3851037323474884,	0.7244444489479065
0.35628241300582886,	0.7259259223937988
0.33641481399536133,	0.7244444489479065
0.34819111227989197,	0.7244444489479065
0.40428516268730164,	0.7244444489479065
0.3955918252468109,	0.7244444489479065
0.3676981031894684,	0.7244444489479065
0.38637569546699524,	0.7259259223937988
0.3225645124912262,	0.7274073958396912
0.3458211123943329,	0.7274073958396912
0.38534781336784363,	0.7274073958396912
0.36914053559303284,	0.7274073958396912
0.3835850954055786,	0.7259259223937988
0.32109126448631287,	0.7259259223937988
0.3630129098892212,	0.7259259223937988
0.3794923424720764,	0.7259259223937988
0.3759336471557617,	0.7259259223937988
0.3774515688419342,	0.7259259223937988
0.44084787368774414,	0.7259259223937988
0.3412516713142395,	0.7274073958396912
0.35188770294189453,	0.7259259223937988
0.5414693355560303,	0.7274073958396912
0.37288129329681396,	0.7244444489479065
0.3832506537437439,	0.7259259223937988
0.3542366027832031,	0.7229629755020142
0.380964457988739,	0.7214815020561218
0.3857956826686859,	0.7229629755020142
0.37162354588508606,	0.7229629755020142
0.38269972801208496,	0.7229629755020142
0.3481798768043518,	0.7200000286102295
0.3834766745567322,	0.7200000286102295
0.36971744894981384,	0.7170370221138
0.33030205965042114,	0.7185184955596924
0.3943589925765991,	0.7185184955596924
0.2563427686691284,	0.7185184955596924
0.3492608666419983,	0.7200000286102295
0.3664274215698242,	0.7170370221138
0.4000002145767212,	0.7170370221138
0.34458351135253906,	0.7185184955596924
0.32208916544914246,	0.7185184955596924
0.3798463046550751,	0.7200000286102295
0.32365286350250244,	0.7200000286102295
0.3750208914279938,	0.7200000286102295
0.377591997385025,	0.7214815020561218
0.34703999757766724,	0.7229629755020142
0.3775910437107086,	0.7259259223937988
0.43198785185813904,	0.7259259223937988
0.32407742738723755,	0.7274073958396912
0.34716928005218506,	0.7274073958396912
0.3970663845539093,	0.7274073958396912
0.36121195554733276,	0.7259259223937988
0.3654537498950958,	0.7259259223937988
0.3806801438331604,	0.7244444489479065
0.3704138994216919,	0.7244444489479065
0.37936121225357056,	0.7259259223937988
0.3338909447193146,	0.7259259223937988
0.38879019021987915,	0.7259259223937988
0.371916264295578,	0.7259259223937988
0.34922122955322266,	0.7244444489479065
0.3606756031513214,	0.7229629755020142
0.3443455398082733,	0.7229629755020142
0.3811323046684265,	0.7259259223937988
0.3862953782081604,	0.7288888692855835
0.3649529814720154,	0.7259259223937988
0.3363131582736969,	0.7259259223937988
0.3483133614063263,	0.7259259223937988
0.3880299925804138,	0.7259259223937988
0.35518085956573486,	0.7244444489479065
0.3840028643608093,	0.7214815020561218
0.3765903413295746,	0.7200000286102295
0.38446950912475586,	0.7200000286102295
0.37438851594924927,	0.7214815020561218
0.3850565552711487,	0.7214815020561218
0.40480294823646545,	0.7229629755020142
0.4146195650100708,	0.7244444489479065
0.3282933533191681,	0.7244444489479065
0.347568154335022,	0.7244444489479065
0.35610681772232056,	0.7259259223937988
0.3780190944671631,	0.7259259223937988
0.3531545102596283,	0.7259259223937988
0.377183735370636,	0.7259259223937988
0.36175963282585144,	0.7259259223937988
0.35198134183883667,	0.7259259223937988
0.37246808409690857,	0.7259259223937988
0.38893985748291016,	0.7259259223937988
0.3531821668148041,	0.7259259223937988
0.39039283990859985,	0.7259259223937988
0.39679279923439026,	0.7229629755020142
0.3570639491081238,	0.7229629755020142
0.35289618372917175,	0.7274073958396912
0.3579370081424713,	0.7274073958396912
0.361872136592865,	0.7259259223937988
0.38903695344924927,	0.7229629755020142
0.35388270020484924,	0.7229629755020142
0.38108503818511963,	0.7214815020561218
0.3774701952934265,	0.7214815020561218
0.3428683578968048,	0.7214815020561218
0.38077446818351746,	0.7214815020561218
0.3481936752796173,	0.7214815020561218
0.345247745513916,	0.7214815020561218
0.36561793088912964,	0.7214815020561218
0.39608338475227356,	0.7214815020561218
0.3768337368965149,	0.7229629755020142
0.3717097342014313,	0.7244444489479065
0.3327810764312744,	0.7244444489479065
0.3770301043987274,	0.7229629755020142
0.34976768493652344,	0.7229629755020142
0.31977567076683044,	0.7229629755020142
0.4139168858528137,	0.7229629755020142
0.350813627243042,	0.7229629755020142
0.38881492614746094,	0.7229629755020142
0.3638961911201477,	0.7244444489479065
0.45673900842666626,	0.7244444489479065
0.3629085123538971,	0.7244444489479065
0.3740392029285431,	0.7214815020561218
0.37586838006973267,	0.7214815020561218
0.37208467721939087,	0.7185184955596924
0.37227556109428406,	0.7185184955596924
0.33069106936454773,	0.7185184955596924
0.37044647336006165,	0.7170370221138
0.33908557891845703,	0.7170370221138
0.3859046399593353,	0.7185184955596924
0.3809407651424408,	0.7170370221138
0.3636288046836853,	0.7170370221138
0.3668022155761719,	0.7185184955596924
0.3226061165332794,	0.7200000286102295
0.3858366012573242,	0.7200000286102295
0.37866175174713135,	0.7200000286102295
0.3810373544692993,	0.7214815020561218
0.3802560865879059,	0.7214815020561218
0.3450562655925751,	0.7229629755020142
0.37917423248291016,	0.7244444489479065
0.38302165269851685,	0.7259259223937988
0.3651096224784851,	0.7259259223937988
0.3631405532360077,	0.7259259223937988
0.31089192628860474,	0.7259259223937988
0.3348011076450348,	0.7244444489479065
0.35897204279899597,	0.7244444489479065
0.42678603529930115,	0.7259259223937988
0.33462584018707275,	0.7259259223937988
0.3577193319797516,	0.7244444489479065
0.38502487540245056,	0.7259259223937988
0.36590540409088135,	0.7244444489479065
0.37617841362953186,	0.7259259223937988
0.3563587963581085,	0.7229629755020142
0.39934042096138,	0.7229629755020142
0.3279465138912201,	0.7244444489479065
0.38429081439971924,	0.7200000286102295
0.34819579124450684,	0.7214815020561218
0.373403400182724,	0.7229629755020142
0.37919825315475464,	0.7200000286102295
0.46243351697921753,	0.7200000286102295
0.3561929762363434,	0.7200000286102295
0.35101452469825745,	0.7200000286102295
0.3552773594856262,	0.7185184955596924
0.33777862787246704,	0.7185184955596924
0.3436576724052429,	0.7185184955596924
0.38000062108039856,	0.7185184955596924
0.3646583557128906,	0.7185184955596924
0.3745402693748474,	0.7200000286102295
0.354930579662323,	0.7214815020561218
0.37608417868614197,	0.7229629755020142
0.35468703508377075,	0.7200000286102295
0.39086878299713135,	0.7200000286102295
0.3802257478237152,	0.7214815020561218
0.37901386618614197,	0.7214815020561218
0.32392552495002747,	0.7229629755020142
0.3393928110599518,	0.7259259223937988
0.3691514730453491,	0.7274073958396912
0.37148067355155945,	0.7274073958396912
0.38637280464172363,	0.7274073958396912
0.3642900586128235,	0.7274073958396912
0.35934898257255554,	0.7259259223937988
0.3551970422267914,	0.7214815020561218
0.3914468586444855,	0.7229629755020142
0.3876345157623291,	0.7244444489479065
0.35481399297714233,	0.7259259223937988
0.4017021954059601,	0.7244444489479065
0.35075750946998596,	0.7244444489479065
0.39954110980033875,	0.7244444489479065
0.3659819960594177,	0.7244444489479065
0.3616676926612854,	0.7244444489479065
0.34373724460601807,	0.7244444489479065
0.34801197052001953,	0.7244444489479065
0.39111778140068054,	0.7229629755020142
0.3772188723087311,	0.7244444489479065
0.34552475810050964,	0.7244444489479065
0.3725751042366028,	0.7244444489479065
0.3549578785896301,	0.7229629755020142
0.3945460617542267,	0.7244444489479065
0.35632869601249695,	0.7229629755020142
0.39291736483573914,	0.7244444489479065
0.3354035019874573,	0.7229629755020142
0.3653353750705719,	0.7229629755020142
0.3742729127407074,	0.7244444489479065
0.37379223108291626,	0.7244444489479065
0.32348257303237915,	0.7244444489479065
0.33457422256469727,	0.7244444489479065
0.3709242641925812,	0.7229629755020142
0.37320592999458313,	0.7244444489479065
0.38164815306663513,	0.7214815020561218
0.3499636948108673,	0.7214815020561218
0.38717105984687805,	0.7214815020561218
0.2962935268878937,	0.7229629755020142
0.3760535717010498,	0.7214815020561218
0.3561708927154541,	0.7229629755020142
0.35403260588645935,	0.7244444489479065
0.3649823069572449,	0.7244444489479065
0.36291101574897766,	0.7244444489479065
0.35861462354660034,	0.7229629755020142
0.35652241110801697,	0.7229629755020142
0.33077406883239746,	0.7229629755020142
0.34243708848953247,	0.7229629755020142
0.36633193492889404,	0.7229629755020142
0.3876974582672119,	0.7229629755020142
0.3691771328449249,	0.7229629755020142
0.28273114562034607,	0.7229629755020142
0.41499483585357666,	0.7229629755020142
0.32887810468673706,	0.7244444489479065
0.3864389955997467,	0.7229629755020142
0.34302929043769836,	0.7229629755020142
0.34979212284088135,	0.7229629755020142
0.37675049901008606,	0.7214815020561218
0.333556592464447,	0.7200000286102295
0.33727696537971497,	0.7200000286102295
0.3617403209209442,	0.7214815020561218
0.3681625723838806,	0.7244444489479065
0.34559622406959534,	0.7229629755020142
0.34619536995887756,	0.7244444489479065
0.3070550262928009,	0.7229629755020142
0.3371891677379608,	0.7214815020561218
0.3587539792060852,	0.7214815020561218
0.36344340443611145,	0.7214815020561218
0.3622368276119232,	0.7214815020561218
0.36773422360420227,	0.7229629755020142
0.40102729201316833,	0.7214815020561218
0.3903595209121704,	0.7214815020561218
0.35106873512268066,	0.7200000286102295
0.36615097522735596,	0.7214815020561218
0.32172760367393494,	0.7229629755020142
0.37166842818260193,	0.7244444489479065
0.3456919193267822,	0.7259259223937988
0.428779661655426,	0.7244444489479065
0.3664482831954956,	0.7229629755020142
0.34163522720336914,	0.7229629755020142
0.3194144368171692,	0.7244444489479065
0.34516870975494385,	0.7259259223937988
0.343443900346756,	0.7259259223937988
0.3304489254951477,	0.7259259223937988
0.3901059329509735,	0.7274073958396912
0.38968876004219055,	0.7274073958396912
0.39916735887527466,	0.7259259223937988
0.35785025358200073,	0.7259259223937988
0.3783799409866333,	0.7259259223937988
0.3957034945487976,	0.7259259223937988
0.29621610045433044,	0.7259259223937988
0.36807259917259216,	0.7244444489479065
0.3281966745853424,	0.7244444489479065
0.3972465395927429,	0.7244444489479065
0.380309134721756,	0.7244444489479065
0.32834386825561523,	0.7244444489479065
0.3529156446456909,	0.7259259223937988
0.3160928785800934,	0.7244444489479065
0.38356882333755493,	0.7244444489479065
0.34102553129196167,	0.7259259223937988
0.3629612624645233,	0.7244444489479065
0.37932905554771423,	0.7259259223937988
0.3599134683609009,	0.7244444489479065
0.27320653200149536,	0.7244444489479065
0.3420449197292328,	0.7244444489479065
0.3575432002544403,	0.7214815020561218
0.36454537510871887,	0.7214815020561218
0.3265785872936249,	0.7229629755020142
0.36108770966529846,	0.7229629755020142
0.37313541769981384,	0.7229629755020142
0.3923146426677704,	0.7229629755020142
0.314170777797699,	0.7229629755020142
0.36045175790786743,	0.7214815020561218
0.35825562477111816,	0.7229629755020142
0.3844590187072754,	0.7244444489479065
0.4021337926387787,	0.7244444489479065
0.35894107818603516,	0.7244444489479065
0.35047924518585205,	0.7244444489479065
0.3463473916053772,	0.7244444489479065
0.3466976583003998,	0.7244444489479065
0.35394710302352905,	0.7244444489479065
0.33383405208587646,	0.7244444489479065
0.3587484359741211,	0.7244444489479065
0.3947799801826477,	0.7244444489479065
0.38147249817848206,	0.7200000286102295
0.32910558581352234,	0.7214815020561218
0.3672262728214264,	0.7214815020561218
0.3803722560405731,	0.7214815020561218
0.36321529746055603,	0.7214815020561218
0.34511229395866394,	0.7200000286102295
0.3460419774055481,	0.7200000286102295
0.35939618945121765,	0.7200000286102295
0.36123353242874146,	0.7200000286102295
0.3827194273471832,	0.7185184955596924
0.35679712891578674,	0.7185184955596924
0.3667242228984833,	0.7170370221138
0.3869752585887909,	0.7185184955596924
0.3540675938129425,	0.7200000286102295
0.34879034757614136,	0.7214815020561218
0.35468003153800964,	0.7214815020561218
0.37492015957832336,	0.7214815020561218
0.33861255645751953,	0.7214815020561218
0.4346820116043091,	0.7229629755020142
0.3310907483100891,	0.7229629755020142
0.36323562264442444,	0.7244444489479065
0.35473141074180603,	0.7244444489479065
0.34796229004859924,	0.7244444489479065
0.30761581659317017,	0.7244444489479065
0.3905923068523407,	0.7244444489479065
0.4005930721759796,	0.7244444489479065
0.3882429301738739,	0.7244444489479065
0.34346744418144226,	0.7244444489479065
0.3710097372531891,	0.7244444489479065
0.3720381259918213,	0.7244444489479065
0.361031711101532,	0.7244444489479065
0.35474303364753723,	0.7244444489479065
0.38625553250312805,	0.7244444489479065
0.3698478043079376,	0.7274073958396912
0.34647032618522644,	0.7274073958396912
0.34385186433792114,	0.7259259223937988
0.35782554745674133,	0.7259259223937988
0.34443145990371704,	0.7274073958396912
0.36604058742523193,	0.7288888692855835
0.3909062147140503,	0.7288888692855835
0.35027047991752625,	0.7288888692855835
0.3406270742416382,	0.7274073958396912
0.3527035117149353,	0.7259259223937988
0.37193891406059265,	0.7259259223937988
0.2972804307937622,	0.7274073958396912
0.3390028476715088,	0.7274073958396912
0.37137487530708313,	0.7303703427314758
0.3387168347835541,	0.7303703427314758
0.33777928352355957,	0.7303703427314758
0.37065982818603516,	0.7318518757820129
0.3330228626728058,	0.7303703427314758
0.3329126238822937,	0.7303703427314758
0.3712484836578369,	0.7288888692855835
0.3523795008659363,	0.7274073958396912
0.3810836374759674,	0.7274073958396912
0.3443032503128052,	0.7259259223937988
0.3699961304664612,	0.7259259223937988
0.4847162961959839,	0.7274073958396912
0.3843240737915039,	0.7274073958396912
0.3796762228012085,	0.7244444489479065
0.36718714237213135,	0.7244444489479065
0.39000558853149414,	0.7244444489479065
0.3425801694393158,	0.7214815020561218
0.33656010031700134,	0.7229629755020142
0.3277493417263031,	0.7229629755020142
0.31708815693855286,	0.7229629755020142
0.34817174077033997,	0.7244444489479065
0.37410178780555725,	0.7259259223937988
0.3338184952735901,	0.7259259223937988
0.38048768043518066,	0.7229629755020142
0.3318313956260681,	0.7229629755020142
0.35075393319129944,	0.7214815020561218
0.34937211871147156,	0.7229629755020142
0.3625480532646179,	0.7229629755020142
0.3529975712299347,	0.7303703427314758
0.38818299770355225,	0.7303703427314758
0.31262582540512085,	0.7288888692855835
0.37548553943634033,	0.7259259223937988
0.36622554063796997,	0.7259259223937988
0.35225218534469604,	0.7259259223937988
0.3207773268222809,	0.7259259223937988
0.3746739327907562,	0.7259259223937988
0.3675974905490875,	0.7259259223937988
0.40340766310691833,	0.7274073958396912
0.38058871030807495,	0.7274073958396912
0.36940714716911316,	0.7259259223937988
0.35791805386543274,	0.7259259223937988
0.38686686754226685,	0.7259259223937988
0.3587747812271118,	0.7259259223937988
0.33642637729644775,	0.7244444489479065
0.3512650728225708,	0.7244444489479065
0.38682863116264343,	0.7259259223937988
0.328510582447052,	0.7259259223937988
0.40230897068977356,	0.7259259223937988
0.31730279326438904,	0.7303703427314758
0.3584350347518921,	0.7274073958396912
0.31981122493743896,	0.7274073958396912
0.3587978184223175,	0.7259259223937988
0.3587501049041748,	0.7274073958396912
0.34122079610824585,	0.7274073958396912
0.3352847695350647,	0.7214815020561218
0.3716370761394501,	0.7200000286102295
0.3847634792327881,	0.7214815020561218
0.35489559173583984,	0.7229629755020142
0.35544589161872864,	0.7214815020561218
0.34683355689048767,	0.7229629755020142
0.3164292573928833,	0.7200000286102295
0.36583125591278076,	0.7200000286102295
0.37106871604919434,	0.7200000286102295
0.23139740526676178,	0.7200000286102295
0.3454384505748749,	0.7200000286102295
0.3492836356163025,	0.7229629755020142
0.31441161036491394,	0.7229629755020142
0.3682340979576111,	0.7244444489479065
0.379428893327713,	0.7274073958396912
0.4008699059486389,	0.7274073958396912
0.3737656772136688,	0.7274073958396912
0.3566899597644806,	0.7274073958396912
0.32998892664909363,	0.7274073958396912
0.35528087615966797,	0.7274073958396912
0.3795267939567566,	0.7274073958396912
0.35575273633003235,	0.7274073958396912
0.45318323373794556,	0.7288888692855835
0.35697391629219055,	0.7288888692855835
0.35374996066093445,	0.7274073958396912
0.3353651165962219,	0.7274073958396912
0.37787795066833496,	0.7274073958396912
0.35450509190559387,	0.7274073958396912
0.3160017430782318,	0.7274073958396912
0.3352537155151367,	0.7274073958396912
0.35736796259880066,	0.7274073958396912
0.4187332093715668,	0.7259259223937988
0.3509949743747711,	0.7259259223937988
0.38985979557037354,	0.7259259223937988
0.37255918979644775,	0.7259259223937988
0.4182170331478119,	0.7274073958396912
0.3392854928970337,	0.7288888692855835
0.3983106017112732,	0.7274073958396912
0.37076228857040405,	0.7259259223937988
0.3736930191516876,	0.7259259223937988
0.3611270487308502,	0.7244444489479065
0.37594541907310486,	0.7214815020561218
0.32719045877456665,	0.7214815020561218
0.33326801657676697,	0.7214815020561218
0.38076311349868774,	0.7185184955596924
0.3565983474254608,	0.7200000286102295
0.3488437831401825,	0.7200000286102295
0.37942808866500854,	0.7200000286102295
0.33041417598724365,	0.7185184955596924
0.33942344784736633,	0.7244444489479065
0.3565981090068817,	0.7244444489479065
0.3308904469013214,	0.7244444489479065
0.3612019419670105,	0.7259259223937988
0.36393457651138306,	0.7244444489479065
0.3883310556411743,	0.7244444489479065
0.37975889444351196,	0.7244444489479065
0.39611220359802246,	0.7259259223937988
0.3294776380062103,	0.7274073958396912
0.3387446999549866,	0.7288888692855835
0.3687106966972351,	0.7288888692855835
0.3441508412361145,	0.7288888692855835
0.28888148069381714,	0.7288888692855835
0.34338489174842834,	0.7303703427314758
0.38491150736808777,	0.7288888692855835
0.3507479131221771,	0.7303703427314758
0.339910089969635,	0.7318518757820129
0.3618004620075226,	0.7318518757820129
0.34402933716773987,	0.7318518757820129
0.32925179600715637,	0.7318518757820129
0.3924197852611542,	0.7318518757820129
0.3832576870918274,	0.7318518757820129
0.3585345447063446,	0.7318518757820129
0.34572312235832214,	0.7303703427314758
0.3540816307067871,	0.7303703427314758
0.3981744050979614,	0.7303703427314758
0.320761501789093,	0.7303703427314758
0.3617549240589142,	0.7274073958396912
0.3695599436759949,	0.7244444489479065
0.3822815418243408,	0.7259259223937988
0.35336849093437195,	0.7274073958396912
0.3580080270767212,	0.7259259223937988
0.35793337225914,	0.7244444489479065
0.36230894923210144,	0.7259259223937988
0.3612748086452484,	0.7229629755020142
0.3441348373889923,	0.7229629755020142
0.35175541043281555,	0.7229629755020142
0.3282414376735687,	0.7229629755020142
0.2710316777229309,	0.7229629755020142
0.34675294160842896,	0.7259259223937988
0.3691994845867157,	0.7259259223937988
0.35073694586753845,	0.7259259223937988
0.3405204713344574,	0.7259259223937988
0.34181487560272217,	0.7259259223937988
0.3295143246650696,	0.7259259223937988
0.36675968766212463,	0.7259259223937988
0.35504472255706787,	0.7259259223937988
0.35612449049949646,	0.7259259223937988
0.37493249773979187,	0.7259259223937988
0.385187566280365,	0.7259259223937988
0.36181458830833435,	0.7274073958396912
0.2698022425174713,	0.7274073958396912
0.37179329991340637,	0.7274073958396912
0.3211175501346588,	0.7274073958396912
0.36356955766677856,	0.7274073958396912
0.3729214370250702,	0.7259259223937988
0.3802151381969452,	0.7259259223937988
0.3282700479030609,	0.7274073958396912
0.35781270265579224,	0.7259259223937988
0.3546823263168335,	0.7259259223937988
0.34590694308280945,	0.7244444489479065
0.32764557003974915,	0.7259259223937988
0.38070258498191833,	0.7259259223937988
0.36964017152786255,	0.7244444489479065
0.31300586462020874,	0.7259259223937988
0.34596487879753113,	0.7274073958396912
0.37145450711250305,	0.7274073958396912
0.3222046494483948,	0.7259259223937988
0.36183902621269226,	0.7259259223937988
0.38378825783729553,	0.7259259223937988
0.3536875545978546,	0.7229629755020142
0.352372944355011,	0.7244444489479065
0.4043484628200531,	0.7244444489479065
0.3143533766269684,	0.7244444489479065
0.365471750497818,	0.7244444489479065
0.3608419895172119,	0.7244444489479065
0.3468775153160095,	0.7244444489479065
0.30574512481689453,	0.7244444489479065
0.3842082619667053,	0.7244444489479065
0.37086617946624756,	0.7244444489479065
0.3455316722393036,	0.7244444489479065
0.3750663101673126,	0.7244444489479065
0.33221548795700073,	0.7229629755020142
0.32831767201423645,	0.7244444489479065
0.38718849420547485,	0.7244444489479065
0.3731067180633545,	0.7259259223937988
0.30748796463012695,	0.7274073958396912
0.32887002825737,	0.7274073958396912
0.3750520348548889,	0.7274073958396912
0.35123974084854126,	0.7274073958396912
0.3990999758243561,	0.7274073958396912
0.38736221194267273,	0.7259259223937988
0.35226204991340637,	0.7244444489479065
0.36199751496315,	0.7244444489479065
0.34965741634368896,	0.7244444489479065
0.356769323348999,	0.7244444489479065
0.34960004687309265,	0.7244444489479065
0.3644556403160095,	0.7229629755020142
0.36124974489212036,	0.7229629755020142
0.3818664252758026,	0.7259259223937988
0.3552415370941162,	0.7259259223937988
0.34064438939094543,	0.7259259223937988
0.3406216502189636,	0.7259259223937988
0.31048324704170227,	0.7259259223937988
0.333566278219223,	0.7259259223937988
0.34511545300483704,	0.7259259223937988
0.3955676853656769,	0.7274073958396912
0.33629414439201355,	0.7288888692855835
0.3505818545818329,	0.7288888692855835
0.3835536241531372,	0.7288888692855835
0.34983161091804504,	0.7288888692855835
0.3442893326282501,	0.7288888692855835
0.34516966342926025,	0.7288888692855835
0.34435755014419556,	0.7288888692855835
0.3524242341518402,	0.7274073958396912
0.38913604617118835,	0.7274073958396912
0.4056280851364136,	0.7274073958396912
0.36293938755989075,	0.7274073958396912
0.31491202116012573,	0.7274073958396912
0.38055792450904846,	0.7259259223937988
0.361738383769989,	0.7244444489479065
0.3204892873764038,	0.7229629755020142
0.32336297631263733,	0.7244444489479065
0.3641129434108734,	0.7244444489479065
0.37624233961105347,	0.7244444489479065
0.3621601462364197,	0.7244444489479065
0.3810330629348755,	0.7244444489479065
0.38746213912963867,	0.7214815020561218
0.34619659185409546,	0.7200000286102295
0.29774171113967896,	0.7229629755020142
0.36370813846588135,	0.7229629755020142
0.3572161793708801,	0.7259259223937988
0.3532070815563202,	0.7259259223937988
0.3658158779144287,	0.7259259223937988
0.3705732226371765,	0.7259259223937988
0.35027408599853516,	0.7229629755020142
0.34765946865081787,	0.7229629755020142
0.35229742527008057,	0.7229629755020142
0.3549633026123047,	0.7229629755020142
0.3331410586833954,	0.7244444489479065
0.3187910318374634,	0.7244444489479065
0.40011361241340637,	0.7259259223937988
0.30613991618156433,	0.7259259223937988
0.3601280152797699,	0.7288888692855835
0.36108797788619995,	0.7274073958396912
0.3212886154651642,	0.7274073958396912
0.35606756806373596,	0.7274073958396912
0.40155142545700073,	0.7274073958396912
0.36964789032936096,	0.7274073958396912
0.3349718153476715,	0.7274073958396912
0.3433428406715393,	0.7288888692855835
0.3482121229171753,	0.7274073958396912
0.36393192410469055,	0.7244444489479065
0.35501739382743835,	0.7244444489479065
0.35219112038612366,	0.7244444489479065
0.3818835914134979,	0.7259259223937988
0.3649503290653229,	0.7274073958396912
0.33063262701034546,	0.7214815020561218
0.3546581268310547,	0.7244444489479065
0.36229851841926575,	0.7288888692855835
0.35851016640663147,	0.7259259223937988
0.3321220874786377,	0.7244444489479065
0.34755241870880127,	0.7244444489479065
0.347148060798645,	0.7244444489479065
0.3687291443347931,	0.7274073958396912
0.3714473843574524,	0.7288888692855835
0.3411453366279602,	0.7288888692855835
0.35043829679489136,	0.7259259223937988
0.33281752467155457,	0.7288888692855835
0.35162708163261414,	0.7303703427314758
0.32044264674186707,	0.7303703427314758
0.32560133934020996,	0.7303703427314758
0.34858185052871704,	0.7288888692855835
0.3577248454093933,	0.7274073958396912
0.3555777370929718,	0.7274073958396912
0.3724817633628845,	0.7259259223937988
0.38114094734191895,	0.7259259223937988
0.33897581696510315,	0.7244444489479065
0.3361770510673523,	0.7244444489479065
0.3970845937728882,	0.7259259223937988
0.3696686923503876,	0.7288888692855835
0.25342220067977905,	0.7288888692855835
0.34304335713386536,	0.7274073958396912
0.3283887803554535,	0.7274073958396912
0.35440221428871155,	0.7244444489479065
0.33567169308662415,	0.7244444489479065
0.32019370794296265,	0.7259259223937988
0.3729088306427002,	0.7259259223937988
0.3340025842189789,	0.7274073958396912
0.3349069654941559,	0.7288888692855835
0.3828900456428528,	0.7288888692855835
0.3755112588405609,	0.7288888692855835
0.34423771500587463,	0.7288888692855835
0.3862421214580536,	0.7274073958396912
0.40194040536880493,	0.7259259223937988
0.32924017310142517,	0.7274073958396912
0.3222475051879883,	0.7274073958396912
0.3531233072280884,	0.7274073958396912
0.34897127747535706,	0.7303703427314758
0.3079454004764557,	0.7303703427314758
0.34490108489990234,	0.7303703427314758
0.3515636920928955,	0.7318518757820129
0.35330334305763245,	0.7303703427314758
0.3917105495929718,	0.7303703427314758
0.3724982738494873,	0.7288888692855835
0.39812859892845154,	0.7288888692855835
0.35234615206718445,	0.7288888692855835
0.3005721867084503,	0.7288888692855835
0.3217105567455292,	0.7303703427314758
0.3788761794567108,	0.7288888692855835
0.3460806906223297,	0.7274073958396912
0.3375049829483032,	0.7274073958396912
0.3521413207054138,	0.7288888692855835
0.3576560914516449,	0.7288888692855835
0.3450649082660675,	0.7303703427314758
0.33346274495124817,	0.7318518757820129
0.35680684447288513,	0.7318518757820129
0.39052727818489075,	0.7318518757820129
0.37921443581581116,	0.7303703427314758
0.34860166907310486,	0.7288888692855835
0.26946842670440674,	0.7318518757820129
0.32476532459259033,	0.7303703427314758
0.34187906980514526,	0.7274073958396912
0.3478292226791382,	0.7274073958396912
0.30564454197883606,	0.7274073958396912
0.36770498752593994,	0.7274073958396912
0.36791202425956726,	0.7274073958396912
0.32107260823249817,	0.7274073958396912
0.3891768753528595,	0.7259259223937988
0.4016783535480499,	0.7274073958396912
0.3509741723537445,	0.7288888692855835
0.3242064118385315,	0.7288888692855835
0.363913357257843,	0.7288888692855835
0.26970434188842773,	0.7318518757820129
0.31822752952575684,	0.7318518757820129
0.3632449805736542,	0.7318518757820129
0.34059759974479675,	0.7318518757820129
0.36445918679237366,	0.7333333492279053
0.3405250012874603,	0.7333333492279053
0.3265165686607361,	0.7333333492279053
0.3974861800670624,	0.7348148226737976
0.3389948010444641,	0.7333333492279053
0.36619803309440613,	0.7318518757820129
0.38345617055892944,	0.7303703427314758
0.32514190673828125,	0.7303703427314758
0.3868488669395447,	0.7288888692855835
0.41468101739883423,	0.7303703427314758
0.356313019990921,	0.7303703427314758
0.36116838455200195,	0.7303703427314758
0.34110504388809204,	0.7303703427314758
0.33164525032043457,	0.7288888692855835
0.3340455889701843,	0.7288888692855835
0.35095399618148804,	0.7274073958396912
0.3576478958129883,	0.7274073958396912
0.3693535327911377,	0.7274073958396912
0.34360045194625854,	0.7274073958396912
0.3603835999965668,	0.7274073958396912
0.36546894907951355,	0.7288888692855835
0.3260503113269806,	0.7274073958396912
0.3672572076320648,	0.7259259223937988
0.3391949236392975,	0.7259259223937988
0.3489944636821747,	0.7229629755020142
0.37736231088638306,	0.7214815020561218
0.33887481689453125,	0.7214815020561218
0.345296710729599,	0.7214815020561218
0.34713634848594666,	0.7214815020561218
0.3469531238079071,	0.7259259223937988
0.35043710470199585,	0.7274073958396912
0.3735622763633728,	0.7259259223937988
0.3470999300479889,	0.7259259223937988
0.3565894663333893,	0.7274073958396912
0.34206435084342957,	0.7288888692855835
0.34970441460609436,	0.7303703427314758
0.35280364751815796,	0.7303703427314758
0.336960107088089,	0.7303703427314758
0.34270939230918884,	0.7303703427314758
0.34519603848457336,	0.7288888692855835
0.3514377474784851,	0.7288888692855835
0.3245895504951477,	0.7303703427314758
0.34804436564445496,	0.7318518757820129
0.3616940677165985,	0.7318518757820129
0.35807883739471436,	0.7318518757820129
0.3338254392147064,	0.7318518757820129
0.3656156361103058,	0.7318518757820129
0.3934074640274048,	0.7318518757820129
0.31225693225860596,	0.7303703427314758
0.3705614507198334,	0.7303703427314758
0.3439319431781769,	0.7303703427314758
0.35715195536613464,	0.7303703427314758
0.35228806734085083,	0.7244444489479065
0.32942914962768555,	0.7229629755020142
0.3518727123737335,	0.7229629755020142
0.3222021460533142,	0.7229629755020142
0.3352881371974945,	0.7229629755020142
0.3758011758327484,	0.7259259223937988
0.3619663119316101,	0.7259259223937988
0.35859960317611694,	0.7274073958396912
0.3643973767757416,	0.7274073958396912
0.2976304292678833,	0.7303703427314758
0.32509317994117737,	0.7288888692855835
0.33349838852882385,	0.7288888692855835
0.36312955617904663,	0.7288888692855835
0.355129212141037,	0.7274073958396912
0.3889230489730835,	0.7259259223937988
0.3640647232532501,	0.7259259223937988
0.35678091645240784,	0.7288888692855835
0.35487475991249084,	0.7288888692855835
0.3227401077747345,	0.7288888692855835
0.3458870053291321,	0.7288888692855835
0.3730015158653259,	0.7288888692855835
0.35465577244758606,	0.7274073958396912
0.3186405301094055,	0.7288888692855835
0.3980892300605774,	0.7303703427314758
0.37118881940841675,	0.7303703427314758
0.36583563685417175,	0.7303703427314758
0.3756003677845001,	0.7303703427314758
0.3209154009819031,	0.7318518757820129
0.3341144621372223,	0.7318518757820129
0.3263179063796997,	0.7303703427314758
0.34764790534973145,	0.7303703427314758
0.30460280179977417,	0.7303703427314758
0.338667094707489,	0.7303703427314758
0.36404114961624146,	0.7303703427314758
0.3416636288166046,	0.7303703427314758
0.3281533420085907,	0.7303703427314758
