Number of classes: 2
Elapsed time: 0:05:00.123333
Mini-batch size: 400
Number of epochs: 514
Learning rate: 0.01
Subset: small
------------------------------------
Testing accuracy: 0.5773809552192688
Training accuracy: 0.7104347944259644
------------------------------------
cost history,	validation history
1.069684624671936,	0.14012739062309265
0.9580298662185669,	0.019108280539512634
0.9270852208137512,	0.012738853693008423
0.9778818488121033,	0.006369426846504211
0.9326433539390564,	0.006369426846504211
1.0027357339859009,	0.006369426846504211
0.8838049173355103,	0.006369426846504211
0.8733762502670288,	0.019108280539512634
0.9345924854278564,	0.03184713423252106
0.9584366679191589,	0.06369426846504211
0.860129714012146,	0.10191082954406738
0.8198168873786926,	0.1656050980091095
0.9067445993423462,	0.19108280539512634
0.9370043873786926,	0.2229299396276474
0.9149942398071289,	0.24840764701366425
0.8691942095756531,	0.2611464858055115
0.8324628472328186,	0.2675159275531769
0.83290696144104,	0.30573248863220215
0.8398478031158447,	0.331210196018219
0.8614901900291443,	0.35668790340423584
0.8960919976234436,	0.4012738764286041
0.9016992449760437,	0.4394904375076294
0.8499395847320557,	0.47133758664131165
0.8036754727363586,	0.5159235596656799
0.8130068778991699,	0.5350318551063538
0.7910847067832947,	0.5350318551063538
0.7901787757873535,	0.5350318551063538
0.8767242431640625,	0.5350318551063538
0.8023450970649719,	0.5350318551063538
0.8334537148475647,	0.5350318551063538
0.8165600299835205,	0.5350318551063538
0.8092334270477295,	0.5159235596656799
0.769611120223999,	0.5031847357749939
0.8229686617851257,	0.47770699858665466
0.7385054230690002,	0.47770699858665466
0.846375584602356,	0.47133758664131165
0.8074932098388672,	0.47770699858665466
0.8319310545921326,	0.48407644033432007
0.77705979347229,	0.48407644033432007
0.8506222367286682,	0.4968152940273285
0.8128693699836731,	0.5095541477203369
0.8019080758094788,	0.5095541477203369
0.8093745708465576,	0.5350318551063538
0.8181018829345703,	0.5414012670516968
0.7625325322151184,	0.5541401505470276
0.8370372653007507,	0.5605095624923706
0.7491573691368103,	0.5605095624923706
0.754879355430603,	0.5605095624923706
0.7692102193832397,	0.5605095624923706
0.7896328568458557,	0.5605095624923706
0.7577511072158813,	0.5605095624923706
0.7754034399986267,	0.5605095624923706
0.7495971918106079,	0.5605095624923706
0.7984457612037659,	0.5605095624923706
0.7222645878791809,	0.5605095624923706
0.7464145421981812,	0.5541401505470276
0.7571403384208679,	0.5477706789970398
0.7169157862663269,	0.5477706789970398
0.7475497722625732,	0.5477706789970398
0.7685813307762146,	0.5414012670516968
0.7896186709403992,	0.5350318551063538
0.7578880786895752,	0.5286624431610107
0.6982060074806213,	0.5350318551063538
0.7076495885848999,	0.5350318551063538
0.7478489875793457,	0.5477706789970398
0.7388445138931274,	0.5541401505470276
0.7265883088111877,	0.5605095624923706
0.7148429155349731,	0.5605095624923706
0.746514081954956,	0.5605095624923706
0.7241213917732239,	0.5605095624923706
0.6984788775444031,	0.5605095624923706
0.7255674004554749,	0.5541401505470276
0.7098636627197266,	0.5541401505470276
0.7162588238716125,	0.5541401505470276
0.7521297931671143,	0.5605095624923706
0.7051888704299927,	0.5668789744377136
0.7510242462158203,	0.5668789744377136
0.7235099673271179,	0.5668789744377136
0.7480855584144592,	0.5605095624923706
0.7129882574081421,	0.5477706789970398
0.714755117893219,	0.5477706789970398
0.6608180999755859,	0.5414012670516968
0.7352227568626404,	0.5414012670516968
0.6942693591117859,	0.5350318551063538
0.7101605534553528,	0.5350318551063538
0.7002153396606445,	0.5350318551063538
0.7376107573509216,	0.5350318551063538
0.6947917938232422,	0.5414012670516968
0.6999826431274414,	0.5350318551063538
0.6993736028671265,	0.5414012670516968
0.6470949053764343,	0.5477706789970398
0.6934105753898621,	0.5477706789970398
0.6781947016716003,	0.5541401505470276
0.6684281229972839,	0.5477706789970398
0.6965649127960205,	0.5605095624923706
0.7137289643287659,	0.5668789744377136
0.7110652327537537,	0.5668789744377136
0.6591739058494568,	0.5668789744377136
0.6937181949615479,	0.5668789744377136
0.6703957319259644,	0.5541401505470276
0.6928310394287109,	0.5477706789970398
0.6943908929824829,	0.5477706789970398
0.6755394339561462,	0.5414012670516968
0.7057027220726013,	0.5414012670516968
0.6909017562866211,	0.5414012670516968
0.6733074188232422,	0.5414012670516968
0.6946759223937988,	0.5414012670516968
0.6999081373214722,	0.5350318551063538
0.6630007028579712,	0.5286624431610107
0.6928739547729492,	0.5350318551063538
0.6959913969039917,	0.5350318551063538
0.6539366841316223,	0.5286624431610107
0.6552538871765137,	0.5414012670516968
0.6817957758903503,	0.5541401505470276
0.6392276287078857,	0.5541401505470276
0.654358983039856,	0.5668789744377136
0.68431156873703,	0.5668789744377136
0.663792073726654,	0.5796178579330444
0.6770209670066833,	0.5923566818237305
0.6340158581733704,	0.5859872698783875
0.5952211022377014,	0.5923566818237305
0.6886312961578369,	0.5987260937690735
0.684229850769043,	0.5987260937690735
0.6630415916442871,	0.5923566818237305
0.6626201272010803,	0.5923566818237305
0.6317098140716553,	0.5987260937690735
0.6352582573890686,	0.5923566818237305
0.6488828063011169,	0.5796178579330444
0.6056503653526306,	0.5732483863830566
0.6409474015235901,	0.5668789744377136
0.6842263340950012,	0.5668789744377136
0.634945809841156,	0.5668789744377136
0.6196496486663818,	0.5668789744377136
0.6459893584251404,	0.5796178579330444
0.6999595165252686,	0.5859872698783875
0.6574245095252991,	0.5923566818237305
0.622080385684967,	0.5923566818237305
0.6494841575622559,	0.5923566818237305
0.6191308498382568,	0.5859872698783875
0.6208376288414001,	0.5987260937690735
0.6542211174964905,	0.5987260937690735
0.6103149652481079,	0.5987260937690735
0.6357225775718689,	0.5859872698783875
0.6706957817077637,	0.5859872698783875
0.5862916111946106,	0.5923566818237305
0.6177846193313599,	0.5923566818237305
0.6372041702270508,	0.5859872698783875
0.6185204386711121,	0.5923566818237305
0.6398802399635315,	0.5859872698783875
0.6151868104934692,	0.5859872698783875
0.6160946488380432,	0.5859872698783875
0.6797761917114258,	0.5859872698783875
0.575678288936615,	0.5859872698783875
0.6534099578857422,	0.5859872698783875
0.6120328307151794,	0.5923566818237305
0.6284146904945374,	0.5859872698783875
0.5609517693519592,	0.5859872698783875
0.6179838180541992,	0.5923566818237305
0.6046611666679382,	0.5923566818237305
0.6407254934310913,	0.5859872698783875
0.6016414761543274,	0.5859872698783875
0.6369675993919373,	0.5796178579330444
0.585822343826294,	0.5796178579330444
0.6307337284088135,	0.5796178579330444
0.6344605088233948,	0.5796178579330444
0.5972926020622253,	0.5796178579330444
0.5990884900093079,	0.5668789744377136
0.5826717019081116,	0.5541401505470276
0.6055207252502441,	0.5477706789970398
0.5987716913223267,	0.5477706789970398
0.5996668934822083,	0.5477706789970398
0.549588143825531,	0.5286624431610107
0.5888600945472717,	0.5286624431610107
0.6354496479034424,	0.5350318551063538
0.6084315180778503,	0.5414012670516968
0.5986137986183167,	0.5414012670516968
0.6000198125839233,	0.5414012670516968
0.5859407186508179,	0.5414012670516968
0.5957183241844177,	0.5350318551063538
0.5845259428024292,	0.5414012670516968
0.6229447722434998,	0.5414012670516968
0.6060470342636108,	0.5477706789970398
0.6036800742149353,	0.5605095624923706
0.6070301532745361,	0.5605095624923706
0.557299017906189,	0.5605095624923706
0.6343929171562195,	0.5605095624923706
0.6109086871147156,	0.5668789744377136
0.5738939642906189,	0.5541401505470276
0.5827348232269287,	0.5605095624923706
0.5676017999649048,	0.5605095624923706
0.5700854659080505,	0.5541401505470276
0.5906684994697571,	0.5605095624923706
0.5875402092933655,	0.5541401505470276
0.5682179927825928,	0.5605095624923706
0.5974836349487305,	0.5477706789970398
0.5789806842803955,	0.5477706789970398
0.5932072997093201,	0.5605095624923706
0.572587788105011,	0.5541401505470276
0.607677698135376,	0.5541401505470276
0.5801690220832825,	0.5541401505470276
0.5644257068634033,	0.5541401505470276
0.5915130376815796,	0.5477706789970398
0.5624697208404541,	0.5541401505470276
0.584118664264679,	0.5477706789970398
0.6084240674972534,	0.5477706789970398
0.5698937177658081,	0.5477706789970398
0.5341364741325378,	0.5477706789970398
0.5735039710998535,	0.5414012670516968
0.5822880864143372,	0.5350318551063538
0.5665794014930725,	0.5414012670516968
0.5564504265785217,	0.5414012670516968
0.5879133939743042,	0.5414012670516968
0.6096933484077454,	0.5477706789970398
0.5579623579978943,	0.5541401505470276
0.5631440877914429,	0.5605095624923706
0.6150183081626892,	0.5668789744377136
0.5796934962272644,	0.5668789744377136
0.5428340435028076,	0.5668789744377136
0.5156627297401428,	0.5668789744377136
0.5556387305259705,	0.5668789744377136
0.600632905960083,	0.5732483863830566
0.5986331105232239,	0.5859872698783875
0.5545803904533386,	0.5859872698783875
0.54764324426651,	0.5859872698783875
0.5933374762535095,	0.5859872698783875
0.6038337349891663,	0.5732483863830566
0.5393168330192566,	0.5732483863830566
0.5616683959960938,	0.5732483863830566
0.5892636179924011,	0.5732483863830566
0.5656943321228027,	0.5732483863830566
0.5435779690742493,	0.5541401505470276
0.5622162222862244,	0.5541401505470276
0.5803905725479126,	0.5541401505470276
0.5778183341026306,	0.5414012670516968
0.5446864366531372,	0.5286624431610107
0.566432774066925,	0.5286624431610107
0.5599943995475769,	0.5286624431610107
0.5703473091125488,	0.5286624431610107
0.5782511830329895,	0.5286624431610107
0.5570529699325562,	0.5286624431610107
0.5510629415512085,	0.522292971611023
0.5520976185798645,	0.522292971611023
0.5737761855125427,	0.5350318551063538
0.5699470043182373,	0.5350318551063538
0.5465742349624634,	0.5477706789970398
0.5373436808586121,	0.5414012670516968
0.5841004252433777,	0.5541401505470276
0.5365474224090576,	0.5541401505470276
0.5445685982704163,	0.5605095624923706
0.5689846873283386,	0.5668789744377136
0.5611785054206848,	0.5668789744377136
0.5286352038383484,	0.5668789744377136
0.5285313129425049,	0.5668789744377136
0.553195059299469,	0.5605095624923706
0.5660162568092346,	0.5605095624923706
0.5298762321472168,	0.5605095624923706
0.569576621055603,	0.5668789744377136
0.5631435513496399,	0.5668789744377136
0.5413046479225159,	0.5605095624923706
0.5467157959938049,	0.5605095624923706
0.5606151819229126,	0.5605095624923706
0.5530368089675903,	0.5605095624923706
0.5430029034614563,	0.5605095624923706
0.5744835138320923,	0.5732483863830566
0.546052098274231,	0.5668789744377136
0.5598424077033997,	0.5541401505470276
0.5443366765975952,	0.5605095624923706
0.5724402666091919,	0.5605095624923706
0.5613314509391785,	0.5668789744377136
0.5272740721702576,	0.5668789744377136
0.5381715893745422,	0.5668789744377136
0.543361485004425,	0.5668789744377136
0.5248367786407471,	0.5668789744377136
0.5716922283172607,	0.5668789744377136
0.5568141937255859,	0.5668789744377136
0.5061643123626709,	0.5732483863830566
0.5567780137062073,	0.5668789744377136
0.5561155080795288,	0.5732483863830566
0.5184109807014465,	0.5732483863830566
0.5138148665428162,	0.5796178579330444
0.5327823758125305,	0.5796178579330444
0.5615824460983276,	0.5796178579330444
0.5368616580963135,	0.5796178579330444
0.5337479114532471,	0.5796178579330444
0.5205165147781372,	0.5796178579330444
0.570678174495697,	0.5732483863830566
0.5517297387123108,	0.5668789744377136
0.5419421195983887,	0.5796178579330444
0.5476747751235962,	0.5923566818237305
0.5388492941856384,	0.5859872698783875
0.5676941275596619,	0.5859872698783875
0.5414220094680786,	0.5859872698783875
0.5169849395751953,	0.5796178579330444
0.5562560558319092,	0.5859872698783875
0.5493918061256409,	0.5796178579330444
0.5712417364120483,	0.5859872698783875
0.504462718963623,	0.5796178579330444
0.49524545669555664,	0.5796178579330444
0.5402977466583252,	0.5732483863830566
0.5594963431358337,	0.5732483863830566
0.5372413396835327,	0.5732483863830566
0.5381436944007874,	0.5859872698783875
0.52616947889328,	0.5796178579330444
0.5260791778564453,	0.5796178579330444
0.554228663444519,	0.5796178579330444
0.5233592391014099,	0.5796178579330444
0.5357853174209595,	0.5732483863830566
0.5277115106582642,	0.5859872698783875
0.5479424595832825,	0.5859872698783875
0.5583666563034058,	0.5923566818237305
0.49870026111602783,	0.5923566818237305
0.5230436325073242,	0.5923566818237305
0.560531735420227,	0.5923566818237305
0.5328227877616882,	0.5923566818237305
0.5182002186775208,	0.5987260937690735
0.5331117510795593,	0.5987260937690735
0.5491407513618469,	0.5987260937690735
0.5382916927337646,	0.5987260937690735
0.5493528842926025,	0.5923566818237305
0.518710732460022,	0.5987260937690735
0.5161210298538208,	0.5987260937690735
0.5127068161964417,	0.5987260937690735
0.5595268607139587,	0.6050955653190613
0.5155172944068909,	0.5923566818237305
0.48928502202033997,	0.5923566818237305
0.5834547877311707,	0.5923566818237305
0.5678307414054871,	0.5923566818237305
0.5312517285346985,	0.5987260937690735
0.5226624608039856,	0.5923566818237305
0.5291793942451477,	0.5923566818237305
0.5568361878395081,	0.5923566818237305
0.5098443031311035,	0.5987260937690735
0.5028132796287537,	0.5923566818237305
0.5325494408607483,	0.5923566818237305
0.5276265740394592,	0.5923566818237305
0.5208194851875305,	0.5923566818237305
0.5072611570358276,	0.5923566818237305
0.5155733227729797,	0.5987260937690735
0.508906364440918,	0.5923566818237305
0.5454189777374268,	0.5987260937690735
0.49272823333740234,	0.5987260937690735
0.5296636819839478,	0.5923566818237305
0.5354489088058472,	0.5923566818237305
0.5355750322341919,	0.5859872698783875
0.520860493183136,	0.5796178579330444
0.543910026550293,	0.5859872698783875
0.5240927934646606,	0.5923566818237305
0.4944257438182831,	0.6050955653190613
0.5190716981887817,	0.6050955653190613
0.559212327003479,	0.6050955653190613
0.4920456111431122,	0.6114649772644043
0.5362429618835449,	0.6114649772644043
0.5141628980636597,	0.6114649772644043
0.49151670932769775,	0.6114649772644043
0.5242493748664856,	0.6114649772644043
0.5147414207458496,	0.6114649772644043
0.5400454998016357,	0.6114649772644043
0.5303404331207275,	0.6050955653190613
0.49956628680229187,	0.5987260937690735
0.5424202680587769,	0.5987260937690735
0.5317800045013428,	0.6050955653190613
0.5056396722793579,	0.6114649772644043
0.5148305892944336,	0.6114649772644043
0.4848094582557678,	0.5987260937690735
0.5003600120544434,	0.6050955653190613
0.5281828045845032,	0.6050955653190613
0.5197046995162964,	0.6050955653190613
0.4998653531074524,	0.6050955653190613
0.5162989497184753,	0.6050955653190613
0.4795171022415161,	0.6050955653190613
0.5364067554473877,	0.6050955653190613
0.5050107836723328,	0.6114649772644043
0.5283768773078918,	0.6114649772644043
0.47564443945884705,	0.6178343892097473
0.5315755605697632,	0.6178343892097473
0.48677781224250793,	0.6305732727050781
0.523064374923706,	0.6305732727050781
0.48859310150146484,	0.6305732727050781
0.49082139134407043,	0.6305732727050781
0.5166641473770142,	0.6305732727050781
0.51884925365448,	0.6242038011550903
0.5164031386375427,	0.6242038011550903
0.4689945876598358,	0.6050955653190613
0.5289781093597412,	0.6050955653190613
0.5090826153755188,	0.6114649772644043
0.5431528687477112,	0.6050955653190613
0.48393985629081726,	0.5987260937690735
0.49773141741752625,	0.5987260937690735
0.49356934428215027,	0.5987260937690735
0.5408794283866882,	0.5987260937690735
0.4938338100910187,	0.6050955653190613
0.5264397263526917,	0.5987260937690735
0.5037413239479065,	0.5987260937690735
0.5076379776000977,	0.5987260937690735
0.4613179564476013,	0.6050955653190613
0.4938366711139679,	0.6114649772644043
0.5290313363075256,	0.6178343892097473
0.5171517133712769,	0.6114649772644043
0.5115733742713928,	0.6242038011550903
0.5137073993682861,	0.6242038011550903
0.5024136900901794,	0.6242038011550903
0.4712927043437958,	0.6305732727050781
0.4970643222332001,	0.6305732727050781
0.506777286529541,	0.6305732727050781
0.4926178753376007,	0.6305732727050781
0.49668070673942566,	0.6242038011550903
0.503783643245697,	0.6114649772644043
0.5432263016700745,	0.6178343892097473
0.5051554441452026,	0.6178343892097473
0.47496673464775085,	0.6178343892097473
0.5086607933044434,	0.6242038011550903
0.5222893357276917,	0.6242038011550903
0.49678167700767517,	0.6178343892097473
0.49589261412620544,	0.6242038011550903
0.5486001372337341,	0.6242038011550903
0.48005929589271545,	0.6242038011550903
0.4925020933151245,	0.6178343892097473
0.5297660231590271,	0.6178343892097473
0.4956936538219452,	0.6178343892097473
0.5095662474632263,	0.6178343892097473
0.5298022627830505,	0.6178343892097473
0.48973509669303894,	0.6242038011550903
0.47103241086006165,	0.6242038011550903
0.5001222491264343,	0.6242038011550903
0.5140000581741333,	0.6242038011550903
0.5129559636116028,	0.6242038011550903
0.5035222172737122,	0.6242038011550903
0.4493720531463623,	0.6242038011550903
0.5322763919830322,	0.6242038011550903
0.5094134211540222,	0.6178343892097473
0.5111812353134155,	0.6178343892097473
0.49549734592437744,	0.6178343892097473
0.4918525218963623,	0.6242038011550903
0.48985564708709717,	0.6242038011550903
0.5291185975074768,	0.6178343892097473
0.49991491436958313,	0.6114649772644043
0.4765057861804962,	0.6114649772644043
0.5077102780342102,	0.6114649772644043
0.5037233233451843,	0.6114649772644043
0.47512486577033997,	0.6050955653190613
0.4982334077358246,	0.6050955653190613
0.4960761070251465,	0.6050955653190613
0.4628314673900604,	0.6050955653190613
0.5369012951850891,	0.6050955653190613
0.47594285011291504,	0.6050955653190613
0.4838758409023285,	0.6050955653190613
0.519523561000824,	0.6050955653190613
0.49502432346343994,	0.6050955653190613
0.5311514735221863,	0.6050955653190613
0.4936812222003937,	0.6050955653190613
0.46273255348205566,	0.5987260937690735
0.519210696220398,	0.5987260937690735
0.48233136534690857,	0.5987260937690735
0.5092960596084595,	0.5987260937690735
0.5004832148551941,	0.5987260937690735
0.5186909437179565,	0.6050955653190613
0.49398061633110046,	0.6050955653190613
0.5010387301445007,	0.6114649772644043
0.5045945644378662,	0.6114649772644043
0.5049576759338379,	0.6050955653190613
0.48775187134742737,	0.6178343892097473
0.485454261302948,	0.6242038011550903
0.5087427496910095,	0.6242038011550903
0.5036237835884094,	0.6242038011550903
0.5064575672149658,	0.6305732727050781
0.5003781318664551,	0.6305732727050781
0.47786951065063477,	0.6305732727050781
0.4902849495410919,	0.6305732727050781
0.49936604499816895,	0.6242038011550903
0.46165335178375244,	0.6178343892097473
0.4895739257335663,	0.6178343892097473
0.47502797842025757,	0.6178343892097473
0.5005722641944885,	0.6178343892097473
0.4942723512649536,	0.6178343892097473
0.4957484006881714,	0.6178343892097473
0.4979127049446106,	0.6114649772644043
0.49066540598869324,	0.6242038011550903
0.5129781365394592,	0.6178343892097473
0.48745840787887573,	0.6242038011550903
0.49257317185401917,	0.6242038011550903
0.5123385190963745,	0.6242038011550903
0.47381606698036194,	0.6242038011550903
0.4895092844963074,	0.6242038011550903
0.4820348024368286,	0.6242038011550903
0.4972824156284332,	0.6242038011550903
0.49224546551704407,	0.6242038011550903
0.5215549468994141,	0.6178343892097473
0.4539561867713928,	0.6178343892097473
0.4635128974914551,	0.6178343892097473
0.4796300232410431,	0.6178343892097473
0.4753924608230591,	0.6242038011550903
0.4708293378353119,	0.6114649772644043
0.5093297958374023,	0.6178343892097473
0.4853665232658386,	0.6178343892097473
0.46203169226646423,	0.6114649772644043
0.5027545690536499,	0.6114649772644043
0.4503825306892395,	0.6114649772644043
0.48376771807670593,	0.6114649772644043
0.4933871030807495,	0.6114649772644043
0.49587616324424744,	0.6242038011550903
0.49388542771339417,	0.6242038011550903
0.4873138964176178,	0.6242038011550903
0.48143601417541504,	0.6305732727050781
0.47628092765808105,	0.6305732727050781
0.5020973682403564,	0.6369426846504211
0.47913503646850586,	0.6369426846504211
0.47064831852912903,	0.6305732727050781
0.4861959218978882,	0.6305732727050781
0.4949222803115845,	0.6305732727050781
0.47890180349349976,	0.6305732727050781
0.49882787466049194,	0.6242038011550903
0.4899301528930664,	0.6305732727050781
0.4754335582256317,	0.6178343892097473
0.4914049208164215,	0.6114649772644043
0.47794464230537415,	0.6114649772644043
0.4513624608516693,	0.6050955653190613
0.4925023317337036,	0.6050955653190613
0.4644233286380768,	0.6050955653190613
0.4998510777950287,	0.6114649772644043
0.4700763523578644,	0.6114649772644043
0.48539066314697266,	0.6114649772644043
0.528001070022583,	0.6114649772644043
0.47954049706459045,	0.6114649772644043
0.5094516277313232,	0.6114649772644043
0.4681951701641083,	0.6050955653190613
0.5065388083457947,	0.6114649772644043
0.5020826458930969,	0.6178343892097473
0.4492267072200775,	0.6178343892097473
0.48491087555885315,	0.6178343892097473
0.4722035229206085,	0.6178343892097473
0.47413700819015503,	0.6242038011550903
0.4751517176628113,	0.6242038011550903
0.49358129501342773,	0.6305732727050781
0.4674493074417114,	0.6305732727050781
0.5249103903770447,	0.6242038011550903
0.46376022696495056,	0.6178343892097473
0.45337074995040894,	0.6178343892097473
0.45706549286842346,	0.6178343892097473
0.5021188259124756,	0.6178343892097473
0.4502885341644287,	0.6178343892097473
0.45041677355766296,	0.6178343892097473
0.49451085925102234,	0.6178343892097473
0.48055288195610046,	0.6178343892097473
0.4762127101421356,	0.6178343892097473
0.5141047239303589,	0.6178343892097473
0.47219371795654297,	0.6178343892097473
0.47085312008857727,	0.6178343892097473
0.49003246426582336,	0.6114649772644043
0.472188264131546,	0.6114649772644043
0.4602006673812866,	0.6178343892097473
0.49571070075035095,	0.6178343892097473
0.45569464564323425,	0.6242038011550903
0.48023971915245056,	0.6242038011550903
0.46860891580581665,	0.6242038011550903
0.4816724359989166,	0.6242038011550903
0.4720333218574524,	0.6242038011550903
0.470086008310318,	0.6242038011550903
0.47712159156799316,	0.6305732727050781
0.48546090722084045,	0.6305732727050781
0.486050009727478,	0.6305732727050781
0.4643390476703644,	0.6305732727050781
0.4928300380706787,	0.6369426846504211
0.47279682755470276,	0.6305732727050781
0.4756641685962677,	0.6305732727050781
0.4832925498485565,	0.6305732727050781
0.4756678640842438,	0.6305732727050781
0.4924940764904022,	0.6305732727050781
0.49125295877456665,	0.6305732727050781
0.4407157301902771,	0.6305732727050781
0.47538095712661743,	0.6305732727050781
0.47711557149887085,	0.6305732727050781
0.48501867055892944,	0.6369426846504211
0.45719918608665466,	0.6369426846504211
0.47575241327285767,	0.6433120965957642
0.47135284543037415,	0.6433120965957642
0.461268812417984,	0.6433120965957642
0.47363829612731934,	0.6305732727050781
0.47524404525756836,	0.6305732727050781
0.4662777781486511,	0.6305732727050781
0.48077505826950073,	0.6369426846504211
0.4620298147201538,	0.6369426846504211
0.48947662115097046,	0.6369426846504211
0.4762190282344818,	0.6369426846504211
0.480195015668869,	0.6369426846504211
0.48632699251174927,	0.6242038011550903
0.4553975462913513,	0.6305732727050781
0.4949662387371063,	0.6369426846504211
0.4621332287788391,	0.6369426846504211
0.47201547026634216,	0.6305732727050781
0.48598307371139526,	0.6369426846504211
0.47964978218078613,	0.6369426846504211
0.46298930048942566,	0.6369426846504211
0.4851786196231842,	0.6433120965957642
0.4493101239204407,	0.6433120965957642
0.4533078074455261,	0.6369426846504211
0.4701906442642212,	0.6369426846504211
0.4674111306667328,	0.6433120965957642
0.4506762623786926,	0.6433120965957642
0.4763237535953522,	0.6369426846504211
0.4588003158569336,	0.6369426846504211
0.4732966125011444,	0.6369426846504211
0.4798401892185211,	0.6369426846504211
0.4570080041885376,	0.6369426846504211
0.47140055894851685,	0.6369426846504211
0.46949097514152527,	0.6369426846504211
0.4602404236793518,	0.6305732727050781
0.4714195132255554,	0.6369426846504211
0.43131905794143677,	0.6433120965957642
0.4516955614089966,	0.6433120965957642
0.48087143898010254,	0.6433120965957642
0.47760844230651855,	0.6433120965957642
0.45209845900535583,	0.6369426846504211
0.5143751502037048,	0.6369426846504211
0.4314827620983124,	0.6369426846504211
0.453555166721344,	0.6369426846504211
0.4719187021255493,	0.6433120965957642
0.491450697183609,	0.6433120965957642
0.45506060123443604,	0.6433120965957642
0.4985765516757965,	0.6433120965957642
0.46328461170196533,	0.6496815085411072
0.448873370885849,	0.6496815085411072
0.449074387550354,	0.6496815085411072
0.47450515627861023,	0.656050980091095
0.46406233310699463,	0.6496815085411072
0.4631108045578003,	0.6496815085411072
0.4438348412513733,	0.6496815085411072
0.46414896845817566,	0.6496815085411072
0.4697539210319519,	0.6433120965957642
0.4370460510253906,	0.6433120965957642
0.4834597408771515,	0.6433120965957642
0.45789551734924316,	0.6496815085411072
0.4802030920982361,	0.6433120965957642
0.467159241437912,	0.6496815085411072
0.4706399142742157,	0.6496815085411072
0.48905009031295776,	0.6496815085411072
0.45879408717155457,	0.6496815085411072
0.46623870730400085,	0.662420392036438
0.4701521694660187,	0.662420392036438
0.46128809452056885,	0.668789803981781
0.4566500782966614,	0.668789803981781
0.47603097558021545,	0.668789803981781
0.46463742852211,	0.668789803981781
0.45734721422195435,	0.662420392036438
0.4740995764732361,	0.662420392036438
0.4508135914802551,	0.662420392036438
0.4969065487384796,	0.662420392036438
0.4505770802497864,	0.662420392036438
0.4498964846134186,	0.656050980091095
0.4471205174922943,	0.662420392036438
0.4663328528404236,	0.656050980091095
0.49154773354530334,	0.656050980091095
0.4738547205924988,	0.656050980091095
0.4586063623428345,	0.662420392036438
0.46855443716049194,	0.662420392036438
0.4605218470096588,	0.662420392036438
0.45883065462112427,	0.662420392036438
0.46216604113578796,	0.662420392036438
0.4735912084579468,	0.662420392036438
0.4341965317726135,	0.675159215927124
0.48016998171806335,	0.668789803981781
0.4682263135910034,	0.668789803981781
0.45620620250701904,	0.675159215927124
0.4766719341278076,	0.675159215927124
0.49110472202301025,	0.675159215927124
0.4568508267402649,	0.668789803981781
0.43453261256217957,	0.668789803981781
0.4450383484363556,	0.668789803981781
0.46361520886421204,	0.668789803981781
0.47845658659935,	0.662420392036438
0.4667759835720062,	0.656050980091095
0.4413834512233734,	0.656050980091095
0.47095200419425964,	0.656050980091095
0.4722156226634979,	0.656050980091095
0.4496362805366516,	0.656050980091095
0.4447449743747711,	0.662420392036438
0.43351060152053833,	0.662420392036438
0.47031843662261963,	0.662420392036438
0.4481920599937439,	0.662420392036438
0.4556986093521118,	0.662420392036438
0.45917049050331116,	0.662420392036438
0.4501569867134094,	0.662420392036438
0.45923173427581787,	0.662420392036438
0.46893757581710815,	0.656050980091095
0.4431503713130951,	0.656050980091095
0.43271687626838684,	0.656050980091095
0.46263304352760315,	0.656050980091095
0.4819006025791168,	0.656050980091095
0.4772983193397522,	0.656050980091095
0.45643845200538635,	0.662420392036438
0.4329734742641449,	0.662420392036438
0.44677552580833435,	0.668789803981781
0.45631688833236694,	0.668789803981781
0.46295133233070374,	0.668789803981781
0.41748955845832825,	0.656050980091095
0.48475250601768494,	0.662420392036438
0.46195188164711,	0.668789803981781
0.4387145936489105,	0.662420392036438
0.4617748558521271,	0.668789803981781
0.4554494321346283,	0.668789803981781
0.4520725905895233,	0.675159215927124
0.4785805344581604,	0.675159215927124
0.44935908913612366,	0.675159215927124
0.44967809319496155,	0.675159215927124
0.4626493752002716,	0.675159215927124
0.45324891805648804,	0.675159215927124
0.49334481358528137,	0.675159215927124
0.42818984389305115,	0.675159215927124
0.47275930643081665,	0.675159215927124
0.4911588430404663,	0.675159215927124
0.4546741843223572,	0.675159215927124
0.4438149034976959,	0.675159215927124
0.4148482382297516,	0.675159215927124
0.4703308045864105,	0.675159215927124
0.4664733409881592,	0.675159215927124
0.44870758056640625,	0.675159215927124
0.4640970826148987,	0.675159215927124
0.47327107191085815,	0.675159215927124
0.4691360592842102,	0.675159215927124
0.4345807433128357,	0.675159215927124
0.4479297697544098,	0.675159215927124
0.4524511694908142,	0.668789803981781
0.41207772493362427,	0.668789803981781
0.47205862402915955,	0.668789803981781
0.4477264881134033,	0.668789803981781
0.43970972299575806,	0.675159215927124
0.47125160694122314,	0.668789803981781
0.44648051261901855,	0.662420392036438
0.47479623556137085,	0.662420392036438
0.4292307198047638,	0.662420392036438
0.44138458371162415,	0.662420392036438
0.44820770621299744,	0.668789803981781
0.47942909598350525,	0.668789803981781
0.4226483106613159,	0.668789803981781
0.44940176606178284,	0.668789803981781
0.45885056257247925,	0.668789803981781
0.48308223485946655,	0.675159215927124
0.43961167335510254,	0.668789803981781
0.42641115188598633,	0.668789803981781
0.44644078612327576,	0.675159215927124
0.45429056882858276,	0.668789803981781
0.4392595887184143,	0.675159215927124
0.4726008176803589,	0.675159215927124
0.4542343020439148,	0.675159215927124
0.46696922183036804,	0.668789803981781
0.47521448135375977,	0.668789803981781
0.446743369102478,	0.668789803981781
0.4648834466934204,	0.668789803981781
0.44076889753341675,	0.668789803981781
0.4692973792552948,	0.668789803981781
0.4642259180545807,	0.668789803981781
0.45604512095451355,	0.675159215927124
0.4621201157569885,	0.675159215927124
0.4430559575557709,	0.675159215927124
0.4624849855899811,	0.668789803981781
0.43613022565841675,	0.668789803981781
0.4425160586833954,	0.675159215927124
0.4627600610256195,	0.675159215927124
0.4232479929924011,	0.675159215927124
0.4689580798149109,	0.675159215927124
0.43361446261405945,	0.675159215927124
0.4496256411075592,	0.675159215927124
0.4617599844932556,	0.668789803981781
0.4451105296611786,	0.668789803981781
0.42213279008865356,	0.668789803981781
0.47241002321243286,	0.668789803981781
0.4500701427459717,	0.675159215927124
0.43092870712280273,	0.6815286874771118
0.44458356499671936,	0.6815286874771118
0.4430612325668335,	0.6815286874771118
0.47776398062705994,	0.6815286874771118
0.4275028109550476,	0.6815286874771118
0.4542383849620819,	0.6815286874771118
0.4411752223968506,	0.6815286874771118
0.450194776058197,	0.6815286874771118
0.44652578234672546,	0.6815286874771118
0.4309200942516327,	0.6815286874771118
0.4460671842098236,	0.6815286874771118
0.4358532726764679,	0.675159215927124
0.46336373686790466,	0.675159215927124
0.43889567255973816,	0.675159215927124
0.461891233921051,	0.675159215927124
0.4496367871761322,	0.675159215927124
0.4207077622413635,	0.675159215927124
0.43650344014167786,	0.675159215927124
0.46098145842552185,	0.675159215927124
0.4520319402217865,	0.675159215927124
0.4294789731502533,	0.6815286874771118
0.46846404671669006,	0.6878980994224548
0.43625542521476746,	0.6878980994224548
0.47294503450393677,	0.6878980994224548
0.4289799630641937,	0.675159215927124
0.43509411811828613,	0.675159215927124
0.4534538686275482,	0.675159215927124
0.42653411626815796,	0.675159215927124
0.44678711891174316,	0.675159215927124
0.4445355236530304,	0.675159215927124
0.45098114013671875,	0.675159215927124
0.4351259171962738,	0.675159215927124
0.45777517557144165,	0.675159215927124
0.4794515073299408,	0.675159215927124
0.43697068095207214,	0.6815286874771118
0.4428154528141022,	0.6815286874771118
0.43007832765579224,	0.6815286874771118
0.4388774037361145,	0.6815286874771118
0.4539680480957031,	0.6815286874771118
0.45613881945610046,	0.6815286874771118
0.4343826174736023,	0.675159215927124
0.46286845207214355,	0.675159215927124
0.43958455324172974,	0.6815286874771118
0.44989967346191406,	0.6815286874771118
0.4611895680427551,	0.6815286874771118
0.4495910704135895,	0.6815286874771118
0.40046218037605286,	0.6815286874771118
0.47550156712532043,	0.6815286874771118
0.42194899916648865,	0.6815286874771118
0.4313914477825165,	0.6815286874771118
0.4315091073513031,	0.668789803981781
0.460065096616745,	0.668789803981781
0.4386451840400696,	0.675159215927124
0.4363504648208618,	0.675159215927124
0.44086700677871704,	0.675159215927124
0.4224657416343689,	0.675159215927124
0.4345138967037201,	0.6815286874771118
0.456520676612854,	0.6815286874771118
0.4479452967643738,	0.6815286874771118
0.46503326296806335,	0.6815286874771118
0.42782074213027954,	0.6942675113677979
0.43158307671546936,	0.6878980994224548
0.4525255858898163,	0.6878980994224548
0.41893506050109863,	0.7006369233131409
0.43624910712242126,	0.7006369233131409
0.4462088942527771,	0.7006369233131409
0.4443050026893616,	0.7006369233131409
0.4104904234409332,	0.7006369233131409
0.42029163241386414,	0.6878980994224548
0.4459511339664459,	0.6878980994224548
0.4462118446826935,	0.6878980994224548
0.4462708532810211,	0.6878980994224548
0.4319762587547302,	0.6878980994224548
0.4364444613456726,	0.6878980994224548
0.42468076944351196,	0.6878980994224548
0.45664292573928833,	0.6815286874771118
0.41886138916015625,	0.6815286874771118
0.4166584312915802,	0.6815286874771118
0.4568939208984375,	0.6878980994224548
0.4371677339076996,	0.6815286874771118
0.4472042918205261,	0.6815286874771118
0.4516631066799164,	0.675159215927124
0.40014082193374634,	0.675159215927124
0.40934136509895325,	0.675159215927124
0.4482317566871643,	0.675159215927124
0.45051053166389465,	0.6815286874771118
0.448538601398468,	0.6815286874771118
0.42135176062583923,	0.6942675113677979
0.4627169966697693,	0.7006369233131409
0.4625629782676697,	0.7006369233131409
0.46127715706825256,	0.7006369233131409
0.4273299276828766,	0.6942675113677979
0.39268332719802856,	0.6815286874771118
0.47653692960739136,	0.6878980994224548
0.4326806962490082,	0.6878980994224548
0.4401841163635254,	0.6878980994224548
0.4357268214225769,	0.6815286874771118
0.42080947756767273,	0.6815286874771118
0.42791372537612915,	0.6878980994224548
0.45577168464660645,	0.6942675113677979
0.4362371265888214,	0.6942675113677979
0.40917837619781494,	0.6942675113677979
0.4286446273326874,	0.6942675113677979
0.4509096145629883,	0.6942675113677979
0.4616037905216217,	0.6942675113677979
0.43281373381614685,	0.6942675113677979
0.43318068981170654,	0.6942675113677979
0.4402141273021698,	0.6942675113677979
0.42438796162605286,	0.6942675113677979
0.427682101726532,	0.6942675113677979
0.42495423555374146,	0.6942675113677979
0.4405513405799866,	0.6942675113677979
0.4438420236110687,	0.6942675113677979
0.42386123538017273,	0.6878980994224548
0.44960200786590576,	0.6878980994224548
0.4166983962059021,	0.6878980994224548
0.4160544276237488,	0.6942675113677979
0.4300864040851593,	0.7006369233131409
0.45611634850502014,	0.7006369233131409
0.4431194067001343,	0.7006369233131409
0.44110479950904846,	0.7006369233131409
0.43397101759910583,	0.7006369233131409
0.44605472683906555,	0.7006369233131409
0.4351085424423218,	0.7006369233131409
0.4380320608615875,	0.6942675113677979
0.39540523290634155,	0.6942675113677979
0.45969972014427185,	0.6942675113677979
0.4211733937263489,	0.6942675113677979
0.4361322522163391,	0.6942675113677979
0.4603719115257263,	0.6942675113677979
0.4253864288330078,	0.6942675113677979
0.4183531105518341,	0.6942675113677979
0.4542292356491089,	0.6942675113677979
0.41269615292549133,	0.7006369233131409
0.4181293249130249,	0.7006369233131409
0.44152596592903137,	0.7006369233131409
0.4319661557674408,	0.7006369233131409
0.40452811121940613,	0.7006369233131409
0.43555134534835815,	0.7006369233131409
0.4274319112300873,	0.7006369233131409
0.41846543550491333,	0.7070063948631287
0.4333355724811554,	0.7070063948631287
0.45587998628616333,	0.7070063948631287
0.4288577139377594,	0.7070063948631287
0.4319622814655304,	0.7133758068084717
0.4339754581451416,	0.7006369233131409
0.4379119873046875,	0.7070063948631287
0.4269919693470001,	0.7070063948631287
0.4490204453468323,	0.7133758068084717
0.43605998158454895,	0.7070063948631287
0.4395850598812103,	0.7006369233131409
0.41937902569770813,	0.7006369233131409
0.4170593321323395,	0.7006369233131409
0.41875314712524414,	0.7070063948631287
0.4480758011341095,	0.7133758068084717
0.44611164927482605,	0.7133758068084717
0.40994778275489807,	0.7133758068084717
0.41407132148742676,	0.7133758068084717
0.43498554825782776,	0.7133758068084717
0.4168059229850769,	0.7133758068084717
0.4295506179332733,	0.7133758068084717
0.4461103677749634,	0.7133758068084717
0.41691991686820984,	0.7133758068084717
0.43225666880607605,	0.7133758068084717
0.4355112612247467,	0.7197452187538147
0.43261364102363586,	0.7197452187538147
0.4193233549594879,	0.7197452187538147
0.4276888966560364,	0.7197452187538147
0.42616719007492065,	0.7197452187538147
0.43548452854156494,	0.7197452187538147
0.4365371763706207,	0.7197452187538147
0.4126235544681549,	0.7197452187538147
0.45464056730270386,	0.7197452187538147
0.42200714349746704,	0.7197452187538147
0.43597280979156494,	0.7197452187538147
0.4440248906612396,	0.7197452187538147
0.42635613679885864,	0.7261146306991577
0.416290819644928,	0.7197452187538147
0.4317925274372101,	0.7133758068084717
0.41140568256378174,	0.7133758068084717
0.43563705682754517,	0.7133758068084717
0.4110337793827057,	0.7133758068084717
0.42991867661476135,	0.7133758068084717
0.4399201571941376,	0.7133758068084717
0.428462952375412,	0.7133758068084717
0.42494332790374756,	0.7133758068084717
0.42012202739715576,	0.7133758068084717
0.44040530920028687,	0.7133758068084717
0.41116365790367126,	0.7133758068084717
0.43758493661880493,	0.7070063948631287
0.43845295906066895,	0.7197452187538147
0.41787222027778625,	0.7197452187538147
0.4328402578830719,	0.7133758068084717
0.4333781898021698,	0.7133758068084717
0.4345456063747406,	0.7197452187538147
0.423524409532547,	0.7197452187538147
0.44189774990081787,	0.7197452187538147
0.4307573437690735,	0.7197452187538147
0.4177064597606659,	0.7197452187538147
0.4459149241447449,	0.7133758068084717
0.4145694375038147,	0.7197452187538147
0.40804174542427063,	0.7197452187538147
0.424903005361557,	0.7261146306991577
0.42762497067451477,	0.7261146306991577
0.4180913269519806,	0.7261146306991577
0.4241466522216797,	0.7197452187538147
0.40178871154785156,	0.7197452187538147
0.43322762846946716,	0.7197452187538147
0.45352697372436523,	0.7197452187538147
0.4410412609577179,	0.7197452187538147
0.42433616518974304,	0.7197452187538147
0.4126025140285492,	0.7197452187538147
0.4142262041568756,	0.7197452187538147
0.42776769399642944,	0.7133758068084717
0.42244336009025574,	0.7197452187538147
0.42472875118255615,	0.7197452187538147
0.4220741093158722,	0.7261146306991577
0.4229152202606201,	0.7261146306991577
0.40624624490737915,	0.7261146306991577
0.43502017855644226,	0.7324841022491455
0.42462027072906494,	0.7261146306991577
0.4234297573566437,	0.7261146306991577
0.44955092668533325,	0.7261146306991577
0.43371716141700745,	0.7261146306991577
0.3895162343978882,	0.7261146306991577
0.4274592697620392,	0.7261146306991577
0.441809743642807,	0.7261146306991577
0.4226929843425751,	0.7261146306991577
0.4390515089035034,	0.7197452187538147
0.41819000244140625,	0.7261146306991577
0.4300660192966461,	0.7261146306991577
0.4023468792438507,	0.7261146306991577
0.41922467947006226,	0.7261146306991577
0.41651275753974915,	0.7261146306991577
0.4610219895839691,	0.7261146306991577
0.3923490345478058,	0.7197452187538147
0.41576722264289856,	0.7261146306991577
0.4064900875091553,	0.7261146306991577
0.434710830450058,	0.7197452187538147
0.430899977684021,	0.7197452187538147
0.43152108788490295,	0.7261146306991577
0.3994380235671997,	0.7261146306991577
0.4173998534679413,	0.7261146306991577
0.40638434886932373,	0.7261146306991577
0.41531091928482056,	0.7261146306991577
0.45937615633010864,	0.7261146306991577
0.4086296260356903,	0.7261146306991577
0.4250280559062958,	0.7261146306991577
0.3931956887245178,	0.7261146306991577
0.44034138321876526,	0.7261146306991577
0.3967853784561157,	0.7261146306991577
0.38582825660705566,	0.7261146306991577
0.41990724205970764,	0.7261146306991577
0.43926429748535156,	0.7261146306991577
0.41305458545684814,	0.7261146306991577
0.4470274746417999,	0.7261146306991577
0.4011954963207245,	0.7197452187538147
0.4206576645374298,	0.7197452187538147
0.40556058287620544,	0.7197452187538147
0.423495888710022,	0.7197452187538147
0.40280309319496155,	0.7197452187538147
0.4379386305809021,	0.7197452187538147
0.41649991273880005,	0.7197452187538147
0.41276827454566956,	0.7133758068084717
0.4198150336742401,	0.7197452187538147
0.44644442200660706,	0.7133758068084717
0.4172995984554291,	0.7133758068084717
0.40786880254745483,	0.7133758068084717
0.4311889410018921,	0.7197452187538147
0.42761901021003723,	0.7197452187538147
0.4168989956378937,	0.7197452187538147
0.41056060791015625,	0.7197452187538147
0.41471612453460693,	0.7197452187538147
0.4445723593235016,	0.7197452187538147
0.389638215303421,	0.7197452187538147
0.43534234166145325,	0.7197452187538147
0.4140914976596832,	0.7197452187538147
0.44214969873428345,	0.7197452187538147
0.4060954749584198,	0.7197452187538147
0.40949997305870056,	0.7197452187538147
0.41878578066825867,	0.7197452187538147
0.42371422052383423,	0.7197452187538147
0.42459794878959656,	0.7197452187538147
0.42798304557800293,	0.7197452187538147
0.4207621216773987,	0.7197452187538147
0.425220787525177,	0.7197452187538147
0.41130882501602173,	0.7261146306991577
0.40141281485557556,	0.7197452187538147
0.4289376437664032,	0.7197452187538147
0.40511995553970337,	0.7261146306991577
0.43042245507240295,	0.7324841022491455
0.4170019030570984,	0.7324841022491455
0.4160088300704956,	0.7324841022491455
0.39221644401550293,	0.7324841022491455
0.43941664695739746,	0.7324841022491455
0.4042809009552002,	0.7261146306991577
0.4128305912017822,	0.7261146306991577
0.4462045431137085,	0.7261146306991577
0.41844379901885986,	0.7261146306991577
0.42086783051490784,	0.7261146306991577
0.4318505823612213,	0.7261146306991577
0.3911028504371643,	0.7261146306991577
0.4327162206172943,	0.7261146306991577
0.38298299908638,	0.7261146306991577
0.44037482142448425,	0.7197452187538147
0.44505858421325684,	0.7197452187538147
0.3762844204902649,	0.7197452187538147
0.4280715584754944,	0.7197452187538147
0.40332335233688354,	0.7261146306991577
0.4092881679534912,	0.7261146306991577
0.4335438013076782,	0.7197452187538147
0.4138522744178772,	0.7261146306991577
0.4012489914894104,	0.7261146306991577
0.42339321970939636,	0.7261146306991577
0.4099217355251312,	0.7261146306991577
0.41985946893692017,	0.7261146306991577
0.40722933411598206,	0.7324841022491455
0.4088687002658844,	0.7324841022491455
0.44812315702438354,	0.7261146306991577
0.39953315258026123,	0.7197452187538147
0.42671290040016174,	0.7197452187538147
0.42757079005241394,	0.7197452187538147
0.40719112753868103,	0.7197452187538147
0.41073083877563477,	0.7261146306991577
0.42106640338897705,	0.7261146306991577
0.4188553988933563,	0.7261146306991577
0.4149647653102875,	0.7261146306991577
0.42906302213668823,	0.7261146306991577
0.40416547656059265,	0.7261146306991577
0.42722830176353455,	0.7261146306991577
0.40675511956214905,	0.7324841022491455
0.408111035823822,	0.7324841022491455
0.40216368436813354,	0.7324841022491455
0.438782662153244,	0.7324841022491455
0.3791866600513458,	0.7324841022491455
0.4029199779033661,	0.7324841022491455
0.44378748536109924,	0.7324841022491455
0.4027724862098694,	0.7324841022491455
0.3903224766254425,	0.7324841022491455
0.4408603310585022,	0.7261146306991577
0.42203211784362793,	0.7324841022491455
0.39501333236694336,	0.7324841022491455
0.44598397612571716,	0.7324841022491455
0.4147673547267914,	0.7324841022491455
0.4136747717857361,	0.7324841022491455
0.4088194668292999,	0.7324841022491455
0.40638938546180725,	0.7324841022491455
0.401795357465744,	0.7324841022491455
0.39942941069602966,	0.7324841022491455
0.426188588142395,	0.7324841022491455
0.4037802219390869,	0.7261146306991577
0.41664591431617737,	0.7261146306991577
0.4301040768623352,	0.7197452187538147
0.41735872626304626,	0.7197452187538147
0.3834560513496399,	0.7197452187538147
0.43079254031181335,	0.7197452187538147
0.38642948865890503,	0.7197452187538147
0.40212196111679077,	0.7197452187538147
0.44167497754096985,	0.7197452187538147
0.40729430317878723,	0.7197452187538147
0.42525771260261536,	0.7197452187538147
0.40087154507637024,	0.7197452187538147
0.41376832127571106,	0.7261146306991577
0.4166763424873352,	0.7261146306991577
0.40178561210632324,	0.7324841022491455
0.40375691652297974,	0.7324841022491455
0.4120826721191406,	0.7324841022491455
0.39637094736099243,	0.7324841022491455
0.44466134905815125,	0.7261146306991577
0.3815121650695801,	0.7197452187538147
0.40662598609924316,	0.7197452187538147
0.4086154103279114,	0.7197452187538147
0.43101248145103455,	0.7197452187538147
0.40771955251693726,	0.7197452187538147
0.4262445569038391,	0.7197452187538147
0.37416452169418335,	0.7197452187538147
0.43194517493247986,	0.7197452187538147
0.36695539951324463,	0.7197452187538147
0.4193837344646454,	0.7197452187538147
0.4434933662414551,	0.7261146306991577
0.4147288501262665,	0.7261146306991577
0.3895219564437866,	0.7324841022491455
0.40247535705566406,	0.7324841022491455
0.40404364466667175,	0.7324841022491455
0.3696258068084717,	0.7324841022491455
0.45527926087379456,	0.7324841022491455
0.383705735206604,	0.7324841022491455
0.4214485287666321,	0.7324841022491455
0.4076622426509857,	0.7261146306991577
0.42408666014671326,	0.7261146306991577
0.3923695981502533,	0.7261146306991577
0.39721041917800903,	0.7261146306991577
0.3993249833583832,	0.7261146306991577
0.3818957209587097,	0.7261146306991577
0.4188544452190399,	0.7197452187538147
0.4016495645046234,	0.7197452187538147
0.3857167959213257,	0.7197452187538147
0.4270961582660675,	0.7197452187538147
0.4091758728027344,	0.7197452187538147
0.39625445008277893,	0.7197452187538147
0.4018598198890686,	0.7197452187538147
0.425159752368927,	0.7197452187538147
0.3987581729888916,	0.7197452187538147
0.38103803992271423,	0.7261146306991577
0.4155985414981842,	0.7261146306991577
0.3966963589191437,	0.7261146306991577
0.41081273555755615,	0.7261146306991577
0.4258957803249359,	0.7261146306991577
0.39711886644363403,	0.7261146306991577
0.40326422452926636,	0.7261146306991577
0.39684873819351196,	0.7261146306991577
0.40360918641090393,	0.7261146306991577
0.39002475142478943,	0.7261146306991577
0.43013957142829895,	0.7261146306991577
0.40795546770095825,	0.7261146306991577
0.37249210476875305,	0.7261146306991577
0.4031626880168915,	0.7261146306991577
0.40257731080055237,	0.7261146306991577
0.44570082426071167,	0.7261146306991577
0.3944583237171173,	0.7197452187538147
0.40449094772338867,	0.7197452187538147
0.3988136351108551,	0.7197452187538147
0.39899590611457825,	0.7197452187538147
0.38819029927253723,	0.7197452187538147
0.41142237186431885,	0.7261146306991577
0.3992496728897095,	0.7261146306991577
0.4015653431415558,	0.7324841022491455
0.43003538250923157,	0.7324841022491455
0.4342079758644104,	0.7324841022491455
0.3843552768230438,	0.7324841022491455
0.4070902168750763,	0.7324841022491455
0.3899710476398468,	0.7324841022491455
0.3756697475910187,	0.7324841022491455
0.4409266710281372,	0.7324841022491455
0.42000558972358704,	0.7324841022491455
0.4062878489494324,	0.7324841022491455
0.40565747022628784,	0.7324841022491455
0.40023255348205566,	0.7197452187538147
0.4019508957862854,	0.7197452187538147
0.4220210611820221,	0.7197452187538147
0.39815953373908997,	0.7197452187538147
0.4331987500190735,	0.7197452187538147
0.4043925702571869,	0.7197452187538147
0.40975210070610046,	0.7197452187538147
0.3829045593738556,	0.7197452187538147
0.4101254642009735,	0.7197452187538147
0.37225449085235596,	0.7197452187538147
0.42127639055252075,	0.7197452187538147
0.41592466831207275,	0.7261146306991577
0.42400702834129333,	0.7261146306991577
0.4135281443595886,	0.7261146306991577
0.3832649290561676,	0.7261146306991577
0.4189864695072174,	0.7261146306991577
0.3889199495315552,	0.7261146306991577
0.3934061527252197,	0.7261146306991577
0.3695078194141388,	0.7324841022491455
0.4115786850452423,	0.7324841022491455
0.40620800852775574,	0.7324841022491455
0.4077870845794678,	0.7324841022491455
0.4110061228275299,	0.7324841022491455
0.4090978503227234,	0.7324841022491455
0.4042048752307892,	0.7324841022491455
0.42167776823043823,	0.7324841022491455
0.40064048767089844,	0.7324841022491455
0.3863069713115692,	0.7324841022491455
0.42398443818092346,	0.7324841022491455
0.37767213582992554,	0.7324841022491455
0.40087777376174927,	0.7324841022491455
0.36741283535957336,	0.7324841022491455
0.4348289966583252,	0.7261146306991577
0.3886847496032715,	0.7261146306991577
0.3931410610675812,	0.7261146306991577
0.4220094680786133,	0.7197452187538147
0.3755834400653839,	0.7197452187538147
0.401040256023407,	0.7261146306991577
0.4091233015060425,	0.7261146306991577
0.3977542817592621,	0.7261146306991577
0.40810126066207886,	0.7261146306991577
0.3855372965335846,	0.7261146306991577
0.3829079568386078,	0.7197452187538147
0.3910059928894043,	0.7261146306991577
0.4374562203884125,	0.7261146306991577
0.3667674660682678,	0.7261146306991577
0.43084585666656494,	0.7261146306991577
0.4015885591506958,	0.7261146306991577
0.40601566433906555,	0.7261146306991577
0.38650065660476685,	0.7324841022491455
0.3943369686603546,	0.7324841022491455
0.40171194076538086,	0.7324841022491455
0.42735010385513306,	0.7324841022491455
0.37845683097839355,	0.7324841022491455
0.37868601083755493,	0.7324841022491455
0.4101712703704834,	0.7324841022491455
0.3864304721355438,	0.7324841022491455
0.40380623936653137,	0.7261146306991577
0.3983985483646393,	0.7261146306991577
0.40942123532295227,	0.7261146306991577
0.3737040162086487,	0.7261146306991577
0.43825992941856384,	0.7324841022491455
0.3885881304740906,	0.7261146306991577
0.3864729106426239,	0.7261146306991577
0.4032157063484192,	0.7261146306991577
0.372111052274704,	0.7261146306991577
0.399669885635376,	0.7261146306991577
0.38636812567710876,	0.7261146306991577
0.41068151593208313,	0.7261146306991577
0.39019399881362915,	0.7261146306991577
0.3964453637599945,	0.7197452187538147
0.4022640883922577,	0.7197452187538147
0.40303757786750793,	0.7197452187538147
0.4265172481536865,	0.7197452187538147
0.376897394657135,	0.7197452187538147
0.41060206294059753,	0.7197452187538147
0.3556494116783142,	0.7197452187538147
0.4170909523963928,	0.7197452187538147
0.4019576609134674,	0.7197452187538147
0.41400039196014404,	0.7261146306991577
0.39997246861457825,	0.7261146306991577
0.35870814323425293,	0.7261146306991577
0.41550368070602417,	0.7261146306991577
0.4042942523956299,	0.7261146306991577
0.3994249105453491,	0.7261146306991577
0.3792945444583893,	0.7261146306991577
0.40050390362739563,	0.7261146306991577
0.41543665528297424,	0.7261146306991577
0.37288472056388855,	0.7261146306991577
0.4246635437011719,	0.7261146306991577
0.37706297636032104,	0.7261146306991577
0.3954269587993622,	0.7261146306991577
0.429951012134552,	0.7197452187538147
0.3793588876724243,	0.7261146306991577
0.3830256462097168,	0.7261146306991577
0.42855191230773926,	0.7197452187538147
0.4073454737663269,	0.7197452187538147
0.4066425859928131,	0.7197452187538147
0.3872848153114319,	0.7197452187538147
0.39063775539398193,	0.7197452187538147
0.4113830626010895,	0.7197452187538147
0.3854297399520874,	0.7197452187538147
0.4061000943183899,	0.7197452187538147
0.39588141441345215,	0.7197452187538147
0.3897389769554138,	0.7197452187538147
0.3851602077484131,	0.7197452187538147
0.4283173680305481,	0.7197452187538147
0.3621409237384796,	0.7133758068084717
0.39223864674568176,	0.7133758068084717
0.39391595125198364,	0.7133758068084717
0.4104253649711609,	0.7133758068084717
0.41423583030700684,	0.7133758068084717
0.3750905990600586,	0.7133758068084717
0.38693541288375854,	0.7197452187538147
0.41630440950393677,	0.7261146306991577
0.4075539708137512,	0.7261146306991577
0.3886135220527649,	0.7261146306991577
0.3797279894351959,	0.7324841022491455
0.419000506401062,	0.7324841022491455
0.38852083683013916,	0.7324841022491455
0.3999715745449066,	0.7324841022491455
0.37282052636146545,	0.7324841022491455
0.4242873191833496,	0.7324841022491455
0.3810402452945709,	0.7324841022491455
0.4249957203865051,	0.7324841022491455
0.38720670342445374,	0.7261146306991577
0.38911280035972595,	0.7197452187538147
0.41196292638778687,	0.7197452187538147
0.3585995137691498,	0.7133758068084717
0.38788971304893494,	0.7133758068084717
0.39264020323753357,	0.7133758068084717
0.41676589846611023,	0.7133758068084717
0.40091830492019653,	0.7133758068084717
0.39015433192253113,	0.7133758068084717
0.3818361461162567,	0.7133758068084717
0.4260859191417694,	0.7133758068084717
0.3843475878238678,	0.7133758068084717
0.3870309293270111,	0.7133758068084717
0.38128843903541565,	0.7133758068084717
0.3851737082004547,	0.7133758068084717
0.42223307490348816,	0.7133758068084717
0.40083375573158264,	0.7133758068084717
0.3970297873020172,	0.7133758068084717
0.37865617871284485,	0.7133758068084717
0.3733859360218048,	0.7261146306991577
0.40299633145332336,	0.7261146306991577
0.39488181471824646,	0.7261146306991577
0.39586472511291504,	0.7261146306991577
0.37178653478622437,	0.7324841022491455
0.39020800590515137,	0.7324841022491455
0.41665178537368774,	0.7324841022491455
0.3885526955127716,	0.7324841022491455
0.4160795509815216,	0.7324841022491455
0.40792348980903625,	0.7324841022491455
0.4023664891719818,	0.7261146306991577
0.36321374773979187,	0.7197452187538147
0.3753875195980072,	0.7197452187538147
0.3980484902858734,	0.7197452187538147
0.42012807726860046,	0.7197452187538147
0.3855927586555481,	0.7197452187538147
0.3965711295604706,	0.7197452187538147
0.4032352566719055,	0.7261146306991577
0.3675594627857208,	0.7261146306991577
0.39294296503067017,	0.7261146306991577
0.40112707018852234,	0.7261146306991577
0.38337478041648865,	0.7261146306991577
0.3824350833892822,	0.7261146306991577
0.3897225856781006,	0.7324841022491455
0.3785500228404999,	0.7324841022491455
0.40481889247894287,	0.7324841022491455
0.399944543838501,	0.7324841022491455
0.38454604148864746,	0.7324841022491455
0.38482391834259033,	0.7324841022491455
0.390561044216156,	0.7261146306991577
0.3707386255264282,	0.7261146306991577
0.40404242277145386,	0.7197452187538147
0.3944585919380188,	0.7197452187538147
0.4070277512073517,	0.7261146306991577
0.3768405616283417,	0.7261146306991577
0.38909265398979187,	0.7261146306991577
0.39499881863594055,	0.7261146306991577
0.39024195075035095,	0.7261146306991577
0.3835490345954895,	0.7261146306991577
0.384536474943161,	0.7261146306991577
0.3918381631374359,	0.7261146306991577
0.39004456996917725,	0.7261146306991577
0.41839471459388733,	0.7261146306991577
0.3841765224933624,	0.7261146306991577
0.38068366050720215,	0.7261146306991577
0.40582960844039917,	0.7261146306991577
0.39183229207992554,	0.7261146306991577
0.3652411997318268,	0.7261146306991577
0.39857056736946106,	0.7261146306991577
0.4021908938884735,	0.7261146306991577
0.3772238492965698,	0.7261146306991577
0.37469661235809326,	0.7261146306991577
0.3992690145969391,	0.7261146306991577
0.4048349857330322,	0.7261146306991577
0.3926815688610077,	0.7197452187538147
0.377645879983902,	0.7197452187538147
0.4048885405063629,	0.7197452187538147
0.3875800669193268,	0.7197452187538147
0.4081840515136719,	0.7133758068084717
0.3835100829601288,	0.7133758068084717
0.37901145219802856,	0.7133758068084717
0.3922979235649109,	0.7133758068084717
0.3840695321559906,	0.7133758068084717
0.39199453592300415,	0.7133758068084717
0.3880605697631836,	0.7133758068084717
0.3933740556240082,	0.7133758068084717
0.38165920972824097,	0.7133758068084717
0.3928973376750946,	0.7197452187538147
0.38968148827552795,	0.7197452187538147
0.36348918080329895,	0.7261146306991577
0.40218958258628845,	0.7261146306991577
0.4360008239746094,	0.7261146306991577
0.38506728410720825,	0.7261146306991577
0.3782738149166107,	0.7261146306991577
0.38277074694633484,	0.7261146306991577
0.3767281770706177,	0.7261146306991577
0.37799519300460815,	0.7261146306991577
0.3916810154914856,	0.7261146306991577
0.40286490321159363,	0.7261146306991577
0.36298924684524536,	0.7261146306991577
0.3788842558860779,	0.7261146306991577
0.4021299183368683,	0.7261146306991577
0.370131254196167,	0.7261146306991577
0.3706699013710022,	0.7261146306991577
0.3917299807071686,	0.7261146306991577
0.39284518361091614,	0.7261146306991577
0.3732314109802246,	0.7261146306991577
0.38963809609413147,	0.7324841022491455
0.39581868052482605,	0.7261146306991577
0.3784775733947754,	0.7261146306991577
0.3794325292110443,	0.7197452187538147
0.3566727638244629,	0.7133758068084717
0.4126377999782562,	0.7133758068084717
0.4092743992805481,	0.7133758068084717
0.36649027466773987,	0.7133758068084717
0.3964056074619293,	0.7133758068084717
0.3654746115207672,	0.7070063948631287
0.4046393036842346,	0.7070063948631287
0.36526206135749817,	0.7006369233131409
0.37738117575645447,	0.7006369233131409
0.37718433141708374,	0.7006369233131409
0.3634776175022125,	0.7070063948631287
0.375558078289032,	0.7133758068084717
0.39764779806137085,	0.7133758068084717
0.38249772787094116,	0.7133758068084717
0.3928188979625702,	0.7197452187538147
0.38928166031837463,	0.7197452187538147
0.38588613271713257,	0.7197452187538147
0.3786916732788086,	0.7133758068084717
0.3885264992713928,	0.7133758068084717
0.37427932024002075,	0.7133758068084717
0.3756868541240692,	0.7133758068084717
0.37243926525115967,	0.7070063948631287
0.40332117676734924,	0.7070063948631287
0.3884526193141937,	0.7070063948631287
0.3837589919567108,	0.7006369233131409
0.3902769386768341,	0.7070063948631287
0.40143001079559326,	0.7133758068084717
0.3881239593029022,	0.7197452187538147
0.3599892258644104,	0.7197452187538147
0.3963841497898102,	0.7133758068084717
0.4017146825790405,	0.7070063948631287
0.38088658452033997,	0.7133758068084717
0.40243372321128845,	0.7070063948631287
0.369358092546463,	0.7133758068084717
0.3820391893386841,	0.7070063948631287
0.3964824974536896,	0.7070063948631287
0.37783166766166687,	0.7070063948631287
0.35993897914886475,	0.7070063948631287
0.40598687529563904,	0.7070063948631287
0.3722957372665405,	0.7133758068084717
0.34804725646972656,	0.7133758068084717
0.4005894362926483,	0.7133758068084717
0.37046632170677185,	0.7133758068084717
0.37334200739860535,	0.7133758068084717
0.3894462585449219,	0.7133758068084717
0.3998989462852478,	0.7133758068084717
0.3499514162540436,	0.7133758068084717
0.3708919882774353,	0.7197452187538147
0.38975411653518677,	0.7197452187538147
0.40652599930763245,	0.7197452187538147
0.3869745433330536,	0.7197452187538147
0.39593949913978577,	0.7006369233131409
0.35488617420196533,	0.7006369233131409
0.36823731660842896,	0.7006369233131409
0.3888138234615326,	0.7006369233131409
0.3900037109851837,	0.7006369233131409
0.37943488359451294,	0.7006369233131409
0.39201825857162476,	0.7006369233131409
0.3977413773536682,	0.7006369233131409
0.3950968384742737,	0.7133758068084717
0.3789616525173187,	0.7133758068084717
0.3875250816345215,	0.7006369233131409
0.3969205319881439,	0.7006369233131409
0.39320558309555054,	0.7006369233131409
0.3751647174358368,	0.7006369233131409
0.35668104887008667,	0.7006369233131409
0.3868766725063324,	0.7006369233131409
0.3861715495586395,	0.7006369233131409
0.3687455356121063,	0.7006369233131409
0.35535913705825806,	0.7006369233131409
0.42032188177108765,	0.7006369233131409
0.3848559558391571,	0.7006369233131409
0.3945778012275696,	0.7006369233131409
0.3672526478767395,	0.7070063948631287
0.3618071973323822,	0.7070063948631287
0.3833949565887451,	0.7133758068084717
0.3917466998100281,	0.7133758068084717
0.398240864276886,	0.7133758068084717
0.4005465805530548,	0.7133758068084717
0.3368532061576843,	0.7133758068084717
0.3920103907585144,	0.7133758068084717
0.3743760287761688,	0.7133758068084717
0.3766445219516754,	0.7070063948631287
0.36063486337661743,	0.7006369233131409
0.3730836510658264,	0.7006369233131409
0.37872129678726196,	0.7006369233131409
0.3893953859806061,	0.7006369233131409
0.3570987582206726,	0.7006369233131409
0.3916949927806854,	0.7006369233131409
0.3521988093852997,	0.7006369233131409
0.42396295070648193,	0.7006369233131409
0.3551957905292511,	0.7006369233131409
0.3900317847728729,	0.7006369233131409
0.3571302890777588,	0.7006369233131409
0.3743233382701874,	0.7006369233131409
0.40590405464172363,	0.7006369233131409
0.3835306763648987,	0.7006369233131409
0.36113789677619934,	0.7070063948631287
0.40724045038223267,	0.7070063948631287
0.40252089500427246,	0.7070063948631287
0.36196374893188477,	0.7133758068084717
0.3706381320953369,	0.7133758068084717
0.37604203820228577,	0.7133758068084717
0.3973698616027832,	0.7133758068084717
