Number of classes: 7
Elapsed time: 0:05:00.140385
Mini-batch size: 500
Number of epochs: 156
Learning rate: 0.08
Subset: medium
------------------------------------
Testing accuracy: 0.3928571343421936
Training accuracy: 0.401106059551239
------------------------------------
cost history,	validation history
0.7636173367500305,	0.18483412265777588
0.6067713499069214,	0.370853066444397
0.5162465572357178,	0.379146933555603
0.46303123235702515,	0.2594786584377289
0.42883026599884033,	0.1623222678899765
0.40678176283836365,	0.1007108986377716
0.39100295305252075,	0.06635071337223053
0.3789430558681488,	0.056872036308050156
0.3699356019496918,	0.05213269963860512
0.36435040831565857,	0.04739336669445038
0.3596011996269226,	0.04265403002500534
0.3555692732334137,	0.029620852321386337
0.35196545720100403,	0.02725118398666382
0.3495427966117859,	0.02606634981930256
0.3468935191631317,	0.02606634981930256
0.34590035676956177,	0.02606634981930256
0.3438204824924469,	0.02606634981930256
0.34207215905189514,	0.02606634981930256
0.3401488959789276,	0.02606634981930256
0.33940452337265015,	0.02606634981930256
0.33793938159942627,	0.02606634981930256
0.3367866575717926,	0.02725118398666382
0.3325563669204712,	0.029620852321386337
0.3351270854473114,	0.02606634981930256
0.33346161246299744,	0.028436018154025078
0.3324126601219177,	0.031990520656108856
0.3316868245601654,	0.035545025020837784
0.331547349691391,	0.0379146933555603
0.3289794921875,	0.04146919399499893
0.32811370491981506,	0.04383886232972145
0.3276979923248291,	0.04739336669445038
0.3293916583061218,	0.04502369835972786
0.3281347453594208,	0.04739336669445038
0.329985648393631,	0.04739336669445038
0.32603079080581665,	0.04739336669445038
0.31278038024902344,	0.08649288862943649
0.3261837363243103,	0.08293838798999786
0.32684096693992615,	0.0746445506811142
0.32607030868530273,	0.06753554195165634
0.32558727264404297,	0.06635071337223053
0.3249538540840149,	0.06872037798166275
0.32566696405410767,	0.06398104131221771
0.32616251707077026,	0.0627962052822113
0.32694271206855774,	0.0627962052822113
0.3259834051132202,	0.06042654067277908
0.3241993188858032,	0.059241704642772675
0.3268330991268158,	0.05094786733388901
0.31845682859420776,	0.05213269963860512
0.32293209433555603,	0.058056872338056564
0.321134477853775,	0.06872037798166275
0.3203326165676117,	0.0746445506811142
0.32004135847091675,	0.08649288862943649
0.3199777901172638,	0.09478673338890076
0.3193977475166321,	0.10189573466777802
0.3184664845466614,	0.10545023530721664
0.3170025944709778,	0.11018957197666168
0.3171357214450836,	0.12322274595499039
0.31938785314559937,	0.13151659071445465
0.3197242021560669,	0.13033175468444824
0.32958483695983887,	0.12203791737556458
0.3194013833999634,	0.11966824531555176
0.31869441270828247,	0.11966824531555176
0.31769832968711853,	0.12203791737556458
0.3174862861633301,	0.12322274595499039
0.3167697787284851,	0.1244075819849968
0.3157913088798523,	0.12914691865444183
0.31610220670700073,	0.13151659071445465
0.3159630000591278,	0.13270142674446106
0.31531843543052673,	0.13507108390331268
0.31669989228248596,	0.13033175468444824
0.3159312903881073,	0.14099526405334473
0.3289557099342346,	0.09478673338890076
0.31695014238357544,	0.10426539927721024
0.3172076940536499,	0.1125592440366745
0.31663012504577637,	0.11611374467611313
0.31581807136535645,	0.12085308134555817
0.3153042793273926,	0.13033175468444824
0.3146158456802368,	0.13151659071445465
0.31461337208747864,	0.13151659071445465
0.3132552206516266,	0.13270142674446106
0.31594496965408325,	0.12322274595499039
0.3159293830394745,	0.11966824531555176
0.30865633487701416,	0.13151659071445465
0.30352964997291565,	0.15758293867111206
0.31484344601631165,	0.16706161201000214
0.3142549991607666,	0.1765402853488922
0.3136478066444397,	0.18246445059776306
0.31342747807502747,	0.1883886307477951
0.31413528323173523,	0.19194312393665314
0.31500476598739624,	0.19549763202667236
0.31369319558143616,	0.20497630536556244
0.31269749999046326,	0.22037914395332336
0.3138379156589508,	0.22985781729221344
0.31416359543800354,	0.23341232538223267
0.31530261039733887,	0.23341232538223267
0.311367928981781,	0.2736966907978058
0.314508855342865,	0.25710901618003845
0.3146600127220154,	0.2488151639699936
0.31465354561805725,	0.23459716141223907
0.31296607851982117,	0.22985781729221344
0.31342238187789917,	0.22867298126220703
0.3129478693008423,	0.22748814523220062
0.3106357157230377,	0.23104265332221985
0.3085065186023712,	0.24170616269111633
0.30978232622146606,	0.24289099872112274
0.3117642402648926,	0.24289099872112274
0.30798694491386414,	0.24526067078113556
0.3289639949798584,	0.24289099872112274
0.31278589367866516,	0.24289099872112274
0.31388646364212036,	0.2381516546010971
0.3153080642223358,	0.23222748935222626
0.3143841326236725,	0.23104265332221985
0.3137940466403961,	0.23104265332221985
0.313154399394989,	0.23222748935222626
0.3146549463272095,	0.23222748935222626
0.3151651620864868,	0.23341232538223267
0.31600114703178406,	0.23459716141223907
0.31539154052734375,	0.2511848211288452
0.3109146058559418,	0.2654028534889221
0.3153303563594818,	0.2772511839866638
0.3115484416484833,	0.27132701873779297
0.31043994426727295,	0.26895734667778015
0.30909037590026855,	0.26895734667778015
0.3083600401878357,	0.27014216780662537
0.3087955117225647,	0.2725118398666382
0.3062783479690552,	0.2760663628578186
0.3057665228843689,	0.28199052810668945
0.30536413192749023,	0.2855450212955475
0.30540281534194946,	0.2902843654155731
0.30468958616256714,	0.29502370953559875
0.30961212515830994,	0.29502370953559875
0.3070027828216553,	0.29502370953559875
0.309396356344223,	0.29146918654441833
0.30971118807792664,	0.2902843654155731
0.3082340657711029,	0.2902843654155731
0.30883127450942993,	0.2879146933555603
0.30862078070640564,	0.2867298722267151
0.3101940453052521,	0.2855450212955475
0.3102267384529114,	0.28317534923553467
0.3093563914299011,	0.28436020016670227
0.3115844428539276,	0.27843600511550903
0.3104918897151947,	0.28080567717552185
0.31210267543792725,	0.28080567717552185
0.3150070905685425,	0.29383885860443115
0.3090234696865082,	0.29383885860443115
0.3080255389213562,	0.29383885860443115
0.30698803067207336,	0.2973933517932892
0.3072371482849121,	0.2973933517932892
0.3088834285736084,	0.29620853066444397
0.31108617782592773,	0.29265403747558594
0.31121912598609924,	0.29146918654441833
0.31294775009155273,	0.2879146933555603
0.3124004900455475,	0.2879146933555603
0.31470656394958496,	0.28080567717552185
0.31695377826690674,	0.274881511926651
0.3175482153892517,	0.2618483304977417
0.3087826669216156,	0.2760663628578186
0.30899912118911743,	0.28080567717552185
0.3083108365535736,	0.28199052810668945
0.3078335225582123,	0.28436020016670227
0.3084394335746765,	0.2855450212955475
0.30872079730033875,	0.2902843654155731
0.30751919746398926,	0.2902843654155731
0.3058399558067322,	0.29146918654441833
0.3027471899986267,	0.29146918654441833
0.30082663893699646,	0.29265403747558594
0.2972664535045624,	0.29383885860443115
0.29896965622901917,	0.2902843654155731
0.3071107268333435,	0.29383885860443115
0.3071649670600891,	0.29265403747558594
0.30742135643959045,	0.29383885860443115
0.30741313099861145,	0.29383885860443115
0.3081274628639221,	0.29383885860443115
0.3075980544090271,	0.29383885860443115
0.3067144751548767,	0.29383885860443115
0.30814480781555176,	0.29383885860443115
0.30917149782180786,	0.29265403747558594
0.3072562515735626,	0.29265403747558594
0.3061829209327698,	0.29502370953559875
0.30700555443763733,	0.29265403747558594
0.3068796992301941,	0.29383885860443115
0.30599895119667053,	0.29383885860443115
0.3061312139034271,	0.29383885860443115
0.30595719814300537,	0.29383885860443115
0.3076718747615814,	0.29383885860443115
0.3061765730381012,	0.29383885860443115
0.30763334035873413,	0.29502370953559875
0.30934593081474304,	0.29502370953559875
0.31243157386779785,	0.29383885860443115
0.30776920914649963,	0.29502370953559875
0.3116997480392456,	0.29502370953559875
0.2968513071537018,	0.31635069847106934
0.3068982660770416,	0.3151658773422241
0.30612897872924805,	0.3139810562133789
0.306639164686203,	0.3127962052822113
0.3042008876800537,	0.3116113841533661
0.304168164730072,	0.3116113841533661
0.30271053314208984,	0.3104265332221985
0.3041240870952606,	0.3104265332221985
0.30662113428115845,	0.30805686116218567
0.30362173914909363,	0.3104265332221985
0.306440144777298,	0.30687204003334045
0.30365556478500366,	0.3021326959133148
0.29310014843940735,	0.30805686116218567
0.3053986728191376,	0.30805686116218567
0.30615219473838806,	0.30805686116218567
0.30468764901161194,	0.30924171209335327
0.3050224483013153,	0.30924171209335327
0.3057781457901001,	0.30805686116218567
0.30706000328063965,	0.30687204003334045
0.3060005009174347,	0.30687204003334045
0.3061729073524475,	0.30805686116218567
0.30908626317977905,	0.3033175468444824
0.3100016117095947,	0.3021326959133148
0.3132449686527252,	0.2973933517932892
0.31163111329078674,	0.29265403747558594
0.30603092908859253,	0.29383885860443115
0.30511367321014404,	0.29502370953559875
0.3050749897956848,	0.29620853066444397
0.30539271235466003,	0.299763023853302
0.3062087893486023,	0.3009478747844696
0.3056420385837555,	0.3021326959133148
0.3072129487991333,	0.3021326959133148
0.30885136127471924,	0.3033175468444824
0.30912572145462036,	0.30450236797332764
0.31251075863838196,	0.3021326959133148
0.31367871165275574,	0.2985782027244568
0.31743720173835754,	0.29383885860443115
0.3051886558532715,	0.29502370953559875
0.3050127923488617,	0.2985782027244568
0.3042459785938263,	0.3033175468444824
0.30342987179756165,	0.30568718910217285
0.3015173673629761,	0.30924171209335327
0.3013363480567932,	0.3151658773422241
0.30018213391304016,	0.31635069847106934
0.29895541071891785,	0.3234597146511078
0.29925858974456787,	0.3270142078399658
0.293965607881546,	0.33175355195999146
0.298186331987381,	0.33293840289115906
0.30430489778518677,	0.3258293867111206
0.3051198124885559,	0.3281990587711334
0.30511316657066345,	0.3258293867111206
0.30515480041503906,	0.324644535779953
0.3074793219566345,	0.3222748935222626
0.30758142471313477,	0.32109004259109497
0.306843638420105,	0.32109004259109497
0.3055759072303772,	0.324644535779953
0.3065529763698578,	0.32109004259109497
0.30916085839271545,	0.32109004259109497
0.3128910958766937,	0.3222748935222626
0.3114073872566223,	0.31872037053108215
0.3113407492637634,	0.3281990587711334
0.3035878837108612,	0.324644535779953
0.3018205761909485,	0.3234597146511078
0.3005163371562958,	0.3258293867111206
0.30225011706352234,	0.32938387989997864
0.30195197463035583,	0.33175355195999146
0.30239224433898926,	0.33056873083114624
0.3024624288082123,	0.33293840289115906
0.30272534489631653,	0.3341232240200043
0.3035472333431244,	0.3353080451488495
0.3025442659854889,	0.3388625681400299
0.30779358744621277,	0.3495260775089264
0.2896498739719391,	0.3495260775089264
0.30455395579338074,	0.34241706132888794
0.30537495017051697,	0.3388625681400299
0.3055282235145569,	0.3353080451488495
0.3050667345523834,	0.33293840289115906
0.3067765533924103,	0.33056873083114624
0.3062799572944641,	0.33056873083114624
0.30742529034614563,	0.3270142078399658
0.30760979652404785,	0.3258293867111206
0.3080696165561676,	0.324644535779953
0.3074635863304138,	0.3281990587711334
0.30914318561553955,	0.3270142078399658
0.3063969612121582,	0.3258293867111206
0.30191317200660706,	0.3270142078399658
0.3020588755607605,	0.3281990587711334
0.30229273438453674,	0.32938387989997864
0.3023163080215454,	0.32938387989997864
0.3036990165710449,	0.32938387989997864
0.3043263852596283,	0.32938387989997864
0.3048291504383087,	0.3281990587711334
0.3080139458179474,	0.3281990587711334
0.3097006678581238,	0.3281990587711334
0.3077247142791748,	0.324644535779953
0.3130086660385132,	0.31990522146224976
0.3123573958873749,	0.31635069847106934
0.30293434858322144,	0.32109004259109497
0.30323484539985657,	0.324644535779953
0.30299845337867737,	0.324644535779953
0.3029748499393463,	0.3258293867111206
0.3048504889011383,	0.3270142078399658
0.30577072501182556,	0.3270142078399658
0.30764126777648926,	0.3270142078399658
0.30904871225357056,	0.324644535779953
0.30844539403915405,	0.324644535779953
0.3115665316581726,	0.324644535779953
0.31064775586128235,	0.31990522146224976
0.3066839277744293,	0.3222748935222626
0.3022552728652954,	0.3258293867111206
0.30303993821144104,	0.3281990587711334
0.30184662342071533,	0.32938387989997864
0.30201682448387146,	0.33175355195999146
0.2999156415462494,	0.3388625681400299
0.2988368272781372,	0.3412322402000427
0.29940342903137207,	0.3471564054489136
0.30120354890823364,	0.3483412265777588
0.3008333146572113,	0.3507108986377716
0.29994893074035645,	0.3507108986377716
0.3005969226360321,	0.3530805706977844
0.29415109753608704,	0.3613744080066681
0.30161410570144653,	0.3601895868778229
0.30163368582725525,	0.35781991481781006
0.3015687167644501,	0.35663506388664246
0.30238521099090576,	0.35545024275779724
0.3026639521121979,	0.3530805706977844
0.30346500873565674,	0.3518957197666168
0.303952693939209,	0.3507108986377716
0.30357080698013306,	0.34597155451774597
0.30171942710876465,	0.3483412265777588
0.3012749254703522,	0.3471564054489136
0.2966000735759735,	0.3507108986377716
0.30056411027908325,	0.3471564054489136
0.30292144417762756,	0.34597155451774597
0.3019333779811859,	0.34597155451774597
0.3016124665737152,	0.3483412265777588
0.30084672570228577,	0.3483412265777588
0.3005750775337219,	0.3483412265777588
0.30197593569755554,	0.34360188245773315
0.30193784832954407,	0.3412322402000427
0.2990882098674774,	0.34241706132888794
0.30022701621055603,	0.34241706132888794
0.297382652759552,	0.34597155451774597
0.30057859420776367,	0.3495260775089264
0.2917896807193756,	0.34478673338890076
0.3020285665988922,	0.3483412265777588
0.30248767137527466,	0.3507108986377716
0.3016936480998993,	0.3507108986377716
0.3004979193210602,	0.3507108986377716
0.3002101480960846,	0.3507108986377716
0.3014368712902069,	0.3507108986377716
0.3014219105243683,	0.3507108986377716
0.300641804933548,	0.3507108986377716
0.29929646849632263,	0.3495260775089264
0.2955569326877594,	0.34597155451774597
0.29945695400238037,	0.34478673338890076
0.28992924094200134,	0.35781991481781006
0.3022141754627228,	0.35781991481781006
0.302091121673584,	0.35781991481781006
0.3012315034866333,	0.35781991481781006
0.3017674386501312,	0.3590047359466553
0.30253902077674866,	0.3590047359466553
0.3013059198856354,	0.3601895868778229
0.30415666103363037,	0.3649289011955261
0.30567091703414917,	0.3649289011955261
0.3040536046028137,	0.36848342418670654
0.30844974517822266,	0.36966824531555176
0.30546119809150696,	0.36966824531555176
0.3069739043712616,	0.3732227385044098
0.3012942373752594,	0.370853066444397
0.3010448217391968,	0.370853066444397
0.3011353313922882,	0.370853066444397
0.3009087145328522,	0.3720379173755646
0.3016531467437744,	0.3744075894355774
0.30363729596138,	0.3744075894355774
0.3037199079990387,	0.3755924105644226
0.30020445585250854,	0.38033175468444824
0.30303525924682617,	0.38270142674446106
0.3071752190589905,	0.38270142674446106
0.31098365783691406,	0.38033175468444824
0.28848013281822205,	0.3909952640533447
0.3019862174987793,	0.3898104131221771
0.30194398760795593,	0.3874407708644867
0.3011132478713989,	0.38270142674446106
0.3002969026565552,	0.3767772614955902
0.30076655745506287,	0.3744075894355774
0.2996967136859894,	0.370853066444397
0.3013867437839508,	0.370853066444397
0.3036583662033081,	0.36966824531555176
0.30410200357437134,	0.3661137521266937
0.3089282512664795,	0.35781991481781006
0.31069159507751465,	0.3507108986377716
0.31413307785987854,	0.3483412265777588
0.30116143822669983,	0.3507108986377716
0.3012334406375885,	0.35545024275779724
0.30106812715530396,	0.3590047359466553
0.29989486932754517,	0.3613744080066681
0.3012952208518982,	0.3625592291355133
0.3032950460910797,	0.3649289011955261
0.3056755065917969,	0.3649289011955261
0.3030799925327301,	0.370853066444397
0.3036467134952545,	0.3720379173755646
0.29740986227989197,	0.3767772614955902
0.3028888702392578,	0.3744075894355774
0.2703015208244324,	0.3838862478733063
0.30096331238746643,	0.38270142674446106
0.3014076352119446,	0.379146933555603
0.301344633102417,	0.379146933555603
0.3026954233646393,	0.3767772614955902
0.30192580819129944,	0.3732227385044098
0.3035416901111603,	0.3732227385044098
0.30449461936950684,	0.36966824531555176
0.3052935004234314,	0.3637440800666809
0.30729880928993225,	0.3613744080066681
0.3055998384952545,	0.3601895868778229
0.3087076246738434,	0.35545024275779724
0.3030053973197937,	0.3518957197666168
0.3005642294883728,	0.35426539182662964
0.2994721531867981,	0.35781991481781006
0.30102601647377014,	0.3625592291355133
0.30118730664253235,	0.3637440800666809
0.30053186416625977,	0.3649289011955261
0.3008473515510559,	0.3649289011955261
0.30133455991744995,	0.3649289011955261
0.29974398016929626,	0.3637440800666809
0.29772284626960754,	0.3649289011955261
0.29753535985946655,	0.3649289011955261
0.2938139736652374,	0.3661137521266937
0.30982518196105957,	0.370853066444397
0.29948920011520386,	0.3732227385044098
0.29944780468940735,	0.3744075894355774
0.3004121482372284,	0.3744075894355774
0.30014392733573914,	0.3744075894355774
0.30092155933380127,	0.3767772614955902
0.2993060350418091,	0.3779620826244354
0.2999067008495331,	0.3779620826244354
0.30016234517097473,	0.3779620826244354
0.30067312717437744,	0.3779620826244354
0.3031699061393738,	0.3779620826244354
0.30464959144592285,	0.3767772614955902
0.2978716194629669,	0.3649289011955261
0.29950353503227234,	0.36729857325553894
0.29876670241355896,	0.36848342418670654
0.2986849546432495,	0.3720379173755646
0.29850825667381287,	0.3732227385044098
0.298222154378891,	0.3732227385044098
0.29666852951049805,	0.3732227385044098
0.29606229066848755,	0.3732227385044098
0.2963884174823761,	0.3732227385044098
0.2951686382293701,	0.3744075894355774
0.2965889871120453,	0.3744075894355774
0.3018702566623688,	0.3732227385044098
0.305202841758728,	0.35781991481781006
0.2998589277267456,	0.3625592291355133
0.29873529076576233,	0.3649289011955261
0.2987229526042938,	0.36848342418670654
0.2983435392379761,	0.3720379173755646
0.29745668172836304,	0.3720379173755646
0.29639625549316406,	0.3732227385044098
0.29581713676452637,	0.3732227385044098
0.29599729180336,	0.3732227385044098
0.29373976588249207,	0.3732227385044098
0.2939199209213257,	0.3732227385044098
0.2908770442008972,	0.3744075894355774
0.2945902347564697,	0.36848342418670654
0.2991631031036377,	0.370853066444397
0.30011770129203796,	0.3732227385044098
0.30037105083465576,	0.3732227385044098
0.3021619915962219,	0.3767772614955902
0.30261024832725525,	0.38033175468444824
0.3030417859554291,	0.38033175468444824
0.3008646070957184,	0.38151657581329346
0.303414911031723,	0.38033175468444824
0.3037698268890381,	0.3838862478733063
0.30753442645072937,	0.379146933555603
0.3096116781234741,	0.3744075894355774
0.31161049008369446,	0.36966824531555176
0.3001852035522461,	0.370853066444397
0.3006947338581085,	0.3755924105644226
0.2996576726436615,	0.3779620826244354
0.2984350919723511,	0.3850710988044739
0.2987332344055176,	0.3874407708644867
0.29835233092308044,	0.3909952640533447
0.298903226852417,	0.39218008518218994
0.3002241849899292,	0.39336493611335754
0.30088070034980774,	0.39336493611335754
0.3001337945461273,	0.39336493611335754
0.30196502804756165,	0.3969194293022156
0.28651857376098633,	0.4004739224910736
0.2989260256290436,	0.3981042802333832
0.2982856333255768,	0.39573460817337036
0.2983516752719879,	0.39454975724220276
0.29846298694610596,	0.39454975724220276
0.29814356565475464,	0.39454975724220276
0.2999659478664398,	0.39336493611335754
0.2984320819377899,	0.39218008518218994
0.29947441816329956,	0.39218008518218994
0.30066776275634766,	0.39218008518218994
0.3013501763343811,	0.39218008518218994
0.29375624656677246,	0.39336493611335754
0.29238417744636536,	0.3992891013622284
0.2987361550331116,	0.3992891013622284
0.2973135709762573,	0.4004739224910736
0.29609113931655884,	0.3969194293022156
0.2965450882911682,	0.3969194293022156
0.2966294586658478,	0.39573460817337036
0.29647889733314514,	0.39454975724220276
0.2985580563545227,	0.39454975724220276
0.3000337481498718,	0.39336493611335754
0.300056517124176,	0.39336493611335754
0.30140504240989685,	0.39336493611335754
0.29681137204170227,	0.3874407708644867
0.2962406575679779,	0.39454975724220276
0.298572301864624,	0.39454975724220276
0.298338383436203,	0.39454975724220276
0.2976628243923187,	0.39454975724220276
0.2976463735103607,	0.39454975724220276
0.2965455651283264,	0.39454975724220276
0.29526472091674805,	0.39454975724220276
0.29539230465888977,	0.39454975724220276
0.2933565378189087,	0.39454975724220276
0.2921208143234253,	0.39454975724220276
0.29859766364097595,	0.39218008518218994
0.2916054129600525,	0.39336493611335754
0.3050467073917389,	0.3732227385044098
0.29900062084198,	0.379146933555603
0.29967114329338074,	0.38033175468444824
0.29921528697013855,	0.3850710988044739
0.29865336418151855,	0.3862559199333191
0.29928267002105713,	0.39218008518218994
0.29918932914733887,	0.39218008518218994
0.29957979917526245,	0.39218008518218994
0.3000105619430542,	0.39218008518218994
0.30500292778015137,	0.39218008518218994
0.3052809238433838,	0.39218008518218994
0.30511391162872314,	0.39218008518218994
0.29161500930786133,	0.3909952640533447
0.2976089119911194,	0.39218008518218994
0.2975669503211975,	0.39218008518218994
0.2971818447113037,	0.39218008518218994
0.29712772369384766,	0.39218008518218994
0.29749953746795654,	0.39218008518218994
0.2967950403690338,	0.39218008518218994
0.2992468774318695,	0.39218008518218994
0.2972363829612732,	0.39218008518218994
0.29722535610198975,	0.39454975724220276
0.2996448278427124,	0.39454975724220276
0.30453574657440186,	0.39218008518218994
0.30263552069664,	0.3838862478733063
0.29811757802963257,	0.3886255919933319
0.298083633184433,	0.3909952640533447
0.2977476119995117,	0.3909952640533447
0.2979646325111389,	0.3909952640533447
0.297789067029953,	0.39218008518218994
0.2960434556007385,	0.39218008518218994
0.29528284072875977,	0.39336493611335754
0.294223427772522,	0.39336493611335754
0.29305416345596313,	0.39336493611335754
0.29362472891807556,	0.39336493611335754
0.2916550636291504,	0.39336493611335754
0.2944541871547699,	0.39336493611335754
0.29789459705352783,	0.39454975724220276
0.29781416058540344,	0.39336493611335754
0.2973744571208954,	0.39336493611335754
0.2979258894920349,	0.39336493611335754
0.29872262477874756,	0.39336493611335754
0.2998816668987274,	0.39336493611335754
0.2994040846824646,	0.39336493611335754
0.3005240261554718,	0.39454975724220276
0.30196189880371094,	0.39454975724220276
0.29895296692848206,	0.39454975724220276
0.2993161380290985,	0.39336493611335754
0.31948769092559814,	0.38151657581329346
0.2968597114086151,	0.3862559199333191
0.2964679002761841,	0.39218008518218994
0.2969638705253601,	0.3909952640533447
0.29586541652679443,	0.39336493611335754
0.29729336500167847,	0.3969194293022156
0.29802975058555603,	0.4004739224910736
0.29815515875816345,	0.4016587734222412
0.29971712827682495,	0.40402844548225403
0.2971099317073822,	0.40758293867111206
0.29696378111839294,	0.4087677597999573
0.29401618242263794,	0.4158767759799957
0.2929213345050812,	0.43246445059776306
0.2967478930950165,	0.42890995740890503
0.2962784171104431,	0.4218009412288666
0.29706037044525146,	0.41706159710884094
0.2971881628036499,	0.4135071039199829
0.29713934659957886,	0.4099526107311249
0.29693230986595154,	0.4087677597999573
0.29590919613838196,	0.4087677597999573
0.2955501973628998,	0.4111374318599701
0.29554563760757446,	0.4135071039199829
0.2944449186325073,	0.41824644804000854
0.29785656929016113,	0.41824644804000854
0.28408530354499817,	0.41943126916885376
0.2972811758518219,	0.4158767759799957
0.2977922558784485,	0.4111374318599701
0.29847070574760437,	0.4087677597999573
0.2981351613998413,	0.4087677597999573
0.29866963624954224,	0.40639811754226685
0.30121755599975586,	0.4016587734222412
0.30058732628822327,	0.4004739224910736
0.3040025234222412,	0.39454975724220276
0.3050014078617096,	0.39218008518218994
0.3043961524963379,	0.3886255919933319
0.3032270669937134,	0.3850710988044739
0.30536341667175293,	0.38270142674446106
0.2969198524951935,	0.3886255919933319
0.295475035905838,	0.3898104131221771
0.29458165168762207,	0.39218008518218994
0.29576125741004944,	0.39336493611335754
0.2948802411556244,	0.39336493611335754
0.2935463786125183,	0.39573460817337036
0.29562699794769287,	0.3981042802333832
0.29385364055633545,	0.3981042802333832
0.2912808954715729,	0.3981042802333832
0.28970542550086975,	0.4004739224910736
0.2947303056716919,	0.4004739224910736
0.2929977476596832,	0.39218008518218994
0.29700374603271484,	0.39336493611335754
0.2972843647003174,	0.39454975724220276
0.29839858412742615,	0.39454975724220276
0.2970788776874542,	0.39454975724220276
0.2975371181964874,	0.3969194293022156
0.2963593602180481,	0.39573460817337036
0.2967464029788971,	0.39573460817337036
0.29567235708236694,	0.3969194293022156
0.29353782534599304,	0.3969194293022156
0.2930034101009369,	0.3969194293022156
0.29867056012153625,	0.39336493611335754
0.28480473160743713,	0.4028435945510864
0.2959602475166321,	0.40402844548225403
0.2964583933353424,	0.40402844548225403
0.2976341247558594,	0.4028435945510864
0.296367347240448,	0.4028435945510864
0.29559892416000366,	0.40402844548225403
0.2951919436454773,	0.40402844548225403
0.2952202260494232,	0.40402844548225403
0.2963172495365143,	0.40402844548225403
0.29815515875816345,	0.40402844548225403
0.2961004376411438,	0.40402844548225403
0.2912997603416443,	0.40758293867111206
0.29339858889579773,	0.40758293867111206
0.2959047257900238,	0.40758293867111206
0.2949911952018738,	0.4087677597999573
0.2937334179878235,	0.4099526107311249
0.2945156693458557,	0.40639811754226685
0.2933414876461029,	0.40639811754226685
0.2943704128265381,	0.40758293867111206
0.2943872809410095,	0.4111374318599701
0.29369497299194336,	0.4099526107311249
0.29011502861976624,	0.4111374318599701
0.29327210783958435,	0.4135071039199829
0.2914622128009796,	0.41824644804000854
0.28134384751319885,	0.41706159710884094
0.2958976924419403,	0.4135071039199829
0.29713913798332214,	0.4099526107311249
0.2965599596500397,	0.4087677597999573
0.2963874638080597,	0.40758293867111206
0.2965964674949646,	0.40758293867111206
0.29665690660476685,	0.4028435945510864
0.29575425386428833,	0.4028435945510864
0.2929438054561615,	0.4028435945510864
0.29436784982681274,	0.4016587734222412
0.29820770025253296,	0.4004739224910736
0.29616278409957886,	0.3992891013622284
0.2817726135253906,	0.3909952640533447
0.2961445748806,	0.3909952640533447
0.29558488726615906,	0.39336493611335754
0.29549935460090637,	0.39573460817337036
0.2965380549430847,	0.3992891013622284
0.29694661498069763,	0.3992891013622284
0.2975446581840515,	0.3992891013622284
0.29997265338897705,	0.3992891013622284
0.2969681918621063,	0.4004739224910736
0.29708075523376465,	0.4004739224910736
0.29856595396995544,	0.4016587734222412
0.3001019060611725,	0.4028435945510864
0.3190569281578064,	0.4004739224910736
0.2959374487400055,	0.4004739224910736
0.2957191467285156,	0.4004739224910736
0.29460179805755615,	0.4004739224910736
0.2944847047328949,	0.4028435945510864
0.2963583767414093,	0.4028435945510864
0.29724010825157166,	0.40639811754226685
0.2958316504955292,	0.40758293867111206
0.2953711152076721,	0.4099526107311249
0.2977946400642395,	0.4123222827911377
0.29535117745399475,	0.4123222827911377
0.2966495752334595,	0.4111374318599701
0.27942124009132385,	0.4277251064777374
0.29737213253974915,	0.4229857921600342
0.2972867786884308,	0.42061612010002136
0.2974608242511749,	0.4135071039199829
0.2975239157676697,	0.4111374318599701
0.29703959822654724,	0.4087677597999573
0.29569733142852783,	0.40758293867111206
0.29647281765937805,	0.40639811754226685
0.29707127809524536,	0.40402844548225403
0.2989540994167328,	0.4028435945510864
0.2998764216899872,	0.4028435945510864
0.30504074692726135,	0.4004739224910736
0.34230542182922363,	0.39573460817337036
0.29621100425720215,	0.3992891013622284
0.2960895001888275,	0.4004739224910736
0.29808738827705383,	0.4028435945510864
0.29953065514564514,	0.40639811754226685
0.299866646528244,	0.40639811754226685
0.2991141378879547,	0.40639811754226685
0.29841744899749756,	0.40758293867111206
0.29916587471961975,	0.40758293867111206
0.29834726452827454,	0.40639811754226685
0.30286628007888794,	0.40402844548225403
0.2980656623840332,	0.40639811754226685
0.28715452551841736,	0.4123222827911377
0.29576316475868225,	0.4123222827911377
0.2967531681060791,	0.4087677597999573
0.297556072473526,	0.4087677597999573
0.29740163683891296,	0.40758293867111206
0.2963912785053253,	0.4087677597999573
0.29608750343322754,	0.4087677597999573
0.2976766526699066,	0.40758293867111206
0.29656991362571716,	0.40758293867111206
0.2988506853580475,	0.40758293867111206
0.29963284730911255,	0.40758293867111206
0.2956087589263916,	0.4087677597999573
0.3040356934070587,	0.4087677597999573
0.29724401235580444,	0.4087677597999573
0.2974576950073242,	0.40758293867111206
0.29631155729293823,	0.40758293867111206
0.2964753210544586,	0.40758293867111206
0.2959481477737427,	0.40758293867111206
0.2971465289592743,	0.40758293867111206
0.2960112988948822,	0.40758293867111206
0.29686591029167175,	0.40639811754226685
0.29412922263145447,	0.40521326661109924
0.2948806881904602,	0.40758293867111206
0.29427745938301086,	0.40639811754226685
0.283396452665329,	0.4111374318599701
0.29558107256889343,	0.40758293867111206
0.2964729368686676,	0.4087677597999573
0.2965940535068512,	0.4087677597999573
0.29656073451042175,	0.40758293867111206
0.2971002161502838,	0.40758293867111206
0.2981947362422943,	0.40758293867111206
0.297991007566452,	0.40758293867111206
0.2982064485549927,	0.40758293867111206
0.29650676250457764,	0.40758293867111206
0.2941911518573761,	0.40758293867111206
0.2898831367492676,	0.40758293867111206
0.2845354676246643,	0.4004739224910736
0.29550155997276306,	0.4016587734222412
0.2952030599117279,	0.4028435945510864
0.29610589146614075,	0.40402844548225403
0.2957153618335724,	0.40402844548225403
0.29593777656555176,	0.40521326661109924
0.29476502537727356,	0.40521326661109924
0.29357320070266724,	0.40639811754226685
0.2944546937942505,	0.40639811754226685
0.29171469807624817,	0.40758293867111206
0.2921191155910492,	0.40758293867111206
0.2912294566631317,	0.40521326661109924
0.2827601730823517,	0.4135071039199829
0.29616066813468933,	0.4123222827911377
0.2955870032310486,	0.4099526107311249
0.2954655587673187,	0.4099526107311249
0.2953619062900543,	0.4099526107311249
0.2950320243835449,	0.4099526107311249
0.293902188539505,	0.4099526107311249
0.29501673579216003,	0.4099526107311249
0.2949668765068054,	0.4099526107311249
0.29618677496910095,	0.4099526107311249
0.29717618227005005,	0.4099526107311249
0.3032056391239166,	0.40639811754226685
0.31773698329925537,	0.4016587734222412
0.29519104957580566,	0.4028435945510864
0.29575610160827637,	0.4028435945510864
0.2954150438308716,	0.40402844548225403
0.2958816885948181,	0.40402844548225403
0.29704758524894714,	0.40402844548225403
0.2938312292098999,	0.40639811754226685
0.2910913825035095,	0.40758293867111206
0.29228052496910095,	0.4099526107311249
0.29300418496131897,	0.4099526107311249
0.29390934109687805,	0.4099526107311249
0.2901890277862549,	0.4099526107311249
0.31310829520225525,	0.4123222827911377
0.29550546407699585,	0.4123222827911377
0.29526036977767944,	0.4111374318599701
0.2956888675689697,	0.4111374318599701
0.29582205414772034,	0.4099526107311249
0.293550044298172,	0.4123222827911377
0.29481783509254456,	0.4123222827911377
0.29540324211120605,	0.4099526107311249
0.29447826743125916,	0.4099526107311249
0.29327625036239624,	0.4099526107311249
0.29589083790779114,	0.4099526107311249
0.30203017592430115,	0.4099526107311249
0.3045012056827545,	0.40758293867111206
0.29395201802253723,	0.4087677597999573
0.29451584815979004,	0.4099526107311249
0.2936735451221466,	0.4099526107311249
0.2924948036670685,	0.4099526107311249
0.29444876313209534,	0.4099526107311249
0.2940470278263092,	0.4111374318599701
0.2940036356449127,	0.4123222827911377
0.29351192712783813,	0.4146919548511505
0.2923761010169983,	0.4146919548511505
0.29704293608665466,	0.4158767759799957
0.2954801619052887,	0.41706159710884094
0.2719639837741852,	0.41824644804000854
0.29432204365730286,	0.4158767759799957
0.29484930634498596,	0.4146919548511505
0.2944294214248657,	0.4146919548511505
0.2946614623069763,	0.4135071039199829
0.2947234809398651,	0.4111374318599701
0.2951667606830597,	0.4099526107311249
0.29442453384399414,	0.4099526107311249
0.29540225863456726,	0.4099526107311249
0.2939792275428772,	0.40758293867111206
0.29646459221839905,	0.40521326661109924
0.30119237303733826,	0.40521326661109924
0.3041945993900299,	0.40521326661109924
0.29524555802345276,	0.40402844548225403
0.2944104075431824,	0.4028435945510864
0.2938508689403534,	0.40521326661109924
0.2935918867588043,	0.40758293867111206
0.29400214552879333,	0.40758293867111206
0.29340022802352905,	0.40758293867111206
0.2940962612628937,	0.4087677597999573
0.29284507036209106,	0.4111374318599701
0.2892301678657532,	0.4158767759799957
0.28913256525993347,	0.4158767759799957
0.28915974497795105,	0.4158767759799957
0.3255545496940613,	0.3992891013622284
0.29558509588241577,	0.4004739224910736
0.29589414596557617,	0.4004739224910736
0.2968732416629791,	0.4004739224910736
0.29634326696395874,	0.4004739224910736
0.2953261435031891,	0.4004739224910736
0.29488199949264526,	0.4004739224910736
0.29535573720932007,	0.4016587734222412
0.299798846244812,	0.4004739224910736
0.3011011779308319,	0.3992891013622284
0.2997218072414398,	0.4028435945510864
0.30048060417175293,	0.4028435945510864
0.3090251386165619,	0.3981042802333832
0.29547521471977234,	0.4004739224910736
0.2959612309932709,	0.4004739224910736
0.2950810194015503,	0.4004739224910736
0.2957761883735657,	0.4016587734222412
0.2964678704738617,	0.4016587734222412
0.2976173162460327,	0.4016587734222412
0.29598119854927063,	0.4016587734222412
0.2992001473903656,	0.3992891013622284
0.30026674270629883,	0.3992891013622284
0.3013573884963989,	0.3992891013622284
0.302187442779541,	0.3969194293022156
0.30215755105018616,	0.39336493611335754
0.2960767447948456,	0.3969194293022156
0.2965071499347687,	0.3969194293022156
0.2964736223220825,	0.3992891013622284
0.29670098423957825,	0.3992891013622284
0.2972673177719116,	0.4004739224910736
0.2964407801628113,	0.4004739224910736
0.29773029685020447,	0.3992891013622284
0.2985188961029053,	0.3992891013622284
0.2970312833786011,	0.3992891013622284
0.29524460434913635,	0.3992891013622284
0.2930345833301544,	0.4004739224910736
0.27214315533638,	0.40402844548225403
0.29444071650505066,	0.4028435945510864
0.2943635582923889,	0.4028435945510864
0.2930513620376587,	0.40402844548225403
0.2927475571632385,	0.40521326661109924
0.29199761152267456,	0.40521326661109924
0.2920415997505188,	0.40639811754226685
0.2927914261817932,	0.4099526107311249
0.2936248183250427,	0.4111374318599701
0.29067090153694153,	0.4123222827911377
0.2867053747177124,	0.4158767759799957
0.2840113341808319,	0.41943126916885376
0.28903332352638245,	0.43009477853775024
0.2939056158065796,	0.42890995740890503
0.29324352741241455,	0.41943126916885376
0.2925795912742615,	0.41943126916885376
0.29327043890953064,	0.41943126916885376
0.29290771484375,	0.41943126916885376
0.2942178547382355,	0.41943126916885376
0.29653504490852356,	0.41943126916885376
0.2998216450214386,	0.4158767759799957
0.29673799872398376,	0.4146919548511505
0.29851847887039185,	0.4146919548511505
0.29560261964797974,	0.4158767759799957
0.2995651364326477,	0.4111374318599701
0.29366955161094666,	0.4123222827911377
0.29347702860832214,	0.4123222827911377
0.29327642917633057,	0.4123222827911377
0.2925702929496765,	0.4123222827911377
0.2932911217212677,	0.4135071039199829
0.2948876619338989,	0.4135071039199829
0.2959209382534027,	0.4123222827911377
0.2951423227787018,	0.4123222827911377
0.29322299361228943,	0.4123222827911377
0.29336240887641907,	0.4123222827911377
0.29519131779670715,	0.4123222827911377
0.2978394329547882,	0.4158767759799957
0.2940749526023865,	0.4158767759799957
0.29431143403053284,	0.4146919548511505
0.29473602771759033,	0.4146919548511505
0.29469263553619385,	0.4146919548511505
0.29422006011009216,	0.4146919548511505
0.29350772500038147,	0.4135071039199829
0.2922917902469635,	0.4135071039199829
0.2928217947483063,	0.4135071039199829
0.2946266829967499,	0.4146919548511505
0.2929864823818207,	0.4146919548511505
0.2961573302745819,	0.4158767759799957
0.2792598009109497,	0.41824644804000854
0.2945459187030792,	0.4146919548511505
0.29461023211479187,	0.4135071039199829
0.2945012152194977,	0.4135071039199829
0.29419344663619995,	0.4135071039199829
0.2938581109046936,	0.4135071039199829
0.2949792444705963,	0.4135071039199829
0.2952539920806885,	0.4146919548511505
0.294166624546051,	0.41706159710884094
0.2948795258998871,	0.42061612010002136
0.292602002620697,	0.42061612010002136
0.29259592294692993,	0.42061612010002136
0.30851686000823975,	0.41943126916885376
0.29441896080970764,	0.41943126916885376
0.29461869597435,	0.41943126916885376
0.29422762989997864,	0.4158767759799957
0.29466062784194946,	0.4135071039199829
0.2942465543746948,	0.4135071039199829
0.2948206663131714,	0.4123222827911377
0.29349032044410706,	0.4111374318599701
0.29521477222442627,	0.4099526107311249
0.2966843843460083,	0.4123222827911377
0.2993890047073364,	0.4146919548511505
0.3046163320541382,	0.40639811754226685
0.32877254486083984,	0.4099526107311249
0.294051855802536,	0.4111374318599701
0.29473021626472473,	0.40758293867111206
0.2945410907268524,	0.40758293867111206
0.2954912483692169,	0.4099526107311249
0.2959842085838318,	0.4087677597999573
0.29704514145851135,	0.4087677597999573
0.2972973585128784,	0.4099526107311249
0.2998465895652771,	0.4028435945510864
0.296101838350296,	0.3992891013622284
0.29519492387771606,	0.3992891013622284
0.2902558743953705,	0.3992891013622284
0.3073202669620514,	0.3898104131221771
0.2935640811920166,	0.39336493611335754
0.29365041851997375,	0.39573460817337036
0.29380592703819275,	0.3969194293022156
0.2927476167678833,	0.3981042802333832
0.2939295470714569,	0.4016587734222412
0.29358476400375366,	0.4004739224910736
0.293673038482666,	0.40402844548225403
0.2947906255722046,	0.4099526107311249
0.29498398303985596,	0.4099526107311249
0.29571038484573364,	0.4099526107311249
0.29761162400245667,	0.4099526107311249
0.29169148206710815,	0.3992891013622284
0.29255542159080505,	0.3992891013622284
0.2924969792366028,	0.4028435945510864
0.2929397225379944,	0.40521326661109924
0.295245885848999,	0.4087677597999573
0.29480108618736267,	0.4099526107311249
0.2953183948993683,	0.4099526107311249
0.2966485619544983,	0.4111374318599701
0.29538846015930176,	0.4111374318599701
0.2934586703777313,	0.4099526107311249
0.2960096299648285,	0.4111374318599701
0.2881016731262207,	0.4146919548511505
0.2849603295326233,	0.4241706132888794
0.2941536009311676,	0.42061612010002136
0.29488474130630493,	0.4158767759799957
0.2951563894748688,	0.41706159710884094
0.2954294979572296,	0.4158767759799957
0.2944973409175873,	0.4123222827911377
0.2944018244743347,	0.4111374318599701
0.2931073009967804,	0.4111374318599701
0.29102659225463867,	0.4146919548511505
0.2875913083553314,	0.41706159710884094
0.2881902754306793,	0.41943126916885376
0.2903302311897278,	0.4218009412288666
0.2977522909641266,	0.4218009412288666
0.2932925820350647,	0.41943126916885376
0.2932249903678894,	0.41706159710884094
0.2931496202945709,	0.4146919548511505
0.29183006286621094,	0.4146919548511505
0.2931981682777405,	0.4135071039199829
0.2928563356399536,	0.4146919548511505
0.2929230332374573,	0.4135071039199829
0.29186001420021057,	0.4123222827911377
0.28979378938674927,	0.4135071039199829
0.29239940643310547,	0.4099526107311249
0.29004406929016113,	0.40402844548225403
0.2916777431964874,	0.4016587734222412
0.2930419147014618,	0.4004739224910736
0.29337412118911743,	0.4028435945510864
0.2939547896385193,	0.40402844548225403
0.29293638467788696,	0.4087677597999573
0.2936643958091736,	0.4111374318599701
0.2918381690979004,	0.4123222827911377
0.29060596227645874,	0.4123222827911377
0.2899470031261444,	0.4135071039199829
0.2885095477104187,	0.4135071039199829
0.28567957878112793,	0.4146919548511505
0.27985161542892456,	0.41943126916885376
0.2805767059326172,	0.4135071039199829
0.2924805283546448,	0.4135071039199829
0.29314926266670227,	0.4135071039199829
0.2930319309234619,	0.4135071039199829
0.2933238446712494,	0.4135071039199829
0.2926061451435089,	0.4146919548511505
0.2909676432609558,	0.4146919548511505
0.2895834445953369,	0.4146919548511505
0.28876543045043945,	0.41824644804000854
0.287223756313324,	0.41943126916885376
0.28795328736305237,	0.41943126916885376
0.28367525339126587,	0.4218009412288666
0.28891521692276,	0.43127962946891785
0.2930017411708832,	0.4241706132888794
0.2927081286907196,	0.4229857921600342
0.2935192584991455,	0.41943126916885376
0.293733686208725,	0.41943126916885376
0.2947891652584076,	0.41824644804000854
0.29284319281578064,	0.41824644804000854
0.2926187515258789,	0.41824644804000854
0.29516124725341797,	0.4135071039199829
0.2953603267669678,	0.4135071039199829
0.29336538910865784,	0.4158767759799957
0.2903095483779907,	0.41706159710884094
0.28429073095321655,	0.43127962946891785
0.2933211326599121,	0.43009477853775024
0.2940855622291565,	0.4229857921600342
0.29462605714797974,	0.41943126916885376
0.29382967948913574,	0.41706159710884094
0.29507625102996826,	0.4158767759799957
0.2960497736930847,	0.4135071039199829
0.2950907349586487,	0.4123222827911377
0.29600098729133606,	0.4135071039199829
0.29517707228660583,	0.4158767759799957
0.29382985830307007,	0.4135071039199829
0.29138612747192383,	0.4123222827911377
0.28953132033348083,	0.4265402853488922
0.29256191849708557,	0.42061612010002136
0.2923385202884674,	0.41943126916885376
0.29236581921577454,	0.41706159710884094
0.2925211191177368,	0.41706159710884094
0.29175227880477905,	0.4158767759799957
0.29136788845062256,	0.4158767759799957
0.29154980182647705,	0.41706159710884094
0.29230451583862305,	0.41706159710884094
0.29503709077835083,	0.41706159710884094
0.292312353849411,	0.4158767759799957
0.2886362373828888,	0.4146919548511505
0.2783450186252594,	0.4135071039199829
0.2930518388748169,	0.4135071039199829
0.2932315766811371,	0.4135071039199829
0.2930578291416168,	0.4135071039199829
0.29092341661453247,	0.4135071039199829
0.2909822463989258,	0.4135071039199829
0.29067814350128174,	0.4123222827911377
0.28845450282096863,	0.4123222827911377
0.28725355863571167,	0.4123222827911377
0.2861899137496948,	0.4123222827911377
0.27983158826828003,	0.41706159710884094
0.2654167115688324,	0.425355464220047
0.2592621445655823,	0.42890995740890503
0.29240360856056213,	0.425355464220047
0.2920428216457367,	0.4241706132888794
0.29155778884887695,	0.4229857921600342
0.2911969721317291,	0.4218009412288666
0.29165592789649963,	0.42061612010002136
0.2907681465148926,	0.42061612010002136
0.2910982072353363,	0.41824644804000854
0.2916812002658844,	0.41706159710884094
0.29475414752960205,	0.41706159710884094
0.29358431696891785,	0.4158767759799957
0.2930048704147339,	0.4146919548511505
0.29298484325408936,	0.4087677597999573
0.2925223708152771,	0.4099526107311249
0.29272952675819397,	0.4123222827911377
0.29289281368255615,	0.4123222827911377
0.2931864261627197,	0.4123222827911377
0.29193833470344543,	0.4111374318599701
0.2905256152153015,	0.4135071039199829
0.2931174337863922,	0.4123222827911377
0.29357513785362244,	0.4123222827911377
0.2922044098377228,	0.4123222827911377
0.2888467311859131,	0.4146919548511505
0.2905176877975464,	0.4135071039199829
0.28629785776138306,	0.4158767759799957
0.29199886322021484,	0.4146919548511505
0.2906510829925537,	0.4158767759799957
0.29093295335769653,	0.41706159710884094
0.29101642966270447,	0.41706159710884094
0.2925748825073242,	0.41706159710884094
0.293573260307312,	0.41706159710884094
0.29447126388549805,	0.4158767759799957
0.2958572506904602,	0.4146919548511505
0.29356834292411804,	0.4146919548511505
0.29000577330589294,	0.4146919548511505
0.29374590516090393,	0.4135071039199829
0.29343611001968384,	0.4146919548511505
0.2909541130065918,	0.4146919548511505
0.290562242269516,	0.4146919548511505
0.2901822626590729,	0.4146919548511505
0.28903520107269287,	0.4158767759799957
0.28747791051864624,	0.4158767759799957
0.2854384779930115,	0.41706159710884094
0.2849269211292267,	0.41706159710884094
0.28437018394470215,	0.41943126916885376
0.287332147359848,	0.41943126916885376
0.28716516494750977,	0.41943126916885376
0.28421562910079956,	0.4158767759799957
0.26509690284729004,	0.4218009412288666
0.2920747399330139,	0.41943126916885376
0.29242292046546936,	0.41706159710884094
0.29274821281433105,	0.4146919548511505
0.2929629385471344,	0.4158767759799957
0.2933993935585022,	0.4158767759799957
0.2927910387516022,	0.4146919548511505
0.295093834400177,	0.4135071039199829
0.2934429347515106,	0.4123222827911377
0.29316502809524536,	0.4123222827911377
0.29205796122550964,	0.4123222827911377
0.28553009033203125,	0.4146919548511505
0.30748504400253296,	0.4111374318599701
0.29214251041412354,	0.4111374318599701
0.29253721237182617,	0.4111374318599701
0.29210391640663147,	0.4111374318599701
0.292497843503952,	0.4111374318599701
0.2930492162704468,	0.4123222827911377
0.2949642837047577,	0.4111374318599701
0.29393163323402405,	0.4123222827911377
0.29370900988578796,	0.4123222827911377
0.2939654588699341,	0.4135071039199829
0.28682002425193787,	0.4135071039199829
0.2893170416355133,	0.4158767759799957
0.30034905672073364,	0.41943126916885376
0.2926344871520996,	0.41706159710884094
0.2921384274959564,	0.41706159710884094
0.29371586441993713,	0.41706159710884094
0.2927636206150055,	0.4158767759799957
0.29318735003471375,	0.4158767759799957
0.2928733229637146,	0.4146919548511505
0.29242992401123047,	0.4146919548511505
0.29549500346183777,	0.4146919548511505
0.2938585877418518,	0.4146919548511505
0.29666584730148315,	0.4135071039199829
0.2970501184463501,	0.4135071039199829
0.29802271723747253,	0.4099526107311249
0.29160255193710327,	0.4123222827911377
0.29084864258766174,	0.4123222827911377
0.2913060486316681,	0.4111374318599701
0.29049769043922424,	0.4123222827911377
0.29178720712661743,	0.4111374318599701
0.29161128401756287,	0.4111374318599701
0.29041701555252075,	0.4111374318599701
0.29108887910842896,	0.4111374318599701
0.2912003695964813,	0.4111374318599701
0.2889768183231354,	0.4111374318599701
0.29606813192367554,	0.4099526107311249
0.2679251432418823,	0.41706159710884094
0.2925914227962494,	0.41706159710884094
0.2924610376358032,	0.4158767759799957
0.2924354374408722,	0.41706159710884094
0.29225459694862366,	0.4158767759799957
0.2924882769584656,	0.4146919548511505
0.29096004366874695,	0.4146919548511505
0.2910516858100891,	0.4146919548511505
0.28930482268333435,	0.41706159710884094
0.28864046931266785,	0.41943126916885376
0.28822121024131775,	0.41824644804000854
0.2784128487110138,	0.41943126916885376
0.27160948514938354,	0.42061612010002136
0.29083913564682007,	0.41943126916885376
0.29170551896095276,	0.41943126916885376
0.29224681854248047,	0.41824644804000854
0.29186633229255676,	0.41706159710884094
0.2923237681388855,	0.41706159710884094
0.2917799651622772,	0.41824644804000854
0.29149243235588074,	0.41943126916885376
0.2913007438182831,	0.42061612010002136
0.2911089360713959,	0.4229857921600342
0.28903207182884216,	0.4277251064777374
0.28917181491851807,	0.43364930152893066
0.27995848655700684,	0.44075828790664673
0.2910671532154083,	0.4383886158466339
0.29092326760292053,	0.4348341226577759
0.2895633280277252,	0.43127962946891785
0.2903088331222534,	0.425355464220047
0.29039570689201355,	0.4241706132888794
0.28937479853630066,	0.42061612010002136
0.2881771922111511,	0.41943126916885376
0.28534361720085144,	0.41943126916885376
0.2849046587944031,	0.41824644804000854
0.28678762912750244,	0.41824644804000854
0.28079602122306824,	0.42061612010002136
0.2912899851799011,	0.41824644804000854
0.29157528281211853,	0.41706159710884094
0.29262593388557434,	0.4158767759799957
0.29272162914276123,	0.4146919548511505
0.29164832830429077,	0.4146919548511505
0.2917737066745758,	0.4135071039199829
0.292854905128479,	0.4158767759799957
0.2928628623485565,	0.4135071039199829
0.2907930612564087,	0.4123222827911377
0.2862417697906494,	0.4146919548511505
0.28760695457458496,	0.4146919548511505
0.29335102438926697,	0.4123222827911377
0.295317143201828,	0.4016587734222412
0.291349858045578,	0.40402844548225403
0.29150792956352234,	0.40521326661109924
0.2913403809070587,	0.40521326661109924
0.2895960509777069,	0.40639811754226685
0.2895042896270752,	0.4099526107311249
0.29245615005493164,	0.4099526107311249
0.2913486957550049,	0.4099526107311249
0.29160231351852417,	0.4087677597999573
0.2912796437740326,	0.40521326661109924
0.29365625977516174,	0.40639811754226685
0.28937652707099915,	0.4099526107311249
0.2912890613079071,	0.4146919548511505
0.29132080078125,	0.4146919548511505
0.2927680015563965,	0.4146919548511505
0.29278337955474854,	0.4146919548511505
0.2933868169784546,	0.4135071039199829
0.29484859108924866,	0.4135071039199829
0.29367586970329285,	0.4158767759799957
0.2953253984451294,	0.4146919548511505
0.29553544521331787,	0.4146919548511505
0.2945016324520111,	0.4146919548511505
0.2942948043346405,	0.4123222827911377
0.29805997014045715,	0.4123222827911377
0.30504414439201355,	0.4099526107311249
0.2906278371810913,	0.4099526107311249
0.2904842495918274,	0.4111374318599701
0.2901659905910492,	0.4111374318599701
0.2901529371738434,	0.4111374318599701
0.29059597849845886,	0.4135071039199829
0.29187315702438354,	0.4135071039199829
0.29023227095603943,	0.4123222827911377
0.29099276661872864,	0.4111374318599701
0.2883562445640564,	0.4135071039199829
0.2870473265647888,	0.4146919548511505
0.2886689007282257,	0.4158767759799957
0.29591891169548035,	0.4135071039199829
0.2897831201553345,	0.4135071039199829
0.2898714542388916,	0.4146919548511505
0.28921377658843994,	0.4158767759799957
0.28873342275619507,	0.41706159710884094
0.2908521294593811,	0.41706159710884094
0.2888756990432739,	0.41824644804000854
0.28685227036476135,	0.41943126916885376
0.28640323877334595,	0.4218009412288666
0.28245145082473755,	0.4218009412288666
0.2845248281955719,	0.4229857921600342
0.27740126848220825,	0.4229857921600342
0.27085134387016296,	0.4218009412288666
0.2904699444770813,	0.42061612010002136
0.29039737582206726,	0.42061612010002136
0.29122355580329895,	0.41943126916885376
0.29117530584335327,	0.42061612010002136
0.2911221385002136,	0.41824644804000854
0.2922190725803375,	0.41706159710884094
0.2924095690250397,	0.41706159710884094
0.2922600209712982,	0.4158767759799957
0.2928427755832672,	0.4146919548511505
0.28854918479919434,	0.4158767759799957
0.2844989001750946,	0.4158767759799957
0.28379809856414795,	0.42061612010002136
0.29078540205955505,	0.42061612010002136
0.29046013951301575,	0.41943126916885376
0.2902880609035492,	0.41824644804000854
0.29047197103500366,	0.41706159710884094
0.2901162803173065,	0.4158767759799957
0.291544646024704,	0.4158767759799957
0.29075875878334045,	0.4158767759799957
0.2913088798522949,	0.41706159710884094
0.28801149129867554,	0.4158767759799957
0.2901304364204407,	0.42061612010002136
0.2882257401943207,	0.4218009412288666
0.2871512174606323,	0.4218009412288666
0.29026275873184204,	0.4218009412288666
0.28942689299583435,	0.41943126916885376
0.28881266713142395,	0.41943126916885376
0.28741875290870667,	0.4218009412288666
0.2887333035469055,	0.42061612010002136
0.29039326310157776,	0.41943126916885376
0.288982629776001,	0.41824644804000854
0.28931063413619995,	0.4135071039199829
0.28989046812057495,	0.4135071039199829
0.2884429097175598,	0.4135071039199829
0.2895037829875946,	0.4135071039199829
0.2927218973636627,	0.4123222827911377
0.2909124195575714,	0.4135071039199829
0.2906583547592163,	0.4135071039199829
0.2908167541027069,	0.4146919548511505
0.2927740216255188,	0.4146919548511505
0.2933366298675537,	0.4146919548511505
0.2917401194572449,	0.4158767759799957
0.2924616038799286,	0.4146919548511505
0.29342976212501526,	0.4146919548511505
0.29347658157348633,	0.4146919548511505
0.2912423312664032,	0.4146919548511505
0.2913733720779419,	0.4158767759799957
0.2967434823513031,	0.4146919548511505
0.29075366258621216,	0.4158767759799957
0.29072123765945435,	0.4158767759799957
0.2906317412853241,	0.4158767759799957
0.2918112576007843,	0.4158767759799957
0.29368874430656433,	0.4158767759799957
0.2941243648529053,	0.4158767759799957
0.2935238480567932,	0.4158767759799957
0.2914426624774933,	0.4158767759799957
0.28837814927101135,	0.41706159710884094
0.2870001792907715,	0.41943126916885376
0.2912011742591858,	0.41706159710884094
0.29809099435806274,	0.4218009412288666
0.29088807106018066,	0.41943126916885376
0.2912001311779022,	0.42061612010002136
0.29105231165885925,	0.42061612010002136
0.2909548878669739,	0.42061612010002136
0.2892645597457886,	0.42061612010002136
0.291406512260437,	0.41943126916885376
0.290740430355072,	0.41824644804000854
0.29341018199920654,	0.41824644804000854
0.29441940784454346,	0.4158767759799957
0.28629934787750244,	0.4158767759799957
0.28549858927726746,	0.4146919548511505
0.2814173698425293,	0.4146919548511505
0.29028642177581787,	0.4135071039199829
0.2908884882926941,	0.4135071039199829
0.2908523976802826,	0.4158767759799957
0.29162469506263733,	0.4158767759799957
0.2907467484474182,	0.4158767759799957
0.29129886627197266,	0.4158767759799957
0.29050886631011963,	0.4158767759799957
0.28822803497314453,	0.4158767759799957
0.2875308096408844,	0.41706159710884094
0.28542381525039673,	0.41706159710884094
0.2810662090778351,	0.41824644804000854
0.29528218507766724,	0.40758293867111206
0.29128724336624146,	0.4111374318599701
0.29096418619155884,	0.4123222827911377
0.2905956506729126,	0.4146919548511505
0.28965476155281067,	0.4158767759799957
0.28950947523117065,	0.4158767759799957
0.2892536222934723,	0.4146919548511505
0.2904953360557556,	0.4158767759799957
0.2884882092475891,	0.4158767759799957
0.28531694412231445,	0.41706159710884094
0.2851751446723938,	0.4158767759799957
0.28793126344680786,	0.41824644804000854
0.2652091979980469,	0.43009477853775024
0.29075536131858826,	0.425355464220047
0.2905609607696533,	0.425355464220047
0.2901439368724823,	0.42061612010002136
0.2896021604537964,	0.42061612010002136
0.288603812456131,	0.41824644804000854
0.2882401645183563,	0.41824644804000854
0.2892087399959564,	0.41824644804000854
0.2878202795982361,	0.4158767759799957
0.28564202785491943,	0.41824644804000854
0.2857246398925781,	0.41706159710884094
0.2872229516506195,	0.4158767759799957
0.297698974609375,	0.40639811754226685
0.29089075326919556,	0.4099526107311249
0.291331946849823,	0.4123222827911377
0.29037708044052124,	0.4146919548511505
0.2902860939502716,	0.4158767759799957
0.2906457483768463,	0.4158767759799957
0.2919341027736664,	0.41706159710884094
0.291614830493927,	0.41706159710884094
0.29256224632263184,	0.41706159710884094
0.29117968678474426,	0.41706159710884094
0.2938501536846161,	0.41824644804000854
0.29854318499565125,	0.4158767759799957
0.28704458475112915,	0.4218009412288666
0.28887325525283813,	0.42061612010002136
0.288568913936615,	0.42061612010002136
0.2883433401584625,	0.4229857921600342
0.2884244918823242,	0.4218009412288666
0.2866630554199219,	0.4218009412288666
0.28473320603370667,	0.4229857921600342
0.2826487123966217,	0.425355464220047
0.28294092416763306,	0.425355464220047
0.2823258936405182,	0.425355464220047
0.2828730642795563,	0.4265402853488922
0.28202906250953674,	0.42890995740890503
0.28757721185684204,	0.42890995740890503
0.2906952202320099,	0.42890995740890503
0.2916024327278137,	0.425355464220047
0.29142066836357117,	0.4229857921600342
0.2923172116279602,	0.4229857921600342
0.29243701696395874,	0.42061612010002136
0.2932935655117035,	0.41824644804000854
0.29146021604537964,	0.41824644804000854
0.2928820252418518,	0.4158767759799957
0.2935980260372162,	0.4158767759799957
0.2917667627334595,	0.4158767759799957
0.29290667176246643,	0.4135071039199829
0.28845539689064026,	0.4135071039199829
0.2892768085002899,	0.4135071039199829
0.2884286940097809,	0.4158767759799957
0.28848302364349365,	0.41706159710884094
0.28975290060043335,	0.4146919548511505
0.2896042466163635,	0.41706159710884094
0.28917935490608215,	0.41706159710884094
0.29014378786087036,	0.4146919548511505
0.29047998785972595,	0.4146919548511505
0.2882723808288574,	0.4146919548511505
0.28834548592567444,	0.4146919548511505
0.27879196405410767,	0.41706159710884094
0.25368309020996094,	0.41943126916885376
0.29151952266693115,	0.41943126916885376
0.2913829982280731,	0.41943126916885376
0.29050374031066895,	0.41824644804000854
0.2896755635738373,	0.41706159710884094
0.28976747393608093,	0.41706159710884094
0.2911209762096405,	0.4158767759799957
0.2926550507545471,	0.4158767759799957
0.293052077293396,	0.4146919548511505
0.29597389698028564,	0.4158767759799957
0.30077114701271057,	0.4135071039199829
0.2979499101638794,	0.4135071039199829
0.30806005001068115,	0.39573460817337036
0.28974246978759766,	0.4028435945510864
0.28837141394615173,	0.40402844548225403
0.28895696997642517,	0.40521326661109924
0.2903008460998535,	0.4099526107311249
0.2904908359050751,	0.4111374318599701
0.2893528640270233,	0.4111374318599701
0.2869706153869629,	0.4111374318599701
0.2858133316040039,	0.4135071039199829
0.2837026119232178,	0.4146919548511505
0.2818751335144043,	0.4158767759799957
0.27833715081214905,	0.41943126916885376
0.2832597494125366,	0.4158767759799957
0.28993603587150574,	0.41943126916885376
0.29019227623939514,	0.41706159710884094
0.28932589292526245,	0.41824644804000854
0.28904449939727783,	0.41824644804000854
0.28899189829826355,	0.41706159710884094
0.28986433148384094,	0.41706159710884094
0.29002705216407776,	0.4158767759799957
0.28990548849105835,	0.4158767759799957
0.2922942638397217,	0.4146919548511505
0.2960048317909241,	0.4146919548511505
0.29920274019241333,	0.4135071039199829
0.29794949293136597,	0.4123222827911377
0.2893257737159729,	0.4146919548511505
0.28877583146095276,	0.4146919548511505
0.2898332178592682,	0.4158767759799957
0.28904837369918823,	0.41706159710884094
0.28885796666145325,	0.41706159710884094
0.2886733412742615,	0.41706159710884094
0.287523478269577,	0.4158767759799957
0.2860882580280304,	0.41706159710884094
0.2872871160507202,	0.41706159710884094
0.28887641429901123,	0.4158767759799957
0.28672879934310913,	0.4158767759799957
0.29631149768829346,	0.4123222827911377
0.28980553150177,	0.4123222827911377
0.28951990604400635,	0.4123222827911377
0.28860199451446533,	0.4146919548511505
0.28812772035598755,	0.4158767759799957
0.2876780331134796,	0.41706159710884094
0.2888806164264679,	0.41706159710884094
0.28906649351119995,	0.41706159710884094
0.28755471110343933,	0.41706159710884094
0.2879621386528015,	0.41943126916885376
0.2903994023799896,	0.41943126916885376
0.2888732850551605,	0.4218009412288666
0.30023476481437683,	0.4135071039199829
0.2907635271549225,	0.4158767759799957
0.2911837100982666,	0.4158767759799957
0.2917088568210602,	0.4158767759799957
0.2918129861354828,	0.41706159710884094
0.29215678572654724,	0.41706159710884094
0.2934092879295349,	0.41706159710884094
0.29294729232788086,	0.4158767759799957
0.29168859124183655,	0.4158767759799957
0.2911751866340637,	0.4158767759799957
0.28797274827957153,	0.41824644804000854
0.29609328508377075,	0.4146919548511505
0.29556113481521606,	0.4135071039199829
0.2894747853279114,	0.4146919548511505
0.28855541348457336,	0.4158767759799957
0.28926390409469604,	0.4158767759799957
0.2882789373397827,	0.41706159710884094
0.28864774107933044,	0.41706159710884094
0.28900501132011414,	0.41943126916885376
0.289448618888855,	0.41943126916885376
0.2901736795902252,	0.41706159710884094
0.29159799218177795,	0.4158767759799957
0.29007285833358765,	0.41706159710884094
0.2927784323692322,	0.4146919548511505
0.29582977294921875,	0.4123222827911377
0.2881333529949188,	0.4123222827911377
0.2867458462715149,	0.4146919548511505
0.285660982131958,	0.41943126916885376
0.2854980230331421,	0.41943126916885376
0.2854830324649811,	0.41943126916885376
0.2861919403076172,	0.41824644804000854
0.2864256203174591,	0.41706159710884094
0.2885715663433075,	0.41706159710884094
0.2887188196182251,	0.41706159710884094
0.2856798768043518,	0.41824644804000854
0.28840598464012146,	0.41706159710884094
0.29766181111335754,	0.4158767759799957
0.2891727089881897,	0.4158767759799957
0.2885158658027649,	0.4158767759799957
0.2895602583885193,	0.4158767759799957
0.2905547320842743,	0.4158767759799957
0.2904273271560669,	0.4158767759799957
0.29155296087265015,	0.4158767759799957
0.29125306010246277,	0.4158767759799957
0.2909139096736908,	0.4123222827911377
0.29341045022010803,	0.4111374318599701
0.2902228832244873,	0.4111374318599701
0.2877146601676941,	0.4099526107311249
0.28551238775253296,	0.4099526107311249
0.2883966267108917,	0.4111374318599701
0.2874918282032013,	0.4158767759799957
0.28754445910453796,	0.4158767759799957
0.2881503403186798,	0.4158767759799957
0.2888144850730896,	0.41706159710884094
0.2895331382751465,	0.41706159710884094
0.28861087560653687,	0.42061612010002136
0.2875962555408478,	0.41943126916885376
0.2878170907497406,	0.41706159710884094
0.29039597511291504,	0.41943126916885376
0.2844347357749939,	0.4241706132888794
0.2899015247821808,	0.43009477853775024
0.2904067933559418,	0.4277251064777374
0.2900858223438263,	0.4241706132888794
0.28999873995780945,	0.4241706132888794
0.29083287715911865,	0.4229857921600342
0.29123467206954956,	0.42061612010002136
0.29127511382102966,	0.42061612010002136
0.2893526256084442,	0.41824644804000854
0.28876519203186035,	0.4218009412288666
0.28773802518844604,	0.4218009412288666
0.2864951491355896,	0.425355464220047
0.28581270575523376,	0.4265402853488922
0.2992657423019409,	0.41943126916885376
0.28900447487831116,	0.42061612010002136
0.28885161876678467,	0.4218009412288666
0.28895723819732666,	0.42061612010002136
0.2883748412132263,	0.41824644804000854
0.28823283314704895,	0.41824644804000854
0.2887093722820282,	0.41706159710884094
0.2876897156238556,	0.41706159710884094
0.2861352860927582,	0.41706159710884094
0.2853488326072693,	0.41943126916885376
0.28768813610076904,	0.4218009412288666
0.2887999713420868,	0.4218009412288666
0.2742220163345337,	0.4241706132888794
0.289969265460968,	0.4229857921600342
0.2918218970298767,	0.4218009412288666
0.2919781506061554,	0.41943126916885376
0.29181748628616333,	0.41706159710884094
0.2899085283279419,	0.41706159710884094
0.2895541191101074,	0.41706159710884094
0.29104408621788025,	0.41706159710884094
0.2915302813053131,	0.4158767759799957
0.28678447008132935,	0.41706159710884094
0.29003193974494934,	0.4218009412288666
0.29177796840667725,	0.4218009412288666
0.294122576713562,	0.4229857921600342
0.2894200086593628,	0.4218009412288666
0.2908841371536255,	0.4218009412288666
0.29167109727859497,	0.4218009412288666
0.29074567556381226,	0.4229857921600342
0.28918471932411194,	0.4218009412288666
0.2903004288673401,	0.4218009412288666
0.29092180728912354,	0.4218009412288666
0.2893676161766052,	0.4218009412288666
0.28679051995277405,	0.4218009412288666
0.29133105278015137,	0.42061612010002136
0.2991417944431305,	0.41706159710884094
0.28318914771080017,	0.42061612010002136
0.28885945677757263,	0.42061612010002136
0.289932519197464,	0.41943126916885376
0.2901996970176697,	0.41943126916885376
0.29070162773132324,	0.41943126916885376
0.29052263498306274,	0.41943126916885376
0.29028746485710144,	0.41943126916885376
0.2909770607948303,	0.41943126916885376
0.2922564744949341,	0.41943126916885376
0.2924013137817383,	0.41943126916885376
0.29474523663520813,	0.4135071039199829
0.3044437766075134,	0.4087677597999573
0.31157493591308594,	0.40639811754226685
0.2888737618923187,	0.40758293867111206
0.28643688559532166,	0.40758293867111206
0.2867930829524994,	0.4111374318599701
0.287087619304657,	0.4123222827911377
0.288320392370224,	0.4123222827911377
0.28681182861328125,	0.4123222827911377
0.2860058844089508,	0.4158767759799957
0.28340205550193787,	0.41824644804000854
0.28049367666244507,	0.41824644804000854
0.28129780292510986,	0.41943126916885376
0.27601391077041626,	0.4218009412288666
0.2754971385002136,	0.41706159710884094
0.2883443534374237,	0.41706159710884094
0.2877237796783447,	0.41706159710884094
0.2883929908275604,	0.41706159710884094
0.2881406247615814,	0.41706159710884094
0.2856128215789795,	0.41706159710884094
0.2832161486148834,	0.41824644804000854
0.2844315469264984,	0.41824644804000854
0.28599628806114197,	0.41824644804000854
0.2842824459075928,	0.41943126916885376
0.2826111316680908,	0.42061612010002136
0.286070853471756,	0.42061612010002136
0.2996225357055664,	0.40758293867111206
0.288984090089798,	0.4087677597999573
0.28889137506484985,	0.4123222827911377
0.28878524899482727,	0.4158767759799957
0.28823116421699524,	0.41824644804000854
0.28805944323539734,	0.41706159710884094
0.2886093854904175,	0.41706159710884094
0.2873804569244385,	0.41706159710884094
0.28773224353790283,	0.41706159710884094
0.2881093919277191,	0.41706159710884094
0.2802008390426636,	0.42061612010002136
0.2778729796409607,	0.41943126916885376
0.279290109872818,	0.4158767759799957
0.2883615791797638,	0.41824644804000854
0.2885856032371521,	0.41706159710884094
0.28842318058013916,	0.41824644804000854
0.2896465063095093,	0.41706159710884094
0.2900266945362091,	0.41706159710884094
0.28973397612571716,	0.41706159710884094
0.29238438606262207,	0.4158767759799957
0.29230761528015137,	0.41943126916885376
0.2893669903278351,	0.42061612010002136
0.2898911237716675,	0.4241706132888794
0.2800029218196869,	0.4241706132888794
0.29880931973457336,	0.4229857921600342
0.28875991702079773,	0.42061612010002136
0.2883652150630951,	0.4241706132888794
0.28921958804130554,	0.425355464220047
0.28824833035469055,	0.4241706132888794
0.28643620014190674,	0.4241706132888794
0.28538456559181213,	0.4265402853488922
0.28770196437835693,	0.4265402853488922
0.29035425186157227,	0.425355464220047
0.2953103184700012,	0.4218009412288666
0.2935523986816406,	0.4218009412288666
0.2908414900302887,	0.4218009412288666
0.2863183915615082,	0.425355464220047
0.2887381315231323,	0.425355464220047
0.2886252701282501,	0.425355464220047
0.2879643738269806,	0.4241706132888794
0.28853607177734375,	0.4241706132888794
0.2906419634819031,	0.4229857921600342
0.29020628333091736,	0.42061612010002136
0.2914690375328064,	0.41943126916885376
0.2919258773326874,	0.41824644804000854
0.28892725706100464,	0.41706159710884094
0.29091620445251465,	0.4146919548511505
0.2940804362297058,	0.4146919548511505
0.2838485538959503,	0.41706159710884094
0.28840339183807373,	0.41706159710884094
0.28834399580955505,	0.4158767759799957
0.2891004979610443,	0.41706159710884094
0.2903260886669159,	0.41706159710884094
0.29194173216819763,	0.41706159710884094
0.2902897894382477,	0.4158767759799957
0.2904408276081085,	0.4158767759799957
0.2897329330444336,	0.4158767759799957
0.2892731726169586,	0.41706159710884094
0.28781476616859436,	0.41706159710884094
0.29511889815330505,	0.41824644804000854
0.27265504002571106,	0.42890995740890503
0.28891679644584656,	0.425355464220047
0.2874957025051117,	0.4265402853488922
0.28801774978637695,	0.4241706132888794
0.2876155972480774,	0.4241706132888794
0.28672802448272705,	0.425355464220047
0.28754884004592896,	0.425355464220047
0.28794562816619873,	0.4265402853488922
0.28682878613471985,	0.425355464220047
0.2868053615093231,	0.425355464220047
0.2820310890674591,	0.4265402853488922
0.27363890409469604,	0.43127962946891785
0.26859456300735474,	0.4372037947177887
0.28906598687171936,	0.43364930152893066
0.2894444763660431,	0.43009477853775024
0.2894256114959717,	0.42890995740890503
0.28971922397613525,	0.425355464220047
0.28952157497406006,	0.425355464220047
0.2892884314060211,	0.425355464220047
0.2883368730545044,	0.4241706132888794
0.2884097695350647,	0.41824644804000854
0.28762340545654297,	0.41824644804000854
0.28682398796081543,	0.4218009412288666
0.29265454411506653,	0.41706159710884094
0.2806980609893799,	0.4111374318599701
0.28770649433135986,	0.4146919548511505
0.28740692138671875,	0.4146919548511505
0.2884780764579773,	0.4135071039199829
0.2877289652824402,	0.4158767759799957
0.2882572412490845,	0.4146919548511505
0.2878236770629883,	0.4146919548511505
0.28916215896606445,	0.4135071039199829
0.2888939678668976,	0.41706159710884094
0.2899012863636017,	0.41706159710884094
0.2875201404094696,	0.41706159710884094
0.2881883978843689,	0.4135071039199829
0.28377845883369446,	0.4123222827911377
0.2881034314632416,	0.4123222827911377
0.2876928150653839,	0.4123222827911377
0.2868187725543976,	0.4158767759799957
0.28646719455718994,	0.4158767759799957
0.2884003221988678,	0.41706159710884094
0.2877592444419861,	0.41706159710884094
0.2855357825756073,	0.41706159710884094
0.28570351004600525,	0.41706159710884094
0.28487828373908997,	0.41824644804000854
0.2820984423160553,	0.41824644804000854
0.27827736735343933,	0.425355464220047
0.2823961079120636,	0.42061612010002136
0.28786852955818176,	0.4218009412288666
0.2877960801124573,	0.42061612010002136
0.28794753551483154,	0.42061612010002136
0.28875380754470825,	0.42061612010002136
0.2869615852832794,	0.42061612010002136
0.2889541983604431,	0.42061612010002136
0.29006433486938477,	0.42061612010002136
0.2908257842063904,	0.42061612010002136
0.2881704270839691,	0.4218009412288666
0.2853078544139862,	0.4241706132888794
0.278104692697525,	0.425355464220047
0.2760322690010071,	0.4277251064777374
0.28897625207901,	0.4265402853488922
0.2896910011768341,	0.425355464220047
0.2908422350883484,	0.4241706132888794
0.2904640734195709,	0.4218009412288666
0.291236013174057,	0.4218009412288666
0.2911659777164459,	0.42061612010002136
0.29313257336616516,	0.4218009412288666
0.29349231719970703,	0.41824644804000854
0.29328709840774536,	0.41943126916885376
0.2967539131641388,	0.42061612010002136
0.30408769845962524,	0.4241706132888794
0.2913012206554413,	0.425355464220047
0.2880191206932068,	0.425355464220047
0.290149986743927,	0.4229857921600342
0.29008424282073975,	0.41943126916885376
0.29059016704559326,	0.41943126916885376
0.2910470962524414,	0.41824644804000854
0.29156121611595154,	0.41706159710884094
0.29069390892982483,	0.4123222827911377
0.2912190556526184,	0.4111374318599701
0.2906439006328583,	0.4087677597999573
0.2949520945549011,	0.40639811754226685
0.29881009459495544,	0.40521326661109924
0.2803763747215271,	0.40639811754226685
0.288211464881897,	0.40639811754226685
0.2874689996242523,	0.4111374318599701
0.28852638602256775,	0.4123222827911377
0.28964105248451233,	0.4146919548511505
0.28951042890548706,	0.4158767759799957
0.28923991322517395,	0.4158767759799957
0.2894439399242401,	0.4158767759799957
0.2884674370288849,	0.41706159710884094
0.2885456383228302,	0.4158767759799957
0.2867196202278137,	0.4135071039199829
0.28438785672187805,	0.4158767759799957
0.28924593329429626,	0.4111374318599701
0.28781557083129883,	0.4135071039199829
0.2882305383682251,	0.4158767759799957
0.2867955267429352,	0.4158767759799957
0.28657785058021545,	0.4158767759799957
0.2873542606830597,	0.41824644804000854
0.28669896721839905,	0.42061612010002136
0.2861916124820709,	0.4229857921600342
0.2872319221496582,	0.4229857921600342
0.28898489475250244,	0.4241706132888794
0.28654104471206665,	0.425355464220047
0.2774735987186432,	0.4265402853488922
0.2737623453140259,	0.43009477853775024
0.28851452469825745,	0.4265402853488922
0.28845345973968506,	0.4265402853488922
0.2883412539958954,	0.425355464220047
0.2869751453399658,	0.425355464220047
0.2889805734157562,	0.4229857921600342
0.28847870230674744,	0.4218009412288666
0.2876204550266266,	0.4229857921600342
0.2899089455604553,	0.4229857921600342
0.285946249961853,	0.4229857921600342
0.2877209186553955,	0.4229857921600342
0.2868737280368805,	0.4265402853488922
0.2893162965774536,	0.425355464220047
0.2872841954231262,	0.425355464220047
0.28751707077026367,	0.425355464220047
0.28766298294067383,	0.425355464220047
0.28656110167503357,	0.425355464220047
0.2877042293548584,	0.425355464220047
0.2864306569099426,	0.425355464220047
0.28629595041275024,	0.425355464220047
0.2870665192604065,	0.425355464220047
0.2888278067111969,	0.425355464220047
0.2863002419471741,	0.425355464220047
0.2850593030452728,	0.425355464220047
0.2839943468570709,	0.4277251064777374
0.2876664400100708,	0.43009477853775024
0.2888506352901459,	0.4265402853488922
0.2892957031726837,	0.4265402853488922
0.2891283631324768,	0.4241706132888794
0.2884540259838104,	0.4229857921600342
0.2871992290019989,	0.4229857921600342
0.2877397835254669,	0.425355464220047
0.2873680293560028,	0.4229857921600342
0.2876323163509369,	0.4241706132888794
0.2858886122703552,	0.4241706132888794
0.2819037437438965,	0.4265402853488922
0.3050587475299835,	0.4158767759799957
0.28671368956565857,	0.4158767759799957
0.2866923213005066,	0.4158767759799957
0.28694459795951843,	0.41706159710884094
0.2876451909542084,	0.41943126916885376
0.2879832684993744,	0.41943126916885376
0.2868459224700928,	0.41943126916885376
0.28612586855888367,	0.4218009412288666
0.2845528721809387,	0.4218009412288666
0.28672584891319275,	0.4218009412288666
0.287746399641037,	0.425355464220047
0.2913537323474884,	0.4229857921600342
0.29462072253227234,	0.4218009412288666
0.28760719299316406,	0.4218009412288666
0.28714069724082947,	0.4229857921600342
0.2858002781867981,	0.4229857921600342
0.2850792706012726,	0.4229857921600342
0.28603503108024597,	0.425355464220047
0.2872242033481598,	0.4229857921600342
0.2875903248786926,	0.4218009412288666
0.28438296914100647,	0.4218009412288666
0.287845641374588,	0.4218009412288666
0.2872895300388336,	0.4218009412288666
0.2915732264518738,	0.41943126916885376
0.28090983629226685,	0.4135071039199829
0.287649929523468,	0.4146919548511505
0.28770995140075684,	0.4146919548511505
0.2880452275276184,	0.4146919548511505
0.2879386842250824,	0.4146919548511505
0.2868517339229584,	0.41706159710884094
0.28731411695480347,	0.41824644804000854
0.2872469127178192,	0.41824644804000854
0.28664708137512207,	0.41824644804000854
0.28537800908088684,	0.41824644804000854
0.28351470828056335,	0.41706159710884094
0.2825648784637451,	0.4146919548511505
0.2898196280002594,	0.4158767759799957
0.2874649167060852,	0.4158767759799957
0.28734320402145386,	0.4146919548511505
0.2878636419773102,	0.41706159710884094
0.28701311349868774,	0.41824644804000854
0.28751349449157715,	0.4218009412288666
0.28757643699645996,	0.42061612010002136
0.2852732241153717,	0.4218009412288666
0.2858247756958008,	0.4229857921600342
0.28569647669792175,	0.4229857921600342
0.27892595529556274,	0.4277251064777374
0.2749880850315094,	0.43246445059776306
0.27379757165908813,	0.43009477853775024
